[INFO] Scanning for projects...
[INFO] Inspecting build with total of 1 modules...
[INFO] Installing Nexus Staging features:
[INFO]   ... total of 1 executions of maven-deploy-plugin replaced with nexus-staging-maven-plugin
[INFO] 
[INFO] ----------------------< guru.nidi:graphviz-java >-----------------------
[INFO] Building graphviz-java 0.18.1
[INFO]   from pom.xml
[INFO] --------------------------------[ jar ]---------------------------------
[INFO] 
[INFO] --- maven-clean-plugin:2.5:clean (default-clean) @ graphviz-java ---
[INFO] Deleting /Users/adminuser/Documents/Work/Experiment/ChatGPT/oragen-main/src/tmp/repos/graphviz-java/graphviz-java/target
[INFO] 
[INFO] --- code-assert-maven-plugin:0.9.15:prepare (default) @ graphviz-java ---
[INFO] argLine set to -javaagent:/Users/adminuser/.m2/repository/org/jacoco/org.jacoco.agent/0.8.6/org.jacoco.agent-0.8.6-runtime.jar=destfile=/Users/adminuser/Documents/Work/Experiment/ChatGPT/oragen-main/src/tmp/repos/graphviz-java/graphviz-java/target/jacoco.exec
[INFO] Wrote argLine to target/coverageOptions.txt
[INFO] 
[INFO] --- snippets-maven-plugin:1.0.0:snippets (default) @ graphviz-java ---
[INFO] Reading /Users/adminuser/Documents/Work/Experiment/ChatGPT/oragen-main/src/tmp/repos/graphviz-java/graphviz-java/src/test/java/guru/nidi/graphviz/model/ContextTest.java
[INFO] Reading /Users/adminuser/Documents/Work/Experiment/ChatGPT/oragen-main/src/tmp/repos/graphviz-java/graphviz-java/src/test/java/guru/nidi/graphviz/model/SimpleTest.java
[INFO] Reading /Users/adminuser/Documents/Work/Experiment/ChatGPT/oragen-main/src/tmp/repos/graphviz-java/graphviz-java/src/test/java/guru/nidi/graphviz/model/ExampleTest.java
[INFO] Reading /Users/adminuser/Documents/Work/Experiment/ChatGPT/oragen-main/src/tmp/repos/graphviz-java/graphviz-java/src/test/java/guru/nidi/graphviz/model/SvgShapeAnalyzerTest.java
[INFO] Reading /Users/adminuser/Documents/Work/Experiment/ChatGPT/oragen-main/src/tmp/repos/graphviz-java/graphviz-java/src/test/java/guru/nidi/graphviz/model/SvgSizeAnalyzerTest.java
[INFO] Reading /Users/adminuser/Documents/Work/Experiment/ChatGPT/oragen-main/src/tmp/repos/graphviz-java/graphviz-java/src/test/java/guru/nidi/graphviz/model/GraphElementFinderTest.java
[INFO] Reading /Users/adminuser/Documents/Work/Experiment/ChatGPT/oragen-main/src/tmp/repos/graphviz-java/graphviz-java/src/test/java/guru/nidi/graphviz/model/SvgElementFinderTest.java
[INFO] Reading /Users/adminuser/Documents/Work/Experiment/ChatGPT/oragen-main/src/tmp/repos/graphviz-java/graphviz-java/src/test/java/guru/nidi/graphviz/model/ReadmeTest.java
[INFO] Reading /Users/adminuser/Documents/Work/Experiment/ChatGPT/oragen-main/src/tmp/repos/graphviz-java/graphviz-java/src/test/java/guru/nidi/graphviz/model/SerializerTest.java
[INFO] Found 10 snippets.
[INFO] Replacing README.md
[INFO] ------------------------------------------------------------------------
[INFO] BUILD FAILURE
[INFO] ------------------------------------------------------------------------
[INFO] Total time:  1.377 s
[INFO] Finished at: 2023-07-26T04:59:59+06:00
[INFO] ------------------------------------------------------------------------
[ERROR] Failed to execute goal guru.nidi.maven.plugins:snippets-maven-plugin:1.0.0:snippets (default) on project graphviz-java: Could not replace snippets.: /Users/adminuser/Documents/Work/Experiment/ChatGPT/oragen-main/src/tmp/repos/graphviz-java/README.md (No such file or directory) -> [Help 1]
[ERROR] 
[ERROR] To see the full stack trace of the errors, re-run Maven with the -e switch.
[ERROR] Re-run Maven using the -X switch to enable full debug logging.
[ERROR] 
[ERROR] For more information about the errors and possible solutions, please read the following articles:
[ERROR] [Help 1] http://cwiki.apache.org/confluence/display/MAVEN/MojoFailureException
