[INFO] Scanning for projects...
[INFO] 
[INFO] ---------------< com.orientechnologies:orientdb-graphdb >---------------
[INFO] Building OrientDB GraphDB 3.0.42
[INFO]   from pom.xml
[INFO] --------------------------------[ jar ]---------------------------------
[INFO] 
[INFO] --- maven-clean-plugin:3.1.0:clean (default-clean) @ orientdb-graphdb ---
[INFO] Deleting /Users/adminuser/Documents/Work/Experiment/ChatGPT/oragen-main/src/tmp/repos/orientdb/graphdb/target
[INFO] 
[INFO] --- buildnumber-maven-plugin:1.4:create (default) @ orientdb-graphdb ---
[INFO] Executing: /bin/sh -c cd '/Users/adminuser/Documents/Work/Experiment/ChatGPT/oragen-main/src/tmp/repos/orientdb/graphdb' && 'git' 'rev-parse' '--verify' 'HEAD'
[INFO] Working directory: /Users/adminuser/Documents/Work/Experiment/ChatGPT/oragen-main/src/tmp/repos/orientdb/graphdb
[INFO] Storing buildNumber: e76ae1d56b95734494bfb36cf1d7d99ac755b50a at timestamp: 1690328121379
[INFO] Storing buildScmBranch: main
[INFO] 
[INFO] --- jacoco-maven-plugin:0.8.5:prepare-agent (default) @ orientdb-graphdb ---
[INFO] argLine set to -javaagent:/Users/adminuser/.m2/repository/org/jacoco/org.jacoco.agent/0.8.5/org.jacoco.agent-0.8.5-runtime.jar=destfile=/Users/adminuser/Documents/Work/Experiment/ChatGPT/oragen-main/src/tmp/repos/orientdb/graphdb/target/jacoco.exec -ea
 -Xmx2048m
 -Dstorage.diskCache.bufferSize=4096
 -Dindex.flushAfterCreate=false
 -Dmemory.directMemory.trackMode=true
 -Dstorage.makeFullCheckpointAfterCreate=false
 -Dstorage.makeFullCheckpointAfterOpen=false
 -Dstorage.makeFullCheckpointAfterClusterCreate=false
 -Dstorage.wal.syncOnPageFlush=false
 -Dstorage.configuration.syncOnUpdate=false
 -Ddb.makeFullCheckpointOnIndexChange=false
 -Ddb.makeFullCheckpointOnSchemaChange=false
 -Djava.util.logging.manager=com.orientechnologies.common.log.ShutdownLogManager
 -Dstorage.diskCache.checksumMode=storeAndThrow
[INFO] 
[INFO] --- maven-resources-plugin:3.1.0:resources (default-resources) @ orientdb-graphdb ---
[INFO] Using 'UTF-8' encoding to copy filtered resources.
[INFO] Copying 3 resources
[INFO] 
[INFO] --- maven-compiler-plugin:3.7.0:compile (default-compile) @ orientdb-graphdb ---
[INFO] Changes detected - recompiling the module!
[INFO] Compiling 82 source files to /Users/adminuser/Documents/Work/Experiment/ChatGPT/oragen-main/src/tmp/repos/orientdb/graphdb/target/classes
[INFO] /Users/adminuser/Documents/Work/Experiment/ChatGPT/oragen-main/src/tmp/repos/orientdb/graphdb/src/main/java/com/tinkerpop/blueprints/impls/orient/OrientBaseGraph.java: Some input files use or override a deprecated API.
[INFO] /Users/adminuser/Documents/Work/Experiment/ChatGPT/oragen-main/src/tmp/repos/orientdb/graphdb/src/main/java/com/tinkerpop/blueprints/impls/orient/OrientBaseGraph.java: Recompile with -Xlint:deprecation for details.
[INFO] /Users/adminuser/Documents/Work/Experiment/ChatGPT/oragen-main/src/tmp/repos/orientdb/graphdb/src/main/java/com/orientechnologies/orient/graph/sql/OCommandExecutorSQLDeleteVertex.java: Some input files use unchecked or unsafe operations.
[INFO] /Users/adminuser/Documents/Work/Experiment/ChatGPT/oragen-main/src/tmp/repos/orientdb/graphdb/src/main/java/com/orientechnologies/orient/graph/sql/OCommandExecutorSQLDeleteVertex.java: Recompile with -Xlint:unchecked for details.
[INFO] 
[INFO] --- maven-bundle-plugin:3.5.0:manifest (bundle-manifest) @ orientdb-graphdb ---
[INFO] 
[INFO] --- maven-resources-plugin:3.1.0:testResources (default-testResources) @ orientdb-graphdb ---
[INFO] Using 'UTF-8' encoding to copy filtered resources.
[INFO] Copying 6 resources
[INFO] 
[INFO] --- maven-compiler-plugin:3.7.0:testCompile (default-testCompile) @ orientdb-graphdb ---
[INFO] Changes detected - recompiling the module!
[INFO] Compiling 104 source files to /Users/adminuser/Documents/Work/Experiment/ChatGPT/oragen-main/src/tmp/repos/orientdb/graphdb/target/test-classes
[INFO] /Users/adminuser/Documents/Work/Experiment/ChatGPT/oragen-main/src/tmp/repos/orientdb/graphdb/src/test/java/com/orientechnologies/orient/graph/sql/ODeleteEdgeStatementExecutionTest.java: Some input files use or override a deprecated API.
[INFO] /Users/adminuser/Documents/Work/Experiment/ChatGPT/oragen-main/src/tmp/repos/orientdb/graphdb/src/test/java/com/orientechnologies/orient/graph/sql/ODeleteEdgeStatementExecutionTest.java: Recompile with -Xlint:deprecation for details.
[INFO] /Users/adminuser/Documents/Work/Experiment/ChatGPT/oragen-main/src/tmp/repos/orientdb/graphdb/src/test/java/com/orientechnologies/orient/graph/sql/OMatchStatementExecutionNewTest.java: Some input files use unchecked or unsafe operations.
[INFO] /Users/adminuser/Documents/Work/Experiment/ChatGPT/oragen-main/src/tmp/repos/orientdb/graphdb/src/test/java/com/orientechnologies/orient/graph/sql/OMatchStatementExecutionNewTest.java: Recompile with -Xlint:unchecked for details.
[INFO] -------------------------------------------------------------
[ERROR] COMPILATION ERROR : 
[INFO] -------------------------------------------------------------
[ERROR] /Users/adminuser/Documents/Work/Experiment/ChatGPT/oragen-main/src/tmp/repos/orientdb/graphdb/src/test/java/com/tinkerpop/blueprints/impls/orient/OrientGraphFactoryTest.java:[43,47] cannot find symbol
  symbol:   method factory()
  location: variable g of type com.tinkerpop.blueprints.impls.orient.OrientBaseGraph
[INFO] 1 error
[INFO] -------------------------------------------------------------
[INFO] ------------------------------------------------------------------------
[INFO] BUILD FAILURE
[INFO] ------------------------------------------------------------------------
[INFO] Total time:  6.104 s
[INFO] Finished at: 2023-07-26T05:35:26+06:00
[INFO] ------------------------------------------------------------------------
[ERROR] Failed to execute goal org.apache.maven.plugins:maven-compiler-plugin:3.7.0:testCompile (default-testCompile) on project orientdb-graphdb: Compilation failure
[ERROR] /Users/adminuser/Documents/Work/Experiment/ChatGPT/oragen-main/src/tmp/repos/orientdb/graphdb/src/test/java/com/tinkerpop/blueprints/impls/orient/OrientGraphFactoryTest.java:[43,47] cannot find symbol
[ERROR]   symbol:   method factory()
[ERROR]   location: variable g of type com.tinkerpop.blueprints.impls.orient.OrientBaseGraph
[ERROR] 
[ERROR] -> [Help 1]
[ERROR] 
[ERROR] To see the full stack trace of the errors, re-run Maven with the -e switch.
[ERROR] Re-run Maven using the -X switch to enable full debug logging.
[ERROR] 
[ERROR] For more information about the errors and possible solutions, please read the following articles:
[ERROR] [Help 1] http://cwiki.apache.org/confluence/display/MAVEN/MojoFailureException
