[INFO] Scanning for projects...
[INFO] Inspecting build with total of 1 modules...
[INFO] Installing Nexus Staging features:
[INFO]   ... total of 1 executions of maven-deploy-plugin replaced with nexus-staging-maven-plugin
[INFO] 
[INFO] --------------------------< com.hotels:beeju >--------------------------
[INFO] Building beeju 5.0.0
[INFO]   from pom.xml
[INFO] --------------------------------[ jar ]---------------------------------
[INFO] 
[INFO] --- clean:3.2.0:clean (default-clean) @ beeju ---
[INFO] Deleting /Users/adminuser/Documents/Work/Experiment/ChatGPT/oragen-main/src/tmp/repos/beeju/target
[INFO] 
[INFO] --- dependency:3.1.1:unpack (unpack) @ beeju ---
[INFO] Configured Artifact: com.hotels:hotels-oss-plugin-config:1.3.0:jar
[INFO] Unpacking /Users/adminuser/.m2/repository/com/hotels/hotels-oss-plugin-config/1.3.0/hotels-oss-plugin-config-1.3.0.jar to /Users/adminuser/Documents/Work/Experiment/ChatGPT/oragen-main/src/tmp/repos/beeju/target/plugin-config with includes "" and excludes ""
[INFO] 
[INFO] --- buildnumber:1.4:create-timestamp (default) @ beeju ---
[INFO] 
[INFO] --- license:3.0:format (default) @ beeju ---
[INFO] Updating license headers...
[INFO] 
[INFO] --- enforcer:3.0.0-M2:enforce (enforce-maven) @ beeju ---
[INFO] 
[INFO] --- jacoco:0.8.4:prepare-agent (jacoco-initialize) @ beeju ---
[INFO] argLine set to -javaagent:/Users/adminuser/.m2/repository/org/jacoco/org.jacoco.agent/0.8.4/org.jacoco.agent-0.8.4-runtime.jar=destfile=/Users/adminuser/Documents/Work/Experiment/ChatGPT/oragen-main/src/tmp/repos/beeju/target/jacoco.exec,excludes=org/apache/hadoop/hive/ql/parse/HiveParser
[INFO] 
[INFO] --- spotless:1.27.0:apply (default) @ beeju ---
[INFO] 
[INFO] --- resources:3.3.0:resources (default-resources) @ beeju ---
[INFO] skip non existing resourceDirectory /Users/adminuser/Documents/Work/Experiment/ChatGPT/oragen-main/src/tmp/repos/beeju/src/main/resources
[INFO] 
[INFO] --- compiler:3.8.1:compile (default-compile) @ beeju ---
[INFO] Changes detected - recompiling the module!
[INFO] Compiling 16 source files to /Users/adminuser/Documents/Work/Experiment/ChatGPT/oragen-main/src/tmp/repos/beeju/target/classes
[WARNING] bootstrap class path not set in conjunction with -source 8
[INFO] /Users/adminuser/Documents/Work/Experiment/ChatGPT/oragen-main/src/tmp/repos/beeju/src/main/java/com/hotels/beeju/core/BeejuCore.java: Some input files use or override a deprecated API.
[INFO] /Users/adminuser/Documents/Work/Experiment/ChatGPT/oragen-main/src/tmp/repos/beeju/src/main/java/com/hotels/beeju/core/BeejuCore.java: Recompile with -Xlint:deprecation for details.
[INFO] 
[INFO] --- resources:3.3.0:testResources (default-testResources) @ beeju ---
[INFO] Copying 1 resource
[INFO] 
[INFO] --- compiler:3.8.1:testCompile (default-testCompile) @ beeju ---
[INFO] Changes detected - recompiling the module!
[INFO] Compiling 10 source files to /Users/adminuser/Documents/Work/Experiment/ChatGPT/oragen-main/src/tmp/repos/beeju/target/test-classes
[INFO] /Users/adminuser/Documents/Work/Experiment/ChatGPT/oragen-main/src/tmp/repos/beeju/src/test/java/com/hotels/beeju/HiveMetaStoreJUnitRuleTest.java: Some input files use or override a deprecated API.
[INFO] /Users/adminuser/Documents/Work/Experiment/ChatGPT/oragen-main/src/tmp/repos/beeju/src/test/java/com/hotels/beeju/HiveMetaStoreJUnitRuleTest.java: Recompile with -Xlint:deprecation for details.
[INFO] -------------------------------------------------------------
[WARNING] COMPILATION WARNING : 
[INFO] -------------------------------------------------------------
[WARNING] bootstrap class path not set in conjunction with -source 8
[INFO] 1 warning
[INFO] -------------------------------------------------------------
[INFO] -------------------------------------------------------------
[ERROR] COMPILATION ERROR : 
[INFO] -------------------------------------------------------------
[ERROR] /Users/adminuser/Documents/Work/Experiment/ChatGPT/oragen-main/src/tmp/repos/beeju/src/test/java/com/hotels/beeju/core/BeejuCoreTest.java:[130,44] cannot find symbol
  symbol:   variable expectedArray
  location: class com.hotels.beeju.core.BeejuCoreTest
[ERROR] /Users/adminuser/Documents/Work/Experiment/ChatGPT/oragen-main/src/tmp/repos/beeju/src/test/java/com/hotels/beeju/core/BeejuCoreTest.java:[130,59] cannot find symbol
  symbol:   variable actualArray
  location: class com.hotels.beeju.core.BeejuCoreTest
[INFO] 2 errors 
[INFO] -------------------------------------------------------------
[INFO] ------------------------------------------------------------------------
[INFO] BUILD FAILURE
[INFO] ------------------------------------------------------------------------
[INFO] Total time:  7.178 s
[INFO] Finished at: 2023-06-09T18:49:31-04:00
[INFO] ------------------------------------------------------------------------
[ERROR] Failed to execute goal org.apache.maven.plugins:maven-compiler-plugin:3.8.1:testCompile (default-testCompile) on project beeju: Compilation failure: Compilation failure: 
[ERROR] /Users/adminuser/Documents/Work/Experiment/ChatGPT/oragen-main/src/tmp/repos/beeju/src/test/java/com/hotels/beeju/core/BeejuCoreTest.java:[130,44] cannot find symbol
[ERROR]   symbol:   variable expectedArray
[ERROR]   location: class com.hotels.beeju.core.BeejuCoreTest
[ERROR] /Users/adminuser/Documents/Work/Experiment/ChatGPT/oragen-main/src/tmp/repos/beeju/src/test/java/com/hotels/beeju/core/BeejuCoreTest.java:[130,59] cannot find symbol
[ERROR]   symbol:   variable actualArray
[ERROR]   location: class com.hotels.beeju.core.BeejuCoreTest
[ERROR] -> [Help 1]
[ERROR] 
[ERROR] To see the full stack trace of the errors, re-run Maven with the -e switch.
[ERROR] Re-run Maven using the -X switch to enable full debug logging.
[ERROR] 
[ERROR] For more information about the errors and possible solutions, please read the following articles:
[ERROR] [Help 1] http://cwiki.apache.org/confluence/display/MAVEN/MojoFailureException
