[INFO] Scanning for projects...
[INFO] Inspecting build with total of 1 modules...
[INFO] Installing Nexus Staging features:
[INFO]   ... total of 1 executions of maven-deploy-plugin replaced with nexus-staging-maven-plugin
[INFO] 
[INFO] -----------------------< io.cucumber:pro-plugin >-----------------------
[INFO] Building cucumber-pro-plugin 3.0.3-SNAPSHOT
[INFO]   from pom.xml
[INFO] --------------------------------[ jar ]---------------------------------
[INFO] 
[INFO] --- clean:3.1.0:clean (default-clean) @ pro-plugin ---
[INFO] Deleting /Users/adminuser/Documents/Work/Experiment/ChatGPT/oragen-main/src/tmp/repos/cucumber-pro-plugin-jvm/target
[INFO] 
[INFO] --- enforcer:3.0.0-M1:enforce (enforce) @ pro-plugin ---
[INFO] 
[INFO] --- jacoco:0.7.9:prepare-agent (pre-unit-test) @ pro-plugin ---
[INFO] surefireArgLine set to -javaagent:/Users/adminuser/.m2/repository/org/jacoco/org.jacoco.agent/0.7.9/org.jacoco.agent-0.7.9-runtime.jar=destfile=/Users/adminuser/Documents/Work/Experiment/ChatGPT/oragen-main/src/tmp/repos/cucumber-pro-plugin-jvm/target/coverage-reports/jacoco-ut.exec
[INFO] 
[INFO] --- resources:3.1.0:resources (default-resources) @ pro-plugin ---
[INFO] Using 'UTF-8' encoding to copy filtered resources.
[INFO] skip non existing resourceDirectory /Users/adminuser/Documents/Work/Experiment/ChatGPT/oragen-main/src/tmp/repos/cucumber-pro-plugin-jvm/src/main/resources
[INFO] 
[INFO] --- compiler:3.8.0:compile (default-compile) @ pro-plugin ---
[INFO] Changes detected - recompiling the module!
[INFO] Compiling 26 source files to /Users/adminuser/Documents/Work/Experiment/ChatGPT/oragen-main/src/tmp/repos/cucumber-pro-plugin-jvm/target/classes
[INFO] /Users/adminuser/Documents/Work/Experiment/ChatGPT/oragen-main/src/tmp/repos/cucumber-pro-plugin-jvm/src/main/java/io/cucumber/pro/config/loaders/YamlConfigLoader.java: /Users/adminuser/Documents/Work/Experiment/ChatGPT/oragen-main/src/tmp/repos/cucumber-pro-plugin-jvm/src/main/java/io/cucumber/pro/config/loaders/YamlConfigLoader.java uses unchecked or unsafe operations.
[INFO] /Users/adminuser/Documents/Work/Experiment/ChatGPT/oragen-main/src/tmp/repos/cucumber-pro-plugin-jvm/src/main/java/io/cucumber/pro/config/loaders/YamlConfigLoader.java: Recompile with -Xlint:unchecked for details.
[INFO] 
[INFO] --- resources:3.1.0:testResources (default-testResources) @ pro-plugin ---
[INFO] Using 'UTF-8' encoding to copy filtered resources.
[INFO] Copying 4 resources
[INFO] 
[INFO] --- compiler:3.8.0:testCompile (default-testCompile) @ pro-plugin ---
[INFO] Changes detected - recompiling the module!
[INFO] Compiling 16 source files to /Users/adminuser/Documents/Work/Experiment/ChatGPT/oragen-main/src/tmp/repos/cucumber-pro-plugin-jvm/target/test-classes
[INFO] /Users/adminuser/Documents/Work/Experiment/ChatGPT/oragen-main/src/tmp/repos/cucumber-pro-plugin-jvm/src/test/java/io/cucumber/pro/JsonReporterTest.java: /Users/adminuser/Documents/Work/Experiment/ChatGPT/oragen-main/src/tmp/repos/cucumber-pro-plugin-jvm/src/test/java/io/cucumber/pro/JsonReporterTest.java uses or overrides a deprecated API.
[INFO] /Users/adminuser/Documents/Work/Experiment/ChatGPT/oragen-main/src/tmp/repos/cucumber-pro-plugin-jvm/src/test/java/io/cucumber/pro/JsonReporterTest.java: Recompile with -Xlint:deprecation for details.
[INFO] 
[INFO] --- surefire:2.22.0:test (default-test) @ pro-plugin ---
[WARNING] Parameter 'localRepository' is deprecated core expression; Avoid use of ArtifactRepository type. If you need access to local repository, switch to '${repositorySystemSession}' expression and get LRM from it instead.
[INFO] 
[INFO] -------------------------------------------------------
[INFO]  T E S T S
[INFO] -------------------------------------------------------
[WARNING] Corrupted STDOUT by directly writing to native stream in forked JVM 1. See FAQ web page and the dump file /Users/adminuser/Documents/Work/Experiment/ChatGPT/oragen-main/src/tmp/repos/cucumber-pro-plugin-jvm/target/surefire-reports/2023-06-06T17-42-03_155-jvmRun1.dumpstream
[INFO] 
[INFO] Results:
[INFO] 
[INFO] Tests run: 0, Failures: 0, Errors: 0, Skipped: 0
[INFO] 
[INFO] ------------------------------------------------------------------------
[INFO] BUILD FAILURE
[INFO] ------------------------------------------------------------------------
[INFO] Total time:  8.366 s
[INFO] Finished at: 2023-06-06T17:42:08-04:00
[INFO] ------------------------------------------------------------------------
[ERROR] Failed to execute goal org.apache.maven.plugins:maven-surefire-plugin:2.22.0:test (default-test) on project pro-plugin: There are test failures.
[ERROR] 
[ERROR] Please refer to /Users/adminuser/Documents/Work/Experiment/ChatGPT/oragen-main/src/tmp/repos/cucumber-pro-plugin-jvm/target/surefire-reports for the individual test results.
[ERROR] Please refer to dump files (if any exist) [date]-jvmRun[N].dump, [date].dumpstream and [date]-jvmRun[N].dumpstream.
[ERROR] The forked VM terminated without properly saying goodbye. VM crash or System.exit called?
[ERROR] Command was /bin/sh -c cd /Users/adminuser/Documents/Work/Experiment/ChatGPT/oragen-main/src/tmp/repos/cucumber-pro-plugin-jvm && /Library/Java/JavaVirtualMachines/jdk-11.0.17.jdk/Contents/Home/bin/java -javaagent:/Users/adminuser/.m2/repository/org/jacoco/org.jacoco.agent/0.7.9/org.jacoco.agent-0.7.9-runtime.jar=destfile=/Users/adminuser/Documents/Work/Experiment/ChatGPT/oragen-main/src/tmp/repos/cucumber-pro-plugin-jvm/target/coverage-reports/jacoco-ut.exec -jar /Users/adminuser/Documents/Work/Experiment/ChatGPT/oragen-main/src/tmp/repos/cucumber-pro-plugin-jvm/target/surefire/surefirebooter2649241791067960924.jar /Users/adminuser/Documents/Work/Experiment/ChatGPT/oragen-main/src/tmp/repos/cucumber-pro-plugin-jvm/target/surefire 2023-06-06T17-42-03_155-jvmRun1 surefire13986097867416300521tmp surefire_05977577156804359527tmp
[ERROR] Error occurred in starting fork, check output in log
[ERROR] Process Exit Code: 134
[ERROR] org.apache.maven.surefire.booter.SurefireBooterForkException: The forked VM terminated without properly saying goodbye. VM crash or System.exit called?
[ERROR] Command was /bin/sh -c cd /Users/adminuser/Documents/Work/Experiment/ChatGPT/oragen-main/src/tmp/repos/cucumber-pro-plugin-jvm && /Library/Java/JavaVirtualMachines/jdk-11.0.17.jdk/Contents/Home/bin/java -javaagent:/Users/adminuser/.m2/repository/org/jacoco/org.jacoco.agent/0.7.9/org.jacoco.agent-0.7.9-runtime.jar=destfile=/Users/adminuser/Documents/Work/Experiment/ChatGPT/oragen-main/src/tmp/repos/cucumber-pro-plugin-jvm/target/coverage-reports/jacoco-ut.exec -jar /Users/adminuser/Documents/Work/Experiment/ChatGPT/oragen-main/src/tmp/repos/cucumber-pro-plugin-jvm/target/surefire/surefirebooter2649241791067960924.jar /Users/adminuser/Documents/Work/Experiment/ChatGPT/oragen-main/src/tmp/repos/cucumber-pro-plugin-jvm/target/surefire 2023-06-06T17-42-03_155-jvmRun1 surefire13986097867416300521tmp surefire_05977577156804359527tmp
[ERROR] Error occurred in starting fork, check output in log
[ERROR] Process Exit Code: 134
[ERROR] 	at org.apache.maven.plugin.surefire.booterclient.ForkStarter.fork(ForkStarter.java:671)
[ERROR] 	at org.apache.maven.plugin.surefire.booterclient.ForkStarter.fork(ForkStarter.java:533)
[ERROR] 	at org.apache.maven.plugin.surefire.booterclient.ForkStarter.run(ForkStarter.java:278)
[ERROR] 	at org.apache.maven.plugin.surefire.booterclient.ForkStarter.run(ForkStarter.java:244)
[ERROR] 	at org.apache.maven.plugin.surefire.AbstractSurefireMojo.executeProvider(AbstractSurefireMojo.java:1194)
[ERROR] 	at org.apache.maven.plugin.surefire.AbstractSurefireMojo.executeAfterPreconditionsChecked(AbstractSurefireMojo.java:1022)
[ERROR] 	at org.apache.maven.plugin.surefire.AbstractSurefireMojo.execute(AbstractSurefireMojo.java:868)
[ERROR] 	at org.apache.maven.plugin.DefaultBuildPluginManager.executeMojo(DefaultBuildPluginManager.java:126)
[ERROR] 	at org.apache.maven.lifecycle.internal.MojoExecutor.doExecute2(MojoExecutor.java:342)
[ERROR] 	at org.apache.maven.lifecycle.internal.MojoExecutor.doExecute(MojoExecutor.java:330)
[ERROR] 	at org.apache.maven.lifecycle.internal.MojoExecutor.execute(MojoExecutor.java:213)
[ERROR] 	at org.apache.maven.lifecycle.internal.MojoExecutor.execute(MojoExecutor.java:175)
[ERROR] 	at org.apache.maven.lifecycle.internal.MojoExecutor.access$000(MojoExecutor.java:76)
[ERROR] 	at org.apache.maven.lifecycle.internal.MojoExecutor$1.run(MojoExecutor.java:163)
[ERROR] 	at org.apache.maven.plugin.DefaultMojosExecutionStrategy.execute(DefaultMojosExecutionStrategy.java:39)
[ERROR] 	at org.apache.maven.lifecycle.internal.MojoExecutor.execute(MojoExecutor.java:160)
[ERROR] 	at org.apache.maven.lifecycle.internal.LifecycleModuleBuilder.buildProject(LifecycleModuleBuilder.java:105)
[ERROR] 	at org.apache.maven.lifecycle.internal.LifecycleModuleBuilder.buildProject(LifecycleModuleBuilder.java:73)
[ERROR] 	at org.apache.maven.lifecycle.internal.builder.singlethreaded.SingleThreadedBuilder.build(SingleThreadedBuilder.java:53)
[ERROR] 	at org.apache.maven.lifecycle.internal.LifecycleStarter.execute(LifecycleStarter.java:118)
[ERROR] 	at org.apache.maven.DefaultMaven.doExecute(DefaultMaven.java:261)
[ERROR] 	at org.apache.maven.DefaultMaven.doExecute(DefaultMaven.java:173)
[ERROR] 	at org.apache.maven.DefaultMaven.execute(DefaultMaven.java:101)
[ERROR] 	at org.apache.maven.cli.MavenCli.execute(MavenCli.java:827)
[ERROR] 	at org.apache.maven.cli.MavenCli.doMain(MavenCli.java:272)
[ERROR] 	at org.apache.maven.cli.MavenCli.main(MavenCli.java:195)
[ERROR] 	at java.base/jdk.internal.reflect.NativeMethodAccessorImpl.invoke0(Native Method)
[ERROR] 	at java.base/jdk.internal.reflect.NativeMethodAccessorImpl.invoke(NativeMethodAccessorImpl.java:62)
[ERROR] 	at java.base/jdk.internal.reflect.DelegatingMethodAccessorImpl.invoke(DelegatingMethodAccessorImpl.java:43)
[ERROR] 	at java.base/java.lang.reflect.Method.invoke(Method.java:566)
[ERROR] 	at org.codehaus.plexus.classworlds.launcher.Launcher.launchEnhanced(Launcher.java:282)
[ERROR] 	at org.codehaus.plexus.classworlds.launcher.Launcher.launch(Launcher.java:225)
[ERROR] 	at org.codehaus.plexus.classworlds.launcher.Launcher.mainWithExitCode(Launcher.java:406)
[ERROR] 	at org.codehaus.plexus.classworlds.launcher.Launcher.main(Launcher.java:347)
[ERROR] 
[ERROR] -> [Help 1]
[ERROR] 
[ERROR] To see the full stack trace of the errors, re-run Maven with the -e switch.
[ERROR] Re-run Maven using the -X switch to enable full debug logging.
[ERROR] 
[ERROR] For more information about the errors and possible solutions, please read the following articles:
[ERROR] [Help 1] http://cwiki.apache.org/confluence/display/MAVEN/MojoExecutionException
