[INFO] Scanning for projects...
[INFO] 
[INFO] ----------------< io.fabric8:fabric8-maven-plugin-core >----------------
[INFO] Building Fabric8 Maven :: Core 4.4.1
[INFO]   from pom.xml
[INFO] --------------------------------[ jar ]---------------------------------
Downloading from central: https://repo.maven.apache.org/maven2/org/codehaus/plexus/plexus-component-metadata/2.0.0/plexus-component-metadata-2.0.0.pom
Progress (1): 2.7/4.1 kBProgress (1): 4.1 kB                        Downloaded from central: https://repo.maven.apache.org/maven2/org/codehaus/plexus/plexus-component-metadata/2.0.0/plexus-component-metadata-2.0.0.pom (4.1 kB at 6.3 kB/s)
Downloading from central: https://repo.maven.apache.org/maven2/org/codehaus/plexus/plexus-component-metadata/2.0.0/plexus-component-metadata-2.0.0.jar
Progress (1): 2.7/117 kBProgress (1): 5.5/117 kBProgress (1): 8.2/117 kBProgress (1): 11/117 kB Progress (1): 14/117 kBProgress (1): 16/117 kBProgress (1): 20/117 kBProgress (1): 24/117 kBProgress (1): 28/117 kBProgress (1): 32/117 kBProgress (1): 36/117 kBProgress (1): 40/117 kBProgress (1): 45/117 kBProgress (1): 49/117 kBProgress (1): 53/117 kBProgress (1): 57/117 kBProgress (1): 61/117 kBProgress (1): 65/117 kBProgress (1): 69/117 kBProgress (1): 73/117 kBProgress (1): 77/117 kBProgress (1): 81/117 kBProgress (1): 85/117 kBProgress (1): 90/117 kBProgress (1): 94/117 kBProgress (1): 98/117 kBProgress (1): 102/117 kBProgress (1): 106/117 kBProgress (1): 110/117 kBProgress (1): 114/117 kBProgress (1): 117 kB                        Downloaded from central: https://repo.maven.apache.org/maven2/org/codehaus/plexus/plexus-component-metadata/2.0.0/plexus-component-metadata-2.0.0.jar (117 kB at 566 kB/s)
Downloading from central: https://repo.maven.apache.org/maven2/org/apache/maven/plugin-tools/maven-plugin-annotations/3.4/maven-plugin-annotations-3.4.pom
Progress (1): 1.6 kB                    Downloaded from central: https://repo.maven.apache.org/maven2/org/apache/maven/plugin-tools/maven-plugin-annotations/3.4/maven-plugin-annotations-3.4.pom (1.6 kB at 21 kB/s)
Downloading from central: https://repo.maven.apache.org/maven2/org/apache/maven/plugin-tools/maven-plugin-tools/3.4/maven-plugin-tools-3.4.pom
Progress (1): 4.1/14 kBProgress (1): 8.2/14 kBProgress (1): 12/14 kB Progress (1): 14 kB                      Downloaded from central: https://repo.maven.apache.org/maven2/org/apache/maven/plugin-tools/maven-plugin-tools/3.4/maven-plugin-tools-3.4.pom (14 kB at 158 kB/s)
Downloading from central: https://repo.maven.apache.org/maven2/io/fabric8/kubernetes-server-mock/4.9.0/kubernetes-server-mock-4.9.0.pom
Progress (1): 2.2 kB                    Downloaded from central: https://repo.maven.apache.org/maven2/io/fabric8/kubernetes-server-mock/4.9.0/kubernetes-server-mock-4.9.0.pom (2.2 kB at 21 kB/s)
Downloading from central: https://repo.maven.apache.org/maven2/io/fabric8/mockwebserver/0.0.13/mockwebserver-0.0.13.pom
Progress (1): 4.1/10 kBProgress (1): 8.2/10 kBProgress (1): 10 kB                       Downloaded from central: https://repo.maven.apache.org/maven2/io/fabric8/mockwebserver/0.0.13/mockwebserver-0.0.13.pom (10 kB at 94 kB/s)
Downloading from central: https://repo.maven.apache.org/maven2/com/squareup/okhttp3/mockwebserver/3.6.0/mockwebserver-3.6.0.pom
Progress (1): 2.0 kB                    Downloaded from central: https://repo.maven.apache.org/maven2/com/squareup/okhttp3/mockwebserver/3.6.0/mockwebserver-3.6.0.pom (2.0 kB at 19 kB/s)
Downloading from central: https://repo.maven.apache.org/maven2/com/squareup/okhttp3/parent/3.6.0/parent-3.6.0.pom
Progress (1): 4.1/16 kBProgress (1): 8.2/16 kBProgress (1): 12/16 kB Progress (1): 16 kB                      Downloaded from central: https://repo.maven.apache.org/maven2/com/squareup/okhttp3/parent/3.6.0/parent-3.6.0.pom (16 kB at 176 kB/s)
Downloading from central: https://repo.maven.apache.org/maven2/com/squareup/okhttp3/okhttp/3.6.0/okhttp-3.6.0.pom
Progress (1): 1.5 kB                    Downloaded from central: https://repo.maven.apache.org/maven2/com/squareup/okhttp3/okhttp/3.6.0/okhttp-3.6.0.pom (1.5 kB at 16 kB/s)
Downloading from central: https://repo.maven.apache.org/maven2/com/squareup/okio/okio/1.11.0/okio-1.11.0.pom
Progress (1): 1.5 kB                    Downloaded from central: https://repo.maven.apache.org/maven2/com/squareup/okio/okio/1.11.0/okio-1.11.0.pom (1.5 kB at 16 kB/s)
Downloading from central: https://repo.maven.apache.org/maven2/com/squareup/okio/okio-parent/1.11.0/okio-parent-1.11.0.pom
Progress (1): 3.2 kB                    Downloaded from central: https://repo.maven.apache.org/maven2/com/squareup/okio/okio-parent/1.11.0/okio-parent-1.11.0.pom (3.2 kB at 41 kB/s)
Downloading from central: https://repo.maven.apache.org/maven2/org/bouncycastle/bcprov-jdk15on/1.50/bcprov-jdk15on-1.50.pom
Progress (1): 1.2 kB                    Downloaded from central: https://repo.maven.apache.org/maven2/org/bouncycastle/bcprov-jdk15on/1.50/bcprov-jdk15on-1.50.pom (1.2 kB at 11 kB/s)
Downloading from central: https://repo.maven.apache.org/maven2/io/sundr/builder-annotations/0.2.7/builder-annotations-0.2.7.pom
Progress (1): 2.3 kB                    Downloaded from central: https://repo.maven.apache.org/maven2/io/sundr/builder-annotations/0.2.7/builder-annotations-0.2.7.pom (2.3 kB at 20 kB/s)
Downloading from central: https://repo.maven.apache.org/maven2/io/sundr/annotations/0.2.7/annotations-0.2.7.pom
Progress (1): 1.3 kB                    Downloaded from central: https://repo.maven.apache.org/maven2/io/sundr/annotations/0.2.7/annotations-0.2.7.pom (1.3 kB at 6.1 kB/s)
Downloading from central: https://repo.maven.apache.org/maven2/io/sundr/sundr-pom/0.2.7/sundr-pom-0.2.7.pom
Progress (1): 4.1/6.1 kBProgress (1): 6.1 kB                        Downloaded from central: https://repo.maven.apache.org/maven2/io/sundr/sundr-pom/0.2.7/sundr-pom-0.2.7.pom (6.1 kB at 53 kB/s)
Downloading from central: https://repo.maven.apache.org/maven2/io/sundr/sundr-core/0.2.7/sundr-core-0.2.7.pom
Progress (1): 1.4 kB                    Downloaded from central: https://repo.maven.apache.org/maven2/io/sundr/sundr-core/0.2.7/sundr-core-0.2.7.pom (1.4 kB at 13 kB/s)
Downloading from central: https://repo.maven.apache.org/maven2/io/sundr/sundr-codegen/0.2.7/sundr-codegen-0.2.7.pom
Progress (1): 1.5 kB                    Downloaded from central: https://repo.maven.apache.org/maven2/io/sundr/sundr-codegen/0.2.7/sundr-codegen-0.2.7.pom (1.5 kB at 14 kB/s)
Downloading from central: https://repo.maven.apache.org/maven2/io/fabric8/openshift-server-mock/4.9.0/openshift-server-mock-4.9.0.pom
Progress (1): 1.4 kB                    Downloaded from central: https://repo.maven.apache.org/maven2/io/fabric8/openshift-server-mock/4.9.0/openshift-server-mock-4.9.0.pom (1.4 kB at 14 kB/s)
Downloading from central: https://repo.maven.apache.org/maven2/com/github/stefanbirkner/system-rules/1.18.0/system-rules-1.18.0.pom
Progress (1): 2.3 kB                    Downloaded from central: https://repo.maven.apache.org/maven2/com/github/stefanbirkner/system-rules/1.18.0/system-rules-1.18.0.pom (2.3 kB at 28 kB/s)
Downloading from maven-central-plugin-snapshots: https://oss.sonatype.org/content/repositories/snapshots/junit/junit-dep/maven-metadata.xml
Downloading from central: https://repo.maven.apache.org/maven2/junit/junit-dep/maven-metadata.xml
Progress (1): 563 B                   Downloaded from central: https://repo.maven.apache.org/maven2/junit/junit-dep/maven-metadata.xml (563 B at 6.9 kB/s)
Downloading from central: https://repo.maven.apache.org/maven2/junit/junit-dep/4.9/junit-dep-4.9.pom
Progress (1): 2.3 kB                    Downloaded from central: https://repo.maven.apache.org/maven2/junit/junit-dep/4.9/junit-dep-4.9.pom (2.3 kB at 29 kB/s)
Downloading from central: https://repo.maven.apache.org/maven2/junit/junit-dep/4.10/junit-dep-4.10.pom
Progress (1): 2.3 kB                    Downloaded from central: https://repo.maven.apache.org/maven2/junit/junit-dep/4.10/junit-dep-4.10.pom (2.3 kB at 25 kB/s)
Downloading from central: https://repo.maven.apache.org/maven2/junit/junit-dep/4.11-beta-1/junit-dep-4.11-beta-1.pom
Progress (1): 2.0 kB                    Downloaded from central: https://repo.maven.apache.org/maven2/junit/junit-dep/4.11-beta-1/junit-dep-4.11-beta-1.pom (2.0 kB at 22 kB/s)
Downloading from central: https://repo.maven.apache.org/maven2/junit/junit/4.11-beta-1/junit-4.11-beta-1.pom
Progress (1): 2.4 kB                    Downloaded from central: https://repo.maven.apache.org/maven2/junit/junit/4.11-beta-1/junit-4.11-beta-1.pom (2.4 kB at 29 kB/s)
Downloading from central: https://repo.maven.apache.org/maven2/com/jayway/jsonpath/json-path-assert/2.2.0/json-path-assert-2.2.0.pom
Progress (1): 1.9 kB                    Downloaded from central: https://repo.maven.apache.org/maven2/com/jayway/jsonpath/json-path-assert/2.2.0/json-path-assert-2.2.0.pom (1.9 kB at 18 kB/s)
Downloading from central: https://repo.maven.apache.org/maven2/org/apache/maven/plugin-tools/maven-plugin-annotations/3.4/maven-plugin-annotations-3.4.jar
Downloading from central: https://repo.maven.apache.org/maven2/org/bouncycastle/bcprov-jdk15on/1.60/bcprov-jdk15on-1.60.jar
Downloading from central: https://repo.maven.apache.org/maven2/io/fabric8/kubernetes-server-mock/4.9.0/kubernetes-server-mock-4.9.0.jar
Downloading from central: https://repo.maven.apache.org/maven2/io/fabric8/openshift-server-mock/4.9.0/openshift-server-mock-4.9.0.jar
Downloading from central: https://repo.maven.apache.org/maven2/com/github/stefanbirkner/system-rules/1.18.0/system-rules-1.18.0.jar
Progress (1): 4.1/14 kBProgress (1): 8.2/14 kBProgress (1): 12/14 kB Progress (1): 14 kB                      Downloaded from central: https://repo.maven.apache.org/maven2/org/apache/maven/plugin-tools/maven-plugin-annotations/3.4/maven-plugin-annotations-3.4.jar (14 kB at 158 kB/s)
Downloading from central: https://repo.maven.apache.org/maven2/io/fabric8/mockwebserver/0.0.13/mockwebserver-0.0.13.jar
Progress (1): 4.1/68 kBProgress (1): 8.2/68 kBProgress (1): 12/68 kB Progress (1): 16/68 kBProgress (1): 20/68 kBProgress (1): 24/68 kBProgress (1): 28/68 kBProgress (1): 32/68 kBProgress (1): 36/68 kBProgress (1): 40/68 kBProgress (1): 45/68 kBProgress (1): 49/68 kBProgress (1): 53/68 kBProgress (1): 57/68 kBProgress (1): 61/68 kBProgress (1): 65/68 kBProgress (1): 68 kB                      Downloaded from central: https://repo.maven.apache.org/maven2/io/fabric8/mockwebserver/0.0.13/mockwebserver-0.0.13.jar (68 kB at 324 kB/s)
Downloading from central: https://repo.maven.apache.org/maven2/com/squareup/okhttp3/mockwebserver/3.6.0/mockwebserver-3.6.0.jar
Progress (1): 2.7/6.5 kBProgress (1): 5.5/6.5 kBProgress (1): 6.5 kB    Progress (2): 6.5 kB | 2.7/16 kBProgress (2): 6.5 kB | 5.5/16 kBProgress (2): 6.5 kB | 8.2/16 kBProgress (2): 6.5 kB | 11/16 kB Progress (3): 6.5 kB | 11/16 kB | 2.7/39 kBProgress (3): 6.5 kB | 11/16 kB | 5.5/39 kBProgress (3): 6.5 kB | 14/16 kB | 5.5/39 kBProgress (3): 6.5 kB | 14/16 kB | 8.2/39 kBProgress (3): 6.5 kB | 16/16 kB | 8.2/39 kBProgress (4): 6.5 kB | 16/16 kB | 8.2/39 kB | 4.1/47 kBProgress (4): 6.5 kB | 16/16 kB | 11/39 kB | 4.1/47 kB Progress (4): 6.5 kB | 16/16 kB | 11/39 kB | 8.2/47 kBProgress (4): 6.5 kB | 16/16 kB | 11/39 kB | 12/47 kB Progress (4): 6.5 kB | 16/16 kB | 11/39 kB | 16/47 kBProgress (4): 6.5 kB | 16 kB | 11/39 kB | 16/47 kB   Progress (4): 6.5 kB | 16 kB | 14/39 kB | 16/47 kBProgress (4): 6.5 kB | 16 kB | 14/39 kB | 20/47 kBProgress (4): 6.5 kB | 16 kB | 14/39 kB | 24/47 kBProgress (4): 6.5 kB | 16 kB | 14/39 kB | 28/47 kBProgress (4): 6.5 kB | 16 kB | 14/39 kB | 32/47 kBProgress (4): 6.5 kB | 16 kB | 16/39 kB | 32/47 kBProgress (4): 6.5 kB | 16 kB | 16/39 kB | 36/47 kBProgress (4): 6.5 kB | 16 kB | 16/39 kB | 40/47 kBProgress (4): 6.5 kB | 16 kB | 16/39 kB | 45/47 kBProgress (4): 6.5 kB | 16 kB | 16/39 kB | 47 kB   Progress (4): 6.5 kB | 16 kB | 19/39 kB | 47 kBProgress (4): 6.5 kB | 16 kB | 22/39 kB | 47 kBProgress (4): 6.5 kB | 16 kB | 25/39 kB | 47 kBProgress (4): 6.5 kB | 16 kB | 27/39 kB | 47 kBProgress (4): 6.5 kB | 16 kB | 30/39 kB | 47 kBProgress (4): 6.5 kB | 16 kB | 33/39 kB | 47 kB                                               Downloaded from central: https://repo.maven.apache.org/maven2/io/fabric8/openshift-server-mock/4.9.0/openshift-server-mock-4.9.0.jar (6.5 kB at 21 kB/s)
Downloading from central: https://repo.maven.apache.org/maven2/io/sundr/builder-annotations/0.2.7/builder-annotations-0.2.7.jar
Progress (3): 16 kB | 36/39 kB | 47 kBProgress (3): 16 kB | 38/39 kB | 47 kBProgress (3): 16 kB | 39 kB | 47 kB                                      Downloaded from central: https://repo.maven.apache.org/maven2/com/squareup/okhttp3/mockwebserver/3.6.0/mockwebserver-3.6.0.jar (47 kB at 143 kB/s)
Downloading from central: https://repo.maven.apache.org/maven2/io/sundr/sundr-core/0.2.7/sundr-core-0.2.7.jar
Downloaded from central: https://repo.maven.apache.org/maven2/io/fabric8/kubernetes-server-mock/4.9.0/kubernetes-server-mock-4.9.0.jar (16 kB at 49 kB/s)
Downloading from central: https://repo.maven.apache.org/maven2/io/sundr/sundr-codegen/0.2.7/sundr-codegen-0.2.7.jar
Progress (2): 39 kB | 0/4.2 MBProgress (2): 39 kB | 0/4.2 MB                              Downloaded from central: https://repo.maven.apache.org/maven2/com/github/stefanbirkner/system-rules/1.18.0/system-rules-1.18.0.jar (39 kB at 108 kB/s)
Downloading from central: https://repo.maven.apache.org/maven2/com/jayway/jsonpath/json-path-assert/2.2.0/json-path-assert-2.2.0.jar
Progress (2): 0/4.2 MB | 2.7/136 kBProgress (2): 0/4.2 MB | 5.5/136 kBProgress (2): 0.1/4.2 MB | 5.5/136 kBProgress (2): 0.1/4.2 MB | 8.2/136 kBProgress (2): 0.1/4.2 MB | 11/136 kB Progress (2): 0.1/4.2 MB | 11/136 kBProgress (2): 0.1/4.2 MB | 14/136 kBProgress (2): 0.1/4.2 MB | 16/136 kBProgress (3): 0.1/4.2 MB | 16/136 kB | 2.7/101 kBProgress (3): 0.1/4.2 MB | 16/136 kB | 5.5/101 kBProgress (3): 0.1/4.2 MB | 16/136 kB | 8.2/101 kBProgress (4): 0.1/4.2 MB | 16/136 kB | 8.2/101 kB | 4.1/13 kBProgress (4): 0.1/4.2 MB | 16/136 kB | 8.2/101 kB | 4.1/13 kBProgress (4): 0.1/4.2 MB | 16/136 kB | 8.2/101 kB | 8.2/13 kBProgress (4): 0.1/4.2 MB | 16/136 kB | 8.2/101 kB | 12/13 kB Progress (4): 0.1/4.2 MB | 16/136 kB | 8.2/101 kB | 13 kB   Progress (4): 0.1/4.2 MB | 16/136 kB | 11/101 kB | 13 kB Progress (4): 0.1/4.2 MB | 16/136 kB | 14/101 kB | 13 kBProgress (4): 0.1/4.2 MB | 16/136 kB | 16/101 kB | 13 kBProgress (4): 0.1/4.2 MB | 16/136 kB | 16/101 kB | 13 kBProgress (4): 0.1/4.2 MB | 20/136 kB | 16/101 kB | 13 kBProgress (4): 0.1/4.2 MB | 24/136 kB | 16/101 kB | 13 kBProgress (4): 0.1/4.2 MB | 28/136 kB | 16/101 kB | 13 kBProgress (4): 0.1/4.2 MB | 32/136 kB | 16/101 kB | 13 kBProgress (4): 0.1/4.2 MB | 32/136 kB | 20/101 kB | 13 kBProgress (4): 0.1/4.2 MB | 32/136 kB | 24/101 kB | 13 kBProgress (4): 0.1/4.2 MB | 32/136 kB | 28/101 kB | 13 kBProgress (4): 0.1/4.2 MB | 32/136 kB | 32/101 kB | 13 kBProgress (4): 0.1/4.2 MB | 36/136 kB | 32/101 kB | 13 kBProgress (4): 0.1/4.2 MB | 40/136 kB | 32/101 kB | 13 kBProgress (4): 0.1/4.2 MB | 45/136 kB | 32/101 kB | 13 kBProgress (5): 0.1/4.2 MB | 45/136 kB | 32/101 kB | 13 kB | 2.7/16 kBProgress (5): 0.1/4.2 MB | 49/136 kB | 32/101 kB | 13 kB | 2.7/16 kBProgress (5): 0.1/4.2 MB | 49/136 kB | 32/101 kB | 13 kB | 5.5/16 kBProgress (5): 0.1/4.2 MB | 49/136 kB | 32/101 kB | 13 kB | 8.2/16 kBProgress (5): 0.1/4.2 MB | 49/136 kB | 32/101 kB | 13 kB | 11/16 kB Progress (5): 0.1/4.2 MB | 49/136 kB | 32/101 kB | 13 kB | 14/16 kBProgress (5): 0.1/4.2 MB | 49/136 kB | 32/101 kB | 13 kB | 16/16 kBProgress (5): 0.1/4.2 MB | 49/136 kB | 32/101 kB | 13 kB | 16 kB   Progress (5): 0.1/4.2 MB | 53/136 kB | 32/101 kB | 13 kB | 16 kBProgress (5): 0.1/4.2 MB | 57/136 kB | 32/101 kB | 13 kB | 16 kBProgress (5): 0.1/4.2 MB | 61/136 kB | 32/101 kB | 13 kB | 16 kBProgress (5): 0.1/4.2 MB | 65/136 kB | 32/101 kB | 13 kB | 16 kBProgress (5): 0.1/4.2 MB | 65/136 kB | 36/101 kB | 13 kB | 16 kBProgress (5): 0.1/4.2 MB | 65/136 kB | 40/101 kB | 13 kB | 16 kBProgress (5): 0.1/4.2 MB | 65/136 kB | 45/101 kB | 13 kB | 16 kBProgress (5): 0.1/4.2 MB | 65/136 kB | 49/101 kB | 13 kB | 16 kBProgress (5): 0.1/4.2 MB | 65/136 kB | 53/101 kB | 13 kB | 16 kBProgress (5): 0.2/4.2 MB | 65/136 kB | 53/101 kB | 13 kB | 16 kBProgress (5): 0.2/4.2 MB | 65/136 kB | 57/101 kB | 13 kB | 16 kBProgress (5): 0.2/4.2 MB | 65/136 kB | 61/101 kB | 13 kB | 16 kBProgress (5): 0.2/4.2 MB | 65/136 kB | 65/101 kB | 13 kB | 16 kBProgress (5): 0.2/4.2 MB | 69/136 kB | 65/101 kB | 13 kB | 16 kBProgress (5): 0.2/4.2 MB | 69/136 kB | 69/101 kB | 13 kB | 16 kBProgress (5): 0.2/4.2 MB | 73/136 kB | 69/101 kB | 13 kB | 16 kBProgress (5): 0.2/4.2 MB | 73/136 kB | 73/101 kB | 13 kB | 16 kBProgress (5): 0.2/4.2 MB | 77/136 kB | 73/101 kB | 13 kB | 16 kBProgress (5): 0.2/4.2 MB | 77/136 kB | 77/101 kB | 13 kB | 16 kBProgress (5): 0.2/4.2 MB | 81/136 kB | 77/101 kB | 13 kB | 16 kBProgress (5): 0.2/4.2 MB | 81/136 kB | 81/101 kB | 13 kB | 16 kBProgress (5): 0.2/4.2 MB | 81/136 kB | 85/101 kB | 13 kB | 16 kBProgress (5): 0.2/4.2 MB | 81/136 kB | 90/101 kB | 13 kB | 16 kBProgress (5): 0.2/4.2 MB | 81/136 kB | 94/101 kB | 13 kB | 16 kBProgress (5): 0.2/4.2 MB | 81/136 kB | 98/101 kB | 13 kB | 16 kBProgress (5): 0.2/4.2 MB | 81/136 kB | 101 kB | 13 kB | 16 kB                                                                Downloaded from central: https://repo.maven.apache.org/maven2/io/sundr/sundr-core/0.2.7/sundr-core-0.2.7.jar (13 kB at 29 kB/s)
Progress (4): 0.2/4.2 MB | 85/136 kB | 101 kB | 16 kBProgress (4): 0.2/4.2 MB | 90/136 kB | 101 kB | 16 kBProgress (4): 0.2/4.2 MB | 94/136 kB | 101 kB | 16 kBProgress (4): 0.2/4.2 MB | 98/136 kB | 101 kB | 16 kBProgress (4): 0.2/4.2 MB | 98/136 kB | 101 kB | 16 kBProgress (4): 0.2/4.2 MB | 102/136 kB | 101 kB | 16 kBProgress (4): 0.2/4.2 MB | 106/136 kB | 101 kB | 16 kBProgress (4): 0.2/4.2 MB | 110/136 kB | 101 kB | 16 kBProgress (4): 0.2/4.2 MB | 114/136 kB | 101 kB | 16 kBProgress (4): 0.2/4.2 MB | 114/136 kB | 101 kB | 16 kBProgress (4): 0.2/4.2 MB | 118/136 kB | 101 kB | 16 kBProgress (4): 0.2/4.2 MB | 122/136 kB | 101 kB | 16 kBProgress (4): 0.2/4.2 MB | 126/136 kB | 101 kB | 16 kBProgress (4): 0.2/4.2 MB | 126/136 kB | 101 kB | 16 kBProgress (4): 0.2/4.2 MB | 131/136 kB | 101 kB | 16 kBProgress (4): 0.2/4.2 MB | 135/136 kB | 101 kB | 16 kBProgress (4): 0.2/4.2 MB | 136 kB | 101 kB | 16 kB                                                      Downloaded from central: https://repo.maven.apache.org/maven2/com/jayway/jsonpath/json-path-assert/2.2.0/json-path-assert-2.2.0.jar (16 kB at 34 kB/s)
Progress (3): 0.3/4.2 MB | 136 kB | 101 kB                                          Downloaded from central: https://repo.maven.apache.org/maven2/io/sundr/sundr-codegen/0.2.7/sundr-codegen-0.2.7.jar (101 kB at 201 kB/s)
Progress (2): 0.3/4.2 MB | 136 kB                                 Downloaded from central: https://repo.maven.apache.org/maven2/io/sundr/builder-annotations/0.2.7/builder-annotations-0.2.7.jar (136 kB at 260 kB/s)
Progress (1): 0.3/4.2 MBProgress (1): 0.3/4.2 MBProgress (1): 0.4/4.2 MBProgress (1): 0.4/4.2 MBProgress (1): 0.4/4.2 MBProgress (1): 0.4/4.2 MBProgress (1): 0.5/4.2 MBProgress (1): 0.5/4.2 MBProgress (1): 0.5/4.2 MBProgress (1): 0.5/4.2 MBProgress (1): 0.6/4.2 MBProgress (1): 0.6/4.2 MBProgress (1): 0.6/4.2 MBProgress (1): 0.6/4.2 MBProgress (1): 0.7/4.2 MBProgress (1): 0.7/4.2 MBProgress (1): 0.7/4.2 MBProgress (1): 0.7/4.2 MBProgress (1): 0.8/4.2 MBProgress (1): 0.8/4.2 MBProgress (1): 0.8/4.2 MBProgress (1): 0.8/4.2 MBProgress (1): 0.9/4.2 MBProgress (1): 0.9/4.2 MBProgress (1): 0.9/4.2 MBProgress (1): 0.9/4.2 MBProgress (1): 1.0/4.2 MBProgress (1): 1.0/4.2 MBProgress (1): 1.0/4.2 MBProgress (1): 1.0/4.2 MBProgress (1): 1.1/4.2 MBProgress (1): 1.1/4.2 MBProgress (1): 1.1/4.2 MBProgress (1): 1.1/4.2 MBProgress (1): 1.2/4.2 MBProgress (1): 1.2/4.2 MBProgress (1): 1.2/4.2 MBProgress (1): 1.2/4.2 MBProgress (1): 1.3/4.2 MBProgress (1): 1.3/4.2 MBProgress (1): 1.3/4.2 MBProgress (1): 1.3/4.2 MBProgress (1): 1.4/4.2 MBProgress (1): 1.4/4.2 MBProgress (1): 1.4/4.2 MBProgress (1): 1.4/4.2 MBProgress (1): 1.5/4.2 MBProgress (1): 1.5/4.2 MBProgress (1): 1.5/4.2 MBProgress (1): 1.5/4.2 MBProgress (1): 1.6/4.2 MBProgress (1): 1.6/4.2 MBProgress (1): 1.6/4.2 MBProgress (1): 1.6/4.2 MBProgress (1): 1.7/4.2 MBProgress (1): 1.7/4.2 MBProgress (1): 1.7/4.2 MBProgress (1): 1.7/4.2 MBProgress (1): 1.8/4.2 MBProgress (1): 1.8/4.2 MBProgress (1): 1.8/4.2 MBProgress (1): 1.8/4.2 MBProgress (1): 1.8/4.2 MBProgress (1): 1.9/4.2 MBProgress (1): 1.9/4.2 MBProgress (1): 1.9/4.2 MBProgress (1): 1.9/4.2 MBProgress (1): 2.0/4.2 MBProgress (1): 2.0/4.2 MBProgress (1): 2.0/4.2 MBProgress (1): 2.0/4.2 MBProgress (1): 2.1/4.2 MBProgress (1): 2.1/4.2 MBProgress (1): 2.1/4.2 MBProgress (1): 2.1/4.2 MBProgress (1): 2.2/4.2 MBProgress (1): 2.2/4.2 MBProgress (1): 2.2/4.2 MBProgress (1): 2.2/4.2 MBProgress (1): 2.3/4.2 MBProgress (1): 2.3/4.2 MBProgress (1): 2.3/4.2 MBProgress (1): 2.3/4.2 MBProgress (1): 2.4/4.2 MBProgress (1): 2.4/4.2 MBProgress (1): 2.4/4.2 MBProgress (1): 2.4/4.2 MBProgress (1): 2.5/4.2 MBProgress (1): 2.5/4.2 MBProgress (1): 2.5/4.2 MBProgress (1): 2.5/4.2 MBProgress (1): 2.6/4.2 MBProgress (1): 2.6/4.2 MBProgress (1): 2.6/4.2 MBProgress (1): 2.6/4.2 MBProgress (1): 2.7/4.2 MBProgress (1): 2.7/4.2 MBProgress (1): 2.7/4.2 MBProgress (1): 2.7/4.2 MBProgress (1): 2.8/4.2 MBProgress (1): 2.8/4.2 MBProgress (1): 2.8/4.2 MBProgress (1): 2.8/4.2 MBProgress (1): 2.9/4.2 MBProgress (1): 2.9/4.2 MBProgress (1): 2.9/4.2 MBProgress (1): 2.9/4.2 MBProgress (1): 3.0/4.2 MBProgress (1): 3.0/4.2 MBProgress (1): 3.0/4.2 MBProgress (1): 3.0/4.2 MBProgress (1): 3.1/4.2 MBProgress (1): 3.1/4.2 MBProgress (1): 3.1/4.2 MBProgress (1): 3.1/4.2 MBProgress (1): 3.2/4.2 MBProgress (1): 3.2/4.2 MBProgress (1): 3.2/4.2 MBProgress (1): 3.2/4.2 MBProgress (1): 3.3/4.2 MBProgress (1): 3.3/4.2 MBProgress (1): 3.3/4.2 MBProgress (1): 3.3/4.2 MBProgress (1): 3.4/4.2 MBProgress (1): 3.4/4.2 MBProgress (1): 3.4/4.2 MBProgress (1): 3.4/4.2 MBProgress (1): 3.5/4.2 MBProgress (1): 3.5/4.2 MBProgress (1): 3.5/4.2 MBProgress (1): 3.5/4.2 MBProgress (1): 3.6/4.2 MBProgress (1): 3.6/4.2 MBProgress (1): 3.6/4.2 MBProgress (1): 3.6/4.2 MBProgress (1): 3.7/4.2 MBProgress (1): 3.7/4.2 MBProgress (1): 3.7/4.2 MBProgress (1): 3.7/4.2 MBProgress (1): 3.8/4.2 MBProgress (1): 3.8/4.2 MBProgress (1): 3.8/4.2 MBProgress (1): 3.8/4.2 MBProgress (1): 3.9/4.2 MBProgress (1): 3.9/4.2 MBProgress (1): 3.9/4.2 MBProgress (1): 3.9/4.2 MBProgress (1): 4.0/4.2 MBProgress (1): 4.0/4.2 MBProgress (1): 4.0/4.2 MBProgress (1): 4.0/4.2 MBProgress (1): 4.1/4.2 MBProgress (1): 4.1/4.2 MBProgress (1): 4.1/4.2 MBProgress (1): 4.1/4.2 MBProgress (1): 4.1/4.2 MBProgress (1): 4.2/4.2 MBProgress (1): 4.2 MB                        Downloaded from central: https://repo.maven.apache.org/maven2/org/bouncycastle/bcprov-jdk15on/1.60/bcprov-jdk15on-1.60.jar (4.2 MB at 2.6 MB/s)
[INFO] 
[INFO] --- maven-clean-plugin:2.5:clean (default-clean) @ fabric8-maven-plugin-core ---
[INFO] 
[INFO] --- maven-resources-plugin:3.0.0:resources (default-resources) @ fabric8-maven-plugin-core ---
[INFO] Using 'UTF-8' encoding to copy filtered resources.
[INFO] ignoreDelta true
[INFO] Copying 1 resource
[INFO] Copying file META-INF/fabric8/kind-filename-type-mapping-default.adoc
[INFO] 
[INFO] --- maven-resources-plugin:3.0.0:copy-resources (copy-resources) @ fabric8-maven-plugin-core ---
[INFO] Using 'UTF-8' encoding to copy filtered resources.
[INFO] skip non existing resourceDirectory /Users/adminuser/Documents/Work/Experiment/ChatGPT/oragen-main/src/tmp/repos/fabric8-maven-plugin/core/src/main/resources/META-INF/plexus
[INFO] 
[INFO] --- maven-compiler-plugin:3.1:compile (default-compile) @ fabric8-maven-plugin-core ---
[INFO] Changes detected - recompiling the module!
[INFO] Compiling 107 source files to /Users/adminuser/Documents/Work/Experiment/ChatGPT/oragen-main/src/tmp/repos/fabric8-maven-plugin/core/target/classes
[WARNING] /Users/adminuser/Documents/Work/Experiment/ChatGPT/oragen-main/src/tmp/repos/fabric8-maven-plugin/core/src/main/java/io/fabric8/maven/core/service/ApplyService.java:[181,85] daemonSets() in io.fabric8.kubernetes.client.dsl.ExtensionsAPIGroupDSL has been deprecated
[WARNING] /Users/adminuser/Documents/Work/Experiment/ChatGPT/oragen-main/src/tmp/repos/fabric8-maven-plugin/core/src/main/java/io/fabric8/maven/core/service/ApplyService.java:[183,86] deployments() in io.fabric8.kubernetes.client.dsl.ExtensionsAPIGroupDSL has been deprecated
[WARNING] /Users/adminuser/Documents/Work/Experiment/ChatGPT/oragen-main/src/tmp/repos/fabric8-maven-plugin/core/src/main/java/io/fabric8/maven/core/service/ApplyService.java:[185,86] replicaSets() in io.fabric8.kubernetes.client.dsl.ExtensionsAPIGroupDSL has been deprecated
[WARNING] /Users/adminuser/Documents/Work/Experiment/ChatGPT/oragen-main/src/tmp/repos/fabric8-maven-plugin/core/src/main/java/io/fabric8/maven/core/util/kubernetes/KubernetesClientUtil.java:[76,51] deployments() in io.fabric8.kubernetes.client.dsl.ExtensionsAPIGroupDSL has been deprecated
[WARNING] /Users/adminuser/Documents/Work/Experiment/ChatGPT/oragen-main/src/tmp/repos/fabric8-maven-plugin/core/src/main/java/io/fabric8/maven/core/util/kubernetes/KubernetesClientUtil.java:[78,51] replicaSets() in io.fabric8.kubernetes.client.dsl.ExtensionsAPIGroupDSL has been deprecated
[WARNING] /Users/adminuser/Documents/Work/Experiment/ChatGPT/oragen-main/src/tmp/repos/fabric8-maven-plugin/core/src/main/java/io/fabric8/maven/core/util/ResourceUtil.java:[97,46] WRITE_EMPTY_JSON_ARRAYS in com.fasterxml.jackson.databind.SerializationFeature has been deprecated
[WARNING] /Users/adminuser/Documents/Work/Experiment/ChatGPT/oragen-main/src/tmp/repos/fabric8-maven-plugin/core/src/main/java/io/fabric8/maven/core/util/kubernetes/KubernetesResourceUtil.java:[430,40] getItems() in io.fabric8.kubernetes.api.model.BaseKubernetesListFluentImpl has been deprecated
[WARNING] /Users/adminuser/Documents/Work/Experiment/ChatGPT/oragen-main/src/tmp/repos/fabric8-maven-plugin/core/src/main/java/io/fabric8/maven/core/config/ProcessorConfig.java: Some input files use unchecked or unsafe operations.
[WARNING] /Users/adminuser/Documents/Work/Experiment/ChatGPT/oragen-main/src/tmp/repos/fabric8-maven-plugin/core/src/main/java/io/fabric8/maven/core/config/ProcessorConfig.java: Recompile with -Xlint:unchecked for details.
[INFO] 
[INFO] --- plexus-component-metadata:2.0.0:generate-metadata (default) @ fabric8-maven-plugin-core ---
Downloading from central: https://repo.maven.apache.org/maven2/org/codehaus/plexus/plexus-container-default/2.0.0/plexus-container-default-2.0.0.pom
Progress (1): 3.0 kB                    Downloaded from central: https://repo.maven.apache.org/maven2/org/codehaus/plexus/plexus-container-default/2.0.0/plexus-container-default-2.0.0.pom (3.0 kB at 38 kB/s)
Downloading from central: https://repo.maven.apache.org/maven2/org/codehaus/plexus/plexus-classworlds/2.6.0/plexus-classworlds-2.6.0.pom
Downloaded from central: https://repo.maven.apache.org/maven2/org/codehaus/plexus/plexus-classworlds/2.6.0/plexus-classworlds-2.6.0.pom (0 B at 0 B/s)
Downloading from central: https://repo.maven.apache.org/maven2/com/thoughtworks/qdox/qdox/2.0-M10/qdox-2.0-M10.pom
Progress (1): 4.1/16 kBProgress (1): 8.2/16 kBProgress (1): 12/16 kB Progress (1): 16 kB                      Downloaded from central: https://repo.maven.apache.org/maven2/com/thoughtworks/qdox/qdox/2.0-M10/qdox-2.0-M10.pom (16 kB at 186 kB/s)
Downloading from central: https://repo.maven.apache.org/maven2/org/jdom/jdom2/2.0.6/jdom2-2.0.6.pom
Downloaded from central: https://repo.maven.apache.org/maven2/org/jdom/jdom2/2.0.6/jdom2-2.0.6.pom (0 B at 0 B/s)
Downloading from central: https://repo.maven.apache.org/maven2/org/codehaus/plexus/plexus-container-default/2.0.0/plexus-container-default-2.0.0.jar
Downloading from central: https://repo.maven.apache.org/maven2/org/codehaus/plexus/plexus-classworlds/2.6.0/plexus-classworlds-2.6.0.jar
Downloading from central: https://repo.maven.apache.org/maven2/org/codehaus/plexus/plexus-utils/3.1.1/plexus-utils-3.1.1.jar
Downloading from central: https://repo.maven.apache.org/maven2/com/thoughtworks/qdox/qdox/2.0-M10/qdox-2.0-M10.jar
Downloading from central: https://repo.maven.apache.org/maven2/org/jdom/jdom2/2.0.6/jdom2-2.0.6.jar
Downloaded from central: https://repo.maven.apache.org/maven2/org/jdom/jdom2/2.0.6/jdom2-2.0.6.jar (0 B at 0 B/s)
Progress (1): 4.1/230 kBProgress (1): 8.2/230 kBProgress (1): 12/230 kB Progress (1): 16/230 kB                       Downloaded from central: https://repo.maven.apache.org/maven2/org/codehaus/plexus/plexus-classworlds/2.6.0/plexus-classworlds-2.6.0.jar (0 B at 0 B/s)
Progress (2): 16/230 kB | 4.1/317 kBProgress (2): 16/230 kB | 8.2/317 kBProgress (2): 16/230 kB | 12/317 kB Progress (2): 16/230 kB | 16/317 kBProgress (3): 16/230 kB | 16/317 kB | 4.1/260 kBProgress (3): 16/230 kB | 20/317 kB | 4.1/260 kBProgress (3): 16/230 kB | 20/317 kB | 8.2/260 kBProgress (3): 16/230 kB | 20/317 kB | 12/260 kB Progress (3): 16/230 kB | 20/317 kB | 16/260 kBProgress (3): 20/230 kB | 20/317 kB | 16/260 kBProgress (3): 24/230 kB | 20/317 kB | 16/260 kBProgress (3): 28/230 kB | 20/317 kB | 16/260 kBProgress (3): 32/230 kB | 20/317 kB | 16/260 kBProgress (3): 32/230 kB | 25/317 kB | 16/260 kBProgress (3): 32/230 kB | 29/317 kB | 16/260 kBProgress (3): 32/230 kB | 33/317 kB | 16/260 kBProgress (3): 32/230 kB | 33/317 kB | 20/260 kBProgress (3): 36/230 kB | 33/317 kB | 20/260 kBProgress (3): 36/230 kB | 37/317 kB | 20/260 kBProgress (3): 40/230 kB | 37/317 kB | 20/260 kBProgress (3): 40/230 kB | 41/317 kB | 20/260 kBProgress (3): 45/230 kB | 41/317 kB | 20/260 kBProgress (3): 49/230 kB | 41/317 kB | 20/260 kBProgress (3): 49/230 kB | 41/317 kB | 24/260 kBProgress (3): 49/230 kB | 45/317 kB | 24/260 kBProgress (3): 49/230 kB | 45/317 kB | 28/260 kBProgress (3): 49/230 kB | 49/317 kB | 28/260 kBProgress (3): 49/230 kB | 49/317 kB | 32/260 kBProgress (3): 49/230 kB | 53/317 kB | 32/260 kBProgress (3): 49/230 kB | 57/317 kB | 32/260 kBProgress (3): 49/230 kB | 61/317 kB | 32/260 kBProgress (3): 49/230 kB | 66/317 kB | 32/260 kBProgress (3): 49/230 kB | 66/317 kB | 36/260 kBProgress (3): 49/230 kB | 66/317 kB | 40/260 kBProgress (3): 49/230 kB | 66/317 kB | 45/260 kBProgress (3): 49/230 kB | 66/317 kB | 49/260 kBProgress (3): 49/230 kB | 70/317 kB | 49/260 kBProgress (3): 49/230 kB | 70/317 kB | 53/260 kBProgress (3): 49/230 kB | 74/317 kB | 53/260 kBProgress (3): 49/230 kB | 74/317 kB | 57/260 kBProgress (3): 49/230 kB | 78/317 kB | 57/260 kBProgress (3): 49/230 kB | 78/317 kB | 61/260 kBProgress (3): 49/230 kB | 82/317 kB | 61/260 kBProgress (3): 49/230 kB | 82/317 kB | 65/260 kBProgress (3): 49/230 kB | 86/317 kB | 65/260 kBProgress (3): 49/230 kB | 90/317 kB | 65/260 kBProgress (3): 49/230 kB | 94/317 kB | 65/260 kBProgress (3): 49/230 kB | 98/317 kB | 65/260 kBProgress (3): 53/230 kB | 98/317 kB | 65/260 kBProgress (3): 57/230 kB | 98/317 kB | 65/260 kBProgress (3): 61/230 kB | 98/317 kB | 65/260 kBProgress (3): 65/230 kB | 98/317 kB | 65/260 kBProgress (3): 69/230 kB | 98/317 kB | 65/260 kBProgress (3): 73/230 kB | 98/317 kB | 65/260 kBProgress (3): 77/230 kB | 98/317 kB | 65/260 kBProgress (3): 81/230 kB | 98/317 kB | 65/260 kBProgress (3): 81/230 kB | 102/317 kB | 65/260 kBProgress (3): 81/230 kB | 102/317 kB | 69/260 kBProgress (3): 81/230 kB | 106/317 kB | 69/260 kBProgress (3): 81/230 kB | 106/317 kB | 73/260 kBProgress (3): 81/230 kB | 111/317 kB | 73/260 kBProgress (3): 81/230 kB | 111/317 kB | 77/260 kBProgress (3): 81/230 kB | 115/317 kB | 77/260 kBProgress (3): 81/230 kB | 115/317 kB | 81/260 kBProgress (3): 81/230 kB | 115/317 kB | 85/260 kBProgress (3): 81/230 kB | 119/317 kB | 85/260 kBProgress (3): 81/230 kB | 119/317 kB | 90/260 kBProgress (3): 81/230 kB | 123/317 kB | 90/260 kBProgress (3): 81/230 kB | 123/317 kB | 94/260 kBProgress (3): 81/230 kB | 127/317 kB | 94/260 kBProgress (3): 81/230 kB | 127/317 kB | 98/260 kBProgress (3): 81/230 kB | 131/317 kB | 98/260 kBProgress (3): 85/230 kB | 131/317 kB | 98/260 kBProgress (3): 90/230 kB | 131/317 kB | 98/260 kBProgress (3): 94/230 kB | 131/317 kB | 98/260 kBProgress (3): 98/230 kB | 131/317 kB | 98/260 kBProgress (3): 98/230 kB | 135/317 kB | 98/260 kBProgress (3): 98/230 kB | 135/317 kB | 102/260 kBProgress (3): 98/230 kB | 139/317 kB | 102/260 kBProgress (3): 98/230 kB | 139/317 kB | 106/260 kBProgress (3): 98/230 kB | 139/317 kB | 110/260 kBProgress (3): 98/230 kB | 143/317 kB | 110/260 kBProgress (3): 98/230 kB | 143/317 kB | 114/260 kBProgress (3): 102/230 kB | 143/317 kB | 114/260 kBProgress (3): 102/230 kB | 147/317 kB | 114/260 kBProgress (3): 106/230 kB | 147/317 kB | 114/260 kBProgress (3): 110/230 kB | 147/317 kB | 114/260 kBProgress (3): 114/230 kB | 147/317 kB | 114/260 kBProgress (3): 114/230 kB | 152/317 kB | 114/260 kBProgress (3): 114/230 kB | 156/317 kB | 114/260 kBProgress (3): 114/230 kB | 160/317 kB | 114/260 kBProgress (3): 114/230 kB | 164/317 kB | 114/260 kBProgress (3): 114/230 kB | 164/317 kB | 118/260 kBProgress (3): 114/230 kB | 164/317 kB | 122/260 kBProgress (3): 114/230 kB | 164/317 kB | 126/260 kBProgress (3): 114/230 kB | 164/317 kB | 131/260 kBProgress (3): 114/230 kB | 168/317 kB | 131/260 kBProgress (3): 114/230 kB | 172/317 kB | 131/260 kBProgress (3): 114/230 kB | 176/317 kB | 131/260 kBProgress (3): 114/230 kB | 180/317 kB | 131/260 kBProgress (3): 114/230 kB | 180/317 kB | 135/260 kBProgress (3): 118/230 kB | 180/317 kB | 135/260 kBProgress (3): 118/230 kB | 180/317 kB | 139/260 kBProgress (3): 122/230 kB | 180/317 kB | 139/260 kBProgress (3): 122/230 kB | 180/317 kB | 143/260 kBProgress (3): 126/230 kB | 180/317 kB | 143/260 kBProgress (3): 126/230 kB | 180/317 kB | 147/260 kBProgress (3): 131/230 kB | 180/317 kB | 147/260 kBProgress (3): 131/230 kB | 184/317 kB | 147/260 kBProgress (3): 131/230 kB | 188/317 kB | 147/260 kBProgress (3): 131/230 kB | 193/317 kB | 147/260 kBProgress (3): 131/230 kB | 197/317 kB | 147/260 kBProgress (3): 131/230 kB | 197/317 kB | 151/260 kBProgress (3): 131/230 kB | 197/317 kB | 155/260 kBProgress (3): 131/230 kB | 197/317 kB | 159/260 kBProgress (3): 131/230 kB | 197/317 kB | 163/260 kBProgress (3): 131/230 kB | 201/317 kB | 163/260 kBProgress (3): 131/230 kB | 205/317 kB | 163/260 kBProgress (3): 131/230 kB | 209/317 kB | 163/260 kBProgress (3): 131/230 kB | 213/317 kB | 163/260 kBProgress (3): 131/230 kB | 217/317 kB | 163/260 kBProgress (3): 131/230 kB | 221/317 kB | 163/260 kBProgress (3): 131/230 kB | 225/317 kB | 163/260 kBProgress (3): 131/230 kB | 229/317 kB | 163/260 kBProgress (3): 131/230 kB | 229/317 kB | 167/260 kBProgress (3): 135/230 kB | 229/317 kB | 167/260 kBProgress (3): 135/230 kB | 229/317 kB | 171/260 kBProgress (3): 139/230 kB | 229/317 kB | 171/260 kBProgress (3): 139/230 kB | 229/317 kB | 176/260 kBProgress (3): 143/230 kB | 229/317 kB | 176/260 kBProgress (3): 143/230 kB | 229/317 kB | 180/260 kBProgress (3): 147/230 kB | 229/317 kB | 180/260 kBProgress (3): 147/230 kB | 233/317 kB | 180/260 kBProgress (3): 147/230 kB | 238/317 kB | 180/260 kBProgress (3): 147/230 kB | 242/317 kB | 180/260 kBProgress (3): 147/230 kB | 246/317 kB | 180/260 kBProgress (3): 147/230 kB | 246/317 kB | 184/260 kBProgress (3): 147/230 kB | 246/317 kB | 188/260 kBProgress (3): 147/230 kB | 246/317 kB | 192/260 kBProgress (3): 147/230 kB | 246/317 kB | 196/260 kBProgress (3): 151/230 kB | 246/317 kB | 196/260 kBProgress (3): 155/230 kB | 246/317 kB | 196/260 kBProgress (3): 159/230 kB | 246/317 kB | 196/260 kBProgress (3): 163/230 kB | 246/317 kB | 196/260 kBProgress (3): 163/230 kB | 250/317 kB | 196/260 kBProgress (3): 163/230 kB | 254/317 kB | 196/260 kBProgress (3): 163/230 kB | 258/317 kB | 196/260 kBProgress (3): 163/230 kB | 262/317 kB | 196/260 kBProgress (3): 167/230 kB | 262/317 kB | 196/260 kBProgress (3): 171/230 kB | 262/317 kB | 196/260 kBProgress (3): 176/230 kB | 262/317 kB | 196/260 kBProgress (3): 180/230 kB | 262/317 kB | 196/260 kBProgress (3): 180/230 kB | 262/317 kB | 200/260 kBProgress (3): 180/230 kB | 262/317 kB | 204/260 kBProgress (3): 180/230 kB | 262/317 kB | 208/260 kBProgress (3): 180/230 kB | 262/317 kB | 212/260 kBProgress (3): 180/230 kB | 266/317 kB | 212/260 kBProgress (3): 180/230 kB | 270/317 kB | 212/260 kBProgress (3): 180/230 kB | 274/317 kB | 212/260 kBProgress (3): 180/230 kB | 279/317 kB | 212/260 kBProgress (3): 180/230 kB | 283/317 kB | 212/260 kBProgress (3): 180/230 kB | 287/317 kB | 212/260 kBProgress (3): 184/230 kB | 287/317 kB | 212/260 kBProgress (3): 184/230 kB | 287/317 kB | 217/260 kBProgress (3): 184/230 kB | 291/317 kB | 217/260 kBProgress (3): 188/230 kB | 291/317 kB | 217/260 kBProgress (3): 188/230 kB | 291/317 kB | 221/260 kBProgress (3): 188/230 kB | 295/317 kB | 221/260 kBProgress (3): 192/230 kB | 295/317 kB | 221/260 kBProgress (3): 192/230 kB | 295/317 kB | 225/260 kBProgress (3): 196/230 kB | 295/317 kB | 225/260 kBProgress (3): 196/230 kB | 295/317 kB | 229/260 kBProgress (3): 196/230 kB | 299/317 kB | 229/260 kBProgress (3): 196/230 kB | 299/317 kB | 233/260 kBProgress (3): 196/230 kB | 303/317 kB | 233/260 kBProgress (3): 196/230 kB | 303/317 kB | 237/260 kBProgress (3): 196/230 kB | 307/317 kB | 237/260 kBProgress (3): 196/230 kB | 307/317 kB | 241/260 kBProgress (3): 196/230 kB | 311/317 kB | 241/260 kBProgress (3): 196/230 kB | 311/317 kB | 245/260 kBProgress (3): 196/230 kB | 315/317 kB | 245/260 kBProgress (3): 196/230 kB | 317 kB | 245/260 kB    Progress (3): 200/230 kB | 317 kB | 245/260 kBProgress (3): 204/230 kB | 317 kB | 245/260 kBProgress (3): 208/230 kB | 317 kB | 245/260 kBProgress (3): 212/230 kB | 317 kB | 245/260 kBProgress (3): 212/230 kB | 317 kB | 249/260 kBProgress (3): 212/230 kB | 317 kB | 253/260 kBProgress (3): 212/230 kB | 317 kB | 258/260 kBProgress (3): 212/230 kB | 317 kB | 260 kB    Progress (3): 217/230 kB | 317 kB | 260 kBProgress (3): 221/230 kB | 317 kB | 260 kBProgress (3): 225/230 kB | 317 kB | 260 kBProgress (3): 229/230 kB | 317 kB | 260 kBProgress (3): 230 kB | 317 kB | 260 kB                                          Downloaded from central: https://repo.maven.apache.org/maven2/com/thoughtworks/qdox/qdox/2.0-M10/qdox-2.0-M10.jar (317 kB at 1.6 MB/s)
Downloaded from central: https://repo.maven.apache.org/maven2/org/codehaus/plexus/plexus-container-default/2.0.0/plexus-container-default-2.0.0.jar (230 kB at 1.1 MB/s)
Downloaded from central: https://repo.maven.apache.org/maven2/org/codehaus/plexus/plexus-utils/3.1.1/plexus-utils-3.1.1.jar (260 kB at 1.3 MB/s)
[INFO] Discovered 1 component descriptors(s)
[INFO] 
[INFO] --- maven-resources-plugin:3.0.0:testResources (default-testResources) @ fabric8-maven-plugin-core ---
[INFO] Using 'UTF-8' encoding to copy filtered resources.
[INFO] ignoreDelta true
[INFO] Copying 33 resources
[INFO] Copying file fabric8/invalid-config-svc.yaml
[INFO] Copying file fabric8/job.yml
[INFO] Copying file fabric8/svc.yml
[INFO] Copying file fabric8/simple-rc.json
[INFO] Copying file fabric8/simple-rc.yaml
[INFO] Copying file fabric8/named-svc.yaml
[INFO] Copying file fabric8/config/ProfileUtilTest-multiple.yml
[INFO] Copying file fabric8/config/ProcessorConfigTest.yml
[INFO] Copying file fabric8/config/profiles-lookup-dir/profiles.yaml
[INFO] Copying file fabric8/config/ProfileTest.yml
[INFO] Copying file fabric8/simple-bla.yaml
[INFO] Copying file fabric8/rc.yml
[INFO] Copying file fabric8/read-dir/pong-rc.yaml
[INFO] Copying file fabric8/read-dir/pong-svc.yaml
[INFO] Copying file fabric8/contains_no_kind.yml
[INFO] Copying file fabric8/contains_kind.yml
[INFO] Copying file util/invalid-application.yml
[INFO] Copying file util/test-application-with-multiple-profiles.yml
[INFO] Copying file util/test-application.properties
[INFO] Copying file util/test-application.yml
[INFO] Copying file util/project-default.yml
[INFO] Copying file META-INF/fabric8/profiles.yml
[INFO] Copying file validations/openshift-invalid-deploymentconfig.yml
[INFO] Copying file validations/kubernetes-deploy-invalid.yml
[INFO] Copying file validations/openshift/svc.yml
[INFO] Copying file validations/openshift/deploymentconfig.yml
[INFO] Copying file validations/kubernetes-deploy.yml
[INFO] Copying file validations/kubernetes/svc.yml
[INFO] Copying file validations/kubernetes/deployment.yml
[INFO] Copying file validations/openshift-deploymentconfig.yml
[INFO] Copying file service/test-services-default
[INFO] Copying file service/error-services
[INFO] Copying file service/test-services
[INFO] 
[INFO] --- maven-compiler-plugin:3.1:testCompile (default-testCompile) @ fabric8-maven-plugin-core ---
[INFO] Changes detected - recompiling the module!
[INFO] Compiling 51 source files to /Users/adminuser/Documents/Work/Experiment/ChatGPT/oragen-main/src/tmp/repos/fabric8-maven-plugin/core/target/test-classes
[WARNING] /Users/adminuser/Documents/Work/Experiment/ChatGPT/oragen-main/src/tmp/repos/fabric8-maven-plugin/core/src/test/java/io/fabric8/maven/core/config/ProcessorConfigTest.java: Some input files use unchecked or unsafe operations.
[WARNING] /Users/adminuser/Documents/Work/Experiment/ChatGPT/oragen-main/src/tmp/repos/fabric8-maven-plugin/core/src/test/java/io/fabric8/maven/core/config/ProcessorConfigTest.java: Recompile with -Xlint:unchecked for details.
[INFO] 
[INFO] --- maven-surefire-plugin:2.22.1:test (default-test) @ fabric8-maven-plugin-core ---
[INFO] 
[INFO] -------------------------------------------------------
[INFO]  T E S T S
[INFO] -------------------------------------------------------
[INFO] Running io.fabric8.maven.core.config.ProcessorConfigTest
[ERROR] Tests run: 1, Failures: 1, Errors: 0, Skipped: 0, Time elapsed: 0.092 s <<< FAILURE! - in io.fabric8.maven.core.config.ProcessorConfigTest
[ERROR] inc(io.fabric8.maven.core.config.ProcessorConfigTest)  Time elapsed: 0.04 s  <<< FAILURE!
java.lang.AssertionError: expected:<3> but was:<4>
	at io.fabric8.maven.core.config.ProcessorConfigTest.inc(ProcessorConfigTest.java:60)

[INFO] 
[INFO] Results:
[INFO] 
[ERROR] Failures: 
[ERROR]   ProcessorConfigTest.inc:60 expected:<3> but was:<4>
[INFO] 
[ERROR] Tests run: 1, Failures: 1, Errors: 0, Skipped: 0
[INFO] 
[INFO] ------------------------------------------------------------------------
[INFO] BUILD FAILURE
[INFO] ------------------------------------------------------------------------
[INFO] Total time:  14.369 s
[INFO] Finished at: 2023-06-07T05:10:13-04:00
[INFO] ------------------------------------------------------------------------
[ERROR] Failed to execute goal org.apache.maven.plugins:maven-surefire-plugin:2.22.1:test (default-test) on project fabric8-maven-plugin-core: There are test failures.
[ERROR] 
[ERROR] Please refer to /Users/adminuser/Documents/Work/Experiment/ChatGPT/oragen-main/src/tmp/repos/fabric8-maven-plugin/core/target/surefire-reports for the individual test results.
[ERROR] Please refer to dump files (if any exist) [date].dump, [date]-jvmRun[N].dump and [date].dumpstream.
[ERROR] -> [Help 1]
[ERROR] 
[ERROR] To see the full stack trace of the errors, re-run Maven with the -e switch.
[ERROR] Re-run Maven using the -X switch to enable full debug logging.
[ERROR] 
[ERROR] For more information about the errors and possible solutions, please read the following articles:
[ERROR] [Help 1] http://cwiki.apache.org/confluence/display/MAVEN/MojoFailureException
