[INFO] Scanning for projects...
[INFO] 
[INFO] ----------------< io.fabric8:fabric8-maven-plugin-core >----------------
[INFO] Building Fabric8 Maven :: Core 4.4.1
[INFO]   from pom.xml
[INFO] --------------------------------[ jar ]---------------------------------
[INFO] 
[INFO] --- clean:3.2.0:clean (default-clean) @ fabric8-maven-plugin-core ---
[INFO] Deleting /Users/adminuser/Documents/Work/Experiment/ChatGPT/oragen-main/src/tmp/repos/fabric8-maven-plugin/core/target
[INFO] 
[INFO] --- resources:3.0.0:resources (default-resources) @ fabric8-maven-plugin-core ---
[INFO] Using 'UTF-8' encoding to copy filtered resources.
[INFO] ignoreDelta true
[INFO] Copying 1 resource
[INFO] Copying file META-INF/fabric8/kind-filename-type-mapping-default.adoc
[INFO] 
[INFO] --- resources:3.0.0:copy-resources (copy-resources) @ fabric8-maven-plugin-core ---
[INFO] Using 'UTF-8' encoding to copy filtered resources.
[INFO] skip non existing resourceDirectory /Users/adminuser/Documents/Work/Experiment/ChatGPT/oragen-main/src/tmp/repos/fabric8-maven-plugin/core/src/main/resources/META-INF/plexus
[INFO] 
[INFO] --- compiler:3.1:compile (default-compile) @ fabric8-maven-plugin-core ---
[INFO] Changes detected - recompiling the module!
[INFO] Compiling 107 source files to /Users/adminuser/Documents/Work/Experiment/ChatGPT/oragen-main/src/tmp/repos/fabric8-maven-plugin/core/target/classes
[WARNING] /Users/adminuser/Documents/Work/Experiment/ChatGPT/oragen-main/src/tmp/repos/fabric8-maven-plugin/core/src/main/java/io/fabric8/maven/core/service/ApplyService.java:[181,85] daemonSets() in io.fabric8.kubernetes.client.dsl.ExtensionsAPIGroupDSL has been deprecated
[WARNING] /Users/adminuser/Documents/Work/Experiment/ChatGPT/oragen-main/src/tmp/repos/fabric8-maven-plugin/core/src/main/java/io/fabric8/maven/core/service/ApplyService.java:[183,86] deployments() in io.fabric8.kubernetes.client.dsl.ExtensionsAPIGroupDSL has been deprecated
[WARNING] /Users/adminuser/Documents/Work/Experiment/ChatGPT/oragen-main/src/tmp/repos/fabric8-maven-plugin/core/src/main/java/io/fabric8/maven/core/service/ApplyService.java:[185,86] replicaSets() in io.fabric8.kubernetes.client.dsl.ExtensionsAPIGroupDSL has been deprecated
[WARNING] /Users/adminuser/Documents/Work/Experiment/ChatGPT/oragen-main/src/tmp/repos/fabric8-maven-plugin/core/src/main/java/io/fabric8/maven/core/util/kubernetes/KubernetesClientUtil.java:[76,51] deployments() in io.fabric8.kubernetes.client.dsl.ExtensionsAPIGroupDSL has been deprecated
[WARNING] /Users/adminuser/Documents/Work/Experiment/ChatGPT/oragen-main/src/tmp/repos/fabric8-maven-plugin/core/src/main/java/io/fabric8/maven/core/util/kubernetes/KubernetesClientUtil.java:[78,51] replicaSets() in io.fabric8.kubernetes.client.dsl.ExtensionsAPIGroupDSL has been deprecated
[WARNING] /Users/adminuser/Documents/Work/Experiment/ChatGPT/oragen-main/src/tmp/repos/fabric8-maven-plugin/core/src/main/java/io/fabric8/maven/core/util/ResourceUtil.java:[97,46] WRITE_EMPTY_JSON_ARRAYS in com.fasterxml.jackson.databind.SerializationFeature has been deprecated
[WARNING] /Users/adminuser/Documents/Work/Experiment/ChatGPT/oragen-main/src/tmp/repos/fabric8-maven-plugin/core/src/main/java/io/fabric8/maven/core/util/kubernetes/KubernetesResourceUtil.java:[430,40] getItems() in io.fabric8.kubernetes.api.model.BaseKubernetesListFluentImpl has been deprecated
[WARNING] /Users/adminuser/Documents/Work/Experiment/ChatGPT/oragen-main/src/tmp/repos/fabric8-maven-plugin/core/src/main/java/io/fabric8/maven/core/config/ProcessorConfig.java: Some input files use unchecked or unsafe operations.
[WARNING] /Users/adminuser/Documents/Work/Experiment/ChatGPT/oragen-main/src/tmp/repos/fabric8-maven-plugin/core/src/main/java/io/fabric8/maven/core/config/ProcessorConfig.java: Recompile with -Xlint:unchecked for details.
[INFO] 
[INFO] --- plexus-component-metadata:2.0.0:generate-metadata (default) @ fabric8-maven-plugin-core ---
[INFO] Discovered 1 component descriptors(s)
[INFO] 
[INFO] --- resources:3.0.0:testResources (default-testResources) @ fabric8-maven-plugin-core ---
[INFO] Using 'UTF-8' encoding to copy filtered resources.
[INFO] ignoreDelta true
[INFO] Copying 33 resources
[INFO] Copying file fabric8/invalid-config-svc.yaml
[INFO] Copying file fabric8/job.yml
[INFO] Copying file fabric8/svc.yml
[INFO] Copying file fabric8/simple-rc.json
[INFO] Copying file fabric8/simple-rc.yaml
[INFO] Copying file fabric8/named-svc.yaml
[INFO] Copying file fabric8/config/ProfileUtilTest-multiple.yml
[INFO] Copying file fabric8/config/ProcessorConfigTest.yml
[INFO] Copying file fabric8/config/profiles-lookup-dir/profiles.yaml
[INFO] Copying file fabric8/config/ProfileTest.yml
[INFO] Copying file fabric8/simple-bla.yaml
[INFO] Copying file fabric8/rc.yml
[INFO] Copying file fabric8/read-dir/pong-rc.yaml
[INFO] Copying file fabric8/read-dir/pong-svc.yaml
[INFO] Copying file fabric8/contains_no_kind.yml
[INFO] Copying file fabric8/contains_kind.yml
[INFO] Copying file util/invalid-application.yml
[INFO] Copying file util/test-application-with-multiple-profiles.yml
[INFO] Copying file util/test-application.properties
[INFO] Copying file util/test-application.yml
[INFO] Copying file util/project-default.yml
[INFO] Copying file META-INF/fabric8/profiles.yml
[INFO] Copying file validations/openshift-invalid-deploymentconfig.yml
[INFO] Copying file validations/kubernetes-deploy-invalid.yml
[INFO] Copying file validations/openshift/svc.yml
[INFO] Copying file validations/openshift/deploymentconfig.yml
[INFO] Copying file validations/kubernetes-deploy.yml
[INFO] Copying file validations/kubernetes/svc.yml
[INFO] Copying file validations/kubernetes/deployment.yml
[INFO] Copying file validations/openshift-deploymentconfig.yml
[INFO] Copying file service/test-services-default
[INFO] Copying file service/error-services
[INFO] Copying file service/test-services
[INFO] 
[INFO] --- compiler:3.1:testCompile (default-testCompile) @ fabric8-maven-plugin-core ---
[INFO] Changes detected - recompiling the module!
[INFO] Compiling 51 source files to /Users/adminuser/Documents/Work/Experiment/ChatGPT/oragen-main/src/tmp/repos/fabric8-maven-plugin/core/target/test-classes
[WARNING] /Users/adminuser/Documents/Work/Experiment/ChatGPT/oragen-main/src/tmp/repos/fabric8-maven-plugin/core/src/test/java/io/fabric8/maven/core/config/ProcessorConfigTest.java: Some input files use unchecked or unsafe operations.
[WARNING] /Users/adminuser/Documents/Work/Experiment/ChatGPT/oragen-main/src/tmp/repos/fabric8-maven-plugin/core/src/test/java/io/fabric8/maven/core/config/ProcessorConfigTest.java: Recompile with -Xlint:unchecked for details.
[INFO] 
[INFO] --- surefire:2.22.1:test (default-test) @ fabric8-maven-plugin-core ---
[WARNING] Parameter 'localRepository' is deprecated core expression; Avoid use of ArtifactRepository type. If you need access to local repository, switch to '${repositorySystemSession}' expression and get LRM from it instead.
[INFO] 
[INFO] -------------------------------------------------------
[INFO]  T E S T S
[INFO] -------------------------------------------------------
[INFO] Running io.fabric8.maven.core.config.ProcessorConfigTest
[ERROR] Tests run: 1, Failures: 1, Errors: 0, Skipped: 0, Time elapsed: 0.057 s <<< FAILURE! - in io.fabric8.maven.core.config.ProcessorConfigTest
[ERROR] order(io.fabric8.maven.core.config.ProcessorConfigTest)  Time elapsed: 0.025 s  <<< FAILURE!
java.lang.AssertionError: expected same:<[io.fabric8.maven.core.config.ProcessorConfigTest$TestNamed@e3d, io.fabric8.maven.core.config.ProcessorConfigTest$TestNamed@e3e, io.fabric8.maven.core.config.ProcessorConfigTest$TestNamed@e3f, io.fabric8.maven.core.config.ProcessorConfigTest$TestNamed@e40]> was not:<[io.fabric8.maven.core.config.ProcessorConfigTest$TestNamed@e40, io.fabric8.maven.core.config.ProcessorConfigTest$TestNamed@e3e]>
	at io.fabric8.maven.core.config.ProcessorConfigTest.order(ProcessorConfigTest.java:97)

[INFO] 
[INFO] Results:
[INFO] 
[ERROR] Failures: 
[ERROR]   ProcessorConfigTest.order:97 expected same:<[io.fabric8.maven.core.config.ProcessorConfigTest$TestNamed@e3d, io.fabric8.maven.core.config.ProcessorConfigTest$TestNamed@e3e, io.fabric8.maven.core.config.ProcessorConfigTest$TestNamed@e3f, io.fabric8.maven.core.config.ProcessorConfigTest$TestNamed@e40]> was not:<[io.fabric8.maven.core.config.ProcessorConfigTest$TestNamed@e40, io.fabric8.maven.core.config.ProcessorConfigTest$TestNamed@e3e]>
[INFO] 
[ERROR] Tests run: 1, Failures: 1, Errors: 0, Skipped: 0
[INFO] 
[INFO] ------------------------------------------------------------------------
[INFO] BUILD FAILURE
[INFO] ------------------------------------------------------------------------
[INFO] Total time:  6.809 s
[INFO] Finished at: 2023-06-08T15:44:14-04:00
[INFO] ------------------------------------------------------------------------
[ERROR] Failed to execute goal org.apache.maven.plugins:maven-surefire-plugin:2.22.1:test (default-test) on project fabric8-maven-plugin-core: There are test failures.
[ERROR] 
[ERROR] Please refer to /Users/adminuser/Documents/Work/Experiment/ChatGPT/oragen-main/src/tmp/repos/fabric8-maven-plugin/core/target/surefire-reports for the individual test results.
[ERROR] Please refer to dump files (if any exist) [date].dump, [date]-jvmRun[N].dump and [date].dumpstream.
[ERROR] -> [Help 1]
[ERROR] 
[ERROR] To see the full stack trace of the errors, re-run Maven with the -e switch.
[ERROR] Re-run Maven using the -X switch to enable full debug logging.
[ERROR] 
[ERROR] For more information about the errors and possible solutions, please read the following articles:
[ERROR] [Help 1] http://cwiki.apache.org/confluence/display/MAVEN/MojoFailureException
