[INFO] Scanning for projects...
[INFO] Inspecting build with total of 1 modules...
[INFO] Installing Nexus Staging features:
[INFO]   ... total of 1 executions of maven-deploy-plugin replaced with nexus-staging-maven-plugin
[INFO] 
[INFO] -------------------< lv.ailab.morphology:morphology >-------------------
[INFO] Building Latvian morphological analysis library 2.2.4-SNAPSHOT
[INFO]   from pom.xml
[INFO] --------------------------------[ jar ]---------------------------------
[INFO] 
[INFO] --- clean:3.2.0:clean (default-clean) @ morphology ---
[INFO] Deleting /Users/adminuser/Documents/Work/Experiment/ChatGPT/oragen-main/src/tmp/repos/morphology/target
[INFO] 
[INFO] --- resources:3.3.0:resources (default-resources) @ morphology ---
[INFO] Copying 16 resources
[INFO] Copying 1 resource
[INFO] 
[INFO] --- compiler:3.3:compile (default-compile) @ morphology ---
[INFO] Changes detected - recompiling the module!
[INFO] Compiling 31 source files to /Users/adminuser/Documents/Work/Experiment/ChatGPT/oragen-main/src/tmp/repos/morphology/target/classes
[INFO] /Users/adminuser/Documents/Work/Experiment/ChatGPT/oragen-main/src/tmp/repos/morphology/src/main/java/lv/semti/morphology/analyzer/Word.java: /Users/adminuser/Documents/Work/Experiment/ChatGPT/oragen-main/src/tmp/repos/morphology/src/main/java/lv/semti/morphology/analyzer/Word.java uses or overrides a deprecated API.
[INFO] /Users/adminuser/Documents/Work/Experiment/ChatGPT/oragen-main/src/tmp/repos/morphology/src/main/java/lv/semti/morphology/analyzer/Word.java: Recompile with -Xlint:deprecation for details.
[INFO] /Users/adminuser/Documents/Work/Experiment/ChatGPT/oragen-main/src/tmp/repos/morphology/src/main/java/lv/semti/morphology/analyzer/Analyzer.java: /Users/adminuser/Documents/Work/Experiment/ChatGPT/oragen-main/src/tmp/repos/morphology/src/main/java/lv/semti/morphology/analyzer/Analyzer.java uses unchecked or unsafe operations.
[INFO] /Users/adminuser/Documents/Work/Experiment/ChatGPT/oragen-main/src/tmp/repos/morphology/src/main/java/lv/semti/morphology/analyzer/Analyzer.java: Recompile with -Xlint:unchecked for details.
[INFO] 
[INFO] --- resources:3.3.0:testResources (default-testResources) @ morphology ---
[INFO] Copying 6 resources
[INFO] 
[INFO] --- compiler:3.3:testCompile (default-testCompile) @ morphology ---
[INFO] Changes detected - recompiling the module!
[INFO] Compiling 7 source files to /Users/adminuser/Documents/Work/Experiment/ChatGPT/oragen-main/src/tmp/repos/morphology/target/test-classes
[INFO] /Users/adminuser/Documents/Work/Experiment/ChatGPT/oragen-main/src/tmp/repos/morphology/src/test/java/lv/semti/morphology/Testi/TagSetTest.java: /Users/adminuser/Documents/Work/Experiment/ChatGPT/oragen-main/src/tmp/repos/morphology/src/test/java/lv/semti/morphology/Testi/TagSetTest.java uses or overrides a deprecated API.
[INFO] /Users/adminuser/Documents/Work/Experiment/ChatGPT/oragen-main/src/tmp/repos/morphology/src/test/java/lv/semti/morphology/Testi/TagSetTest.java: Recompile with -Xlint:deprecation for details.
[INFO] /Users/adminuser/Documents/Work/Experiment/ChatGPT/oragen-main/src/tmp/repos/morphology/src/test/java/lv/semti/morphology/Testi/MorphoEvaluate.java: /Users/adminuser/Documents/Work/Experiment/ChatGPT/oragen-main/src/tmp/repos/morphology/src/test/java/lv/semti/morphology/Testi/MorphoEvaluate.java uses unchecked or unsafe operations.
[INFO] /Users/adminuser/Documents/Work/Experiment/ChatGPT/oragen-main/src/tmp/repos/morphology/src/test/java/lv/semti/morphology/Testi/MorphoEvaluate.java: Recompile with -Xlint:unchecked for details.
[INFO] -------------------------------------------------------------
[ERROR] COMPILATION ERROR : 
[INFO] -------------------------------------------------------------
[ERROR] /Users/adminuser/Documents/Work/Experiment/ChatGPT/oragen-main/src/tmp/repos/morphology/src/test/java/lv/semti/morphology/Testi/MorphologyTest.java:[3245,72] cannot find symbol
  symbol:   variable expectedResult
  location: class lv.semti.morphology.Testi.MorphologyTest
[ERROR] /Users/adminuser/Documents/Work/Experiment/ChatGPT/oragen-main/src/tmp/repos/morphology/src/test/java/lv/semti/morphology/Testi/MorphologyTest.java:[3245,52] package analyzerObject does not exist
[INFO] 2 errors 
[INFO] -------------------------------------------------------------
[INFO] ------------------------------------------------------------------------
[INFO] BUILD FAILURE
[INFO] ------------------------------------------------------------------------
[INFO] Total time:  3.732 s
[INFO] Finished at: 2023-06-07T16:03:31-04:00
[INFO] ------------------------------------------------------------------------
[ERROR] Failed to execute goal org.apache.maven.plugins:maven-compiler-plugin:3.3:testCompile (default-testCompile) on project morphology: Compilation failure: Compilation failure: 
[ERROR] /Users/adminuser/Documents/Work/Experiment/ChatGPT/oragen-main/src/tmp/repos/morphology/src/test/java/lv/semti/morphology/Testi/MorphologyTest.java:[3245,72] cannot find symbol
[ERROR]   symbol:   variable expectedResult
[ERROR]   location: class lv.semti.morphology.Testi.MorphologyTest
[ERROR] /Users/adminuser/Documents/Work/Experiment/ChatGPT/oragen-main/src/tmp/repos/morphology/src/test/java/lv/semti/morphology/Testi/MorphologyTest.java:[3245,52] package analyzerObject does not exist
[ERROR] -> [Help 1]
[ERROR] 
[ERROR] To see the full stack trace of the errors, re-run Maven with the -e switch.
[ERROR] Re-run Maven using the -X switch to enable full debug logging.
[ERROR] 
[ERROR] For more information about the errors and possible solutions, please read the following articles:
[ERROR] [Help 1] http://cwiki.apache.org/confluence/display/MAVEN/MojoFailureException
