[INFO] Scanning for projects...
[INFO] 
[INFO] -----------< com.tri-systems.persistence:jpql-querybuilder >------------
[INFO] Building TRI JPQL Query Builder 1.0.1-SNAPSHOT
[INFO]   from pom.xml
[INFO] --------------------------------[ jar ]---------------------------------
[INFO] 
[INFO] --- clean:3.2.0:clean (default-clean) @ jpql-querybuilder ---
[INFO] Deleting /Users/adminuser/Documents/Work/Experiment/ChatGPT/oragen-main/src/tmp/repos/jpql-querybuilder/target
[INFO] 
[INFO] --- enforcer:1.2:enforce (enforce-maven) @ jpql-querybuilder ---
[INFO] 
[INFO] --- resources:3.3.0:resources (default-resources) @ jpql-querybuilder ---
[INFO] skip non existing resourceDirectory /Users/adminuser/Documents/Work/Experiment/ChatGPT/oragen-main/src/tmp/repos/jpql-querybuilder/src/main/resources
[INFO] 
[INFO] --- compiler:3.1:compile (default-compile) @ jpql-querybuilder ---
[INFO] Changes detected - recompiling the module!
[INFO] Compiling 18 source files to /Users/adminuser/Documents/Work/Experiment/ChatGPT/oragen-main/src/tmp/repos/jpql-querybuilder/target/classes
[WARNING] /Users/adminuser/Documents/Work/Experiment/ChatGPT/oragen-main/src/tmp/repos/jpql-querybuilder/src/main/java/com/tri/persistence/jpql/WhereItems.java: /Users/adminuser/Documents/Work/Experiment/ChatGPT/oragen-main/src/tmp/repos/jpql-querybuilder/src/main/java/com/tri/persistence/jpql/WhereItems.java uses unchecked or unsafe operations.
[WARNING] /Users/adminuser/Documents/Work/Experiment/ChatGPT/oragen-main/src/tmp/repos/jpql-querybuilder/src/main/java/com/tri/persistence/jpql/WhereItems.java: Recompile with -Xlint:unchecked for details.
[INFO] 
[INFO] --- resources:3.3.0:testResources (default-testResources) @ jpql-querybuilder ---
[INFO] skip non existing resourceDirectory /Users/adminuser/Documents/Work/Experiment/ChatGPT/oragen-main/src/tmp/repos/jpql-querybuilder/src/test/resources
[INFO] 
[INFO] --- compiler:3.1:testCompile (default-testCompile) @ jpql-querybuilder ---
[INFO] Changes detected - recompiling the module!
[INFO] Compiling 5 source files to /Users/adminuser/Documents/Work/Experiment/ChatGPT/oragen-main/src/tmp/repos/jpql-querybuilder/target/test-classes
[WARNING] /Users/adminuser/Documents/Work/Experiment/ChatGPT/oragen-main/src/tmp/repos/jpql-querybuilder/src/test/java/com/tri/persistence/jpql/OrderColumnTest.java: /Users/adminuser/Documents/Work/Experiment/ChatGPT/oragen-main/src/tmp/repos/jpql-querybuilder/src/test/java/com/tri/persistence/jpql/OrderColumnTest.java uses or overrides a deprecated API.
[WARNING] /Users/adminuser/Documents/Work/Experiment/ChatGPT/oragen-main/src/tmp/repos/jpql-querybuilder/src/test/java/com/tri/persistence/jpql/OrderColumnTest.java: Recompile with -Xlint:deprecation for details.
[INFO] 
[INFO] --- surefire:2.16:test (default-test) @ jpql-querybuilder ---
[WARNING] Parameter 'localRepository' is deprecated core expression; Avoid use of ArtifactRepository type. If you need access to local repository, switch to '${repositorySystemSession}' expression and get LRM from it instead.
[INFO] Surefire report directory: /Users/adminuser/Documents/Work/Experiment/ChatGPT/oragen-main/src/tmp/repos/jpql-querybuilder/target/surefire-reports

-------------------------------------------------------
 T E S T S
-------------------------------------------------------
Running com.tri.persistence.jpql.OrderColumnTest
Tests run: 1, Failures: 1, Errors: 0, Skipped: 0, Time elapsed: 0.056 sec <<< FAILURE! - in com.tri.persistence.jpql.OrderColumnTest
renderDesc(com.tri.persistence.jpql.OrderColumnTest)  Time elapsed: 0.009 sec  <<< FAILURE!
java.lang.AssertionError: Use assertEquals(expected, actual, delta) to compare floating-point numbers
	at org.junit.Assert.fail(Assert.java:88)
	at org.junit.Assert.assertEquals(Assert.java:576)
	at org.junit.Assert.assertEquals(Assert.java:565)
	at com.tri.persistence.jpql.OrderColumnTest.renderDesc(OrderColumnTest.java:23)


Results :

Failed tests: 
  OrderColumnTest.renderDesc:23 Use assertEquals(expected, actual, delta) to compare floating-point numbers

Tests run: 1, Failures: 1, Errors: 0, Skipped: 0

[INFO] ------------------------------------------------------------------------
[INFO] BUILD FAILURE
[INFO] ------------------------------------------------------------------------
[INFO] Total time:  3.649 s
[INFO] Finished at: 2023-06-09T11:45:20-04:00
[INFO] ------------------------------------------------------------------------
[ERROR] Failed to execute goal org.apache.maven.plugins:maven-surefire-plugin:2.16:test (default-test) on project jpql-querybuilder: There are test failures.
[ERROR] 
[ERROR] Please refer to /Users/adminuser/Documents/Work/Experiment/ChatGPT/oragen-main/src/tmp/repos/jpql-querybuilder/target/surefire-reports for the individual test results.
[ERROR] -> [Help 1]
[ERROR] 
[ERROR] To see the full stack trace of the errors, re-run Maven with the -e switch.
[ERROR] Re-run Maven using the -X switch to enable full debug logging.
[ERROR] 
[ERROR] For more information about the errors and possible solutions, please read the following articles:
[ERROR] [Help 1] http://cwiki.apache.org/confluence/display/MAVEN/MojoFailureException
