[INFO] Scanning for projects...
[INFO] 
[INFO] ------------< io.fabric8:fabric8-maven-plugin-enricher-api >------------
[INFO] Building Fabric8 Maven :: Enricher :: API 4.4.1
[INFO]   from pom.xml
[INFO] --------------------------------[ jar ]---------------------------------
[INFO] 
[INFO] --- maven-clean-plugin:2.5:clean (default-clean) @ fabric8-maven-plugin-enricher-api ---
[INFO] Deleting /Users/adminuser/Documents/Work/Experiment/ChatGPT/oragen-main/src/tmp/repos/fabric8-maven-plugin/enricher/api/target
[INFO] 
[INFO] --- maven-resources-plugin:3.0.0:resources (default-resources) @ fabric8-maven-plugin-enricher-api ---
[INFO] Using 'UTF-8' encoding to copy filtered resources.
[INFO] skip non existing resourceDirectory /Users/adminuser/Documents/Work/Experiment/ChatGPT/oragen-main/src/tmp/repos/fabric8-maven-plugin/enricher/api/src/main/resources
[INFO] 
[INFO] --- maven-compiler-plugin:3.8.1:compile (default-compile) @ fabric8-maven-plugin-enricher-api ---
[INFO] Changes detected - recompiling the module!
[INFO] Compiling 12 source files to /Users/adminuser/Documents/Work/Experiment/ChatGPT/oragen-main/src/tmp/repos/fabric8-maven-plugin/enricher/api/target/classes
[INFO] /Users/adminuser/Documents/Work/Experiment/ChatGPT/oragen-main/src/tmp/repos/fabric8-maven-plugin/enricher/api/src/main/java/io/fabric8/maven/enricher/api/util/MavenConfigurationExtractor.java: /Users/adminuser/Documents/Work/Experiment/ChatGPT/oragen-main/src/tmp/repos/fabric8-maven-plugin/enricher/api/src/main/java/io/fabric8/maven/enricher/api/util/MavenConfigurationExtractor.java uses unchecked or unsafe operations.
[INFO] /Users/adminuser/Documents/Work/Experiment/ChatGPT/oragen-main/src/tmp/repos/fabric8-maven-plugin/enricher/api/src/main/java/io/fabric8/maven/enricher/api/util/MavenConfigurationExtractor.java: Recompile with -Xlint:unchecked for details.
[INFO] 
[INFO] --- maven-resources-plugin:3.0.0:testResources (default-testResources) @ fabric8-maven-plugin-enricher-api ---
[INFO] Using 'UTF-8' encoding to copy filtered resources.
[INFO] skip non existing resourceDirectory /Users/adminuser/Documents/Work/Experiment/ChatGPT/oragen-main/src/tmp/repos/fabric8-maven-plugin/enricher/api/src/test/resources
[INFO] 
[INFO] --- maven-compiler-plugin:3.8.1:testCompile (default-testCompile) @ fabric8-maven-plugin-enricher-api ---
[INFO] Changes detected - recompiling the module!
[INFO] Compiling 4 source files to /Users/adminuser/Documents/Work/Experiment/ChatGPT/oragen-main/src/tmp/repos/fabric8-maven-plugin/enricher/api/target/test-classes
[INFO] -------------------------------------------------------------
[ERROR] COMPILATION ERROR : 
[INFO] -------------------------------------------------------------
[ERROR] /Users/adminuser/Documents/Work/Experiment/ChatGPT/oragen-main/src/tmp/repos/fabric8-maven-plugin/enricher/api/src/test/java/io/fabric8/maven/enricher/api/EnricherConfigTest.java:[31,9] illegal start of expression
[ERROR] /Users/adminuser/Documents/Work/Experiment/ChatGPT/oragen-main/src/tmp/repos/fabric8-maven-plugin/enricher/api/src/test/java/io/fabric8/maven/enricher/api/EnricherConfigTest.java:[31,10] illegal start of expression
[ERROR] /Users/adminuser/Documents/Work/Experiment/ChatGPT/oragen-main/src/tmp/repos/fabric8-maven-plugin/enricher/api/src/test/java/io/fabric8/maven/enricher/api/EnricherConfigTest.java:[31,11] illegal start of expression
[ERROR] /Users/adminuser/Documents/Work/Experiment/ChatGPT/oragen-main/src/tmp/repos/fabric8-maven-plugin/enricher/api/src/test/java/io/fabric8/maven/enricher/api/EnricherConfigTest.java:[31,12] illegal start of expression
[INFO] 4 errors 
[INFO] -------------------------------------------------------------
[INFO] ------------------------------------------------------------------------
[INFO] BUILD FAILURE
[INFO] ------------------------------------------------------------------------
[INFO] Total time:  2.638 s
[INFO] Finished at: 2023-07-22T19:02:21+06:00
[INFO] ------------------------------------------------------------------------
[ERROR] Failed to execute goal org.apache.maven.plugins:maven-compiler-plugin:3.8.1:testCompile (default-testCompile) on project fabric8-maven-plugin-enricher-api: Compilation failure: Compilation failure: 
[ERROR] /Users/adminuser/Documents/Work/Experiment/ChatGPT/oragen-main/src/tmp/repos/fabric8-maven-plugin/enricher/api/src/test/java/io/fabric8/maven/enricher/api/EnricherConfigTest.java:[31,9] illegal start of expression
[ERROR] /Users/adminuser/Documents/Work/Experiment/ChatGPT/oragen-main/src/tmp/repos/fabric8-maven-plugin/enricher/api/src/test/java/io/fabric8/maven/enricher/api/EnricherConfigTest.java:[31,10] illegal start of expression
[ERROR] /Users/adminuser/Documents/Work/Experiment/ChatGPT/oragen-main/src/tmp/repos/fabric8-maven-plugin/enricher/api/src/test/java/io/fabric8/maven/enricher/api/EnricherConfigTest.java:[31,11] illegal start of expression
[ERROR] /Users/adminuser/Documents/Work/Experiment/ChatGPT/oragen-main/src/tmp/repos/fabric8-maven-plugin/enricher/api/src/test/java/io/fabric8/maven/enricher/api/EnricherConfigTest.java:[31,12] illegal start of expression
[ERROR] -> [Help 1]
[ERROR] 
[ERROR] To see the full stack trace of the errors, re-run Maven with the -e switch.
[ERROR] Re-run Maven using the -X switch to enable full debug logging.
[ERROR] 
[ERROR] For more information about the errors and possible solutions, please read the following articles:
[ERROR] [Help 1] http://cwiki.apache.org/confluence/display/MAVEN/MojoFailureException
