[INFO] Scanning for projects...
[INFO] 
[INFO] ----------------------< com.rockagen:commons-lib >----------------------
[INFO] Building commons-lib 0.1.10-RELEASE
[INFO]   from pom.xml
[INFO] --------------------------------[ jar ]---------------------------------
[INFO] 
[INFO] --- maven-clean-plugin:2.5:clean (default-clean) @ commons-lib ---
[INFO] Deleting /Users/adminuser/Documents/Work/Experiment/ChatGPT/oragen-main/src/tmp/repos/commons-lib/target
[INFO] 
[INFO] --- maven-resources-plugin:2.6:resources (default-resources) @ commons-lib ---
[INFO] Using 'UTF-8' encoding to copy filtered resources.
[INFO] Copying 1 resource
[INFO] 
[INFO] --- maven-compiler-plugin:3.2:compile (default-compile) @ commons-lib ---
[INFO] Changes detected - recompiling the module!
[INFO] Compiling 16 source files to /Users/adminuser/Documents/Work/Experiment/ChatGPT/oragen-main/src/tmp/repos/commons-lib/target/classes
[WARNING] To suppress warnings about obsolete options, use -Xlint:-options.
/Users/adminuser/Documents/Work/Experiment/ChatGPT/oragen-main/src/tmp/repos/commons-lib/src/main/java/com/rockagen/commons/util/Arith.java:[40,55] [deprecation] ROUND_HALF_UP in BigDecimal has been deprecated
[WARNING] /Users/adminuser/Documents/Work/Experiment/ChatGPT/oragen-main/src/tmp/repos/commons-lib/src/main/java/com/rockagen/commons/util/Arith.java:[175,17] [deprecation] divide(BigDecimal,int,int) in BigDecimal has been deprecated
[WARNING] /Users/adminuser/Documents/Work/Experiment/ChatGPT/oragen-main/src/tmp/repos/commons-lib/src/main/java/com/rockagen/commons/util/Arith.java:[196,17] [deprecation] divide(BigDecimal,int,int) in BigDecimal has been deprecated
[WARNING] /Users/adminuser/Documents/Work/Experiment/ChatGPT/oragen-main/src/tmp/repos/commons-lib/src/main/java/com/rockagen/commons/util/Arith.java:[233,13] [deprecation] divide(BigDecimal,int,int) in BigDecimal has been deprecated
[WARNING] /Users/adminuser/Documents/Work/Experiment/ChatGPT/oragen-main/src/tmp/repos/commons-lib/src/main/java/com/rockagen/commons/util/Arith.java:[270,13] [deprecation] divide(BigDecimal,int,int) in BigDecimal has been deprecated
[INFO] 
[INFO] --- maven-resources-plugin:2.6:testResources (default-testResources) @ commons-lib ---
[INFO] Using 'UTF-8' encoding to copy filtered resources.
[INFO] Copying 1 resource
[INFO] 
[INFO] --- maven-compiler-plugin:3.2:testCompile (default-testCompile) @ commons-lib ---
[INFO] Changes detected - recompiling the module!
[INFO] Compiling 12 source files to /Users/adminuser/Documents/Work/Experiment/ChatGPT/oragen-main/src/tmp/repos/commons-lib/target/test-classes
[INFO] -------------------------------------------------------------
[ERROR] COMPILATION ERROR : 
[INFO] -------------------------------------------------------------
[ERROR] To suppress warnings about obsolete options, use -Xlint:-options.
/Users/adminuser/Documents/Work/Experiment/ChatGPT/oragen-main/src/tmp/repos/commons-lib/src/test/java/com/rockagen/commons/annotation/OPLogTest.java:[17,24] error: cannot find symbol
[ERROR]   symbol:   method assertNotEquals(String,String)
  location: class Assert
/Users/adminuser/Documents/Work/Experiment/ChatGPT/oragen-main/src/tmp/repos/commons-lib/src/test/java/com/rockagen/commons/util/ReflexUtilTest.java:[21,85] error: cannot find symbol
[ERROR]   symbol:   variable Matchers
  location: class ReflexUtilTest
/Users/adminuser/Documents/Work/Experiment/ChatGPT/oragen-main/src/tmp/repos/commons-lib/src/test/java/com/rockagen/commons/util/ReflexUtilTest.java:[21,56] error: cannot find symbol
[ERROR]   symbol:   variable Matchers
  location: class ReflexUtilTest
/Users/adminuser/Documents/Work/Experiment/ChatGPT/oragen-main/src/tmp/repos/commons-lib/src/test/java/com/rockagen/commons/util/ReflexUtilTest.java:[21,144] error: cannot find symbol
[ERROR]   symbol:   variable Matchers
  location: class ReflexUtilTest
/Users/adminuser/Documents/Work/Experiment/ChatGPT/oragen-main/src/tmp/repos/commons-lib/src/test/java/com/rockagen/commons/util/ReflexUtilTest.java:[21,116] error: cannot find symbol
[ERROR]   symbol:   variable Matchers
  location: class ReflexUtilTest
/Users/adminuser/Documents/Work/Experiment/ChatGPT/oragen-main/src/tmp/repos/commons-lib/src/test/java/com/rockagen/commons/util/ReflexUtilTest.java:[21,197] error: cannot find symbol
[ERROR]   symbol:   variable Matchers
  location: class ReflexUtilTest
/Users/adminuser/Documents/Work/Experiment/ChatGPT/oragen-main/src/tmp/repos/commons-lib/src/test/java/com/rockagen/commons/util/ReflexUtilTest.java:[21,167] error: cannot find symbol
[ERROR]   symbol:   variable Matchers
  location: class ReflexUtilTest
/Users/adminuser/Documents/Work/Experiment/ChatGPT/oragen-main/src/tmp/repos/commons-lib/src/test/java/com/rockagen/commons/util/ReflexUtilTest.java:[21,249] error: cannot find symbol
[ERROR]   symbol:   variable Matchers
  location: class ReflexUtilTest
/Users/adminuser/Documents/Work/Experiment/ChatGPT/oragen-main/src/tmp/repos/commons-lib/src/test/java/com/rockagen/commons/util/ReflexUtilTest.java:[21,220] error: cannot find symbol
[ERROR]   symbol:   variable Matchers
  location: class ReflexUtilTest
/Users/adminuser/Documents/Work/Experiment/ChatGPT/oragen-main/src/tmp/repos/commons-lib/src/test/java/com/rockagen/commons/util/ReflexUtilTest.java:[21,41] error: cannot find symbol
[INFO] 10 errors 
[INFO] -------------------------------------------------------------
[INFO] ------------------------------------------------------------------------
[INFO] BUILD FAILURE
[INFO] ------------------------------------------------------------------------
[INFO] Total time:  3.023 s
[INFO] Finished at: 2023-05-31T16:18:15-04:00
[INFO] ------------------------------------------------------------------------
[ERROR] Failed to execute goal org.apache.maven.plugins:maven-compiler-plugin:3.2:testCompile (default-testCompile) on project commons-lib: Compilation failure: Compilation failure: 
[ERROR] To suppress warnings about obsolete options, use -Xlint:-options.
[ERROR] /Users/adminuser/Documents/Work/Experiment/ChatGPT/oragen-main/src/tmp/repos/commons-lib/src/test/java/com/rockagen/commons/annotation/OPLogTest.java:[17,24] error: cannot find symbol
[ERROR]   symbol:   method assertNotEquals(String,String)
[ERROR]   location: class Assert
[ERROR] /Users/adminuser/Documents/Work/Experiment/ChatGPT/oragen-main/src/tmp/repos/commons-lib/src/test/java/com/rockagen/commons/util/ReflexUtilTest.java:[21,85] error: cannot find symbol
[ERROR]   symbol:   variable Matchers
[ERROR]   location: class ReflexUtilTest
[ERROR] /Users/adminuser/Documents/Work/Experiment/ChatGPT/oragen-main/src/tmp/repos/commons-lib/src/test/java/com/rockagen/commons/util/ReflexUtilTest.java:[21,56] error: cannot find symbol
[ERROR]   symbol:   variable Matchers
[ERROR]   location: class ReflexUtilTest
[ERROR] /Users/adminuser/Documents/Work/Experiment/ChatGPT/oragen-main/src/tmp/repos/commons-lib/src/test/java/com/rockagen/commons/util/ReflexUtilTest.java:[21,144] error: cannot find symbol
[ERROR]   symbol:   variable Matchers
[ERROR]   location: class ReflexUtilTest
[ERROR] /Users/adminuser/Documents/Work/Experiment/ChatGPT/oragen-main/src/tmp/repos/commons-lib/src/test/java/com/rockagen/commons/util/ReflexUtilTest.java:[21,116] error: cannot find symbol
[ERROR]   symbol:   variable Matchers
[ERROR]   location: class ReflexUtilTest
[ERROR] /Users/adminuser/Documents/Work/Experiment/ChatGPT/oragen-main/src/tmp/repos/commons-lib/src/test/java/com/rockagen/commons/util/ReflexUtilTest.java:[21,197] error: cannot find symbol
[ERROR]   symbol:   variable Matchers
[ERROR]   location: class ReflexUtilTest
[ERROR] /Users/adminuser/Documents/Work/Experiment/ChatGPT/oragen-main/src/tmp/repos/commons-lib/src/test/java/com/rockagen/commons/util/ReflexUtilTest.java:[21,167] error: cannot find symbol
[ERROR]   symbol:   variable Matchers
[ERROR]   location: class ReflexUtilTest
[ERROR] /Users/adminuser/Documents/Work/Experiment/ChatGPT/oragen-main/src/tmp/repos/commons-lib/src/test/java/com/rockagen/commons/util/ReflexUtilTest.java:[21,249] error: cannot find symbol
[ERROR]   symbol:   variable Matchers
[ERROR]   location: class ReflexUtilTest
[ERROR] /Users/adminuser/Documents/Work/Experiment/ChatGPT/oragen-main/src/tmp/repos/commons-lib/src/test/java/com/rockagen/commons/util/ReflexUtilTest.java:[21,220] error: cannot find symbol
[ERROR]   symbol:   variable Matchers
[ERROR]   location: class ReflexUtilTest
[ERROR] /Users/adminuser/Documents/Work/Experiment/ChatGPT/oragen-main/src/tmp/repos/commons-lib/src/test/java/com/rockagen/commons/util/ReflexUtilTest.java:[21,41] error: cannot find symbol
[ERROR] -> [Help 1]
[ERROR] 
[ERROR] To see the full stack trace of the errors, re-run Maven with the -e switch.
[ERROR] Re-run Maven using the -X switch to enable full debug logging.
[ERROR] 
[ERROR] For more information about the errors and possible solutions, please read the following articles:
[ERROR] [Help 1] http://cwiki.apache.org/confluence/display/MAVEN/MojoFailureException
