[INFO] Scanning for projects...
[WARNING] 
[WARNING] Some problems were encountered while building the effective model for org.nanohttpd:nanohttpd-websocket:jar:2.3.2-SNAPSHOT
[WARNING] 'build.plugins.plugin.version' for org.apache.maven.plugins:maven-jar-plugin is missing. @ line 14, column 12
[WARNING] 
[WARNING] It is highly recommended to fix these problems because they threaten the stability of your build.
[WARNING] 
[WARNING] For this reason, future Maven versions might no longer support building such malformed projects.
[WARNING] 
[INFO] 
[INFO] -----------------< org.nanohttpd:nanohttpd-websocket >------------------
[INFO] Building NanoHttpd-Websocket 2.3.2-SNAPSHOT
[INFO]   from pom.xml
[INFO] --------------------------------[ jar ]---------------------------------
[INFO] 
[INFO] --- maven-clean-plugin:2.5:clean (default-clean) @ nanohttpd-websocket ---
[INFO] Deleting /Users/adminuser/Documents/Work/Experiment/ChatGPT/oragen-main/src/tmp/repos/nanohttpd/websocket/target
[INFO] 
[INFO] --- maven-enforcer-plugin:1.0:enforce (enforce-maven) @ nanohttpd-websocket ---
[INFO] 
[INFO] --- jacoco-maven-plugin:0.7.4.201502262128:prepare-agent (default-prepare-agent) @ nanohttpd-websocket ---
[INFO] argLine set to -javaagent:/Users/adminuser/.m2/repository/org/jacoco/org.jacoco.agent/0.7.4.201502262128/org.jacoco.agent-0.7.4.201502262128-runtime.jar=destfile=/Users/adminuser/Documents/Work/Experiment/ChatGPT/oragen-main/src/tmp/repos/nanohttpd/websocket/target/jacoco.exec
[INFO] 
[INFO] --- license-maven-plugin:1.7:update-file-header (first) @ nanohttpd-websocket ---
[INFO] Will search files to update from root /Users/adminuser/Documents/Work/Experiment/ChatGPT/oragen-main/src/tmp/repos/nanohttpd/websocket/src/main/java
[INFO] Will search files to update from root /Users/adminuser/Documents/Work/Experiment/ChatGPT/oragen-main/src/tmp/repos/nanohttpd/websocket/src/test/java
[INFO] Scan 13 files header done in 128.629ms.
[INFO] All files are up-to-date.
[INFO] 
[INFO] --- license-maven-plugin:1.7:update-project-license (first) @ nanohttpd-websocket ---
[INFO] 
[INFO] --- maven-java-formatter-plugin:0.4:format (default) @ nanohttpd-websocket ---
[INFO] Using 'UTF-8' encoding to format source files.
[INFO] Number of files to be formatted: 13
[INFO] Successfully formatted: 1 file(s)
[INFO] Fail to format        : 0 file(s)
[INFO] Skipped               : 12 file(s)
[INFO] Approximate time taken: 1s
[INFO] 
[INFO] --- maven-resources-plugin:2.6:resources (default-resources) @ nanohttpd-websocket ---
[INFO] Using 'UTF-8' encoding to copy filtered resources.
[INFO] skip non existing resourceDirectory /Users/adminuser/Documents/Work/Experiment/ChatGPT/oragen-main/src/tmp/repos/nanohttpd/websocket/src/main/resources
[INFO] Copying 1 resource
[INFO] 
[INFO] --- maven-compiler-plugin:3.3:compile (default-compile) @ nanohttpd-websocket ---
[INFO] Changes detected - recompiling the module!
[INFO] Compiling 10 source files to /Users/adminuser/Documents/Work/Experiment/ChatGPT/oragen-main/src/tmp/repos/nanohttpd/websocket/target/classes
[INFO] 
[INFO] --- maven-resources-plugin:2.6:testResources (default-testResources) @ nanohttpd-websocket ---
[INFO] Using 'UTF-8' encoding to copy filtered resources.
[INFO] Copying 1 resource
[INFO] 
[INFO] --- maven-compiler-plugin:3.3:testCompile (default-testCompile) @ nanohttpd-websocket ---
[INFO] Changes detected - recompiling the module!
[INFO] Compiling 3 source files to /Users/adminuser/Documents/Work/Experiment/ChatGPT/oragen-main/src/tmp/repos/nanohttpd/websocket/target/test-classes
[INFO] /Users/adminuser/Documents/Work/Experiment/ChatGPT/oragen-main/src/tmp/repos/nanohttpd/websocket/src/test/java/org/nanohttpd/junit/protocols/websockets/WebSocketResponseHandlerTest.java: /Users/adminuser/Documents/Work/Experiment/ChatGPT/oragen-main/src/tmp/repos/nanohttpd/websocket/src/test/java/org/nanohttpd/junit/protocols/websockets/WebSocketResponseHandlerTest.java uses or overrides a deprecated API.
[INFO] /Users/adminuser/Documents/Work/Experiment/ChatGPT/oragen-main/src/tmp/repos/nanohttpd/websocket/src/test/java/org/nanohttpd/junit/protocols/websockets/WebSocketResponseHandlerTest.java: Recompile with -Xlint:deprecation for details.
[INFO] -------------------------------------------------------------
[ERROR] COMPILATION ERROR : 
[INFO] -------------------------------------------------------------
[ERROR] /Users/adminuser/Documents/Work/Experiment/ChatGPT/oragen-main/src/tmp/repos/nanohttpd/websocket/src/test/java/org/nanohttpd/junit/protocols/websockets/WebSocketResponseHandlerTest.java:[183,39] cannot find symbol
  symbol:   variable HttpStatusCodes
  location: class org.nanohttpd.junit.protocols.websockets.WebSocketResponseHandlerTest
[ERROR] /Users/adminuser/Documents/Work/Experiment/ChatGPT/oragen-main/src/tmp/repos/nanohttpd/websocket/src/test/java/org/nanohttpd/junit/protocols/websockets/WebSocketResponseHandlerTest.java:[183,113] cannot find symbol
  symbol:   method getStatus()
  location: variable nanoWebSocketServer of type org.nanohttpd.junit.protocols.websockets.WebSocketResponseHandlerTest.MockedWSD
[INFO] 2 errors 
[INFO] -------------------------------------------------------------
[INFO] ------------------------------------------------------------------------
[INFO] BUILD FAILURE
[INFO] ------------------------------------------------------------------------
[INFO] Total time:  5.084 s
[INFO] Finished at: 2023-06-06T17:18:47-04:00
[INFO] ------------------------------------------------------------------------
[ERROR] Failed to execute goal org.apache.maven.plugins:maven-compiler-plugin:3.3:testCompile (default-testCompile) on project nanohttpd-websocket: Compilation failure: Compilation failure: 
[ERROR] /Users/adminuser/Documents/Work/Experiment/ChatGPT/oragen-main/src/tmp/repos/nanohttpd/websocket/src/test/java/org/nanohttpd/junit/protocols/websockets/WebSocketResponseHandlerTest.java:[183,39] cannot find symbol
[ERROR]   symbol:   variable HttpStatusCodes
[ERROR]   location: class org.nanohttpd.junit.protocols.websockets.WebSocketResponseHandlerTest
[ERROR] /Users/adminuser/Documents/Work/Experiment/ChatGPT/oragen-main/src/tmp/repos/nanohttpd/websocket/src/test/java/org/nanohttpd/junit/protocols/websockets/WebSocketResponseHandlerTest.java:[183,113] cannot find symbol
[ERROR]   symbol:   method getStatus()
[ERROR]   location: variable nanoWebSocketServer of type org.nanohttpd.junit.protocols.websockets.WebSocketResponseHandlerTest.MockedWSD
[ERROR] -> [Help 1]
[ERROR] 
[ERROR] To see the full stack trace of the errors, re-run Maven with the -e switch.
[ERROR] Re-run Maven using the -X switch to enable full debug logging.
[ERROR] 
[ERROR] For more information about the errors and possible solutions, please read the following articles:
[ERROR] [Help 1] http://cwiki.apache.org/confluence/display/MAVEN/MojoFailureException
