[INFO] Scanning for projects...
[INFO] 
[INFO] -----------------< org.java-websocket:Java-WebSocket >------------------
[INFO] Building Java-WebSocket 1.5.2-SNAPSHOT
[INFO]   from pom.xml
[INFO] --------------------------------[ jar ]---------------------------------
[INFO] 
[INFO] --- clean:3.2.0:clean (default-clean) @ Java-WebSocket ---
[INFO] Deleting /Users/adminuser/Documents/Work/Experiment/ChatGPT/oragen-main/src/tmp/repos/Java-WebSocket/target
[INFO] 
[INFO] --- resources:3.3.0:resources (default-resources) @ Java-WebSocket ---
[INFO] skip non existing resourceDirectory /Users/adminuser/Documents/Work/Experiment/ChatGPT/oragen-main/src/tmp/repos/Java-WebSocket/src/main/resources
[INFO] 
[INFO] --- compiler:3.7.0:compile (default-compile) @ Java-WebSocket ---
[INFO] Changes detected - recompiling the module!
[INFO] Compiling 78 source files to /Users/adminuser/Documents/Work/Experiment/ChatGPT/oragen-main/src/tmp/repos/Java-WebSocket/target/classes
[INFO] /Users/adminuser/Documents/Work/Experiment/ChatGPT/oragen-main/src/tmp/repos/Java-WebSocket/src/main/java/org/java_websocket/drafts/Draft.java: /Users/adminuser/Documents/Work/Experiment/ChatGPT/oragen-main/src/tmp/repos/Java-WebSocket/src/main/java/org/java_websocket/drafts/Draft.java uses or overrides a deprecated API.
[INFO] /Users/adminuser/Documents/Work/Experiment/ChatGPT/oragen-main/src/tmp/repos/Java-WebSocket/src/main/java/org/java_websocket/drafts/Draft.java: Recompile with -Xlint:deprecation for details.
[INFO] 
[INFO] --- bnd:4.3.1:bnd-process (default) @ Java-WebSocket ---
[INFO] 
[INFO] --- resources:3.3.0:testResources (default-testResources) @ Java-WebSocket ---
[INFO] Copying 1 resource
[INFO] 
[INFO] --- compiler:3.7.0:testCompile (default-testCompile) @ Java-WebSocket ---
[INFO] Changes detected - recompiling the module!
[INFO] Compiling 75 source files to /Users/adminuser/Documents/Work/Experiment/ChatGPT/oragen-main/src/tmp/repos/Java-WebSocket/target/test-classes
[INFO] -------------------------------------------------------------
[ERROR] COMPILATION ERROR : 
[INFO] -------------------------------------------------------------
[ERROR] /Users/adminuser/Documents/Work/Experiment/ChatGPT/oragen-main/src/tmp/repos/Java-WebSocket/src/test/java/org/java_websocket/extensions/PerMessageDeflateExtensionTest.java:[45,76] lambda expressions are not supported in -source 7
  (use -source 8 or higher to enable lambda expressions)
[ERROR] /Users/adminuser/Documents/Work/Experiment/ChatGPT/oragen-main/src/tmp/repos/Java-WebSocket/src/test/java/org/java_websocket/extensions/PerMessageDeflateExtensionTest.java:[46,13] illegal start of expression
[ERROR] /Users/adminuser/Documents/Work/Experiment/ChatGPT/oragen-main/src/tmp/repos/Java-WebSocket/src/test/java/org/java_websocket/extensions/PerMessageDeflateExtensionTest.java:[46,14] illegal start of expression
[ERROR] /Users/adminuser/Documents/Work/Experiment/ChatGPT/oragen-main/src/tmp/repos/Java-WebSocket/src/test/java/org/java_websocket/extensions/PerMessageDeflateExtensionTest.java:[46,15] illegal start of expression
[ERROR] /Users/adminuser/Documents/Work/Experiment/ChatGPT/oragen-main/src/tmp/repos/Java-WebSocket/src/test/java/org/java_websocket/extensions/PerMessageDeflateExtensionTest.java:[46,16] illegal start of expression
[INFO] 5 errors 
[INFO] -------------------------------------------------------------
[INFO] ------------------------------------------------------------------------
[INFO] BUILD FAILURE
[INFO] ------------------------------------------------------------------------
[INFO] Total time:  2.481 s
[INFO] Finished at: 2023-06-09T07:31:58-04:00
[INFO] ------------------------------------------------------------------------
[ERROR] Failed to execute goal org.apache.maven.plugins:maven-compiler-plugin:3.7.0:testCompile (default-testCompile) on project Java-WebSocket: Compilation failure: Compilation failure: 
[ERROR] /Users/adminuser/Documents/Work/Experiment/ChatGPT/oragen-main/src/tmp/repos/Java-WebSocket/src/test/java/org/java_websocket/extensions/PerMessageDeflateExtensionTest.java:[45,76] lambda expressions are not supported in -source 7
[ERROR]   (use -source 8 or higher to enable lambda expressions)
[ERROR] /Users/adminuser/Documents/Work/Experiment/ChatGPT/oragen-main/src/tmp/repos/Java-WebSocket/src/test/java/org/java_websocket/extensions/PerMessageDeflateExtensionTest.java:[46,13] illegal start of expression
[ERROR] /Users/adminuser/Documents/Work/Experiment/ChatGPT/oragen-main/src/tmp/repos/Java-WebSocket/src/test/java/org/java_websocket/extensions/PerMessageDeflateExtensionTest.java:[46,14] illegal start of expression
[ERROR] /Users/adminuser/Documents/Work/Experiment/ChatGPT/oragen-main/src/tmp/repos/Java-WebSocket/src/test/java/org/java_websocket/extensions/PerMessageDeflateExtensionTest.java:[46,15] illegal start of expression
[ERROR] /Users/adminuser/Documents/Work/Experiment/ChatGPT/oragen-main/src/tmp/repos/Java-WebSocket/src/test/java/org/java_websocket/extensions/PerMessageDeflateExtensionTest.java:[46,16] illegal start of expression
[ERROR] -> [Help 1]
[ERROR] 
[ERROR] To see the full stack trace of the errors, re-run Maven with the -e switch.
[ERROR] Re-run Maven using the -X switch to enable full debug logging.
[ERROR] 
[ERROR] For more information about the errors and possible solutions, please read the following articles:
[ERROR] [Help 1] http://cwiki.apache.org/confluence/display/MAVEN/MojoFailureException
