[INFO] Scanning for projects...
[INFO] 
[INFO] ---------------< com.orientechnologies:orientdb-lucene >----------------
[INFO] Building OrientDB Lucene full text index 3.0.42
[INFO]   from pom.xml
[INFO] --------------------------------[ jar ]---------------------------------
[INFO] 
[INFO] --- maven-clean-plugin:3.1.0:clean (default-clean) @ orientdb-lucene ---
[INFO] Deleting /Users/adminuser/Documents/Work/Experiment/ChatGPT/oragen-main/src/tmp/repos/orientdb/lucene/target
[INFO] 
[INFO] --- buildnumber-maven-plugin:1.4:create (default) @ orientdb-lucene ---
[INFO] Executing: /bin/sh -c cd '/Users/adminuser/Documents/Work/Experiment/ChatGPT/oragen-main/src/tmp/repos/orientdb/lucene' && 'git' 'rev-parse' '--verify' 'HEAD'
[INFO] Working directory: /Users/adminuser/Documents/Work/Experiment/ChatGPT/oragen-main/src/tmp/repos/orientdb/lucene
[INFO] Storing buildNumber: 2cabb46c9581572b7f46724864f02d9c688070c5 at timestamp: 1686192410371
[WARNING] Cannot get the branch information from the git repository: 
Detecting the current branch failed: fatal: ref HEAD is not a symbolic ref

[INFO] Executing: /bin/sh -c cd '/Users/adminuser/Documents/Work/Experiment/ChatGPT/oragen-main/src/tmp/repos/orientdb/lucene' && 'git' 'rev-parse' '--verify' 'HEAD'
[INFO] Working directory: /Users/adminuser/Documents/Work/Experiment/ChatGPT/oragen-main/src/tmp/repos/orientdb/lucene
[INFO] Storing buildScmBranch: UNKNOWN
[INFO] 
[INFO] --- jacoco-maven-plugin:0.8.5:prepare-agent (default) @ orientdb-lucene ---
[INFO] argLine set to -javaagent:/Users/adminuser/.m2/repository/org/jacoco/org.jacoco.agent/0.8.5/org.jacoco.agent-0.8.5-runtime.jar=destfile=/Users/adminuser/Documents/Work/Experiment/ChatGPT/oragen-main/src/tmp/repos/orientdb/lucene/target/jacoco.exec -ea
 -Xmx2048m
 -Dstorage.diskCache.bufferSize=4096
 -Dindex.flushAfterCreate=false
 -Dstorage.makeFullCheckpointAfterCreate=false
 -Dstorage.makeFullCheckpointAfterClusterCreate=false -Dstorage.wal.syncOnPageFlush=false
 -Dstorage.configuration.syncOnUpdate=false
 -Dmemory.directMemory.trackMode=true
 -Djava.util.logging.manager=com.orientechnologies.common.log.ShutdownLogManager
 -Dstorage.diskCache.checksumMode=storeAndThrow
[INFO] 
[INFO] --- maven-resources-plugin:3.1.0:resources (default-resources) @ orientdb-lucene ---
[INFO] Using 'UTF-8' encoding to copy filtered resources.
[INFO] Copying 4 resources
[INFO] 
[INFO] --- maven-compiler-plugin:3.7.0:compile (default-compile) @ orientdb-lucene ---
[INFO] Changes detected - recompiling the module!
[INFO] Compiling 105 source files to /Users/adminuser/Documents/Work/Experiment/ChatGPT/oragen-main/src/tmp/repos/orientdb/lucene/target/classes
[INFO] /Users/adminuser/Documents/Work/Experiment/ChatGPT/oragen-main/src/tmp/repos/orientdb/lucene/src/main/java/com/orientechnologies/spatial/shape/OShapeBuilder.java: Some input files use or override a deprecated API.
[INFO] /Users/adminuser/Documents/Work/Experiment/ChatGPT/oragen-main/src/tmp/repos/orientdb/lucene/src/main/java/com/orientechnologies/spatial/shape/OShapeBuilder.java: Recompile with -Xlint:deprecation for details.
[INFO] /Users/adminuser/Documents/Work/Experiment/ChatGPT/oragen-main/src/tmp/repos/orientdb/lucene/src/main/java/com/orientechnologies/spatial/shape/OShapeBuilder.java: Some input files use unchecked or unsafe operations.
[INFO] /Users/adminuser/Documents/Work/Experiment/ChatGPT/oragen-main/src/tmp/repos/orientdb/lucene/src/main/java/com/orientechnologies/spatial/shape/OShapeBuilder.java: Recompile with -Xlint:unchecked for details.
[INFO] 
[INFO] --- maven-bundle-plugin:3.5.0:manifest (bundle-manifest) @ orientdb-lucene ---
[INFO] 
[INFO] --- maven-resources-plugin:3.1.0:testResources (default-testResources) @ orientdb-lucene ---
[INFO] Using 'UTF-8' encoding to copy filtered resources.
[INFO] Copying 23 resources
[INFO] 
[INFO] --- maven-compiler-plugin:3.7.0:testCompile (default-testCompile) @ orientdb-lucene ---
[INFO] Changes detected - recompiling the module!
[INFO] Compiling 133 source files to /Users/adminuser/Documents/Work/Experiment/ChatGPT/oragen-main/src/tmp/repos/orientdb/lucene/target/test-classes
[INFO] -------------------------------------------------------------
[ERROR] COMPILATION ERROR : 
[INFO] -------------------------------------------------------------
[ERROR] /Users/adminuser/Documents/Work/Experiment/ChatGPT/oragen-main/src/tmp/repos/orientdb/lucene/src/test/java/com/orientechnologies/spatial/GeometryCollectionTest.java:[20,9] illegal start of expression
[ERROR] /Users/adminuser/Documents/Work/Experiment/ChatGPT/oragen-main/src/tmp/repos/orientdb/lucene/src/test/java/com/orientechnologies/spatial/GeometryCollectionTest.java:[20,10] illegal start of expression
[ERROR] /Users/adminuser/Documents/Work/Experiment/ChatGPT/oragen-main/src/tmp/repos/orientdb/lucene/src/test/java/com/orientechnologies/spatial/GeometryCollectionTest.java:[20,11] illegal start of expression
[ERROR] /Users/adminuser/Documents/Work/Experiment/ChatGPT/oragen-main/src/tmp/repos/orientdb/lucene/src/test/java/com/orientechnologies/spatial/GeometryCollectionTest.java:[20,12] illegal start of expression
[INFO] 4 errors 
[INFO] -------------------------------------------------------------
[INFO] ------------------------------------------------------------------------
[INFO] BUILD FAILURE
[INFO] ------------------------------------------------------------------------
[INFO] Total time:  4.393 s
[INFO] Finished at: 2023-06-07T22:46:53-04:00
[INFO] ------------------------------------------------------------------------
[ERROR] Failed to execute goal org.apache.maven.plugins:maven-compiler-plugin:3.7.0:testCompile (default-testCompile) on project orientdb-lucene: Compilation failure: Compilation failure: 
[ERROR] /Users/adminuser/Documents/Work/Experiment/ChatGPT/oragen-main/src/tmp/repos/orientdb/lucene/src/test/java/com/orientechnologies/spatial/GeometryCollectionTest.java:[20,9] illegal start of expression
[ERROR] /Users/adminuser/Documents/Work/Experiment/ChatGPT/oragen-main/src/tmp/repos/orientdb/lucene/src/test/java/com/orientechnologies/spatial/GeometryCollectionTest.java:[20,10] illegal start of expression
[ERROR] /Users/adminuser/Documents/Work/Experiment/ChatGPT/oragen-main/src/tmp/repos/orientdb/lucene/src/test/java/com/orientechnologies/spatial/GeometryCollectionTest.java:[20,11] illegal start of expression
[ERROR] /Users/adminuser/Documents/Work/Experiment/ChatGPT/oragen-main/src/tmp/repos/orientdb/lucene/src/test/java/com/orientechnologies/spatial/GeometryCollectionTest.java:[20,12] illegal start of expression
[ERROR] -> [Help 1]
[ERROR] 
[ERROR] To see the full stack trace of the errors, re-run Maven with the -e switch.
[ERROR] Re-run Maven using the -X switch to enable full debug logging.
[ERROR] 
[ERROR] For more information about the errors and possible solutions, please read the following articles:
[ERROR] [Help 1] http://cwiki.apache.org/confluence/display/MAVEN/MojoFailureException
