[INFO] Scanning for projects...
[INFO] 
[INFO] ----------------------< com.rockagen:commons-lib >----------------------
[INFO] Building commons-lib 0.1.10-RELEASE
[INFO]   from pom.xml
[INFO] --------------------------------[ jar ]---------------------------------
[INFO] 
[INFO] --- clean:3.2.0:clean (default-clean) @ commons-lib ---
[INFO] Deleting /Users/adminuser/Documents/Work/Experiment/ChatGPT/oragen-main/src/tmp/repos/commons-lib/target
[INFO] 
[INFO] --- resources:3.3.0:resources (default-resources) @ commons-lib ---
[INFO] Copying 1 resource
[INFO] 
[INFO] --- compiler:3.2:compile (default-compile) @ commons-lib ---
[INFO] Changes detected - recompiling the module!
[INFO] Compiling 16 source files to /Users/adminuser/Documents/Work/Experiment/ChatGPT/oragen-main/src/tmp/repos/commons-lib/target/classes
[WARNING] To suppress warnings about obsolete options, use -Xlint:-options.
/Users/adminuser/Documents/Work/Experiment/ChatGPT/oragen-main/src/tmp/repos/commons-lib/src/main/java/com/rockagen/commons/util/Arith.java:[40,55] [deprecation] ROUND_HALF_UP in BigDecimal has been deprecated
[WARNING] /Users/adminuser/Documents/Work/Experiment/ChatGPT/oragen-main/src/tmp/repos/commons-lib/src/main/java/com/rockagen/commons/util/Arith.java:[175,17] [deprecation] divide(BigDecimal,int,int) in BigDecimal has been deprecated
[WARNING] /Users/adminuser/Documents/Work/Experiment/ChatGPT/oragen-main/src/tmp/repos/commons-lib/src/main/java/com/rockagen/commons/util/Arith.java:[196,17] [deprecation] divide(BigDecimal,int,int) in BigDecimal has been deprecated
[WARNING] /Users/adminuser/Documents/Work/Experiment/ChatGPT/oragen-main/src/tmp/repos/commons-lib/src/main/java/com/rockagen/commons/util/Arith.java:[233,13] [deprecation] divide(BigDecimal,int,int) in BigDecimal has been deprecated
[WARNING] /Users/adminuser/Documents/Work/Experiment/ChatGPT/oragen-main/src/tmp/repos/commons-lib/src/main/java/com/rockagen/commons/util/Arith.java:[270,13] [deprecation] divide(BigDecimal,int,int) in BigDecimal has been deprecated
[INFO] 
[INFO] --- resources:3.3.0:testResources (default-testResources) @ commons-lib ---
[INFO] Copying 1 resource
[INFO] 
[INFO] --- compiler:3.2:testCompile (default-testCompile) @ commons-lib ---
[INFO] Changes detected - recompiling the module!
[INFO] Compiling 12 source files to /Users/adminuser/Documents/Work/Experiment/ChatGPT/oragen-main/src/tmp/repos/commons-lib/target/test-classes
[INFO] 
[INFO] --- surefire:3.0.0:test (default-test) @ commons-lib ---
[INFO] Using auto detected provider org.apache.maven.surefire.junit4.JUnit4Provider
[INFO] 
[INFO] -------------------------------------------------------
[INFO]  T E S T S
[INFO] -------------------------------------------------------
[INFO] Running com.rockagen.commons.util.CommUtilTest
[ERROR] Tests run: 1, Failures: 1, Errors: 0, Skipped: 0, Time elapsed: 0.05 s <<< FAILURE! - in com.rockagen.commons.util.CommUtilTest
[ERROR] com.rockagen.commons.util.CommUtilTest.testSameChars  Time elapsed: 0.008 s  <<< FAILURE!
java.lang.AssertionError: 
	at org.junit.Assert.fail(Assert.java:91)
	at org.junit.Assert.assertTrue(Assert.java:43)
	at org.junit.Assert.assertNull(Assert.java:549)
	at org.junit.Assert.assertNull(Assert.java:560)
	at com.rockagen.commons.util.CommUtilTest.testSameChars(CommUtilTest.java:64)
	at java.base/jdk.internal.reflect.NativeMethodAccessorImpl.invoke0(Native Method)
	at java.base/jdk.internal.reflect.NativeMethodAccessorImpl.invoke(NativeMethodAccessorImpl.java:62)
	at java.base/jdk.internal.reflect.DelegatingMethodAccessorImpl.invoke(DelegatingMethodAccessorImpl.java:43)
	at java.base/java.lang.reflect.Method.invoke(Method.java:566)
	at org.junit.runners.model.FrameworkMethod$1.runReflectiveCall(FrameworkMethod.java:44)
	at org.junit.internal.runners.model.ReflectiveCallable.run(ReflectiveCallable.java:15)
	at org.junit.runners.model.FrameworkMethod.invokeExplosively(FrameworkMethod.java:41)
	at org.junit.internal.runners.statements.InvokeMethod.evaluate(InvokeMethod.java:20)
	at org.junit.runners.BlockJUnit4ClassRunner.runChild(BlockJUnit4ClassRunner.java:76)
	at org.junit.runners.BlockJUnit4ClassRunner.runChild(BlockJUnit4ClassRunner.java:50)
	at org.junit.runners.ParentRunner$3.run(ParentRunner.java:193)
	at org.junit.runners.ParentRunner$1.schedule(ParentRunner.java:52)
	at org.junit.runners.ParentRunner.runChildren(ParentRunner.java:191)
	at org.junit.runners.ParentRunner.access$000(ParentRunner.java:42)
	at org.junit.runners.ParentRunner$2.evaluate(ParentRunner.java:184)
	at org.junit.runners.ParentRunner.run(ParentRunner.java:236)
	at org.apache.maven.surefire.junit4.JUnit4Provider.execute(JUnit4Provider.java:316)
	at org.apache.maven.surefire.junit4.JUnit4Provider.executeWithRerun(JUnit4Provider.java:240)
	at org.apache.maven.surefire.junit4.JUnit4Provider.executeTestSet(JUnit4Provider.java:214)
	at org.apache.maven.surefire.junit4.JUnit4Provider.invoke(JUnit4Provider.java:155)
	at org.apache.maven.surefire.booter.ForkedBooter.runSuitesInProcess(ForkedBooter.java:385)
	at org.apache.maven.surefire.booter.ForkedBooter.execute(ForkedBooter.java:162)
	at org.apache.maven.surefire.booter.ForkedBooter.run(ForkedBooter.java:507)
	at org.apache.maven.surefire.booter.ForkedBooter.main(ForkedBooter.java:495)

[INFO] 
[INFO] Results:
[INFO] 
[ERROR] Failures: 
[ERROR]   CommUtilTest.testSameChars:64
[INFO] 
[ERROR] Tests run: 1, Failures: 1, Errors: 0, Skipped: 0
[INFO] 
[INFO] ------------------------------------------------------------------------
[INFO] BUILD FAILURE
[INFO] ------------------------------------------------------------------------
[INFO] Total time:  4.342 s
[INFO] Finished at: 2023-06-09T02:55:24-04:00
[INFO] ------------------------------------------------------------------------
[ERROR] Failed to execute goal org.apache.maven.plugins:maven-surefire-plugin:3.0.0:test (default-test) on project commons-lib: There are test failures.
[ERROR] 
[ERROR] Please refer to /Users/adminuser/Documents/Work/Experiment/ChatGPT/oragen-main/src/tmp/repos/commons-lib/target/surefire-reports for the individual test results.
[ERROR] Please refer to dump files (if any exist) [date].dump, [date]-jvmRun[N].dump and [date].dumpstream.
[ERROR] -> [Help 1]
[ERROR] 
[ERROR] To see the full stack trace of the errors, re-run Maven with the -e switch.
[ERROR] Re-run Maven using the -X switch to enable full debug logging.
[ERROR] 
[ERROR] For more information about the errors and possible solutions, please read the following articles:
[ERROR] [Help 1] http://cwiki.apache.org/confluence/display/MAVEN/MojoFailureException
