[INFO] Scanning for projects...
[INFO] 
[INFO] ---------------< com.orientechnologies:orientdb-server >----------------
[INFO] Building OrientDB Server 3.0.42
[INFO]   from pom.xml
[INFO] --------------------------------[ jar ]---------------------------------
[INFO] 
[INFO] --- clean:3.1.0:clean (default-clean) @ orientdb-server ---
[INFO] Deleting /Users/adminuser/Documents/Work/Experiment/ChatGPT/oragen-main/src/tmp/repos/orientdb/server/target
[INFO] 
[INFO] --- buildnumber:1.4:create (default) @ orientdb-server ---
[INFO] Executing: /bin/sh -c cd '/Users/adminuser/Documents/Work/Experiment/ChatGPT/oragen-main/src/tmp/repos/orientdb/server' && 'git' 'rev-parse' '--verify' 'HEAD'
[INFO] Working directory: /Users/adminuser/Documents/Work/Experiment/ChatGPT/oragen-main/src/tmp/repos/orientdb/server
[INFO] Storing buildNumber: 2cabb46c9581572b7f46724864f02d9c688070c5 at timestamp: 1686204419367
[WARNING] Cannot get the branch information from the git repository: 
Detecting the current branch failed: fatal: ref HEAD is not a symbolic ref

[INFO] Executing: /bin/sh -c cd '/Users/adminuser/Documents/Work/Experiment/ChatGPT/oragen-main/src/tmp/repos/orientdb/server' && 'git' 'rev-parse' '--verify' 'HEAD'
[INFO] Working directory: /Users/adminuser/Documents/Work/Experiment/ChatGPT/oragen-main/src/tmp/repos/orientdb/server
[INFO] Storing buildScmBranch: UNKNOWN
[INFO] 
[INFO] --- jacoco:0.8.5:prepare-agent (default) @ orientdb-server ---
[INFO] argLine set to -javaagent:/Users/adminuser/.m2/repository/org/jacoco/org.jacoco.agent/0.8.5/org.jacoco.agent-0.8.5-runtime.jar=destfile=/Users/adminuser/Documents/Work/Experiment/ChatGPT/oragen-main/src/tmp/repos/orientdb/server/target/jacoco.exec -ea
 -Xmx2048m
 -Dstorage.diskCache.bufferSize=4096
 -Dsecurity.userPasswordSaltIterations=10
 -Dmemory.directMemory.trackMode=true
 -Djava.util.logging.manager=com.orientechnologies.common.log.ShutdownLogManager
 -Dstorage.diskCache.checksumMode=storeAndThrow
[INFO] 
[INFO] --- resources:3.1.0:resources (default-resources) @ orientdb-server ---
[INFO] Using 'UTF-8' encoding to copy filtered resources.
[INFO] Copying 1 resource
[INFO] 
[INFO] --- compiler:3.7.0:compile (default-compile) @ orientdb-server ---
[INFO] Changes detected - recompiling the module!
[INFO] Compiling 209 source files to /Users/adminuser/Documents/Work/Experiment/ChatGPT/oragen-main/src/tmp/repos/orientdb/server/target/classes
[INFO] /Users/adminuser/Documents/Work/Experiment/ChatGPT/oragen-main/src/tmp/repos/orientdb/server/src/main/java/com/orientechnologies/orient/server/network/protocol/http/command/delete/OServerCommandDeleteClass.java: Some input files use or override a deprecated API.
[INFO] /Users/adminuser/Documents/Work/Experiment/ChatGPT/oragen-main/src/tmp/repos/orientdb/server/src/main/java/com/orientechnologies/orient/server/network/protocol/http/command/delete/OServerCommandDeleteClass.java: Recompile with -Xlint:deprecation for details.
[INFO] /Users/adminuser/Documents/Work/Experiment/ChatGPT/oragen-main/src/tmp/repos/orientdb/server/src/main/java/com/orientechnologies/orient/server/network/protocol/http/OHttpResponse.java: Some input files use unchecked or unsafe operations.
[INFO] /Users/adminuser/Documents/Work/Experiment/ChatGPT/oragen-main/src/tmp/repos/orientdb/server/src/main/java/com/orientechnologies/orient/server/network/protocol/http/OHttpResponse.java: Recompile with -Xlint:unchecked for details.
[INFO] 
[INFO] --- bundle:3.5.0:manifest (bundle-manifest) @ orientdb-server ---
[WARNING] Parameter 'localRepository' is deprecated core expression; Avoid use of ArtifactRepository type. If you need access to local repository, switch to '${repositorySystemSession}' expression and get LRM from it instead.
[WARNING] Manifest com.orientechnologies:orientdb-server:jar:3.0.42 : Unused Import-Package instructions: [orient.client.*] 
[INFO] 
[INFO] --- resources:3.1.0:testResources (default-testResources) @ orientdb-server ---
[INFO] Using 'UTF-8' encoding to copy filtered resources.
[INFO] Copying 12 resources
[INFO] 
[INFO] --- compiler:3.7.0:testCompile (default-testCompile) @ orientdb-server ---
[INFO] Changes detected - recompiling the module!
[INFO] Compiling 63 source files to /Users/adminuser/Documents/Work/Experiment/ChatGPT/oragen-main/src/tmp/repos/orientdb/server/target/test-classes
[INFO] /Users/adminuser/Documents/Work/Experiment/ChatGPT/oragen-main/src/tmp/repos/orientdb/server/src/test/java/com/orientechnologies/orient/server/network/TestNetworkSerializerIndipendency.java: Some input files use or override a deprecated API.
[INFO] /Users/adminuser/Documents/Work/Experiment/ChatGPT/oragen-main/src/tmp/repos/orientdb/server/src/test/java/com/orientechnologies/orient/server/network/TestNetworkSerializerIndipendency.java: Recompile with -Xlint:deprecation for details.
[INFO] /Users/adminuser/Documents/Work/Experiment/ChatGPT/oragen-main/src/tmp/repos/orientdb/server/src/test/java/com/orientechnologies/orient/server/tx/RemoteTransactionSupportTest.java: Some input files use unchecked or unsafe operations.
[INFO] /Users/adminuser/Documents/Work/Experiment/ChatGPT/oragen-main/src/tmp/repos/orientdb/server/src/test/java/com/orientechnologies/orient/server/tx/RemoteTransactionSupportTest.java: Recompile with -Xlint:unchecked for details.
[INFO] -------------------------------------------------------------
[ERROR] COMPILATION ERROR : 
[INFO] -------------------------------------------------------------
[ERROR] /Users/adminuser/Documents/Work/Experiment/ChatGPT/oragen-main/src/tmp/repos/orientdb/server/src/test/java/com/orientechnologies/orient/core/db/OrientDBRemoteTest.java:[99,57] cannot find symbol
  symbol:   variable result
  location: class com.orientechnologies.orient.core.db.OrientDBRemoteTest
[INFO] 1 error
[INFO] -------------------------------------------------------------
[INFO] ------------------------------------------------------------------------
[INFO] BUILD FAILURE
[INFO] ------------------------------------------------------------------------
[INFO] Total time:  6.958 s
[INFO] Finished at: 2023-06-08T02:07:05-04:00
[INFO] ------------------------------------------------------------------------
[ERROR] Failed to execute goal org.apache.maven.plugins:maven-compiler-plugin:3.7.0:testCompile (default-testCompile) on project orientdb-server: Compilation failure
[ERROR] /Users/adminuser/Documents/Work/Experiment/ChatGPT/oragen-main/src/tmp/repos/orientdb/server/src/test/java/com/orientechnologies/orient/core/db/OrientDBRemoteTest.java:[99,57] cannot find symbol
[ERROR]   symbol:   variable result
[ERROR]   location: class com.orientechnologies.orient.core.db.OrientDBRemoteTest
[ERROR] 
[ERROR] -> [Help 1]
[ERROR] 
[ERROR] To see the full stack trace of the errors, re-run Maven with the -e switch.
[ERROR] Re-run Maven using the -X switch to enable full debug logging.
[ERROR] 
[ERROR] For more information about the errors and possible solutions, please read the following articles:
[ERROR] [Help 1] http://cwiki.apache.org/confluence/display/MAVEN/MojoFailureException
