[INFO] Scanning for projects...
[INFO] 
[INFO] -----------------< com.orientechnologies:orientdb-etl >-----------------
[INFO] Building OrientDB ETL 3.0.42
[INFO]   from pom.xml
[INFO] --------------------------------[ jar ]---------------------------------
[INFO] 
[INFO] --- maven-clean-plugin:3.1.0:clean (default-clean) @ orientdb-etl ---
[INFO] Deleting /Users/adminuser/Documents/Work/Experiment/ChatGPT/oragen-main/src/tmp/repos/orientdb/etl/target
[INFO] 
[INFO] --- buildnumber-maven-plugin:1.4:create (default) @ orientdb-etl ---
[INFO] Executing: /bin/sh -c cd '/Users/adminuser/Documents/Work/Experiment/ChatGPT/oragen-main/src/tmp/repos/orientdb/etl' && 'git' 'rev-parse' '--verify' 'HEAD'
[INFO] Working directory: /Users/adminuser/Documents/Work/Experiment/ChatGPT/oragen-main/src/tmp/repos/orientdb/etl
[INFO] Storing buildNumber: e76ae1d56b95734494bfb36cf1d7d99ac755b50a at timestamp: 1690368680086
[INFO] Storing buildScmBranch: main
[INFO] 
[INFO] --- jacoco-maven-plugin:0.8.5:prepare-agent (default) @ orientdb-etl ---
[INFO] argLine set to -javaagent:/Users/adminuser/.m2/repository/org/jacoco/org.jacoco.agent/0.8.5/org.jacoco.agent-0.8.5-runtime.jar=destfile=/Users/adminuser/Documents/Work/Experiment/ChatGPT/oragen-main/src/tmp/repos/orientdb/etl/target/jacoco.exec -ea -Xmx2048m -Dstorage.diskCache.bufferSize=4096
 -Dindex.flushAfterCreate=false
 -Dstorage.makeFullCheckpointAfterCreate=false
 -Dstorage.makeFullCheckpointAfterOpen=false
 -Dstorage.makeFullCheckpointAfterClusterCreate=false
 -Dmemory.directMemory.trackMode=true
 -Dstorage.wal.syncOnPageFlush=false
 -Dstorage.configuration.syncOnUpdate=false
 -Ddb.makeFullCheckpointOnIndexChange=false
 -Ddb.makeFullCheckpointOnSchemaChange=false
 -Dsecurity.userPasswordSaltIterations=10
 -Djava.util.logging.manager=com.orientechnologies.common.log.ShutdownLogManager
 -Dstorage.diskCache.checksumMode=storeAndThrow
[INFO] 
[INFO] --- maven-resources-plugin:3.1.0:resources (default-resources) @ orientdb-etl ---
[INFO] Using 'UTF-8' encoding to copy filtered resources.
[INFO] Copying 1 resource
[INFO] 
[INFO] --- maven-compiler-plugin:3.7.0:compile (default-compile) @ orientdb-etl ---
[INFO] Changes detected - recompiling the module!
[INFO] Compiling 67 source files to /Users/adminuser/Documents/Work/Experiment/ChatGPT/oragen-main/src/tmp/repos/orientdb/etl/target/classes
[INFO] /Users/adminuser/Documents/Work/Experiment/ChatGPT/oragen-main/src/tmp/repos/orientdb/etl/src/main/java/com/orientechnologies/orient/etl/OETLComponentFactory.java: Some input files use or override a deprecated API.
[INFO] /Users/adminuser/Documents/Work/Experiment/ChatGPT/oragen-main/src/tmp/repos/orientdb/etl/src/main/java/com/orientechnologies/orient/etl/OETLComponentFactory.java: Recompile with -Xlint:deprecation for details.
[INFO] /Users/adminuser/Documents/Work/Experiment/ChatGPT/oragen-main/src/tmp/repos/orientdb/etl/src/main/java/com/orientechnologies/orient/etl/OETLProcessor.java: Some input files use unchecked or unsafe operations.
[INFO] /Users/adminuser/Documents/Work/Experiment/ChatGPT/oragen-main/src/tmp/repos/orientdb/etl/src/main/java/com/orientechnologies/orient/etl/OETLProcessor.java: Recompile with -Xlint:unchecked for details.
[INFO] 
[INFO] --- maven-bundle-plugin:3.5.0:manifest (bundle-manifest) @ orientdb-etl ---
[INFO] 
[INFO] --- maven-resources-plugin:3.1.0:testResources (default-testResources) @ orientdb-etl ---
[INFO] Using 'UTF-8' encoding to copy filtered resources.
[INFO] Copying 11 resources
[INFO] 
[INFO] --- maven-compiler-plugin:3.7.0:testCompile (default-testCompile) @ orientdb-etl ---
[INFO] Changes detected - recompiling the module!
[INFO] Compiling 17 source files to /Users/adminuser/Documents/Work/Experiment/ChatGPT/oragen-main/src/tmp/repos/orientdb/etl/target/test-classes
[INFO] /Users/adminuser/Documents/Work/Experiment/ChatGPT/oragen-main/src/tmp/repos/orientdb/etl/src/test/java/com/orientechnologies/orient/etl/loader/OETLOrientDBLoaderTest.java: Some input files use or override a deprecated API.
[INFO] /Users/adminuser/Documents/Work/Experiment/ChatGPT/oragen-main/src/tmp/repos/orientdb/etl/src/test/java/com/orientechnologies/orient/etl/loader/OETLOrientDBLoaderTest.java: Recompile with -Xlint:deprecation for details.
[INFO] 
[INFO] --- maven-surefire-plugin:2.22.2:test (default-test) @ orientdb-etl ---
[WARNING] The system property security.userPasswordSaltIterations is configured twice! The property appears in <argLine/> and any of <systemPropertyVariables/>, <systemProperties/> or user property.
[INFO] 
[INFO] -------------------------------------------------------
[INFO]  T E S T S
[INFO] -------------------------------------------------------
[INFO] 
[INFO] Results:
[INFO] 
[INFO] Tests run: 0, Failures: 0, Errors: 0, Skipped: 0
[INFO] 
[INFO] ------------------------------------------------------------------------
[INFO] BUILD FAILURE
[INFO] ------------------------------------------------------------------------
[INFO] Total time:  9.895 s
[INFO] Finished at: 2023-07-26T16:51:29+06:00
[INFO] ------------------------------------------------------------------------
[ERROR] Failed to execute goal org.apache.maven.plugins:maven-surefire-plugin:2.22.2:test (default-test) on project orientdb-etl: There are test failures.
[ERROR] 
[ERROR] Please refer to /Users/adminuser/Documents/Work/Experiment/ChatGPT/oragen-main/src/tmp/repos/orientdb/etl/target/surefire-reports for the individual test results.
[ERROR] Please refer to dump files (if any exist) [date].dump, [date]-jvmRun[N].dump and [date].dumpstream.
[ERROR] The forked VM terminated without properly saying goodbye. VM crash or System.exit called?
[ERROR] Command was /bin/sh -c cd /Users/adminuser/Documents/Work/Experiment/ChatGPT/oragen-main/src/tmp/repos/orientdb/etl && /Library/Java/JavaVirtualMachines/jdk-11.0.17.jdk/Contents/Home/bin/java -javaagent:/Users/adminuser/.m2/repository/org/jacoco/org.jacoco.agent/0.8.5/org.jacoco.agent-0.8.5-runtime.jar=destfile=/Users/adminuser/Documents/Work/Experiment/ChatGPT/oragen-main/src/tmp/repos/orientdb/etl/target/jacoco.exec -ea -Xmx2048m -Dstorage.diskCache.bufferSize=4096 -Dindex.flushAfterCreate=false -Dstorage.makeFullCheckpointAfterCreate=false -Dstorage.makeFullCheckpointAfterOpen=false -Dstorage.makeFullCheckpointAfterClusterCreate=false -Dmemory.directMemory.trackMode=true -Dstorage.wal.syncOnPageFlush=false -Dstorage.configuration.syncOnUpdate=false -Ddb.makeFullCheckpointOnIndexChange=false -Ddb.makeFullCheckpointOnSchemaChange=false -Dsecurity.userPasswordSaltIterations=10 -Djava.util.logging.manager=com.orientechnologies.common.log.ShutdownLogManager -Dstorage.diskCache.checksumMode=storeAndThrow -jar /Users/adminuser/Documents/Work/Experiment/ChatGPT/oragen-main/src/tmp/repos/orientdb/etl/target/surefire/surefirebooter2517092786625626669.jar /Users/adminuser/Documents/Work/Experiment/ChatGPT/oragen-main/src/tmp/repos/orientdb/etl/target/surefire 2023-07-26T16-51-23_625-jvmRun1 surefire16469911250610706688tmp surefire_03103837024738915012tmp
[ERROR] Error occurred in starting fork, check output in log
[ERROR] Process Exit Code: 1
[ERROR] org.apache.maven.surefire.booter.SurefireBooterForkException: The forked VM terminated without properly saying goodbye. VM crash or System.exit called?
[ERROR] Command was /bin/sh -c cd /Users/adminuser/Documents/Work/Experiment/ChatGPT/oragen-main/src/tmp/repos/orientdb/etl && /Library/Java/JavaVirtualMachines/jdk-11.0.17.jdk/Contents/Home/bin/java -javaagent:/Users/adminuser/.m2/repository/org/jacoco/org.jacoco.agent/0.8.5/org.jacoco.agent-0.8.5-runtime.jar=destfile=/Users/adminuser/Documents/Work/Experiment/ChatGPT/oragen-main/src/tmp/repos/orientdb/etl/target/jacoco.exec -ea -Xmx2048m -Dstorage.diskCache.bufferSize=4096 -Dindex.flushAfterCreate=false -Dstorage.makeFullCheckpointAfterCreate=false -Dstorage.makeFullCheckpointAfterOpen=false -Dstorage.makeFullCheckpointAfterClusterCreate=false -Dmemory.directMemory.trackMode=true -Dstorage.wal.syncOnPageFlush=false -Dstorage.configuration.syncOnUpdate=false -Ddb.makeFullCheckpointOnIndexChange=false -Ddb.makeFullCheckpointOnSchemaChange=false -Dsecurity.userPasswordSaltIterations=10 -Djava.util.logging.manager=com.orientechnologies.common.log.ShutdownLogManager -Dstorage.diskCache.checksumMode=storeAndThrow -jar /Users/adminuser/Documents/Work/Experiment/ChatGPT/oragen-main/src/tmp/repos/orientdb/etl/target/surefire/surefirebooter2517092786625626669.jar /Users/adminuser/Documents/Work/Experiment/ChatGPT/oragen-main/src/tmp/repos/orientdb/etl/target/surefire 2023-07-26T16-51-23_625-jvmRun1 surefire16469911250610706688tmp surefire_03103837024738915012tmp
[ERROR] Error occurred in starting fork, check output in log
[ERROR] Process Exit Code: 1
[ERROR] 	at org.apache.maven.plugin.surefire.booterclient.ForkStarter.fork(ForkStarter.java:669)
[ERROR] 	at org.apache.maven.plugin.surefire.booterclient.ForkStarter.run(ForkStarter.java:282)
[ERROR] 	at org.apache.maven.plugin.surefire.booterclient.ForkStarter.run(ForkStarter.java:245)
[ERROR] 	at org.apache.maven.plugin.surefire.AbstractSurefireMojo.executeProvider(AbstractSurefireMojo.java:1183)
[ERROR] 	at org.apache.maven.plugin.surefire.AbstractSurefireMojo.executeAfterPreconditionsChecked(AbstractSurefireMojo.java:1011)
[ERROR] 	at org.apache.maven.plugin.surefire.AbstractSurefireMojo.execute(AbstractSurefireMojo.java:857)
[ERROR] 	at org.apache.maven.plugin.DefaultBuildPluginManager.executeMojo(DefaultBuildPluginManager.java:137)
[ERROR] 	at org.apache.maven.lifecycle.internal.MojoExecutor.doExecute2(MojoExecutor.java:370)
[ERROR] 	at org.apache.maven.lifecycle.internal.MojoExecutor.doExecute(MojoExecutor.java:351)
[ERROR] 	at org.apache.maven.lifecycle.internal.MojoExecutor.execute(MojoExecutor.java:215)
[ERROR] 	at org.apache.maven.lifecycle.internal.MojoExecutor.execute(MojoExecutor.java:171)
[ERROR] 	at org.apache.maven.lifecycle.internal.MojoExecutor.execute(MojoExecutor.java:163)
[ERROR] 	at org.apache.maven.lifecycle.internal.LifecycleModuleBuilder.buildProject(LifecycleModuleBuilder.java:117)
[ERROR] 	at org.apache.maven.lifecycle.internal.LifecycleModuleBuilder.buildProject(LifecycleModuleBuilder.java:81)
[ERROR] 	at org.apache.maven.lifecycle.internal.builder.singlethreaded.SingleThreadedBuilder.build(SingleThreadedBuilder.java:56)
[ERROR] 	at org.apache.maven.lifecycle.internal.LifecycleStarter.execute(LifecycleStarter.java:128)
[ERROR] 	at org.apache.maven.DefaultMaven.doExecute(DefaultMaven.java:299)
[ERROR] 	at org.apache.maven.DefaultMaven.doExecute(DefaultMaven.java:193)
[ERROR] 	at org.apache.maven.DefaultMaven.execute(DefaultMaven.java:106)
[ERROR] 	at org.apache.maven.cli.MavenCli.execute(MavenCli.java:963)
[ERROR] 	at org.apache.maven.cli.MavenCli.doMain(MavenCli.java:296)
[ERROR] 	at org.apache.maven.cli.MavenCli.main(MavenCli.java:199)
[ERROR] 	at java.base/jdk.internal.reflect.NativeMethodAccessorImpl.invoke0(Native Method)
[ERROR] 	at java.base/jdk.internal.reflect.NativeMethodAccessorImpl.invoke(NativeMethodAccessorImpl.java:62)
[ERROR] 	at java.base/jdk.internal.reflect.DelegatingMethodAccessorImpl.invoke(DelegatingMethodAccessorImpl.java:43)
[ERROR] 	at java.base/java.lang.reflect.Method.invoke(Method.java:566)
[ERROR] 	at org.codehaus.plexus.classworlds.launcher.Launcher.launchEnhanced(Launcher.java:282)
[ERROR] 	at org.codehaus.plexus.classworlds.launcher.Launcher.launch(Launcher.java:225)
[ERROR] 	at org.codehaus.plexus.classworlds.launcher.Launcher.mainWithExitCode(Launcher.java:406)
[ERROR] 	at org.codehaus.plexus.classworlds.launcher.Launcher.main(Launcher.java:347)
[ERROR] 
[ERROR] -> [Help 1]
[ERROR] 
[ERROR] To see the full stack trace of the errors, re-run Maven with the -e switch.
[ERROR] Re-run Maven using the -X switch to enable full debug logging.
[ERROR] 
[ERROR] For more information about the errors and possible solutions, please read the following articles:
[ERROR] [Help 1] http://cwiki.apache.org/confluence/display/MAVEN/MojoExecutionException
