[INFO] Scanning for projects...
[INFO] 
[INFO] --------------------< org.markdownj:markdownj-core >--------------------
[INFO] Building MarkdownJ Core 0.5-SNAPSHOT
[INFO]   from pom.xml
[INFO] --------------------------------[ jar ]---------------------------------
[INFO] 
[INFO] --- maven-clean-plugin:2.5:clean (default-clean) @ markdownj-core ---
[INFO] Deleting /Users/adminuser/Documents/Work/Experiment/ChatGPT/oragen-main/src/tmp/repos/markdownj/core/target
[INFO] 
[INFO] --- maven-enforcer-plugin:1.2:enforce (enforce-maven) @ markdownj-core ---
[INFO] 
[INFO] --- maven-resources-plugin:2.2:resources (default-resources) @ markdownj-core ---
[INFO] Using encoding: 'UTF-8' to copy filtered resources.
[INFO] 
[INFO] --- maven-compiler-plugin:3.8.1:compile (default-compile) @ markdownj-core ---
[INFO] Changes detected - recompiling the module!
[INFO] Compiling 8 source files to /Users/adminuser/Documents/Work/Experiment/ChatGPT/oragen-main/src/tmp/repos/markdownj/core/target/classes
[INFO] 
[INFO] --- maven-resources-plugin:2.2:testResources (default-testResources) @ markdownj-core ---
[INFO] Using encoding: 'UTF-8' to copy filtered resources.
[INFO] 
[INFO] --- maven-compiler-plugin:3.8.1:testCompile (default-testCompile) @ markdownj-core ---
[INFO] Changes detected - recompiling the module!
[INFO] Compiling 11 source files to /Users/adminuser/Documents/Work/Experiment/ChatGPT/oragen-main/src/tmp/repos/markdownj/core/target/test-classes
[INFO] /Users/adminuser/Documents/Work/Experiment/ChatGPT/oragen-main/src/tmp/repos/markdownj/core/src/test/java/org/markdownj/test/MarkupFileTester.java: Some input files use unchecked or unsafe operations.
[INFO] /Users/adminuser/Documents/Work/Experiment/ChatGPT/oragen-main/src/tmp/repos/markdownj/core/src/test/java/org/markdownj/test/MarkupFileTester.java: Recompile with -Xlint:unchecked for details.
[INFO] -------------------------------------------------------------
[ERROR] COMPILATION ERROR : 
[INFO] -------------------------------------------------------------
[ERROR] /Users/adminuser/Documents/Work/Experiment/ChatGPT/oragen-main/src/tmp/repos/markdownj/core/src/test/java/org/markdownj/test/EdgeCases.java:[59,40] cannot find symbol
  symbol:   variable markdown
  location: class org.markdownj.test.EdgeCases
[INFO] 1 error
[INFO] -------------------------------------------------------------
[INFO] ------------------------------------------------------------------------
[INFO] BUILD FAILURE
[INFO] ------------------------------------------------------------------------
[INFO] Total time:  1.897 s
[INFO] Finished at: 2023-07-23T21:50:28+06:00
[INFO] ------------------------------------------------------------------------
[ERROR] Failed to execute goal org.apache.maven.plugins:maven-compiler-plugin:3.8.1:testCompile (default-testCompile) on project markdownj-core: Compilation failure
[ERROR] /Users/adminuser/Documents/Work/Experiment/ChatGPT/oragen-main/src/tmp/repos/markdownj/core/src/test/java/org/markdownj/test/EdgeCases.java:[59,40] cannot find symbol
[ERROR]   symbol:   variable markdown
[ERROR]   location: class org.markdownj.test.EdgeCases
[ERROR] 
[ERROR] -> [Help 1]
[ERROR] 
[ERROR] To see the full stack trace of the errors, re-run Maven with the -e switch.
[ERROR] Re-run Maven using the -X switch to enable full debug logging.
[ERROR] 
[ERROR] For more information about the errors and possible solutions, please read the following articles:
[ERROR] [Help 1] http://cwiki.apache.org/confluence/display/MAVEN/MojoFailureException
