[INFO] Scanning for projects...
[INFO] 
[INFO] --------------------< org.markdownj:markdownj-core >--------------------
[INFO] Building MarkdownJ Core 0.5-SNAPSHOT
[INFO]   from pom.xml
[INFO] --------------------------------[ jar ]---------------------------------
[INFO] 
[INFO] --- maven-clean-plugin:2.5:clean (default-clean) @ markdownj-core ---
[INFO] Deleting /Users/adminuser/Documents/Work/Experiment/ChatGPT/oragen-main/src/tmp/repos/markdownj/core/target
[INFO] 
[INFO] --- maven-enforcer-plugin:1.2:enforce (enforce-maven) @ markdownj-core ---
[INFO] 
[INFO] --- maven-resources-plugin:2.2:resources (default-resources) @ markdownj-core ---
[INFO] Using encoding: 'UTF-8' to copy filtered resources.
[INFO] 
[INFO] --- maven-compiler-plugin:3.8.1:compile (default-compile) @ markdownj-core ---
[INFO] Changes detected - recompiling the module!
[INFO] Compiling 8 source files to /Users/adminuser/Documents/Work/Experiment/ChatGPT/oragen-main/src/tmp/repos/markdownj/core/target/classes
[INFO] 
[INFO] --- maven-resources-plugin:2.2:testResources (default-testResources) @ markdownj-core ---
[INFO] Using encoding: 'UTF-8' to copy filtered resources.
[INFO] 
[INFO] --- maven-compiler-plugin:3.8.1:testCompile (default-testCompile) @ markdownj-core ---
[INFO] Changes detected - recompiling the module!
[INFO] Compiling 11 source files to /Users/adminuser/Documents/Work/Experiment/ChatGPT/oragen-main/src/tmp/repos/markdownj/core/target/test-classes
[INFO] /Users/adminuser/Documents/Work/Experiment/ChatGPT/oragen-main/src/tmp/repos/markdownj/core/src/test/java/org/markdownj/test/MarkupFileTester.java: Some input files use unchecked or unsafe operations.
[INFO] /Users/adminuser/Documents/Work/Experiment/ChatGPT/oragen-main/src/tmp/repos/markdownj/core/src/test/java/org/markdownj/test/MarkupFileTester.java: Recompile with -Xlint:unchecked for details.
[INFO] 
[INFO] --- maven-surefire-plugin:2.16:test (default-test) @ markdownj-core ---
[INFO] Surefire report directory: /Users/adminuser/Documents/Work/Experiment/ChatGPT/oragen-main/src/tmp/repos/markdownj/core/target/surefire-reports

-------------------------------------------------------
 T E S T S
-------------------------------------------------------
Running org.markdownj.test.LineConventions
Tests run: 1, Failures: 1, Errors: 0, Skipped: 0, Time elapsed: 0.047 sec <<< FAILURE! - in org.markdownj.test.LineConventions
testWindowsLineConventions(org.markdownj.test.LineConventions)  Time elapsed: 0.021 sec  <<< FAILURE!
org.junit.ComparisonFailure: expected:<<p>[STR</p>][]> but was:<<p>[STR</p>][</p>
]>
	at org.junit.Assert.assertEquals(Assert.java:115)
	at org.junit.Assert.assertEquals(Assert.java:144)
	at org.markdownj.test.LineConventions.testWindowsLineConventions(LineConventions.java:61)


Results :

Failed tests: 
  LineConventions.testWindowsLineConventions:61 expected:<<p>[STR</p>][]> but was:<<p>[STR</p>][</p>
]>

Tests run: 1, Failures: 1, Errors: 0, Skipped: 0

[INFO] ------------------------------------------------------------------------
[INFO] BUILD FAILURE
[INFO] ------------------------------------------------------------------------
[INFO] Total time:  2.317 s
[INFO] Finished at: 2023-07-19T11:01:04+06:00
[INFO] ------------------------------------------------------------------------
[ERROR] Failed to execute goal org.apache.maven.plugins:maven-surefire-plugin:2.16:test (default-test) on project markdownj-core: There are test failures.
[ERROR] 
[ERROR] Please refer to /Users/adminuser/Documents/Work/Experiment/ChatGPT/oragen-main/src/tmp/repos/markdownj/core/target/surefire-reports for the individual test results.
[ERROR] -> [Help 1]
[ERROR] 
[ERROR] To see the full stack trace of the errors, re-run Maven with the -e switch.
[ERROR] Re-run Maven using the -X switch to enable full debug logging.
[ERROR] 
[ERROR] For more information about the errors and possible solutions, please read the following articles:
[ERROR] [Help 1] http://cwiki.apache.org/confluence/display/MAVEN/MojoFailureException
