[INFO] Scanning for projects...
[INFO] 
[INFO] ----------------------< org.nanohttpd:nanohttpd >-----------------------
[INFO] Building NanoHttpd-Core 2.3.2-SNAPSHOT
[INFO]   from pom.xml
[INFO] --------------------------------[ jar ]---------------------------------
[INFO] 
[INFO] --- clean:3.2.0:clean (default-clean) @ nanohttpd ---
[INFO] Deleting /Users/adminuser/Documents/Work/Experiment/ChatGPT/oragen-main/src/tmp/repos/nanohttpd/core/target
[INFO] 
[INFO] --- enforcer:1.0:enforce (enforce-maven) @ nanohttpd ---
[INFO] 
[INFO] --- jacoco:0.7.4.201502262128:prepare-agent (default-prepare-agent) @ nanohttpd ---
[INFO] argLine set to -javaagent:/Users/adminuser/.m2/repository/org/jacoco/org.jacoco.agent/0.7.4.201502262128/org.jacoco.agent-0.7.4.201502262128-runtime.jar=destfile=/Users/adminuser/Documents/Work/Experiment/ChatGPT/oragen-main/src/tmp/repos/nanohttpd/core/target/jacoco.exec
[INFO] 
[INFO] --- license:1.7:update-file-header (first) @ nanohttpd ---
[INFO] Will search files to update from root /Users/adminuser/Documents/Work/Experiment/ChatGPT/oragen-main/src/tmp/repos/nanohttpd/core/src/main/java
[INFO] Will search files to update from root /Users/adminuser/Documents/Work/Experiment/ChatGPT/oragen-main/src/tmp/repos/nanohttpd/core/src/test/java
[INFO] Scan 54 files header done in 304.046ms.
[INFO] All files are up-to-date.
[INFO] 
[INFO] --- license:1.7:update-project-license (first) @ nanohttpd ---
[INFO] 
[INFO] --- java-formatter:0.4:format (default) @ nanohttpd ---
[INFO] Using 'UTF-8' encoding to format source files.
[INFO] Number of files to be formatted: 54
[INFO] Successfully formatted: 1 file(s)
[INFO] Fail to format        : 0 file(s)
[INFO] Skipped               : 53 file(s)
[INFO] Approximate time taken: 1s
[INFO] 
[INFO] --- resources:3.3.0:resources (default-resources) @ nanohttpd ---
[INFO] Copying 2 resources
[INFO] Copying 1 resource
[INFO] 
[INFO] --- compiler:3.3:compile (default-compile) @ nanohttpd ---
[INFO] Changes detected - recompiling the module!
[INFO] Compiling 26 source files to /Users/adminuser/Documents/Work/Experiment/ChatGPT/oragen-main/src/tmp/repos/nanohttpd/core/target/classes
[INFO] /Users/adminuser/Documents/Work/Experiment/ChatGPT/oragen-main/src/tmp/repos/nanohttpd/core/src/main/java/org/nanohttpd/util/ServerRunner.java: /Users/adminuser/Documents/Work/Experiment/ChatGPT/oragen-main/src/tmp/repos/nanohttpd/core/src/main/java/org/nanohttpd/util/ServerRunner.java uses or overrides a deprecated API.
[INFO] /Users/adminuser/Documents/Work/Experiment/ChatGPT/oragen-main/src/tmp/repos/nanohttpd/core/src/main/java/org/nanohttpd/util/ServerRunner.java: Recompile with -Xlint:deprecation for details.
[INFO] 
[INFO] --- resources:3.3.0:testResources (default-testResources) @ nanohttpd ---
[INFO] Copying 4 resources
[INFO] 
[INFO] --- compiler:3.3:testCompile (default-testCompile) @ nanohttpd ---
[INFO] Changes detected - recompiling the module!
[INFO] Compiling 28 source files to /Users/adminuser/Documents/Work/Experiment/ChatGPT/oragen-main/src/tmp/repos/nanohttpd/core/target/test-classes
[INFO] /Users/adminuser/Documents/Work/Experiment/ChatGPT/oragen-main/src/tmp/repos/nanohttpd/core/src/test/java/org/nanohttpd/junit/protocols/http/HttpKeepAliveTest.java: Some input files use or override a deprecated API.
[INFO] /Users/adminuser/Documents/Work/Experiment/ChatGPT/oragen-main/src/tmp/repos/nanohttpd/core/src/test/java/org/nanohttpd/junit/protocols/http/HttpKeepAliveTest.java: Recompile with -Xlint:deprecation for details.
[INFO] -------------------------------------------------------------
[ERROR] COMPILATION ERROR : 
[INFO] -------------------------------------------------------------
[ERROR] /Users/adminuser/Documents/Work/Experiment/ChatGPT/oragen-main/src/tmp/repos/nanohttpd/core/src/test/java/org/nanohttpd/junit/protocols/http/HttpGetRequestTest.java:[186,39] cannot find symbol
  symbol:   variable Status
  location: class org.nanohttpd.junit.protocols.http.HttpGetRequestTest
[INFO] 1 error
[INFO] -------------------------------------------------------------
[INFO] ------------------------------------------------------------------------
[INFO] BUILD FAILURE
[INFO] ------------------------------------------------------------------------
[INFO] Total time:  7.420 s
[INFO] Finished at: 2023-06-09T11:35:13-04:00
[INFO] ------------------------------------------------------------------------
[ERROR] Failed to execute goal org.apache.maven.plugins:maven-compiler-plugin:3.3:testCompile (default-testCompile) on project nanohttpd: Compilation failure
[ERROR] /Users/adminuser/Documents/Work/Experiment/ChatGPT/oragen-main/src/tmp/repos/nanohttpd/core/src/test/java/org/nanohttpd/junit/protocols/http/HttpGetRequestTest.java:[186,39] cannot find symbol
[ERROR]   symbol:   variable Status
[ERROR]   location: class org.nanohttpd.junit.protocols.http.HttpGetRequestTest
[ERROR] 
[ERROR] -> [Help 1]
[ERROR] 
[ERROR] To see the full stack trace of the errors, re-run Maven with the -e switch.
[ERROR] Re-run Maven using the -X switch to enable full debug logging.
[ERROR] 
[ERROR] For more information about the errors and possible solutions, please read the following articles:
[ERROR] [Help 1] http://cwiki.apache.org/confluence/display/MAVEN/MojoFailureException
