[INFO] Scanning for projects...
[INFO] 
[INFO] ----------------------< com.rockagen:commons-lib >----------------------
[INFO] Building commons-lib 0.1.10-RELEASE
[INFO]   from pom.xml
[INFO] --------------------------------[ jar ]---------------------------------
[INFO] 
[INFO] --- maven-clean-plugin:2.5:clean (default-clean) @ commons-lib ---
[INFO] Deleting /Users/adminuser/Documents/Work/Experiment/ChatGPT/oragen-main/src/tmp/repos/commons-lib/target
[INFO] 
[INFO] --- maven-resources-plugin:2.6:resources (default-resources) @ commons-lib ---
[INFO] Using 'UTF-8' encoding to copy filtered resources.
[INFO] Copying 1 resource
[INFO] 
[INFO] --- maven-compiler-plugin:3.8.1:compile (default-compile) @ commons-lib ---
[INFO] Changes detected - recompiling the module!
[INFO] Compiling 16 source files to /Users/adminuser/Documents/Work/Experiment/ChatGPT/oragen-main/src/tmp/repos/commons-lib/target/classes
[WARNING] [options] bootstrap class path not set in conjunction with -source 8
[WARNING] /Users/adminuser/Documents/Work/Experiment/ChatGPT/oragen-main/src/tmp/repos/commons-lib/src/main/java/com/rockagen/commons/util/Arith.java:[40,55] [deprecation] ROUND_HALF_UP in BigDecimal has been deprecated
[WARNING] /Users/adminuser/Documents/Work/Experiment/ChatGPT/oragen-main/src/tmp/repos/commons-lib/src/main/java/com/rockagen/commons/util/Arith.java:[175,17] [deprecation] divide(BigDecimal,int,int) in BigDecimal has been deprecated
[WARNING] /Users/adminuser/Documents/Work/Experiment/ChatGPT/oragen-main/src/tmp/repos/commons-lib/src/main/java/com/rockagen/commons/util/Arith.java:[196,17] [deprecation] divide(BigDecimal,int,int) in BigDecimal has been deprecated
[WARNING] /Users/adminuser/Documents/Work/Experiment/ChatGPT/oragen-main/src/tmp/repos/commons-lib/src/main/java/com/rockagen/commons/util/Arith.java:[233,13] [deprecation] divide(BigDecimal,int,int) in BigDecimal has been deprecated
[WARNING] /Users/adminuser/Documents/Work/Experiment/ChatGPT/oragen-main/src/tmp/repos/commons-lib/src/main/java/com/rockagen/commons/util/Arith.java:[270,13] [deprecation] divide(BigDecimal,int,int) in BigDecimal has been deprecated
[INFO] 
[INFO] --- maven-resources-plugin:2.6:testResources (default-testResources) @ commons-lib ---
[INFO] Using 'UTF-8' encoding to copy filtered resources.
[INFO] Copying 1 resource
[INFO] 
[INFO] --- maven-compiler-plugin:3.8.1:testCompile (default-testCompile) @ commons-lib ---
[INFO] Changes detected - recompiling the module!
[INFO] Compiling 12 source files to /Users/adminuser/Documents/Work/Experiment/ChatGPT/oragen-main/src/tmp/repos/commons-lib/target/test-classes
[INFO] -------------------------------------------------------------
[WARNING] COMPILATION WARNING : 
[INFO] -------------------------------------------------------------
[WARNING] [options] bootstrap class path not set in conjunction with -source 8
[INFO] 1 warning
[INFO] -------------------------------------------------------------
[INFO] -------------------------------------------------------------
[ERROR] COMPILATION ERROR : 
[INFO] -------------------------------------------------------------
[ERROR] /Users/adminuser/Documents/Work/Experiment/ChatGPT/oragen-main/src/tmp/repos/commons-lib/src/test/java/com/rockagen/commons/util/ReflexUtilTest.java:[40,24] error: no suitable method found for assertEquals(Integer,int,String)
    method Assert.assertEquals(String,Object,Object) is not applicable
      (argument mismatch; Integer cannot be converted to String)
    method Assert.assertEquals(String,long,long) is not applicable
      (argument mismatch; Integer cannot be converted to String)
    method Assert.assertEquals(String,double,double) is not applicable
      (argument mismatch; Integer cannot be converted to String)
    method Assert.assertEquals(double,double,double) is not applicable
      (argument mismatch; String cannot be converted to double)
    method Assert.assertEquals(String,Object[],Object[]) is not applicable
      (argument mismatch; Integer cannot be converted to String)
[INFO] 1 error
[INFO] -------------------------------------------------------------
[INFO] ------------------------------------------------------------------------
[INFO] BUILD FAILURE
[INFO] ------------------------------------------------------------------------
[INFO] Total time:  3.457 s
[INFO] Finished at: 2023-07-19T22:33:28+06:00
[INFO] ------------------------------------------------------------------------
[ERROR] Failed to execute goal org.apache.maven.plugins:maven-compiler-plugin:3.8.1:testCompile (default-testCompile) on project commons-lib: Compilation failure
[ERROR] /Users/adminuser/Documents/Work/Experiment/ChatGPT/oragen-main/src/tmp/repos/commons-lib/src/test/java/com/rockagen/commons/util/ReflexUtilTest.java:[40,24] error: no suitable method found for assertEquals(Integer,int,String)
[ERROR]     method Assert.assertEquals(String,Object,Object) is not applicable
[ERROR]       (argument mismatch; Integer cannot be converted to String)
[ERROR]     method Assert.assertEquals(String,long,long) is not applicable
[ERROR]       (argument mismatch; Integer cannot be converted to String)
[ERROR]     method Assert.assertEquals(String,double,double) is not applicable
[ERROR]       (argument mismatch; Integer cannot be converted to String)
[ERROR]     method Assert.assertEquals(double,double,double) is not applicable
[ERROR]       (argument mismatch; String cannot be converted to double)
[ERROR]     method Assert.assertEquals(String,Object[],Object[]) is not applicable
[ERROR]       (argument mismatch; Integer cannot be converted to String)
[ERROR] 
[ERROR] -> [Help 1]
[ERROR] 
[ERROR] To see the full stack trace of the errors, re-run Maven with the -e switch.
[ERROR] Re-run Maven using the -X switch to enable full debug logging.
[ERROR] 
[ERROR] For more information about the errors and possible solutions, please read the following articles:
[ERROR] [Help 1] http://cwiki.apache.org/confluence/display/MAVEN/MojoFailureException
