[INFO] Scanning for projects...
[INFO] 
[INFO] ---------< com.digitalpebble.stormcrawler:storm-crawler-warc >----------
[INFO] Building storm-crawler-warc 2.2
[INFO]   from pom.xml
[INFO] --------------------------------[ jar ]---------------------------------
Downloading from maven-default-http-blocker: http://0.0.0.0/net/minidev/json-smart/maven-metadata.xml
[WARNING] Could not transfer metadata net.minidev:json-smart/maven-metadata.xml from/to maven-default-http-blocker (http://0.0.0.0/): transfer failed for http://0.0.0.0/net/minidev/json-smart/maven-metadata.xml
[INFO] 
[INFO] --- maven-clean-plugin:2.5:clean (default-clean) @ storm-crawler-warc ---
[INFO] Deleting /Users/adminuser/Documents/Work/Experiment/ChatGPT/oragen-main/src/tmp/repos/storm-crawler/external/warc/target
[INFO] 
[INFO] --- maven-enforcer-plugin:3.0.0:enforce (enforce-maven) @ storm-crawler-warc ---
[INFO] 
[INFO] --- maven-enforcer-plugin:3.0.0:enforce (exclude-vulnerable-log4j-versions) @ storm-crawler-warc ---
[WARNING] net.minidev:json-smart/maven-metadata.xmlfailed to transfer from http://0.0.0.0/ during a previous attempt. This failure was cached in the local repository and resolution will not be reattempted until the update interval of maven-default-http-blocker has elapsed or updates are forced. Original error: Could not transfer metadata net.minidev:json-smart/maven-metadata.xml from/to maven-default-http-blocker (http://0.0.0.0/): transfer failed for http://0.0.0.0/net/minidev/json-smart/maven-metadata.xml
[INFO] 
[INFO] --- git-code-format-maven-plugin:2.7:install-hooks (install-formatter-hook) @ storm-crawler-warc ---
[INFO] Installing git hooks
[INFO] Installed git hooks
[INFO] 
[INFO] --- maven-resources-plugin:2.6:resources (default-resources) @ storm-crawler-warc ---
[INFO] Using 'UTF-8' encoding to copy filtered resources.
[INFO] skip non existing resourceDirectory /Users/adminuser/Documents/Work/Experiment/ChatGPT/oragen-main/src/tmp/repos/storm-crawler/external/warc/src/main/resources
[INFO] 
[INFO] --- maven-compiler-plugin:3.2:compile (default-compile) @ storm-crawler-warc ---
[INFO] Changes detected - recompiling the module!
[INFO] Compiling 7 source files to /Users/adminuser/Documents/Work/Experiment/ChatGPT/oragen-main/src/tmp/repos/storm-crawler/external/warc/target/classes
[INFO] /Users/adminuser/Documents/Work/Experiment/ChatGPT/oragen-main/src/tmp/repos/storm-crawler/external/warc/src/main/java/com/digitalpebble/stormcrawler/warc/WARCSpout.java: /Users/adminuser/Documents/Work/Experiment/ChatGPT/oragen-main/src/tmp/repos/storm-crawler/external/warc/src/main/java/com/digitalpebble/stormcrawler/warc/WARCSpout.java uses or overrides a deprecated API.
[INFO] /Users/adminuser/Documents/Work/Experiment/ChatGPT/oragen-main/src/tmp/repos/storm-crawler/external/warc/src/main/java/com/digitalpebble/stormcrawler/warc/WARCSpout.java: Recompile with -Xlint:deprecation for details.
[INFO] /Users/adminuser/Documents/Work/Experiment/ChatGPT/oragen-main/src/tmp/repos/storm-crawler/external/warc/src/main/java/com/digitalpebble/stormcrawler/warc/WARCHdfsBolt.java: /Users/adminuser/Documents/Work/Experiment/ChatGPT/oragen-main/src/tmp/repos/storm-crawler/external/warc/src/main/java/com/digitalpebble/stormcrawler/warc/WARCHdfsBolt.java uses unchecked or unsafe operations.
[INFO] /Users/adminuser/Documents/Work/Experiment/ChatGPT/oragen-main/src/tmp/repos/storm-crawler/external/warc/src/main/java/com/digitalpebble/stormcrawler/warc/WARCHdfsBolt.java: Recompile with -Xlint:unchecked for details.
[INFO] 
[INFO] --- maven-resources-plugin:2.6:testResources (default-testResources) @ storm-crawler-warc ---
[INFO] Using 'UTF-8' encoding to copy filtered resources.
[INFO] skip non existing resourceDirectory /Users/adminuser/Documents/Work/Experiment/ChatGPT/oragen-main/src/tmp/repos/storm-crawler/external/warc/src/test/resources
[INFO] 
[INFO] --- maven-compiler-plugin:3.2:testCompile (default-testCompile) @ storm-crawler-warc ---
[INFO] Changes detected - recompiling the module!
[INFO] Compiling 1 source file to /Users/adminuser/Documents/Work/Experiment/ChatGPT/oragen-main/src/tmp/repos/storm-crawler/external/warc/target/test-classes
[INFO] -------------------------------------------------------------
[ERROR] COMPILATION ERROR : 
[INFO] -------------------------------------------------------------
[ERROR] /Users/adminuser/Documents/Work/Experiment/ChatGPT/oragen-main/src/tmp/repos/storm-crawler/external/warc/src/test/java/com/digitalpebble/stormcrawler/warc/WARCRecordFormatTest.java:[45,39] cannot find symbol
  symbol:   variable expected
  location: class com.digitalpebble.stormcrawler.warc.WARCRecordFormatTest
[ERROR] /Users/adminuser/Documents/Work/Experiment/ChatGPT/oragen-main/src/tmp/repos/storm-crawler/external/warc/src/test/java/com/digitalpebble/stormcrawler/warc/WARCRecordFormatTest.java:[45,49] cannot find symbol
  symbol:   variable actual
  location: class com.digitalpebble.stormcrawler.warc.WARCRecordFormatTest
[INFO] 2 errors 
[INFO] -------------------------------------------------------------
[INFO] ------------------------------------------------------------------------
[INFO] BUILD FAILURE
[INFO] ------------------------------------------------------------------------
[INFO] Total time:  01:24 min
[INFO] Finished at: 2023-06-06T20:24:02-04:00
[INFO] ------------------------------------------------------------------------
[ERROR] Failed to execute goal org.apache.maven.plugins:maven-compiler-plugin:3.2:testCompile (default-testCompile) on project storm-crawler-warc: Compilation failure: Compilation failure: 
[ERROR] /Users/adminuser/Documents/Work/Experiment/ChatGPT/oragen-main/src/tmp/repos/storm-crawler/external/warc/src/test/java/com/digitalpebble/stormcrawler/warc/WARCRecordFormatTest.java:[45,39] cannot find symbol
[ERROR]   symbol:   variable expected
[ERROR]   location: class com.digitalpebble.stormcrawler.warc.WARCRecordFormatTest
[ERROR] /Users/adminuser/Documents/Work/Experiment/ChatGPT/oragen-main/src/tmp/repos/storm-crawler/external/warc/src/test/java/com/digitalpebble/stormcrawler/warc/WARCRecordFormatTest.java:[45,49] cannot find symbol
[ERROR]   symbol:   variable actual
[ERROR]   location: class com.digitalpebble.stormcrawler.warc.WARCRecordFormatTest
[ERROR] -> [Help 1]
[ERROR] 
[ERROR] To see the full stack trace of the errors, re-run Maven with the -e switch.
[ERROR] Re-run Maven using the -X switch to enable full debug logging.
[ERROR] 
[ERROR] For more information about the errors and possible solutions, please read the following articles:
[ERROR] [Help 1] http://cwiki.apache.org/confluence/display/MAVEN/MojoFailureException
