[INFO] Scanning for projects...
[INFO] 
[INFO] ----------------------< com.helger:ph-genericode >----------------------
[INFO] Building ph-genericode 6.3.0
[INFO]   from pom.xml
[INFO] -------------------------------[ bundle ]-------------------------------
[INFO] 
[INFO] --- maven-clean-plugin:3.1.0:clean (default-clean) @ ph-genericode ---
[INFO] Deleting /Users/adminuser/Documents/Work/Experiment/ChatGPT/oragen-main/src/tmp/repos/ph-genericode/target
[INFO] 
[INFO] --- maven-jaxb2-plugin:0.14.0:generate (default) @ ph-genericode ---
[INFO] Default Locale was set to 'en_US'
[INFO] Sources are not up-to-date, XJC will be executed.
[INFO] Running JAXB plugin -Xph-annotate
[INFO] Running JAXB plugin -Xph-fields-private
[INFO] Running JAXB plugin -Xph-code-quality
[INFO] Running JAXB plugin -Xph-implements
[INFO] Running JAXB plugin -Xph-equalshashcode
[INFO] Running JAXB plugin -Xph-tostring
[INFO] Running JAXB plugin -Xph-list-extension
[INFO] Running JAXB plugin -Xph-csu
[INFO] Running JAXB plugin -Xph-cloneable2
[INFO] Running JAXB plugin -Xph-value-extender
[INFO]   Found OffsetDTExtension plugin
[INFO] Running JAXB plugin -Xph-offset-dt-extension
[INFO] Episode file [/Users/adminuser/Documents/Work/Experiment/ChatGPT/oragen-main/src/tmp/repos/ph-genericode/target/generated-sources/xjc/META-INF/sun-jaxb.episode] was augmented with if-exists="true" attributes.
[INFO] 
[INFO] --- ph-buildinfo-maven-plugin:3.0.1:generate-buildinfo (default) @ ph-genericode ---
[INFO] Successfully created temp directory buildinfo-maven-plugin
[INFO] 
[INFO] --- maven-resources-plugin:3.2.0:resources (default-resources) @ ph-genericode ---
[INFO] Using 'UTF-8' encoding to copy filtered resources.
[INFO] Using 'UTF-8' encoding to copy filtered properties files.
[INFO] Copying 6 resources
[INFO] Copying 1 resource
[INFO] Copying 1 resource to META-INF
[INFO] 
[INFO] --- maven-compiler-plugin:3.8.1:compile (default-compile) @ ph-genericode ---
[INFO] Changes detected - recompiling the module!
[INFO] Compiling 106 source files to /Users/adminuser/Documents/Work/Experiment/ChatGPT/oragen-main/src/tmp/repos/ph-genericode/target/classes
[WARNING] bootstrap class path not set in conjunction with -source 8
[INFO] 
[INFO] --- maven-resources-plugin:3.2.0:testResources (default-testResources) @ ph-genericode ---
[INFO] Using 'UTF-8' encoding to copy filtered resources.
[INFO] Using 'UTF-8' encoding to copy filtered properties files.
[INFO] Copying 132 resources
[INFO] 
[INFO] --- maven-compiler-plugin:3.8.1:testCompile (default-testCompile) @ ph-genericode ---
[INFO] Changes detected - recompiling the module!
[INFO] Compiling 7 source files to /Users/adminuser/Documents/Work/Experiment/ChatGPT/oragen-main/src/tmp/repos/ph-genericode/target/test-classes
[INFO] -------------------------------------------------------------
[WARNING] COMPILATION WARNING : 
[INFO] -------------------------------------------------------------
[WARNING] bootstrap class path not set in conjunction with -source 8
[INFO] 1 warning
[INFO] -------------------------------------------------------------
[INFO] -------------------------------------------------------------
[ERROR] COMPILATION ERROR : 
[INFO] -------------------------------------------------------------
[ERROR] /Users/adminuser/Documents/Work/Experiment/ChatGPT/oragen-main/src/tmp/repos/ph-genericode/src/test/java/com/helger/genericode/excel/ExcelSheetToCodeList10Test.java:[45,64] cannot find symbol
  symbol:   method getName()
  location: variable aXls of type com.helger.commons.io.resource.IReadableResource
[INFO] 1 error
[INFO] -------------------------------------------------------------
[INFO] ------------------------------------------------------------------------
[INFO] BUILD FAILURE
[INFO] ------------------------------------------------------------------------
[INFO] Total time:  5.299 s
[INFO] Finished at: 2023-05-31T05:11:47-04:00
[INFO] ------------------------------------------------------------------------
[ERROR] Failed to execute goal org.apache.maven.plugins:maven-compiler-plugin:3.8.1:testCompile (default-testCompile) on project ph-genericode: Compilation failure
[ERROR] /Users/adminuser/Documents/Work/Experiment/ChatGPT/oragen-main/src/tmp/repos/ph-genericode/src/test/java/com/helger/genericode/excel/ExcelSheetToCodeList10Test.java:[45,64] cannot find symbol
[ERROR]   symbol:   method getName()
[ERROR]   location: variable aXls of type com.helger.commons.io.resource.IReadableResource
[ERROR] 
[ERROR] -> [Help 1]
[ERROR] 
[ERROR] To see the full stack trace of the errors, re-run Maven with the -e switch.
[ERROR] Re-run Maven using the -X switch to enable full debug logging.
[ERROR] 
[ERROR] For more information about the errors and possible solutions, please read the following articles:
[ERROR] [Help 1] http://cwiki.apache.org/confluence/display/MAVEN/MojoFailureException
