[INFO] Scanning for projects...
[INFO] 
[INFO] ----------------< com.yubico:yubico-validation-client2 >----------------
[INFO] Building Yubico OTP validation client protocol 2 3.0.5
[INFO]   from pom.xml
[INFO] --------------------------------[ jar ]---------------------------------
[INFO] 
[INFO] --- maven-clean-plugin:2.5:clean (default-clean) @ yubico-validation-client2 ---
[INFO] Deleting /Users/adminuser/Documents/Work/Experiment/ChatGPT/oragen-main/src/tmp/repos/yubico-java-client/v2client/target
[INFO] 
[INFO] --- maven-resources-plugin:2.6:resources (default-resources) @ yubico-validation-client2 ---
[INFO] Using 'UTF-8' encoding to copy filtered resources.
[INFO] Copying 2 resources
[INFO] 
[INFO] --- maven-compiler-plugin:3.8.1:compile (default-compile) @ yubico-validation-client2 ---
[INFO] Changes detected - recompiling the module!
[INFO] Compiling 14 source files to /Users/adminuser/Documents/Work/Experiment/ChatGPT/oragen-main/src/tmp/repos/yubico-java-client/v2client/target/classes
[INFO] 
[INFO] --- maven-resources-plugin:2.6:testResources (default-testResources) @ yubico-validation-client2 ---
[INFO] Using 'UTF-8' encoding to copy filtered resources.
[INFO] skip non existing resourceDirectory /Users/adminuser/Documents/Work/Experiment/ChatGPT/oragen-main/src/tmp/repos/yubico-java-client/v2client/src/test/resources
[INFO] 
[INFO] --- maven-compiler-plugin:3.8.1:testCompile (default-testCompile) @ yubico-validation-client2 ---
[INFO] Changes detected - recompiling the module!
[INFO] Compiling 3 source files to /Users/adminuser/Documents/Work/Experiment/ChatGPT/oragen-main/src/tmp/repos/yubico-java-client/v2client/target/test-classes
[INFO] -------------------------------------------------------------
[ERROR] COMPILATION ERROR : 
[INFO] -------------------------------------------------------------
[ERROR] /Users/adminuser/Documents/Work/Experiment/ChatGPT/oragen-main/src/tmp/repos/yubico-java-client/v2client/src/test/java/com/yubico/client/v2/YubicoClientTest.java:[124,37] cannot find symbol
  symbol:   variable conditionsResult
  location: class com.yubico.client.v2.YubicoClientTest
[INFO] 1 error
[INFO] -------------------------------------------------------------
[INFO] ------------------------------------------------------------------------
[INFO] BUILD FAILURE
[INFO] ------------------------------------------------------------------------
[INFO] Total time:  1.512 s
[INFO] Finished at: 2023-07-19T05:05:38+06:00
[INFO] ------------------------------------------------------------------------
[ERROR] Failed to execute goal org.apache.maven.plugins:maven-compiler-plugin:3.8.1:testCompile (default-testCompile) on project yubico-validation-client2: Compilation failure
[ERROR] /Users/adminuser/Documents/Work/Experiment/ChatGPT/oragen-main/src/tmp/repos/yubico-java-client/v2client/src/test/java/com/yubico/client/v2/YubicoClientTest.java:[124,37] cannot find symbol
[ERROR]   symbol:   variable conditionsResult
[ERROR]   location: class com.yubico.client.v2.YubicoClientTest
[ERROR] 
[ERROR] -> [Help 1]
[ERROR] 
[ERROR] To see the full stack trace of the errors, re-run Maven with the -e switch.
[ERROR] Re-run Maven using the -X switch to enable full debug logging.
[ERROR] 
[ERROR] For more information about the errors and possible solutions, please read the following articles:
[ERROR] [Help 1] http://cwiki.apache.org/confluence/display/MAVEN/MojoFailureException
