[INFO] Scanning for projects...
[INFO] 
[INFO] -------------------< io.openliberty.tools:ci.common >-------------------
[INFO] Building ci.common 1.8.18
[INFO]   from pom.xml
[INFO] --------------------------------[ jar ]---------------------------------
[INFO] 
[INFO] --- maven-clean-plugin:2.5:clean (default-clean) @ ci.common ---
[INFO] Deleting /Users/adminuser/Documents/Work/Experiment/ChatGPT/oragen-main/src/tmp/repos/ci.common/target
[INFO] 
[INFO] --- maven-resources-plugin:2.6:resources (default-resources) @ ci.common ---
[INFO] Using 'UTF-8' encoding to copy filtered resources.
[INFO] skip non existing resourceDirectory /Users/adminuser/Documents/Work/Experiment/ChatGPT/oragen-main/src/tmp/repos/ci.common/src/main/resources
[INFO] 
[INFO] --- maven-compiler-plugin:3.1:compile (default-compile) @ ci.common ---
[INFO] Changes detected - recompiling the module!
[INFO] Compiling 26 source files to /Users/adminuser/Documents/Work/Experiment/ChatGPT/oragen-main/src/tmp/repos/ci.common/target/classes
[WARNING] /Users/adminuser/Documents/Work/Experiment/ChatGPT/oragen-main/src/tmp/repos/ci.common/src/main/java/io/openliberty/tools/common/plugins/util/InstallFeatureUtil.java: Some input files use or override a deprecated API.
[WARNING] /Users/adminuser/Documents/Work/Experiment/ChatGPT/oragen-main/src/tmp/repos/ci.common/src/main/java/io/openliberty/tools/common/plugins/util/InstallFeatureUtil.java: Recompile with -Xlint:deprecation for details.
[WARNING] /Users/adminuser/Documents/Work/Experiment/ChatGPT/oragen-main/src/tmp/repos/ci.common/src/main/java/io/openliberty/tools/common/plugins/util/ServerFeatureUtil.java: /Users/adminuser/Documents/Work/Experiment/ChatGPT/oragen-main/src/tmp/repos/ci.common/src/main/java/io/openliberty/tools/common/plugins/util/ServerFeatureUtil.java uses unchecked or unsafe operations.
[WARNING] /Users/adminuser/Documents/Work/Experiment/ChatGPT/oragen-main/src/tmp/repos/ci.common/src/main/java/io/openliberty/tools/common/plugins/util/ServerFeatureUtil.java: Recompile with -Xlint:unchecked for details.
[INFO] 
[INFO] --- maven-resources-plugin:2.6:testResources (default-testResources) @ ci.common ---
[INFO] Using 'UTF-8' encoding to copy filtered resources.
[INFO] Copying 62 resources
[INFO] 
[INFO] --- maven-compiler-plugin:3.1:testCompile (default-testCompile) @ ci.common ---
[INFO] Changes detected - recompiling the module!
[INFO] Compiling 12 source files to /Users/adminuser/Documents/Work/Experiment/ChatGPT/oragen-main/src/tmp/repos/ci.common/target/test-classes
[INFO] -------------------------------------------------------------
[ERROR] COMPILATION ERROR : 
[INFO] -------------------------------------------------------------
[ERROR] /Users/adminuser/Documents/Work/Experiment/ChatGPT/oragen-main/src/tmp/repos/ci.common/src/test/java/io/openliberty/tools/common/plugins/util/DevUtilTest.java:[405,38] cannot find symbol
  symbol:   variable tempFile
  location: class io.openliberty.tools.common.plugins.util.DevUtilTest
[INFO] 1 error
[INFO] -------------------------------------------------------------
[INFO] ------------------------------------------------------------------------
[INFO] BUILD FAILURE
[INFO] ------------------------------------------------------------------------
[INFO] Total time:  2.453 s
[INFO] Finished at: 2023-07-19T16:07:13+06:00
[INFO] ------------------------------------------------------------------------
[ERROR] Failed to execute goal org.apache.maven.plugins:maven-compiler-plugin:3.1:testCompile (default-testCompile) on project ci.common: Compilation failure
[ERROR] /Users/adminuser/Documents/Work/Experiment/ChatGPT/oragen-main/src/tmp/repos/ci.common/src/test/java/io/openliberty/tools/common/plugins/util/DevUtilTest.java:[405,38] cannot find symbol
[ERROR]   symbol:   variable tempFile
[ERROR]   location: class io.openliberty.tools.common.plugins.util.DevUtilTest
[ERROR] 
[ERROR] -> [Help 1]
[ERROR] 
[ERROR] To see the full stack trace of the errors, re-run Maven with the -e switch.
[ERROR] Re-run Maven using the -X switch to enable full debug logging.
[ERROR] 
[ERROR] For more information about the errors and possible solutions, please read the following articles:
[ERROR] [Help 1] http://cwiki.apache.org/confluence/display/MAVEN/MojoFailureException
