[INFO] Scanning for projects...
[WARNING] 
[WARNING] Some problems were encountered while building the effective model for com.amlinv:stat-collection-utils:jar:2.0.1-SNAPSHOT
[WARNING] 'build.plugins.plugin.version' for org.apache.maven.plugins:maven-source-plugin is missing. @ line 127, column 21
[WARNING] 'build.plugins.plugin.version' for org.apache.maven.plugins:maven-javadoc-plugin is missing. @ line 113, column 21
[WARNING] 
[WARNING] It is highly recommended to fix these problems because they threaten the stability of your build.
[WARNING] 
[WARNING] For this reason, future Maven versions might no longer support building such malformed projects.
[WARNING] 
[INFO] Inspecting build with total of 1 modules...
[INFO] Installing Nexus Staging features:
[INFO]   ... total of 1 executions of maven-deploy-plugin replaced with nexus-staging-maven-plugin
[INFO] 
[INFO] ------------------< com.amlinv:stat-collection-utils >------------------
[INFO] Building Statistics Collection Utilities 2.0.1-SNAPSHOT
[INFO] --------------------------------[ jar ]---------------------------------
[INFO] 
[INFO] --- maven-clean-plugin:2.5:clean (default-clean) @ stat-collection-utils ---
[INFO] Deleting /mnt/beegfs/ihayet/ogpt/oragen/src/tmp/repos/stat-collection-utils/target
[INFO] 
[INFO] --- maven-resources-plugin:2.6:resources (default-resources) @ stat-collection-utils ---
[INFO] Using 'UTF-8' encoding to copy filtered resources.
[INFO] skip non existing resourceDirectory /mnt/beegfs/ihayet/ogpt/oragen/src/tmp/repos/stat-collection-utils/src/main/resources
[INFO] 
[INFO] --- maven-compiler-plugin:3.8.1:compile (default-compile) @ stat-collection-utils ---
[INFO] Changes detected - recompiling the module!
[INFO] Compiling 27 source files to /mnt/beegfs/ihayet/ogpt/oragen/src/tmp/repos/stat-collection-utils/target/classes
[INFO] /mnt/beegfs/ihayet/ogpt/oragen/src/tmp/repos/stat-collection-utils/src/main/java/com/amlinv/jmxutil/connection/impl/JolokiaConnection.java: /mnt/beegfs/ihayet/ogpt/oragen/src/tmp/repos/stat-collection-utils/src/main/java/com/amlinv/jmxutil/connection/impl/JolokiaConnection.java uses unchecked or unsafe operations.
[INFO] /mnt/beegfs/ihayet/ogpt/oragen/src/tmp/repos/stat-collection-utils/src/main/java/com/amlinv/jmxutil/connection/impl/JolokiaConnection.java: Recompile with -Xlint:unchecked for details.
[INFO] 
[INFO] --- maven-resources-plugin:2.6:testResources (default-testResources) @ stat-collection-utils ---
[INFO] Using 'UTF-8' encoding to copy filtered resources.
[INFO] Copying 1 resource
[INFO] 
[INFO] --- maven-compiler-plugin:3.8.1:testCompile (default-testCompile) @ stat-collection-utils ---
[INFO] Changes detected - recompiling the module!
[INFO] Compiling 16 source files to /mnt/beegfs/ihayet/ogpt/oragen/src/tmp/repos/stat-collection-utils/target/test-classes
[INFO] /mnt/beegfs/ihayet/ogpt/oragen/src/tmp/repos/stat-collection-utils/src/test/java/com/amlinv/jmxutil/connection/impl/JolokiaConnectionTest.java: Some input files use unchecked or unsafe operations.
[INFO] /mnt/beegfs/ihayet/ogpt/oragen/src/tmp/repos/stat-collection-utils/src/test/java/com/amlinv/jmxutil/connection/impl/JolokiaConnectionTest.java: Recompile with -Xlint:unchecked for details.
[INFO] 
[INFO] --- maven-surefire-plugin:2.12.4:test (default-test) @ stat-collection-utils ---
[INFO] Surefire report directory: /mnt/beegfs/ihayet/ogpt/oragen/src/tmp/repos/stat-collection-utils/target/surefire-reports

-------------------------------------------------------
 T E S T S
-------------------------------------------------------
Running com.amlinv.jmxutil.polling.JmxAttributePollerTest
Tests run: 1, Failures: 1, Errors: 0, Skipped: 0, Time elapsed: 0.634 sec <<< FAILURE!
testGetSetObjectQueryPreparer(com.amlinv.jmxutil.polling.JmxAttributePollerTest)  Time elapsed: 0.333 sec  <<< FAILURE!
java.lang.AssertionError: expected:<Mock for ObjectQueryPreparer, hashCode: 963601816> but was:<com.amlinv.jmxutil.polling.ObjectQueryPreparer@394e1a0f>
	at org.junit.Assert.fail(Assert.java:93)
	at org.junit.Assert.failNotEquals(Assert.java:647)
	at org.junit.Assert.assertEquals(Assert.java:128)
	at org.junit.Assert.assertEquals(Assert.java:147)
	at com.amlinv.jmxutil.polling.JmxAttributePollerTest.testGetSetObjectQueryPreparer(JmxAttributePollerTest.java:137)
	at sun.reflect.NativeMethodAccessorImpl.invoke0(Native Method)
	at sun.reflect.NativeMethodAccessorImpl.invoke(NativeMethodAccessorImpl.java:62)
	at sun.reflect.DelegatingMethodAccessorImpl.invoke(DelegatingMethodAccessorImpl.java:43)
	at java.lang.reflect.Method.invoke(Method.java:498)
	at org.junit.runners.model.FrameworkMethod$1.runReflectiveCall(FrameworkMethod.java:45)
	at org.junit.internal.runners.model.ReflectiveCallable.run(ReflectiveCallable.java:15)
	at org.junit.runners.model.FrameworkMethod.invokeExplosively(FrameworkMethod.java:42)
	at org.junit.internal.runners.statements.InvokeMethod.evaluate(InvokeMethod.java:20)
	at org.junit.internal.runners.statements.RunBefores.evaluate(RunBefores.java:28)
	at org.junit.runners.ParentRunner.runLeaf(ParentRunner.java:263)
	at org.junit.runners.BlockJUnit4ClassRunner.runChild(BlockJUnit4ClassRunner.java:68)
	at org.junit.runners.BlockJUnit4ClassRunner.runChild(BlockJUnit4ClassRunner.java:47)
	at org.junit.runners.ParentRunner$3.run(ParentRunner.java:231)
	at org.junit.runners.ParentRunner$1.schedule(ParentRunner.java:60)
	at org.junit.runners.ParentRunner.runChildren(ParentRunner.java:229)
	at org.junit.runners.ParentRunner.access$000(ParentRunner.java:50)
	at org.junit.runners.ParentRunner$2.evaluate(ParentRunner.java:222)
	at org.junit.runners.ParentRunner.run(ParentRunner.java:300)
	at org.apache.maven.surefire.junit4.JUnit4Provider.execute(JUnit4Provider.java:242)
	at org.apache.maven.surefire.junit4.JUnit4Provider.executeTestSet(JUnit4Provider.java:137)
	at org.apache.maven.surefire.junit4.JUnit4Provider.invoke(JUnit4Provider.java:112)
	at sun.reflect.NativeMethodAccessorImpl.invoke0(Native Method)
	at sun.reflect.NativeMethodAccessorImpl.invoke(NativeMethodAccessorImpl.java:62)
	at sun.reflect.DelegatingMethodAccessorImpl.invoke(DelegatingMethodAccessorImpl.java:43)
	at java.lang.reflect.Method.invoke(Method.java:498)
	at org.apache.maven.surefire.util.ReflectionUtils.invokeMethodWithArray(ReflectionUtils.java:189)
	at org.apache.maven.surefire.booter.ProviderFactory$ProviderProxy.invoke(ProviderFactory.java:165)
	at org.apache.maven.surefire.booter.ProviderFactory.invokeProvider(ProviderFactory.java:85)
	at org.apache.maven.surefire.booter.ForkedBooter.runSuitesInProcess(ForkedBooter.java:115)
	at org.apache.maven.surefire.booter.ForkedBooter.main(ForkedBooter.java:75)


Results :

Failed tests:   testGetSetObjectQueryPreparer(com.amlinv.jmxutil.polling.JmxAttributePollerTest): expected:<Mock for ObjectQueryPreparer, hashCode: 963601816> but was:<com.amlinv.jmxutil.polling.ObjectQueryPreparer@394e1a0f>

Tests run: 1, Failures: 1, Errors: 0, Skipped: 0

[INFO] ------------------------------------------------------------------------
[INFO] BUILD FAILURE
[INFO] ------------------------------------------------------------------------
[INFO] Total time:  5.506 s
[INFO] Finished at: 2023-07-01T20:34:07-04:00
[INFO] ------------------------------------------------------------------------
[ERROR] Failed to execute goal org.apache.maven.plugins:maven-surefire-plugin:2.12.4:test (default-test) on project stat-collection-utils: There are test failures.
[ERROR] 
[ERROR] Please refer to /mnt/beegfs/ihayet/ogpt/oragen/src/tmp/repos/stat-collection-utils/target/surefire-reports for the individual test results.
[ERROR] -> [Help 1]
[ERROR] 
[ERROR] To see the full stack trace of the errors, re-run Maven with the -e switch.
[ERROR] Re-run Maven using the -X switch to enable full debug logging.
[ERROR] 
[ERROR] For more information about the errors and possible solutions, please read the following articles:
[ERROR] [Help 1] http://cwiki.apache.org/confluence/display/MAVEN/MojoFailureException
