[INFO] Scanning for projects...
[WARNING] The project com.hazelcast.simulator:simulator:jar:0.14-SNAPSHOT uses prerequisites which is only intended for maven-plugin projects but not for non maven-plugin projects. For such purposes you should use the maven-enforcer-plugin. See https://maven.apache.org/enforcer/enforcer-rules/requireMavenVersion.html
[INFO] 
[INFO] -----------------< com.hazelcast.simulator:simulator >------------------
[INFO] Building Simulator Tool 0.14-SNAPSHOT
[INFO]   from pom.xml
[INFO] --------------------------------[ jar ]---------------------------------
[INFO] 
[INFO] --- maven-clean-plugin:2.5:clean (default-clean) @ simulator ---
[INFO] Deleting /Users/adminuser/Documents/Work/Experiment/ChatGPT/oragen-main/src/tmp/repos/hazelcast-simulator/simulator/target
[INFO] 
[INFO] --- git-commit-id-plugin:2.1.10:revision (default) @ simulator ---
[INFO] 
[INFO] --- maven-resources-plugin:2.6:resources (default-resources) @ simulator ---
[INFO] Using 'UTF-8' encoding to copy filtered resources.
[INFO] Copying 10 resources
[INFO] 
[INFO] --- maven-compiler-plugin:3.8.1:compile (default-compile) @ simulator ---
[INFO] Changes detected - recompiling the module!
[INFO] Compiling 171 source files to /Users/adminuser/Documents/Work/Experiment/ChatGPT/oragen-main/src/tmp/repos/hazelcast-simulator/simulator/target/classes
[INFO] /Users/adminuser/Documents/Work/Experiment/ChatGPT/oragen-main/src/tmp/repos/hazelcast-simulator/simulator/src/main/java/com/hazelcast/simulator/utils/PropertyBindingSupport.java: Some input files use or override a deprecated API.
[INFO] /Users/adminuser/Documents/Work/Experiment/ChatGPT/oragen-main/src/tmp/repos/hazelcast-simulator/simulator/src/main/java/com/hazelcast/simulator/utils/PropertyBindingSupport.java: Recompile with -Xlint:deprecation for details.
[INFO] /Users/adminuser/Documents/Work/Experiment/ChatGPT/oragen-main/src/tmp/repos/hazelcast-simulator/simulator/src/main/java/com/hazelcast/simulator/worker/testcontainer/PropertyBinding.java: Some input files use unchecked or unsafe operations.
[INFO] /Users/adminuser/Documents/Work/Experiment/ChatGPT/oragen-main/src/tmp/repos/hazelcast-simulator/simulator/src/main/java/com/hazelcast/simulator/worker/testcontainer/PropertyBinding.java: Recompile with -Xlint:unchecked for details.
[INFO] 
[INFO] --- maven-resources-plugin:2.6:testResources (default-testResources) @ simulator ---
[INFO] Using 'UTF-8' encoding to copy filtered resources.
[INFO] Copying 9 resources
[INFO] 
[INFO] --- maven-compiler-plugin:3.8.1:testCompile (default-testCompile) @ simulator ---
[INFO] Changes detected - recompiling the module!
[INFO] Compiling 135 source files to /Users/adminuser/Documents/Work/Experiment/ChatGPT/oragen-main/src/tmp/repos/hazelcast-simulator/simulator/target/test-classes
[INFO] /Users/adminuser/Documents/Work/Experiment/ChatGPT/oragen-main/src/tmp/repos/hazelcast-simulator/simulator/src/test/java/com/hazelcast/simulator/utils/PropertyBindingSupport_bind0_NumericalTest.java: /Users/adminuser/Documents/Work/Experiment/ChatGPT/oragen-main/src/tmp/repos/hazelcast-simulator/simulator/src/test/java/com/hazelcast/simulator/utils/PropertyBindingSupport_bind0_NumericalTest.java uses or overrides a deprecated API.
[INFO] /Users/adminuser/Documents/Work/Experiment/ChatGPT/oragen-main/src/tmp/repos/hazelcast-simulator/simulator/src/test/java/com/hazelcast/simulator/utils/PropertyBindingSupport_bind0_NumericalTest.java: Recompile with -Xlint:deprecation for details.
[INFO] /Users/adminuser/Documents/Work/Experiment/ChatGPT/oragen-main/src/tmp/repos/hazelcast-simulator/simulator/src/test/java/com/hazelcast/simulator/worker/WorkerTest.java: Some input files use unchecked or unsafe operations.
[INFO] /Users/adminuser/Documents/Work/Experiment/ChatGPT/oragen-main/src/tmp/repos/hazelcast-simulator/simulator/src/test/java/com/hazelcast/simulator/worker/WorkerTest.java: Recompile with -Xlint:unchecked for details.
[INFO] Some messages have been simplified; recompile with -Xdiags:verbose to get full output
[INFO] -------------------------------------------------------------
[ERROR] COMPILATION ERROR : 
[INFO] -------------------------------------------------------------
[ERROR] /Users/adminuser/Documents/Work/Experiment/ChatGPT/oragen-main/src/tmp/repos/hazelcast-simulator/simulator/src/test/java/com/hazelcast/simulator/test/BaseThreadStateTest.java:[21,8] class SimulatorPropertiesTest is public, should be declared in a file named SimulatorPropertiesTest.java
[ERROR] /Users/adminuser/Documents/Work/Experiment/ChatGPT/oragen-main/src/tmp/repos/hazelcast-simulator/simulator/src/test/java/com/hazelcast/simulator/worker/testcontainer/MetronomeSupplierTest.java:[3,38] cannot find symbol
  symbol:   class TestCase
  location: package com.hazelcast.simulator.common
[ERROR] /Users/adminuser/Documents/Work/Experiment/ChatGPT/oragen-main/src/tmp/repos/hazelcast-simulator/simulator/src/test/java/com/hazelcast/simulator/worker/testcontainer/MetronomeSupplierTest.java:[4,48] cannot find symbol
  symbol:   class BusySpinningMetronome
  location: package com.hazelcast.simulator.worker.metronome
[ERROR] /Users/adminuser/Documents/Work/Experiment/ChatGPT/oragen-main/src/tmp/repos/hazelcast-simulator/simulator/src/test/java/com/hazelcast/simulator/worker/testcontainer/MetronomeSupplierTest.java:[5,48] cannot find symbol
  symbol:   class EmptyMetronome
  location: package com.hazelcast.simulator.worker.metronome
[ERROR] /Users/adminuser/Documents/Work/Experiment/ChatGPT/oragen-main/src/tmp/repos/hazelcast-simulator/simulator/src/test/java/com/hazelcast/simulator/worker/testcontainer/MetronomeSupplierTest.java:[6,48] cannot find symbol
  symbol:   class Metronome
  location: package com.hazelcast.simulator.worker.metronome
[ERROR] /Users/adminuser/Documents/Work/Experiment/ChatGPT/oragen-main/src/tmp/repos/hazelcast-simulator/simulator/src/test/java/com/hazelcast/simulator/worker/testcontainer/MetronomeSupplierTest.java:[7,48] cannot find symbol
  symbol:   class SleepingMetronome
  location: package com.hazelcast.simulator.worker.metronome
[ERROR] /Users/adminuser/Documents/Work/Experiment/ChatGPT/oragen-main/src/tmp/repos/hazelcast-simulator/simulator/src/test/java/com/hazelcast/simulator/coordinator/PerformanceStatsCollectorTest.java:[3,45] cannot find symbol
  symbol:   class SimulatorAddress
  location: package com.hazelcast.simulator.protocol.core
[ERROR] /Users/adminuser/Documents/Work/Experiment/ChatGPT/oragen-main/src/tmp/repos/hazelcast-simulator/simulator/src/test/java/com/hazelcast/simulator/coordinator/PerformanceStatsCollectorTest.java:[4,50] cannot find symbol
  symbol:   class PerformanceStats
  location: package com.hazelcast.simulator.worker.performance
[ERROR] /Users/adminuser/Documents/Work/Experiment/ChatGPT/oragen-main/src/tmp/repos/hazelcast-simulator/simulator/src/test/java/com/hazelcast/simulator/coordinator/PerformanceStatsCollectorTest.java:[11,52] cannot find symbol
  symbol:   class SimulatorAddress
  location: package com.hazelcast.simulator.protocol.core
[ERROR] /Users/adminuser/Documents/Work/Experiment/ChatGPT/oragen-main/src/tmp/repos/hazelcast-simulator/simulator/src/test/java/com/hazelcast/simulator/coordinator/PerformanceStatsCollectorTest.java:[11,1] static import only from classes and interfaces
[ERROR] /Users/adminuser/Documents/Work/Experiment/ChatGPT/oragen-main/src/tmp/repos/hazelcast-simulator/simulator/src/test/java/com/hazelcast/simulator/coordinator/PerformanceStatsCollectorTest.java:[12,57] cannot find symbol
  symbol:   class PerformanceStats
  location: package com.hazelcast.simulator.worker.performance
[ERROR] /Users/adminuser/Documents/Work/Experiment/ChatGPT/oragen-main/src/tmp/repos/hazelcast-simulator/simulator/src/test/java/com/hazelcast/simulator/coordinator/PerformanceStatsCollectorTest.java:[12,1] static import only from classes and interfaces
[ERROR] /Users/adminuser/Documents/Work/Experiment/ChatGPT/oragen-main/src/tmp/repos/hazelcast-simulator/simulator/src/test/java/com/hazelcast/simulator/coordinator/PerformanceStatsCollectorTest.java:[29,13] cannot find symbol
  symbol:   class SimulatorAddress
  location: class com.hazelcast.simulator.coordinator.PerformanceStatsCollectorTest
[ERROR] /Users/adminuser/Documents/Work/Experiment/ChatGPT/oragen-main/src/tmp/repos/hazelcast-simulator/simulator/src/test/java/com/hazelcast/simulator/coordinator/PerformanceStatsCollectorTest.java:[30,13] cannot find symbol
  symbol:   class SimulatorAddress
  location: class com.hazelcast.simulator.coordinator.PerformanceStatsCollectorTest
[ERROR] /Users/adminuser/Documents/Work/Experiment/ChatGPT/oragen-main/src/tmp/repos/hazelcast-simulator/simulator/src/test/java/com/hazelcast/simulator/coordinator/PerformanceStatsCollectorTest.java:[31,13] cannot find symbol
  symbol:   class SimulatorAddress
  location: class com.hazelcast.simulator.coordinator.PerformanceStatsCollectorTest
[ERROR] /Users/adminuser/Documents/Work/Experiment/ChatGPT/oragen-main/src/tmp/repos/hazelcast-simulator/simulator/src/test/java/com/hazelcast/simulator/coordinator/PerformanceStatsCollectorTest.java:[32,13] cannot find symbol
  symbol:   class SimulatorAddress
  location: class com.hazelcast.simulator.coordinator.PerformanceStatsCollectorTest
[ERROR] /Users/adminuser/Documents/Work/Experiment/ChatGPT/oragen-main/src/tmp/repos/hazelcast-simulator/simulator/src/test/java/com/hazelcast/simulator/coordinator/PerformanceStatsCollectorTest.java:[34,13] cannot find symbol
  symbol:   class SimulatorAddress
  location: class com.hazelcast.simulator.coordinator.PerformanceStatsCollectorTest
[ERROR] /Users/adminuser/Documents/Work/Experiment/ChatGPT/oragen-main/src/tmp/repos/hazelcast-simulator/simulator/src/test/java/com/hazelcast/simulator/coordinator/PerformanceStatsCollectorTest.java:[35,13] cannot find symbol
  symbol:   class SimulatorAddress
  location: class com.hazelcast.simulator.coordinator.PerformanceStatsCollectorTest
[ERROR] /Users/adminuser/Documents/Work/Experiment/ChatGPT/oragen-main/src/tmp/repos/hazelcast-simulator/simulator/src/test/java/com/hazelcast/simulator/coordinator/PerformanceStatsCollectorTest.java:[86,25] cannot find symbol
  symbol:   class SimulatorAddress
  location: class com.hazelcast.simulator.coordinator.PerformanceStatsCollectorTest
[ERROR] /Users/adminuser/Documents/Work/Experiment/ChatGPT/oragen-main/src/tmp/repos/hazelcast-simulator/simulator/src/test/java/com/hazelcast/simulator/coordinator/PerformanceStatsCollectorTest.java:[86,66] cannot find symbol
  symbol:   class PerformanceStats
  location: class com.hazelcast.simulator.coordinator.PerformanceStatsCollectorTest
[ERROR] /Users/adminuser/Documents/Work/Experiment/ChatGPT/oragen-main/src/tmp/repos/hazelcast-simulator/simulator/src/test/java/com/hazelcast/simulator/coordinator/PerformanceStatsCollectorTest.java:[177,39] cannot find symbol
  symbol:   class PerformanceStats
  location: class com.hazelcast.simulator.coordinator.PerformanceStatsCollectorTest
[ERROR] /Users/adminuser/Documents/Work/Experiment/ChatGPT/oragen-main/src/tmp/repos/hazelcast-simulator/simulator/src/test/java/com/hazelcast/simulator/coordinator/PerformanceStatsCollectorTest.java:[177,66] cannot find symbol
  symbol:   class PerformanceStats
  location: class com.hazelcast.simulator.coordinator.PerformanceStatsCollectorTest
[ERROR] /Users/adminuser/Documents/Work/Experiment/ChatGPT/oragen-main/src/tmp/repos/hazelcast-simulator/simulator/src/test/java/com/hazelcast/simulator/worker/testcontainer/TestContainer_NestedPropertyBindingTest.java:[3,38] cannot find symbol
  symbol:   class TestCase
  location: package com.hazelcast.simulator.common
[ERROR] /Users/adminuser/Documents/Work/Experiment/ChatGPT/oragen-main/src/tmp/repos/hazelcast-simulator/simulator/src/test/java/com/hazelcast/simulator/worker/testcontainer/TestContainer_NestedPropertyBindingTest.java:[5,37] cannot find symbol
  symbol:   class BindException
  location: package com.hazelcast.simulator.utils
[ERROR] /Users/adminuser/Documents/Work/Experiment/ChatGPT/oragen-main/src/tmp/repos/hazelcast-simulator/simulator/src/test/java/com/hazelcast/simulator/worker/testcontainer/TestContainer_AbstractTest.java:[3,38] cannot find symbol
  symbol:   class TestCase
  location: package com.hazelcast.simulator.common
[ERROR] /Users/adminuser/Documents/Work/Experiment/ChatGPT/oragen-main/src/tmp/repos/hazelcast-simulator/simulator/src/test/java/com/hazelcast/simulator/worker/testcontainer/TestContainer_AbstractTest.java:[4,40] cannot find symbol
  symbol:   class Server
  location: package com.hazelcast.simulator.protocol
[ERROR] /Users/adminuser/Documents/Work/Experiment/ChatGPT/oragen-main/src/tmp/repos/hazelcast-simulator/simulator/src/test/java/com/hazelcast/simulator/TestEnvironmentUtils.java:[3,38] cannot find symbol
  symbol:   class AgentsFile
  location: package com.hazelcast.simulator.common
[ERROR] /Users/adminuser/Documents/Work/Experiment/ChatGPT/oragen-main/src/tmp/repos/hazelcast-simulator/simulator/src/test/java/com/hazelcast/simulator/TestEnvironmentUtils.java:[4,37] cannot find symbol
  symbol:   class FileUtils
  location: package com.hazelcast.simulator.utils
[ERROR] /Users/adminuser/Documents/Work/Experiment/ChatGPT/oragen-main/src/tmp/repos/hazelcast-simulator/simulator/src/test/java/com/hazelcast/simulator/TestEnvironmentUtils.java:[5,37] cannot find symbol
  symbol:   class TestUtils
  location: package com.hazelcast.simulator.utils
[ERROR] /Users/adminuser/Documents/Work/Experiment/ChatGPT/oragen-main/src/tmp/repos/hazelcast-simulator/simulator/src/test/java/com/hazelcast/simulator/TestEnvironmentUtils.java:[6,37] cannot find symbol
  symbol:   class UncheckedIOException
  location: package com.hazelcast.simulator.utils
[ERROR] /Users/adminuser/Documents/Work/Experiment/ChatGPT/oragen-main/src/tmp/repos/hazelcast-simulator/simulator/src/test/java/com/hazelcast/simulator/TestEnvironmentUtils.java:[15,44] cannot find symbol
  symbol:   class FileUtils
  location: package com.hazelcast.simulator.utils
[ERROR] /Users/adminuser/Documents/Work/Experiment/ChatGPT/oragen-main/src/tmp/repos/hazelcast-simulator/simulator/src/test/java/com/hazelcast/simulator/TestEnvironmentUtils.java:[15,1] static import only from classes and interfaces
[ERROR] /Users/adminuser/Documents/Work/Experiment/ChatGPT/oragen-main/src/tmp/repos/hazelcast-simulator/simulator/src/test/java/com/hazelcast/simulator/TestEnvironmentUtils.java:[16,44] cannot find symbol
  symbol:   class FileUtils
  location: package com.hazelcast.simulator.utils
[ERROR] /Users/adminuser/Documents/Work/Experiment/ChatGPT/oragen-main/src/tmp/repos/hazelcast-simulator/simulator/src/test/java/com/hazelcast/simulator/TestEnvironmentUtils.java:[16,1] static import only from classes and interfaces
[ERROR] /Users/adminuser/Documents/Work/Experiment/ChatGPT/oragen-main/src/tmp/repos/hazelcast-simulator/simulator/src/test/java/com/hazelcast/simulator/TestEnvironmentUtils.java:[17,44] cannot find symbol
  symbol:   class FileUtils
  location: package com.hazelcast.simulator.utils
[ERROR] /Users/adminuser/Documents/Work/Experiment/ChatGPT/oragen-main/src/tmp/repos/hazelcast-simulator/simulator/src/test/java/com/hazelcast/simulator/TestEnvironmentUtils.java:[17,1] static import only from classes and interfaces
[ERROR] /Users/adminuser/Documents/Work/Experiment/ChatGPT/oragen-main/src/tmp/repos/hazelcast-simulator/simulator/src/test/java/com/hazelcast/simulator/TestEnvironmentUtils.java:[18,44] cannot find symbol
  symbol:   class FileUtils
  location: package com.hazelcast.simulator.utils
[ERROR] /Users/adminuser/Documents/Work/Experiment/ChatGPT/oragen-main/src/tmp/repos/hazelcast-simulator/simulator/src/test/java/com/hazelcast/simulator/TestEnvironmentUtils.java:[18,1] static import only from classes and interfaces
[ERROR] /Users/adminuser/Documents/Work/Experiment/ChatGPT/oragen-main/src/tmp/repos/hazelcast-simulator/simulator/src/test/java/com/hazelcast/simulator/TestEnvironmentUtils.java:[19,44] cannot find symbol
  symbol:   class FileUtils
  location: package com.hazelcast.simulator.utils
[ERROR] /Users/adminuser/Documents/Work/Experiment/ChatGPT/oragen-main/src/tmp/repos/hazelcast-simulator/simulator/src/test/java/com/hazelcast/simulator/TestEnvironmentUtils.java:[19,1] static import only from classes and interfaces
[ERROR] /Users/adminuser/Documents/Work/Experiment/ChatGPT/oragen-main/src/tmp/repos/hazelcast-simulator/simulator/src/test/java/com/hazelcast/simulator/TestEnvironmentUtils.java:[20,44] cannot find symbol
  symbol:   class FileUtils
  location: package com.hazelcast.simulator.utils
[ERROR] /Users/adminuser/Documents/Work/Experiment/ChatGPT/oragen-main/src/tmp/repos/hazelcast-simulator/simulator/src/test/java/com/hazelcast/simulator/TestEnvironmentUtils.java:[20,1] static import only from classes and interfaces
[ERROR] /Users/adminuser/Documents/Work/Experiment/ChatGPT/oragen-main/src/tmp/repos/hazelcast-simulator/simulator/src/test/java/com/hazelcast/simulator/worker/testcontainer/TestContainer_AbstractTest.java:[21,5] cannot find symbol
  symbol:   class TestContextImpl
  location: class com.hazelcast.simulator.worker.testcontainer.TestContainer_AbstractTest
[ERROR] /Users/adminuser/Documents/Work/Experiment/ChatGPT/oragen-main/src/tmp/repos/hazelcast-simulator/simulator/src/test/java/com/hazelcast/simulator/worker/testcontainer/TestContainer_AbstractTest.java:[23,5] cannot find symbol
  symbol:   class TestContainer
  location: class com.hazelcast.simulator.worker.testcontainer.TestContainer_AbstractTest
[ERROR] /Users/adminuser/Documents/Work/Experiment/ChatGPT/oragen-main/src/tmp/repos/hazelcast-simulator/simulator/src/test/java/com/hazelcast/simulator/worker/testcontainer/TestContainer_AbstractTest.java:[38,9] cannot find symbol
  symbol:   class TestContainer
  location: class com.hazelcast.simulator.worker.testcontainer.TestContainer_AbstractTest
[ERROR] /Users/adminuser/Documents/Work/Experiment/ChatGPT/oragen-main/src/tmp/repos/hazelcast-simulator/simulator/src/test/java/com/hazelcast/simulator/worker/testcontainer/TestContainer_AbstractTest.java:[42,9] cannot find symbol
  symbol:   class TestContainer
  location: class com.hazelcast.simulator.worker.testcontainer.TestContainer_AbstractTest
[ERROR] /Users/adminuser/Documents/Work/Experiment/ChatGPT/oragen-main/src/tmp/repos/hazelcast-simulator/simulator/src/test/java/com/hazelcast/simulator/worker/testcontainer/TestContainer_AbstractTest.java:[46,51] cannot find symbol
  symbol:   class TestCase
  location: class com.hazelcast.simulator.worker.testcontainer.TestContainer_AbstractTest
[ERROR] /Users/adminuser/Documents/Work/Experiment/ChatGPT/oragen-main/src/tmp/repos/hazelcast-simulator/simulator/src/test/java/com/hazelcast/simulator/worker/testcontainer/TestContainer_AbstractTest.java:[46,9] cannot find symbol
  symbol:   class TestContainer
  location: class com.hazelcast.simulator.worker.testcontainer.TestContainer_AbstractTest
[ERROR] /Users/adminuser/Documents/Work/Experiment/ChatGPT/oragen-main/src/tmp/repos/hazelcast-simulator/simulator/src/test/java/com/hazelcast/simulator/worker/testcontainer/TimeStepModel_probabilityTest.java:[3,38] cannot find symbol
  symbol:   class TestCase
  location: package com.hazelcast.simulator.common
[ERROR] /Users/adminuser/Documents/Work/Experiment/ChatGPT/oragen-main/src/tmp/repos/hazelcast-simulator/simulator/src/test/java/com/hazelcast/simulator/worker/testcontainer/TimeStepModel_probabilityTest.java:[45,36] cannot find symbol
  symbol:   class TimeStepModel
  location: class com.hazelcast.simulator.worker.testcontainer.TimeStepModel_probabilityTest
[ERROR] /Users/adminuser/Documents/Work/Experiment/ChatGPT/oragen-main/src/tmp/repos/hazelcast-simulator/simulator/src/test/java/com/hazelcast/simulator/worker/testcontainer/TimeStepModel_probabilityTest.java:[49,36] cannot find symbol
  symbol:   class TimeStepModel
  location: class com.hazelcast.simulator.worker.testcontainer.TimeStepModel_probabilityTest
[ERROR] /Users/adminuser/Documents/Work/Experiment/ChatGPT/oragen-main/src/tmp/repos/hazelcast-simulator/simulator/src/test/java/com/hazelcast/simulator/worker/testcontainer/TimeStepModel_probabilityTest.java:[279,13] cannot find symbol
  symbol:   class TimeStepModel
  location: class com.hazelcast.simulator.worker.testcontainer.TimeStepModel_probabilityTest
[ERROR] /Users/adminuser/Documents/Work/Experiment/ChatGPT/oragen-main/src/tmp/repos/hazelcast-simulator/simulator/src/test/java/com/hazelcast/simulator/worker/testcontainer/TestContainer_TimeStep_UnusedProbabilityTest.java:[3,38] cannot find symbol
  symbol:   class TestCase
  location: package com.hazelcast.simulator.common
[ERROR] /Users/adminuser/Documents/Work/Experiment/ChatGPT/oragen-main/src/tmp/repos/hazelcast-simulator/simulator/src/test/java/com/hazelcast/simulator/worker/testcontainer/TestContainer_TimeStep_UnusedProbabilityTest.java:[4,40] cannot find symbol
  symbol:   class Server
  location: package com.hazelcast.simulator.protocol
[ERROR] /Users/adminuser/Documents/Work/Experiment/ChatGPT/oragen-main/src/tmp/repos/hazelcast-simulator/simulator/src/test/java/com/hazelcast/simulator/worker/testcontainer/TestContainer_TimeStep_UnusedProbabilityTest.java:[10,45] cannot find symbol
  symbol:   class TestPhase
  location: package com.hazelcast.simulator.common
[ERROR] /Users/adminuser/Documents/Work/Experiment/ChatGPT/oragen-main/src/tmp/repos/hazelcast-simulator/simulator/src/test/java/com/hazelcast/simulator/worker/testcontainer/TestContainer_TimeStep_UnusedProbabilityTest.java:[10,1] static import only from classes and interfaces
[ERROR] /Users/adminuser/Documents/Work/Experiment/ChatGPT/oragen-main/src/tmp/repos/hazelcast-simulator/simulator/src/test/java/com/hazelcast/simulator/utils/GeneratorUtilsTest.java:[7,44] cannot find symbol
  symbol:   class GeneratorUtils
  location: package com.hazelcast.simulator.utils
[ERROR] /Users/adminuser/Documents/Work/Experiment/ChatGPT/oragen-main/src/tmp/repos/hazelcast-simulator/simulator/src/test/java/com/hazelcast/simulator/utils/GeneratorUtilsTest.java:[7,1] static import only from classes and interfaces
[ERROR] /Users/adminuser/Documents/Work/Experiment/ChatGPT/oragen-main/src/tmp/repos/hazelcast-simulator/simulator/src/test/java/com/hazelcast/simulator/utils/GeneratorUtilsTest.java:[8,44] cannot find symbol
  symbol:   class GeneratorUtils
  location: package com.hazelcast.simulator.utils
[ERROR] /Users/adminuser/Documents/Work/Experiment/ChatGPT/oragen-main/src/tmp/repos/hazelcast-simulator/simulator/src/test/java/com/hazelcast/simulator/utils/GeneratorUtilsTest.java:[8,1] static import only from classes and interfaces
[ERROR] /Users/adminuser/Documents/Work/Experiment/ChatGPT/oragen-main/src/tmp/repos/hazelcast-simulator/simulator/src/test/java/com/hazelcast/simulator/utils/GeneratorUtilsTest.java:[9,44] cannot find symbol
  symbol:   class GeneratorUtils
  location: package com.hazelcast.simulator.utils
[ERROR] /Users/adminuser/Documents/Work/Experiment/ChatGPT/oragen-main/src/tmp/repos/hazelcast-simulator/simulator/src/test/java/com/hazelcast/simulator/utils/GeneratorUtilsTest.java:[9,1] static import only from classes and interfaces
[ERROR] /Users/adminuser/Documents/Work/Experiment/ChatGPT/oragen-main/src/tmp/repos/hazelcast-simulator/simulator/src/test/java/com/hazelcast/simulator/utils/GeneratorUtilsTest.java:[10,44] cannot find symbol
  symbol:   class ReflectionUtils
  location: package com.hazelcast.simulator.utils
[ERROR] /Users/adminuser/Documents/Work/Experiment/ChatGPT/oragen-main/src/tmp/repos/hazelcast-simulator/simulator/src/test/java/com/hazelcast/simulator/utils/GeneratorUtilsTest.java:[10,1] static import only from classes and interfaces
[ERROR] /Users/adminuser/Documents/Work/Experiment/ChatGPT/oragen-main/src/tmp/repos/hazelcast-simulator/simulator/src/test/java/com/hazelcast/simulator/utils/GeneratorUtilsTest.java:[11,44] cannot find symbol
  symbol:   class TestUtils
  location: package com.hazelcast.simulator.utils
[ERROR] /Users/adminuser/Documents/Work/Experiment/ChatGPT/oragen-main/src/tmp/repos/hazelcast-simulator/simulator/src/test/java/com/hazelcast/simulator/utils/GeneratorUtilsTest.java:[11,1] static import only from classes and interfaces
[ERROR] /Users/adminuser/Documents/Work/Experiment/ChatGPT/oragen-main/src/tmp/repos/hazelcast-simulator/simulator/src/test/java/com/hazelcast/simulator/coordinator/CoordinatorOperationProcessorTest.java:[3,48] cannot find symbol
  symbol:   class CreateWorkerOperation
  location: package com.hazelcast.simulator.agent.operations
[ERROR] /Users/adminuser/Documents/Work/Experiment/ChatGPT/oragen-main/src/tmp/repos/hazelcast-simulator/simulator/src/test/java/com/hazelcast/simulator/coordinator/CoordinatorOperationProcessorTest.java:[5,40] cannot find symbol
  symbol:   class Promise
  location: package com.hazelcast.simulator.protocol
[ERROR] /Users/adminuser/Documents/Work/Experiment/ChatGPT/oragen-main/src/tmp/repos/hazelcast-simulator/simulator/src/test/java/com/hazelcast/simulator/coordinator/CoordinatorOperationProcessorTest.java:[6,45] cannot find symbol
  symbol:   class SimulatorAddress
  location: package com.hazelcast.simulator.protocol.core
[ERROR] /Users/adminuser/Documents/Work/Experiment/ChatGPT/oragen-main/src/tmp/repos/hazelcast-simulator/simulator/src/test/java/com/hazelcast/simulator/coordinator/CoordinatorOperationProcessorTest.java:[7,50] package com.hazelcast.simulator.protocol.exception does not exist
[ERROR] /Users/adminuser/Documents/Work/Experiment/ChatGPT/oragen-main/src/tmp/repos/hazelcast-simulator/simulator/src/test/java/com/hazelcast/simulator/coordinator/CoordinatorOperationProcessorTest.java:[9,50] cannot find symbol
  symbol:   class PerformanceStats
  location: package com.hazelcast.simulator.worker.performance
[ERROR] /Users/adminuser/Documents/Work/Experiment/ChatGPT/oragen-main/src/tmp/repos/hazelcast-simulator/simulator/src/test/java/com/hazelcast/simulator/coordinator/CoordinatorOperationProcessorTest.java:[24,13] cannot find symbol
  symbol:   class SimulatorAddress
  location: class com.hazelcast.simulator.coordinator.CoordinatorOperationProcessorTest
[ERROR] /Users/adminuser/Documents/Work/Experiment/ChatGPT/oragen-main/src/tmp/repos/hazelcast-simulator/simulator/src/test/java/com/hazelcast/simulator/coordinator/CoordinatorOperationProcessorTest.java:[25,13] cannot find symbol
  symbol:   class Promise
  location: class com.hazelcast.simulator.coordinator.CoordinatorOperationProcessorTest
[ERROR] /Users/adminuser/Documents/Work/Experiment/ChatGPT/oragen-main/src/tmp/repos/hazelcast-simulator/simulator/src/test/java/com/hazelcast/simulator/protocol/MessagingTest.java:[3,45] cannot find symbol
  symbol:   class SimulatorAddress
  location: package com.hazelcast.simulator.protocol.core
[ERROR] /Users/adminuser/Documents/Work/Experiment/ChatGPT/oragen-main/src/tmp/repos/hazelcast-simulator/simulator/src/test/java/com/hazelcast/simulator/protocol/MessagingTest.java:[4,50] cannot find symbol
  symbol:   class LogOperation
  location: package com.hazelcast.simulator.protocol.operation
[ERROR] /Users/adminuser/Documents/Work/Experiment/ChatGPT/oragen-main/src/tmp/repos/hazelcast-simulator/simulator/src/test/java/com/hazelcast/simulator/protocol/MessagingTest.java:[5,50] cannot find symbol
  symbol:   class SimulatorOperation
  location: package com.hazelcast.simulator.protocol.operation
[ERROR] /Users/adminuser/Documents/Work/Experiment/ChatGPT/oragen-main/src/tmp/repos/hazelcast-simulator/simulator/src/test/java/com/hazelcast/simulator/protocol/MessagingTest.java:[6,37] cannot find symbol
  symbol:   class AssertTask
  location: package com.hazelcast.simulator.utils
[ERROR] /Users/adminuser/Documents/Work/Experiment/ChatGPT/oragen-main/src/tmp/repos/hazelcast-simulator/simulator/src/test/java/com/hazelcast/simulator/protocol/MessagingTest.java:[17,44] cannot find symbol
  symbol:   class CommonUtils
  location: package com.hazelcast.simulator.utils
[ERROR] /Users/adminuser/Documents/Work/Experiment/ChatGPT/oragen-main/src/tmp/repos/hazelcast-simulator/simulator/src/test/java/com/hazelcast/simulator/protocol/MessagingTest.java:[17,1] static import only from classes and interfaces
[ERROR] /Users/adminuser/Documents/Work/Experiment/ChatGPT/oragen-main/src/tmp/repos/hazelcast-simulator/simulator/src/test/java/com/hazelcast/simulator/protocol/MessagingTest.java:[18,44] cannot find symbol
  symbol:   class SimulatorUtils
  location: package com.hazelcast.simulator.utils
[ERROR] /Users/adminuser/Documents/Work/Experiment/ChatGPT/oragen-main/src/tmp/repos/hazelcast-simulator/simulator/src/test/java/com/hazelcast/simulator/protocol/MessagingTest.java:[18,1] static import only from classes and interfaces
[ERROR] /Users/adminuser/Documents/Work/Experiment/ChatGPT/oragen-main/src/tmp/repos/hazelcast-simulator/simulator/src/test/java/com/hazelcast/simulator/protocol/MessagingTest.java:[19,44] cannot find symbol
  symbol:   class TestUtils
  location: package com.hazelcast.simulator.utils
[ERROR] /Users/adminuser/Documents/Work/Experiment/ChatGPT/oragen-main/src/tmp/repos/hazelcast-simulator/simulator/src/test/java/com/hazelcast/simulator/protocol/MessagingTest.java:[19,1] static import only from classes and interfaces
[ERROR] /Users/adminuser/Documents/Work/Experiment/ChatGPT/oragen-main/src/tmp/repos/hazelcast-simulator/simulator/src/test/java/com/hazelcast/simulator/protocol/MessagingTest.java:[20,44] cannot find symbol
  symbol:   class TestUtils
  location: package com.hazelcast.simulator.utils
[ERROR] /Users/adminuser/Documents/Work/Experiment/ChatGPT/oragen-main/src/tmp/repos/hazelcast-simulator/simulator/src/test/java/com/hazelcast/simulator/protocol/MessagingTest.java:[20,1] static import only from classes and interfaces
[ERROR] /Users/adminuser/Documents/Work/Experiment/ChatGPT/oragen-main/src/tmp/repos/hazelcast-simulator/simulator/src/test/java/com/hazelcast/simulator/protocol/MessagingTest.java:[31,13] cannot find symbol
  symbol:   class Broker
  location: class com.hazelcast.simulator.protocol.MessagingTest
[ERROR] /Users/adminuser/Documents/Work/Experiment/ChatGPT/oragen-main/src/tmp/repos/hazelcast-simulator/simulator/src/test/java/com/hazelcast/simulator/protocol/MessagingTest.java:[32,13] cannot find symbol
  symbol:   class Server
  location: class com.hazelcast.simulator.protocol.MessagingTest
[ERROR] /Users/adminuser/Documents/Work/Experiment/ChatGPT/oragen-main/src/tmp/repos/hazelcast-simulator/simulator/src/test/java/com/hazelcast/simulator/protocol/MessagingTest.java:[33,13] cannot find symbol
  symbol:   class CoordinatorClient
  location: class com.hazelcast.simulator.protocol.MessagingTest
[ERROR] /Users/adminuser/Documents/Work/Experiment/ChatGPT/oragen-main/src/tmp/repos/hazelcast-simulator/simulator/src/test/java/com/hazelcast/simulator/protocol/MessagingTest.java:[34,13] cannot find symbol
  symbol:   class SimulatorAddress
  location: class com.hazelcast.simulator.protocol.MessagingTest
[ERROR] /Users/adminuser/Documents/Work/Experiment/ChatGPT/oragen-main/src/tmp/repos/hazelcast-simulator/simulator/src/test/java/com/hazelcast/simulator/common/TestSuiteTest.java:[4,37] cannot find symbol
  symbol:   class BindException
  location: package com.hazelcast.simulator.utils
[ERROR] /Users/adminuser/Documents/Work/Experiment/ChatGPT/oragen-main/src/tmp/repos/hazelcast-simulator/simulator/src/test/java/com/hazelcast/simulator/common/TestSuiteTest.java:[11,44] cannot find symbol
  symbol:   class FileUtils
  location: package com.hazelcast.simulator.utils
[ERROR] /Users/adminuser/Documents/Work/Experiment/ChatGPT/oragen-main/src/tmp/repos/hazelcast-simulator/simulator/src/test/java/com/hazelcast/simulator/common/TestSuiteTest.java:[11,1] static import only from classes and interfaces
[ERROR] /Users/adminuser/Documents/Work/Experiment/ChatGPT/oragen-main/src/tmp/repos/hazelcast-simulator/simulator/src/test/java/com/hazelcast/simulator/common/TestSuiteTest.java:[12,44] cannot find symbol
  symbol:   class FileUtils
  location: package com.hazelcast.simulator.utils
[ERROR] /Users/adminuser/Documents/Work/Experiment/ChatGPT/oragen-main/src/tmp/repos/hazelcast-simulator/simulator/src/test/java/com/hazelcast/simulator/common/TestSuiteTest.java:[12,1] static import only from classes and interfaces
[ERROR] /Users/adminuser/Documents/Work/Experiment/ChatGPT/oragen-main/src/tmp/repos/hazelcast-simulator/simulator/src/test/java/com/hazelcast/simulator/common/TestSuiteTest.java:[13,44] cannot find symbol
  symbol:   class FormatUtils
  location: package com.hazelcast.simulator.utils
[ERROR] /Users/adminuser/Documents/Work/Experiment/ChatGPT/oragen-main/src/tmp/repos/hazelcast-simulator/simulator/src/test/java/com/hazelcast/simulator/common/TestSuiteTest.java:[13,1] static import only from classes and interfaces
[ERROR] /Users/adminuser/Documents/Work/Experiment/ChatGPT/oragen-main/src/tmp/repos/hazelcast-simulator/simulator/src/test/java/com/hazelcast/simulator/worker/metronome/SleepingMetronomeTest.java:[8,12] cannot find symbol
  symbol:   class Metronome
  location: class com.hazelcast.simulator.worker.metronome.SleepingMetronomeTest
[ERROR] /Users/adminuser/Documents/Work/Experiment/ChatGPT/oragen-main/src/tmp/repos/hazelcast-simulator/simulator/src/test/java/com/hazelcast/simulator/worker/metronome/AbstractMetronomeTest.java:[13,13] cannot find symbol
  symbol:   class Metronome
  location: class com.hazelcast.simulator.worker.metronome.AbstractMetronomeTest
[ERROR] /Users/adminuser/Documents/Work/Experiment/ChatGPT/oragen-main/src/tmp/repos/hazelcast-simulator/simulator/src/test/java/com/hazelcast/simulator/worker/metronome/AbstractMetronomeTest.java:[15,21] cannot find symbol
  symbol:   class Metronome
  location: class com.hazelcast.simulator.worker.metronome.AbstractMetronomeTest
[ERROR] /Users/adminuser/Documents/Work/Experiment/ChatGPT/oragen-main/src/tmp/repos/hazelcast-simulator/simulator/src/test/java/com/hazelcast/simulator/utils/ExceptionReporterTest.java:[12,44] cannot find symbol
  symbol:   class FileUtils
  location: package com.hazelcast.simulator.utils
[INFO] 100 errors 
[INFO] -------------------------------------------------------------
[INFO] ------------------------------------------------------------------------
[INFO] BUILD FAILURE
[INFO] ------------------------------------------------------------------------
[INFO] Total time:  5.065 s
[INFO] Finished at: 2023-06-07T05:42:52-04:00
[INFO] ------------------------------------------------------------------------
[ERROR] Failed to execute goal org.apache.maven.plugins:maven-compiler-plugin:3.8.1:testCompile (default-testCompile) on project simulator: Compilation failure: Compilation failure: 
[ERROR] /Users/adminuser/Documents/Work/Experiment/ChatGPT/oragen-main/src/tmp/repos/hazelcast-simulator/simulator/src/test/java/com/hazelcast/simulator/test/BaseThreadStateTest.java:[21,8] class SimulatorPropertiesTest is public, should be declared in a file named SimulatorPropertiesTest.java
[ERROR] /Users/adminuser/Documents/Work/Experiment/ChatGPT/oragen-main/src/tmp/repos/hazelcast-simulator/simulator/src/test/java/com/hazelcast/simulator/worker/testcontainer/MetronomeSupplierTest.java:[3,38] cannot find symbol
[ERROR]   symbol:   class TestCase
[ERROR]   location: package com.hazelcast.simulator.common
[ERROR] /Users/adminuser/Documents/Work/Experiment/ChatGPT/oragen-main/src/tmp/repos/hazelcast-simulator/simulator/src/test/java/com/hazelcast/simulator/worker/testcontainer/MetronomeSupplierTest.java:[4,48] cannot find symbol
[ERROR]   symbol:   class BusySpinningMetronome
[ERROR]   location: package com.hazelcast.simulator.worker.metronome
[ERROR] /Users/adminuser/Documents/Work/Experiment/ChatGPT/oragen-main/src/tmp/repos/hazelcast-simulator/simulator/src/test/java/com/hazelcast/simulator/worker/testcontainer/MetronomeSupplierTest.java:[5,48] cannot find symbol
[ERROR]   symbol:   class EmptyMetronome
[ERROR]   location: package com.hazelcast.simulator.worker.metronome
[ERROR] /Users/adminuser/Documents/Work/Experiment/ChatGPT/oragen-main/src/tmp/repos/hazelcast-simulator/simulator/src/test/java/com/hazelcast/simulator/worker/testcontainer/MetronomeSupplierTest.java:[6,48] cannot find symbol
[ERROR]   symbol:   class Metronome
[ERROR]   location: package com.hazelcast.simulator.worker.metronome
[ERROR] /Users/adminuser/Documents/Work/Experiment/ChatGPT/oragen-main/src/tmp/repos/hazelcast-simulator/simulator/src/test/java/com/hazelcast/simulator/worker/testcontainer/MetronomeSupplierTest.java:[7,48] cannot find symbol
[ERROR]   symbol:   class SleepingMetronome
[ERROR]   location: package com.hazelcast.simulator.worker.metronome
[ERROR] /Users/adminuser/Documents/Work/Experiment/ChatGPT/oragen-main/src/tmp/repos/hazelcast-simulator/simulator/src/test/java/com/hazelcast/simulator/coordinator/PerformanceStatsCollectorTest.java:[3,45] cannot find symbol
[ERROR]   symbol:   class SimulatorAddress
[ERROR]   location: package com.hazelcast.simulator.protocol.core
[ERROR] /Users/adminuser/Documents/Work/Experiment/ChatGPT/oragen-main/src/tmp/repos/hazelcast-simulator/simulator/src/test/java/com/hazelcast/simulator/coordinator/PerformanceStatsCollectorTest.java:[4,50] cannot find symbol
[ERROR]   symbol:   class PerformanceStats
[ERROR]   location: package com.hazelcast.simulator.worker.performance
[ERROR] /Users/adminuser/Documents/Work/Experiment/ChatGPT/oragen-main/src/tmp/repos/hazelcast-simulator/simulator/src/test/java/com/hazelcast/simulator/coordinator/PerformanceStatsCollectorTest.java:[11,52] cannot find symbol
[ERROR]   symbol:   class SimulatorAddress
[ERROR]   location: package com.hazelcast.simulator.protocol.core
[ERROR] /Users/adminuser/Documents/Work/Experiment/ChatGPT/oragen-main/src/tmp/repos/hazelcast-simulator/simulator/src/test/java/com/hazelcast/simulator/coordinator/PerformanceStatsCollectorTest.java:[11,1] static import only from classes and interfaces
[ERROR] /Users/adminuser/Documents/Work/Experiment/ChatGPT/oragen-main/src/tmp/repos/hazelcast-simulator/simulator/src/test/java/com/hazelcast/simulator/coordinator/PerformanceStatsCollectorTest.java:[12,57] cannot find symbol
[ERROR]   symbol:   class PerformanceStats
[ERROR]   location: package com.hazelcast.simulator.worker.performance
[ERROR] /Users/adminuser/Documents/Work/Experiment/ChatGPT/oragen-main/src/tmp/repos/hazelcast-simulator/simulator/src/test/java/com/hazelcast/simulator/coordinator/PerformanceStatsCollectorTest.java:[12,1] static import only from classes and interfaces
[ERROR] /Users/adminuser/Documents/Work/Experiment/ChatGPT/oragen-main/src/tmp/repos/hazelcast-simulator/simulator/src/test/java/com/hazelcast/simulator/coordinator/PerformanceStatsCollectorTest.java:[29,13] cannot find symbol
[ERROR]   symbol:   class SimulatorAddress
[ERROR]   location: class com.hazelcast.simulator.coordinator.PerformanceStatsCollectorTest
[ERROR] /Users/adminuser/Documents/Work/Experiment/ChatGPT/oragen-main/src/tmp/repos/hazelcast-simulator/simulator/src/test/java/com/hazelcast/simulator/coordinator/PerformanceStatsCollectorTest.java:[30,13] cannot find symbol
[ERROR]   symbol:   class SimulatorAddress
[ERROR]   location: class com.hazelcast.simulator.coordinator.PerformanceStatsCollectorTest
[ERROR] /Users/adminuser/Documents/Work/Experiment/ChatGPT/oragen-main/src/tmp/repos/hazelcast-simulator/simulator/src/test/java/com/hazelcast/simulator/coordinator/PerformanceStatsCollectorTest.java:[31,13] cannot find symbol
[ERROR]   symbol:   class SimulatorAddress
[ERROR]   location: class com.hazelcast.simulator.coordinator.PerformanceStatsCollectorTest
[ERROR] /Users/adminuser/Documents/Work/Experiment/ChatGPT/oragen-main/src/tmp/repos/hazelcast-simulator/simulator/src/test/java/com/hazelcast/simulator/coordinator/PerformanceStatsCollectorTest.java:[32,13] cannot find symbol
[ERROR]   symbol:   class SimulatorAddress
[ERROR]   location: class com.hazelcast.simulator.coordinator.PerformanceStatsCollectorTest
[ERROR] /Users/adminuser/Documents/Work/Experiment/ChatGPT/oragen-main/src/tmp/repos/hazelcast-simulator/simulator/src/test/java/com/hazelcast/simulator/coordinator/PerformanceStatsCollectorTest.java:[34,13] cannot find symbol
[ERROR]   symbol:   class SimulatorAddress
[ERROR]   location: class com.hazelcast.simulator.coordinator.PerformanceStatsCollectorTest
[ERROR] /Users/adminuser/Documents/Work/Experiment/ChatGPT/oragen-main/src/tmp/repos/hazelcast-simulator/simulator/src/test/java/com/hazelcast/simulator/coordinator/PerformanceStatsCollectorTest.java:[35,13] cannot find symbol
[ERROR]   symbol:   class SimulatorAddress
[ERROR]   location: class com.hazelcast.simulator.coordinator.PerformanceStatsCollectorTest
[ERROR] /Users/adminuser/Documents/Work/Experiment/ChatGPT/oragen-main/src/tmp/repos/hazelcast-simulator/simulator/src/test/java/com/hazelcast/simulator/coordinator/PerformanceStatsCollectorTest.java:[86,25] cannot find symbol
[ERROR]   symbol:   class SimulatorAddress
[ERROR]   location: class com.hazelcast.simulator.coordinator.PerformanceStatsCollectorTest
[ERROR] /Users/adminuser/Documents/Work/Experiment/ChatGPT/oragen-main/src/tmp/repos/hazelcast-simulator/simulator/src/test/java/com/hazelcast/simulator/coordinator/PerformanceStatsCollectorTest.java:[86,66] cannot find symbol
[ERROR]   symbol:   class PerformanceStats
[ERROR]   location: class com.hazelcast.simulator.coordinator.PerformanceStatsCollectorTest
[ERROR] /Users/adminuser/Documents/Work/Experiment/ChatGPT/oragen-main/src/tmp/repos/hazelcast-simulator/simulator/src/test/java/com/hazelcast/simulator/coordinator/PerformanceStatsCollectorTest.java:[177,39] cannot find symbol
[ERROR]   symbol:   class PerformanceStats
[ERROR]   location: class com.hazelcast.simulator.coordinator.PerformanceStatsCollectorTest
[ERROR] /Users/adminuser/Documents/Work/Experiment/ChatGPT/oragen-main/src/tmp/repos/hazelcast-simulator/simulator/src/test/java/com/hazelcast/simulator/coordinator/PerformanceStatsCollectorTest.java:[177,66] cannot find symbol
[ERROR]   symbol:   class PerformanceStats
[ERROR]   location: class com.hazelcast.simulator.coordinator.PerformanceStatsCollectorTest
[ERROR] /Users/adminuser/Documents/Work/Experiment/ChatGPT/oragen-main/src/tmp/repos/hazelcast-simulator/simulator/src/test/java/com/hazelcast/simulator/worker/testcontainer/TestContainer_NestedPropertyBindingTest.java:[3,38] cannot find symbol
[ERROR]   symbol:   class TestCase
[ERROR]   location: package com.hazelcast.simulator.common
[ERROR] /Users/adminuser/Documents/Work/Experiment/ChatGPT/oragen-main/src/tmp/repos/hazelcast-simulator/simulator/src/test/java/com/hazelcast/simulator/worker/testcontainer/TestContainer_NestedPropertyBindingTest.java:[5,37] cannot find symbol
[ERROR]   symbol:   class BindException
[ERROR]   location: package com.hazelcast.simulator.utils
[ERROR] /Users/adminuser/Documents/Work/Experiment/ChatGPT/oragen-main/src/tmp/repos/hazelcast-simulator/simulator/src/test/java/com/hazelcast/simulator/worker/testcontainer/TestContainer_AbstractTest.java:[3,38] cannot find symbol
[ERROR]   symbol:   class TestCase
[ERROR]   location: package com.hazelcast.simulator.common
[ERROR] /Users/adminuser/Documents/Work/Experiment/ChatGPT/oragen-main/src/tmp/repos/hazelcast-simulator/simulator/src/test/java/com/hazelcast/simulator/worker/testcontainer/TestContainer_AbstractTest.java:[4,40] cannot find symbol
[ERROR]   symbol:   class Server
[ERROR]   location: package com.hazelcast.simulator.protocol
[ERROR] /Users/adminuser/Documents/Work/Experiment/ChatGPT/oragen-main/src/tmp/repos/hazelcast-simulator/simulator/src/test/java/com/hazelcast/simulator/TestEnvironmentUtils.java:[3,38] cannot find symbol
[ERROR]   symbol:   class AgentsFile
[ERROR]   location: package com.hazelcast.simulator.common
[ERROR] /Users/adminuser/Documents/Work/Experiment/ChatGPT/oragen-main/src/tmp/repos/hazelcast-simulator/simulator/src/test/java/com/hazelcast/simulator/TestEnvironmentUtils.java:[4,37] cannot find symbol
[ERROR]   symbol:   class FileUtils
[ERROR]   location: package com.hazelcast.simulator.utils
[ERROR] /Users/adminuser/Documents/Work/Experiment/ChatGPT/oragen-main/src/tmp/repos/hazelcast-simulator/simulator/src/test/java/com/hazelcast/simulator/TestEnvironmentUtils.java:[5,37] cannot find symbol
[ERROR]   symbol:   class TestUtils
[ERROR]   location: package com.hazelcast.simulator.utils
[ERROR] /Users/adminuser/Documents/Work/Experiment/ChatGPT/oragen-main/src/tmp/repos/hazelcast-simulator/simulator/src/test/java/com/hazelcast/simulator/TestEnvironmentUtils.java:[6,37] cannot find symbol
[ERROR]   symbol:   class UncheckedIOException
[ERROR]   location: package com.hazelcast.simulator.utils
[ERROR] /Users/adminuser/Documents/Work/Experiment/ChatGPT/oragen-main/src/tmp/repos/hazelcast-simulator/simulator/src/test/java/com/hazelcast/simulator/TestEnvironmentUtils.java:[15,44] cannot find symbol
[ERROR]   symbol:   class FileUtils
[ERROR]   location: package com.hazelcast.simulator.utils
[ERROR] /Users/adminuser/Documents/Work/Experiment/ChatGPT/oragen-main/src/tmp/repos/hazelcast-simulator/simulator/src/test/java/com/hazelcast/simulator/TestEnvironmentUtils.java:[15,1] static import only from classes and interfaces
[ERROR] /Users/adminuser/Documents/Work/Experiment/ChatGPT/oragen-main/src/tmp/repos/hazelcast-simulator/simulator/src/test/java/com/hazelcast/simulator/TestEnvironmentUtils.java:[16,44] cannot find symbol
[ERROR]   symbol:   class FileUtils
[ERROR]   location: package com.hazelcast.simulator.utils
[ERROR] /Users/adminuser/Documents/Work/Experiment/ChatGPT/oragen-main/src/tmp/repos/hazelcast-simulator/simulator/src/test/java/com/hazelcast/simulator/TestEnvironmentUtils.java:[16,1] static import only from classes and interfaces
[ERROR] /Users/adminuser/Documents/Work/Experiment/ChatGPT/oragen-main/src/tmp/repos/hazelcast-simulator/simulator/src/test/java/com/hazelcast/simulator/TestEnvironmentUtils.java:[17,44] cannot find symbol
[ERROR]   symbol:   class FileUtils
[ERROR]   location: package com.hazelcast.simulator.utils
[ERROR] /Users/adminuser/Documents/Work/Experiment/ChatGPT/oragen-main/src/tmp/repos/hazelcast-simulator/simulator/src/test/java/com/hazelcast/simulator/TestEnvironmentUtils.java:[17,1] static import only from classes and interfaces
[ERROR] /Users/adminuser/Documents/Work/Experiment/ChatGPT/oragen-main/src/tmp/repos/hazelcast-simulator/simulator/src/test/java/com/hazelcast/simulator/TestEnvironmentUtils.java:[18,44] cannot find symbol
[ERROR]   symbol:   class FileUtils
[ERROR]   location: package com.hazelcast.simulator.utils
[ERROR] /Users/adminuser/Documents/Work/Experiment/ChatGPT/oragen-main/src/tmp/repos/hazelcast-simulator/simulator/src/test/java/com/hazelcast/simulator/TestEnvironmentUtils.java:[18,1] static import only from classes and interfaces
[ERROR] /Users/adminuser/Documents/Work/Experiment/ChatGPT/oragen-main/src/tmp/repos/hazelcast-simulator/simulator/src/test/java/com/hazelcast/simulator/TestEnvironmentUtils.java:[19,44] cannot find symbol
[ERROR]   symbol:   class FileUtils
[ERROR]   location: package com.hazelcast.simulator.utils
[ERROR] /Users/adminuser/Documents/Work/Experiment/ChatGPT/oragen-main/src/tmp/repos/hazelcast-simulator/simulator/src/test/java/com/hazelcast/simulator/TestEnvironmentUtils.java:[19,1] static import only from classes and interfaces
[ERROR] /Users/adminuser/Documents/Work/Experiment/ChatGPT/oragen-main/src/tmp/repos/hazelcast-simulator/simulator/src/test/java/com/hazelcast/simulator/TestEnvironmentUtils.java:[20,44] cannot find symbol
[ERROR]   symbol:   class FileUtils
[ERROR]   location: package com.hazelcast.simulator.utils
[ERROR] /Users/adminuser/Documents/Work/Experiment/ChatGPT/oragen-main/src/tmp/repos/hazelcast-simulator/simulator/src/test/java/com/hazelcast/simulator/TestEnvironmentUtils.java:[20,1] static import only from classes and interfaces
[ERROR] /Users/adminuser/Documents/Work/Experiment/ChatGPT/oragen-main/src/tmp/repos/hazelcast-simulator/simulator/src/test/java/com/hazelcast/simulator/worker/testcontainer/TestContainer_AbstractTest.java:[21,5] cannot find symbol
[ERROR]   symbol:   class TestContextImpl
[ERROR]   location: class com.hazelcast.simulator.worker.testcontainer.TestContainer_AbstractTest
[ERROR] /Users/adminuser/Documents/Work/Experiment/ChatGPT/oragen-main/src/tmp/repos/hazelcast-simulator/simulator/src/test/java/com/hazelcast/simulator/worker/testcontainer/TestContainer_AbstractTest.java:[23,5] cannot find symbol
[ERROR]   symbol:   class TestContainer
[ERROR]   location: class com.hazelcast.simulator.worker.testcontainer.TestContainer_AbstractTest
[ERROR] /Users/adminuser/Documents/Work/Experiment/ChatGPT/oragen-main/src/tmp/repos/hazelcast-simulator/simulator/src/test/java/com/hazelcast/simulator/worker/testcontainer/TestContainer_AbstractTest.java:[38,9] cannot find symbol
[ERROR]   symbol:   class TestContainer
[ERROR]   location: class com.hazelcast.simulator.worker.testcontainer.TestContainer_AbstractTest
[ERROR] /Users/adminuser/Documents/Work/Experiment/ChatGPT/oragen-main/src/tmp/repos/hazelcast-simulator/simulator/src/test/java/com/hazelcast/simulator/worker/testcontainer/TestContainer_AbstractTest.java:[42,9] cannot find symbol
[ERROR]   symbol:   class TestContainer
[ERROR]   location: class com.hazelcast.simulator.worker.testcontainer.TestContainer_AbstractTest
[ERROR] /Users/adminuser/Documents/Work/Experiment/ChatGPT/oragen-main/src/tmp/repos/hazelcast-simulator/simulator/src/test/java/com/hazelcast/simulator/worker/testcontainer/TestContainer_AbstractTest.java:[46,51] cannot find symbol
[ERROR]   symbol:   class TestCase
[ERROR]   location: class com.hazelcast.simulator.worker.testcontainer.TestContainer_AbstractTest
[ERROR] /Users/adminuser/Documents/Work/Experiment/ChatGPT/oragen-main/src/tmp/repos/hazelcast-simulator/simulator/src/test/java/com/hazelcast/simulator/worker/testcontainer/TestContainer_AbstractTest.java:[46,9] cannot find symbol
[ERROR]   symbol:   class TestContainer
[ERROR]   location: class com.hazelcast.simulator.worker.testcontainer.TestContainer_AbstractTest
[ERROR] /Users/adminuser/Documents/Work/Experiment/ChatGPT/oragen-main/src/tmp/repos/hazelcast-simulator/simulator/src/test/java/com/hazelcast/simulator/worker/testcontainer/TimeStepModel_probabilityTest.java:[3,38] cannot find symbol
[ERROR]   symbol:   class TestCase
[ERROR]   location: package com.hazelcast.simulator.common
[ERROR] /Users/adminuser/Documents/Work/Experiment/ChatGPT/oragen-main/src/tmp/repos/hazelcast-simulator/simulator/src/test/java/com/hazelcast/simulator/worker/testcontainer/TimeStepModel_probabilityTest.java:[45,36] cannot find symbol
[ERROR]   symbol:   class TimeStepModel
[ERROR]   location: class com.hazelcast.simulator.worker.testcontainer.TimeStepModel_probabilityTest
[ERROR] /Users/adminuser/Documents/Work/Experiment/ChatGPT/oragen-main/src/tmp/repos/hazelcast-simulator/simulator/src/test/java/com/hazelcast/simulator/worker/testcontainer/TimeStepModel_probabilityTest.java:[49,36] cannot find symbol
[ERROR]   symbol:   class TimeStepModel
[ERROR]   location: class com.hazelcast.simulator.worker.testcontainer.TimeStepModel_probabilityTest
[ERROR] /Users/adminuser/Documents/Work/Experiment/ChatGPT/oragen-main/src/tmp/repos/hazelcast-simulator/simulator/src/test/java/com/hazelcast/simulator/worker/testcontainer/TimeStepModel_probabilityTest.java:[279,13] cannot find symbol
[ERROR]   symbol:   class TimeStepModel
[ERROR]   location: class com.hazelcast.simulator.worker.testcontainer.TimeStepModel_probabilityTest
[ERROR] /Users/adminuser/Documents/Work/Experiment/ChatGPT/oragen-main/src/tmp/repos/hazelcast-simulator/simulator/src/test/java/com/hazelcast/simulator/worker/testcontainer/TestContainer_TimeStep_UnusedProbabilityTest.java:[3,38] cannot find symbol
[ERROR]   symbol:   class TestCase
[ERROR]   location: package com.hazelcast.simulator.common
[ERROR] /Users/adminuser/Documents/Work/Experiment/ChatGPT/oragen-main/src/tmp/repos/hazelcast-simulator/simulator/src/test/java/com/hazelcast/simulator/worker/testcontainer/TestContainer_TimeStep_UnusedProbabilityTest.java:[4,40] cannot find symbol
[ERROR]   symbol:   class Server
[ERROR]   location: package com.hazelcast.simulator.protocol
[ERROR] /Users/adminuser/Documents/Work/Experiment/ChatGPT/oragen-main/src/tmp/repos/hazelcast-simulator/simulator/src/test/java/com/hazelcast/simulator/worker/testcontainer/TestContainer_TimeStep_UnusedProbabilityTest.java:[10,45] cannot find symbol
[ERROR]   symbol:   class TestPhase
[ERROR]   location: package com.hazelcast.simulator.common
[ERROR] /Users/adminuser/Documents/Work/Experiment/ChatGPT/oragen-main/src/tmp/repos/hazelcast-simulator/simulator/src/test/java/com/hazelcast/simulator/worker/testcontainer/TestContainer_TimeStep_UnusedProbabilityTest.java:[10,1] static import only from classes and interfaces
[ERROR] /Users/adminuser/Documents/Work/Experiment/ChatGPT/oragen-main/src/tmp/repos/hazelcast-simulator/simulator/src/test/java/com/hazelcast/simulator/utils/GeneratorUtilsTest.java:[7,44] cannot find symbol
[ERROR]   symbol:   class GeneratorUtils
[ERROR]   location: package com.hazelcast.simulator.utils
[ERROR] /Users/adminuser/Documents/Work/Experiment/ChatGPT/oragen-main/src/tmp/repos/hazelcast-simulator/simulator/src/test/java/com/hazelcast/simulator/utils/GeneratorUtilsTest.java:[7,1] static import only from classes and interfaces
[ERROR] /Users/adminuser/Documents/Work/Experiment/ChatGPT/oragen-main/src/tmp/repos/hazelcast-simulator/simulator/src/test/java/com/hazelcast/simulator/utils/GeneratorUtilsTest.java:[8,44] cannot find symbol
[ERROR]   symbol:   class GeneratorUtils
[ERROR]   location: package com.hazelcast.simulator.utils
[ERROR] /Users/adminuser/Documents/Work/Experiment/ChatGPT/oragen-main/src/tmp/repos/hazelcast-simulator/simulator/src/test/java/com/hazelcast/simulator/utils/GeneratorUtilsTest.java:[8,1] static import only from classes and interfaces
[ERROR] /Users/adminuser/Documents/Work/Experiment/ChatGPT/oragen-main/src/tmp/repos/hazelcast-simulator/simulator/src/test/java/com/hazelcast/simulator/utils/GeneratorUtilsTest.java:[9,44] cannot find symbol
[ERROR]   symbol:   class GeneratorUtils
[ERROR]   location: package com.hazelcast.simulator.utils
[ERROR] /Users/adminuser/Documents/Work/Experiment/ChatGPT/oragen-main/src/tmp/repos/hazelcast-simulator/simulator/src/test/java/com/hazelcast/simulator/utils/GeneratorUtilsTest.java:[9,1] static import only from classes and interfaces
[ERROR] /Users/adminuser/Documents/Work/Experiment/ChatGPT/oragen-main/src/tmp/repos/hazelcast-simulator/simulator/src/test/java/com/hazelcast/simulator/utils/GeneratorUtilsTest.java:[10,44] cannot find symbol
[ERROR]   symbol:   class ReflectionUtils
[ERROR]   location: package com.hazelcast.simulator.utils
[ERROR] /Users/adminuser/Documents/Work/Experiment/ChatGPT/oragen-main/src/tmp/repos/hazelcast-simulator/simulator/src/test/java/com/hazelcast/simulator/utils/GeneratorUtilsTest.java:[10,1] static import only from classes and interfaces
[ERROR] /Users/adminuser/Documents/Work/Experiment/ChatGPT/oragen-main/src/tmp/repos/hazelcast-simulator/simulator/src/test/java/com/hazelcast/simulator/utils/GeneratorUtilsTest.java:[11,44] cannot find symbol
[ERROR]   symbol:   class TestUtils
[ERROR]   location: package com.hazelcast.simulator.utils
[ERROR] /Users/adminuser/Documents/Work/Experiment/ChatGPT/oragen-main/src/tmp/repos/hazelcast-simulator/simulator/src/test/java/com/hazelcast/simulator/utils/GeneratorUtilsTest.java:[11,1] static import only from classes and interfaces
[ERROR] /Users/adminuser/Documents/Work/Experiment/ChatGPT/oragen-main/src/tmp/repos/hazelcast-simulator/simulator/src/test/java/com/hazelcast/simulator/coordinator/CoordinatorOperationProcessorTest.java:[3,48] cannot find symbol
[ERROR]   symbol:   class CreateWorkerOperation
[ERROR]   location: package com.hazelcast.simulator.agent.operations
[ERROR] /Users/adminuser/Documents/Work/Experiment/ChatGPT/oragen-main/src/tmp/repos/hazelcast-simulator/simulator/src/test/java/com/hazelcast/simulator/coordinator/CoordinatorOperationProcessorTest.java:[5,40] cannot find symbol
[ERROR]   symbol:   class Promise
[ERROR]   location: package com.hazelcast.simulator.protocol
[ERROR] /Users/adminuser/Documents/Work/Experiment/ChatGPT/oragen-main/src/tmp/repos/hazelcast-simulator/simulator/src/test/java/com/hazelcast/simulator/coordinator/CoordinatorOperationProcessorTest.java:[6,45] cannot find symbol
[ERROR]   symbol:   class SimulatorAddress
[ERROR]   location: package com.hazelcast.simulator.protocol.core
[ERROR] /Users/adminuser/Documents/Work/Experiment/ChatGPT/oragen-main/src/tmp/repos/hazelcast-simulator/simulator/src/test/java/com/hazelcast/simulator/coordinator/CoordinatorOperationProcessorTest.java:[7,50] package com.hazelcast.simulator.protocol.exception does not exist
[ERROR] /Users/adminuser/Documents/Work/Experiment/ChatGPT/oragen-main/src/tmp/repos/hazelcast-simulator/simulator/src/test/java/com/hazelcast/simulator/coordinator/CoordinatorOperationProcessorTest.java:[9,50] cannot find symbol
[ERROR]   symbol:   class PerformanceStats
[ERROR]   location: package com.hazelcast.simulator.worker.performance
[ERROR] /Users/adminuser/Documents/Work/Experiment/ChatGPT/oragen-main/src/tmp/repos/hazelcast-simulator/simulator/src/test/java/com/hazelcast/simulator/coordinator/CoordinatorOperationProcessorTest.java:[24,13] cannot find symbol
[ERROR]   symbol:   class SimulatorAddress
[ERROR]   location: class com.hazelcast.simulator.coordinator.CoordinatorOperationProcessorTest
[ERROR] /Users/adminuser/Documents/Work/Experiment/ChatGPT/oragen-main/src/tmp/repos/hazelcast-simulator/simulator/src/test/java/com/hazelcast/simulator/coordinator/CoordinatorOperationProcessorTest.java:[25,13] cannot find symbol
[ERROR]   symbol:   class Promise
[ERROR]   location: class com.hazelcast.simulator.coordinator.CoordinatorOperationProcessorTest
[ERROR] /Users/adminuser/Documents/Work/Experiment/ChatGPT/oragen-main/src/tmp/repos/hazelcast-simulator/simulator/src/test/java/com/hazelcast/simulator/protocol/MessagingTest.java:[3,45] cannot find symbol
[ERROR]   symbol:   class SimulatorAddress
[ERROR]   location: package com.hazelcast.simulator.protocol.core
[ERROR] /Users/adminuser/Documents/Work/Experiment/ChatGPT/oragen-main/src/tmp/repos/hazelcast-simulator/simulator/src/test/java/com/hazelcast/simulator/protocol/MessagingTest.java:[4,50] cannot find symbol
[ERROR]   symbol:   class LogOperation
[ERROR]   location: package com.hazelcast.simulator.protocol.operation
[ERROR] /Users/adminuser/Documents/Work/Experiment/ChatGPT/oragen-main/src/tmp/repos/hazelcast-simulator/simulator/src/test/java/com/hazelcast/simulator/protocol/MessagingTest.java:[5,50] cannot find symbol
[ERROR]   symbol:   class SimulatorOperation
[ERROR]   location: package com.hazelcast.simulator.protocol.operation
[ERROR] /Users/adminuser/Documents/Work/Experiment/ChatGPT/oragen-main/src/tmp/repos/hazelcast-simulator/simulator/src/test/java/com/hazelcast/simulator/protocol/MessagingTest.java:[6,37] cannot find symbol
[ERROR]   symbol:   class AssertTask
[ERROR]   location: package com.hazelcast.simulator.utils
[ERROR] /Users/adminuser/Documents/Work/Experiment/ChatGPT/oragen-main/src/tmp/repos/hazelcast-simulator/simulator/src/test/java/com/hazelcast/simulator/protocol/MessagingTest.java:[17,44] cannot find symbol
[ERROR]   symbol:   class CommonUtils
[ERROR]   location: package com.hazelcast.simulator.utils
[ERROR] /Users/adminuser/Documents/Work/Experiment/ChatGPT/oragen-main/src/tmp/repos/hazelcast-simulator/simulator/src/test/java/com/hazelcast/simulator/protocol/MessagingTest.java:[17,1] static import only from classes and interfaces
[ERROR] /Users/adminuser/Documents/Work/Experiment/ChatGPT/oragen-main/src/tmp/repos/hazelcast-simulator/simulator/src/test/java/com/hazelcast/simulator/protocol/MessagingTest.java:[18,44] cannot find symbol
[ERROR]   symbol:   class SimulatorUtils
[ERROR]   location: package com.hazelcast.simulator.utils
[ERROR] /Users/adminuser/Documents/Work/Experiment/ChatGPT/oragen-main/src/tmp/repos/hazelcast-simulator/simulator/src/test/java/com/hazelcast/simulator/protocol/MessagingTest.java:[18,1] static import only from classes and interfaces
[ERROR] /Users/adminuser/Documents/Work/Experiment/ChatGPT/oragen-main/src/tmp/repos/hazelcast-simulator/simulator/src/test/java/com/hazelcast/simulator/protocol/MessagingTest.java:[19,44] cannot find symbol
[ERROR]   symbol:   class TestUtils
[ERROR]   location: package com.hazelcast.simulator.utils
[ERROR] /Users/adminuser/Documents/Work/Experiment/ChatGPT/oragen-main/src/tmp/repos/hazelcast-simulator/simulator/src/test/java/com/hazelcast/simulator/protocol/MessagingTest.java:[19,1] static import only from classes and interfaces
[ERROR] /Users/adminuser/Documents/Work/Experiment/ChatGPT/oragen-main/src/tmp/repos/hazelcast-simulator/simulator/src/test/java/com/hazelcast/simulator/protocol/MessagingTest.java:[20,44] cannot find symbol
[ERROR]   symbol:   class TestUtils
[ERROR]   location: package com.hazelcast.simulator.utils
[ERROR] /Users/adminuser/Documents/Work/Experiment/ChatGPT/oragen-main/src/tmp/repos/hazelcast-simulator/simulator/src/test/java/com/hazelcast/simulator/protocol/MessagingTest.java:[20,1] static import only from classes and interfaces
[ERROR] /Users/adminuser/Documents/Work/Experiment/ChatGPT/oragen-main/src/tmp/repos/hazelcast-simulator/simulator/src/test/java/com/hazelcast/simulator/protocol/MessagingTest.java:[31,13] cannot find symbol
[ERROR]   symbol:   class Broker
[ERROR]   location: class com.hazelcast.simulator.protocol.MessagingTest
[ERROR] /Users/adminuser/Documents/Work/Experiment/ChatGPT/oragen-main/src/tmp/repos/hazelcast-simulator/simulator/src/test/java/com/hazelcast/simulator/protocol/MessagingTest.java:[32,13] cannot find symbol
[ERROR]   symbol:   class Server
[ERROR]   location: class com.hazelcast.simulator.protocol.MessagingTest
[ERROR] /Users/adminuser/Documents/Work/Experiment/ChatGPT/oragen-main/src/tmp/repos/hazelcast-simulator/simulator/src/test/java/com/hazelcast/simulator/protocol/MessagingTest.java:[33,13] cannot find symbol
[ERROR]   symbol:   class CoordinatorClient
[ERROR]   location: class com.hazelcast.simulator.protocol.MessagingTest
[ERROR] /Users/adminuser/Documents/Work/Experiment/ChatGPT/oragen-main/src/tmp/repos/hazelcast-simulator/simulator/src/test/java/com/hazelcast/simulator/protocol/MessagingTest.java:[34,13] cannot find symbol
[ERROR]   symbol:   class SimulatorAddress
[ERROR]   location: class com.hazelcast.simulator.protocol.MessagingTest
[ERROR] /Users/adminuser/Documents/Work/Experiment/ChatGPT/oragen-main/src/tmp/repos/hazelcast-simulator/simulator/src/test/java/com/hazelcast/simulator/common/TestSuiteTest.java:[4,37] cannot find symbol
[ERROR]   symbol:   class BindException
[ERROR]   location: package com.hazelcast.simulator.utils
[ERROR] /Users/adminuser/Documents/Work/Experiment/ChatGPT/oragen-main/src/tmp/repos/hazelcast-simulator/simulator/src/test/java/com/hazelcast/simulator/common/TestSuiteTest.java:[11,44] cannot find symbol
[ERROR]   symbol:   class FileUtils
[ERROR]   location: package com.hazelcast.simulator.utils
[ERROR] /Users/adminuser/Documents/Work/Experiment/ChatGPT/oragen-main/src/tmp/repos/hazelcast-simulator/simulator/src/test/java/com/hazelcast/simulator/common/TestSuiteTest.java:[11,1] static import only from classes and interfaces
[ERROR] /Users/adminuser/Documents/Work/Experiment/ChatGPT/oragen-main/src/tmp/repos/hazelcast-simulator/simulator/src/test/java/com/hazelcast/simulator/common/TestSuiteTest.java:[12,44] cannot find symbol
[ERROR]   symbol:   class FileUtils
[ERROR]   location: package com.hazelcast.simulator.utils
[ERROR] /Users/adminuser/Documents/Work/Experiment/ChatGPT/oragen-main/src/tmp/repos/hazelcast-simulator/simulator/src/test/java/com/hazelcast/simulator/common/TestSuiteTest.java:[12,1] static import only from classes and interfaces
[ERROR] /Users/adminuser/Documents/Work/Experiment/ChatGPT/oragen-main/src/tmp/repos/hazelcast-simulator/simulator/src/test/java/com/hazelcast/simulator/common/TestSuiteTest.java:[13,44] cannot find symbol
[ERROR]   symbol:   class FormatUtils
[ERROR]   location: package com.hazelcast.simulator.utils
[ERROR] /Users/adminuser/Documents/Work/Experiment/ChatGPT/oragen-main/src/tmp/repos/hazelcast-simulator/simulator/src/test/java/com/hazelcast/simulator/common/TestSuiteTest.java:[13,1] static import only from classes and interfaces
[ERROR] /Users/adminuser/Documents/Work/Experiment/ChatGPT/oragen-main/src/tmp/repos/hazelcast-simulator/simulator/src/test/java/com/hazelcast/simulator/worker/metronome/SleepingMetronomeTest.java:[8,12] cannot find symbol
[ERROR]   symbol:   class Metronome
[ERROR]   location: class com.hazelcast.simulator.worker.metronome.SleepingMetronomeTest
[ERROR] /Users/adminuser/Documents/Work/Experiment/ChatGPT/oragen-main/src/tmp/repos/hazelcast-simulator/simulator/src/test/java/com/hazelcast/simulator/worker/metronome/AbstractMetronomeTest.java:[13,13] cannot find symbol
[ERROR]   symbol:   class Metronome
[ERROR]   location: class com.hazelcast.simulator.worker.metronome.AbstractMetronomeTest
[ERROR] /Users/adminuser/Documents/Work/Experiment/ChatGPT/oragen-main/src/tmp/repos/hazelcast-simulator/simulator/src/test/java/com/hazelcast/simulator/worker/metronome/AbstractMetronomeTest.java:[15,21] cannot find symbol
[ERROR]   symbol:   class Metronome
[ERROR]   location: class com.hazelcast.simulator.worker.metronome.AbstractMetronomeTest
[ERROR] /Users/adminuser/Documents/Work/Experiment/ChatGPT/oragen-main/src/tmp/repos/hazelcast-simulator/simulator/src/test/java/com/hazelcast/simulator/utils/ExceptionReporterTest.java:[12,44] cannot find symbol
[ERROR]   symbol:   class FileUtils
[ERROR]   location: package com.hazelcast.simulator.utils
[ERROR] -> [Help 1]
[ERROR] 
[ERROR] To see the full stack trace of the errors, re-run Maven with the -e switch.
[ERROR] Re-run Maven using the -X switch to enable full debug logging.
[ERROR] 
[ERROR] For more information about the errors and possible solutions, please read the following articles:
[ERROR] [Help 1] http://cwiki.apache.org/confluence/display/MAVEN/MojoFailureException
