[INFO] Scanning for projects...
[INFO] 
[INFO] ---------< com.digitalpebble.stormcrawler:storm-crawler-core >----------
[INFO] Building storm-crawler-core 2.2
[INFO]   from pom.xml
[INFO] --------------------------------[ jar ]---------------------------------
[INFO] 
[INFO] --- maven-clean-plugin:2.5:clean (default-clean) @ storm-crawler-core ---
[INFO] Deleting /Users/adminuser/Documents/Work/Experiment/ChatGPT/oragen-main/src/tmp/repos/storm-crawler/core/target
[INFO] 
[INFO] --- maven-enforcer-plugin:3.0.0:enforce (enforce-maven) @ storm-crawler-core ---
[INFO] 
[INFO] --- maven-enforcer-plugin:3.0.0:enforce (exclude-vulnerable-log4j-versions) @ storm-crawler-core ---
[INFO] 
[INFO] --- git-code-format-maven-plugin:2.7:install-hooks (install-formatter-hook) @ storm-crawler-core ---
[INFO] Installing git hooks
[INFO] Installed git hooks
[INFO] 
[INFO] --- maven-resources-plugin:2.6:resources (default-resources) @ storm-crawler-core ---
[INFO] Using 'UTF-8' encoding to copy filtered resources.
[INFO] Copying 1 resource
[INFO] 
[INFO] --- maven-compiler-plugin:3.2:compile (default-compile) @ storm-crawler-core ---
[INFO] Changes detected - recompiling the module!
[INFO] Compiling 101 source files to /Users/adminuser/Documents/Work/Experiment/ChatGPT/oragen-main/src/tmp/repos/storm-crawler/core/target/classes
[INFO] /Users/adminuser/Documents/Work/Experiment/ChatGPT/oragen-main/src/tmp/repos/storm-crawler/core/src/main/java/com/digitalpebble/stormcrawler/parse/filter/XPathFilter.java: Some input files use or override a deprecated API.
[INFO] /Users/adminuser/Documents/Work/Experiment/ChatGPT/oragen-main/src/tmp/repos/storm-crawler/core/src/main/java/com/digitalpebble/stormcrawler/parse/filter/XPathFilter.java: Recompile with -Xlint:deprecation for details.
[INFO] /Users/adminuser/Documents/Work/Experiment/ChatGPT/oragen-main/src/tmp/repos/storm-crawler/core/src/main/java/com/digitalpebble/stormcrawler/util/Configurable.java: Some input files use unchecked or unsafe operations.
[INFO] /Users/adminuser/Documents/Work/Experiment/ChatGPT/oragen-main/src/tmp/repos/storm-crawler/core/src/main/java/com/digitalpebble/stormcrawler/util/Configurable.java: Recompile with -Xlint:unchecked for details.
[INFO] 
[INFO] --- maven-resources-plugin:2.6:testResources (default-testResources) @ storm-crawler-core ---
[INFO] Using 'UTF-8' encoding to copy filtered resources.
[INFO] Copying 20 resources
[INFO] 
[INFO] --- maven-compiler-plugin:3.2:testCompile (default-testCompile) @ storm-crawler-core ---
[INFO] Changes detected - recompiling the module!
[INFO] Compiling 41 source files to /Users/adminuser/Documents/Work/Experiment/ChatGPT/oragen-main/src/tmp/repos/storm-crawler/core/target/test-classes
[INFO] /Users/adminuser/Documents/Work/Experiment/ChatGPT/oragen-main/src/tmp/repos/storm-crawler/core/src/test/java/com/digitalpebble/stormcrawler/TestUtil.java: /Users/adminuser/Documents/Work/Experiment/ChatGPT/oragen-main/src/tmp/repos/storm-crawler/core/src/test/java/com/digitalpebble/stormcrawler/TestUtil.java uses or overrides a deprecated API.
[INFO] /Users/adminuser/Documents/Work/Experiment/ChatGPT/oragen-main/src/tmp/repos/storm-crawler/core/src/test/java/com/digitalpebble/stormcrawler/TestUtil.java: Recompile with -Xlint:deprecation for details.
[INFO] /Users/adminuser/Documents/Work/Experiment/ChatGPT/oragen-main/src/tmp/repos/storm-crawler/core/src/test/java/com/digitalpebble/stormcrawler/bolt/AbstractFetcherBoltTest.java: Some input files use unchecked or unsafe operations.
[INFO] /Users/adminuser/Documents/Work/Experiment/ChatGPT/oragen-main/src/tmp/repos/storm-crawler/core/src/test/java/com/digitalpebble/stormcrawler/bolt/AbstractFetcherBoltTest.java: Recompile with -Xlint:unchecked for details.
[INFO] -------------------------------------------------------------
[ERROR] COMPILATION ERROR : 
[INFO] -------------------------------------------------------------
[ERROR] /Users/adminuser/Documents/Work/Experiment/ChatGPT/oragen-main/src/tmp/repos/storm-crawler/core/src/test/java/com/digitalpebble/stormcrawler/filtering/HostURLFilterTest.java:[88,81] cannot find symbol
  symbol:   method filter(java.net.URL,com.digitalpebble.stormcrawler.Metadata,java.lang.String)
  location: class com.digitalpebble.stormcrawler.filtering.HostURLFilterTest
[ERROR] /Users/adminuser/Documents/Work/Experiment/ChatGPT/oragen-main/src/tmp/repos/storm-crawler/core/src/test/java/com/digitalpebble/stormcrawler/parse/filter/SubDocumentsFilterTest.java:[41,48] md has private access in com.digitalpebble.stormcrawler.Metadata
[ERROR] /Users/adminuser/Documents/Work/Experiment/ChatGPT/oragen-main/src/tmp/repos/storm-crawler/core/src/test/java/com/digitalpebble/stormcrawler/filtering/BasicURLFilterTest.java:[57,50] cannot find symbol
  symbol:   variable sourceURL
  location: class com.digitalpebble.stormcrawler.filtering.BasicURLFilterTest
[ERROR] /Users/adminuser/Documents/Work/Experiment/ChatGPT/oragen-main/src/tmp/repos/storm-crawler/core/src/test/java/com/digitalpebble/stormcrawler/filtering/FastURLFilterTest.java:[65,65] cannot find symbol
  symbol:   variable urlToFilter
  location: class com.digitalpebble.stormcrawler.filtering.FastURLFilterTest
[ERROR] /Users/adminuser/Documents/Work/Experiment/ChatGPT/oragen-main/src/tmp/repos/storm-crawler/core/src/test/java/com/digitalpebble/stormcrawler/indexer/BasicIndexingTest.java:[123,49] cannot find symbol
  symbol:   variable md
  location: class com.digitalpebble.stormcrawler.indexer.BasicIndexingTest
[ERROR] /Users/adminuser/Documents/Work/Experiment/ChatGPT/oragen-main/src/tmp/repos/storm-crawler/core/src/test/java/com/digitalpebble/stormcrawler/parse/filter/CollectionTaggerTest.java:[18,45] cannot find symbol
  symbol:   method getValues(java.lang.String)
  location: class com.digitalpebble.stormcrawler.parse.filter.CollectionTaggerTest
[ERROR] /Users/adminuser/Documents/Work/Experiment/ChatGPT/oragen-main/src/tmp/repos/storm-crawler/core/src/test/java/com/digitalpebble/stormcrawler/json/JsoupFilterTest.java:[45,44] cannot find symbol
  symbol:   variable values
  location: class com.digitalpebble.stormcrawler.json.JsoupFilterTest
[ERROR] /Users/adminuser/Documents/Work/Experiment/ChatGPT/oragen-main/src/tmp/repos/storm-crawler/core/src/test/java/com/digitalpebble/stormcrawler/json/JsoupFilterTest.java:[45,52] cannot find symbol
  symbol:   variable focal
  location: class com.digitalpebble.stormcrawler.json.JsoupFilterTest
[ERROR] /Users/adminuser/Documents/Work/Experiment/ChatGPT/oragen-main/src/tmp/repos/storm-crawler/core/src/test/java/com/digitalpebble/stormcrawler/bolt/FeedParserBoltTest.java:[84,40] cannot find symbol
  symbol:   variable md
  location: class com.digitalpebble.stormcrawler.bolt.FeedParserBoltTest
[ERROR] /Users/adminuser/Documents/Work/Experiment/ChatGPT/oragen-main/src/tmp/repos/storm-crawler/core/src/test/java/com/digitalpebble/stormcrawler/parse/filter/CSVMetadataFilterTest.java:[37,44] cannot find symbol
  symbol:   variable expectedValues
  location: class com.digitalpebble.stormcrawler.parse.filter.CSVMetadataFilterTest
[ERROR] /Users/adminuser/Documents/Work/Experiment/ChatGPT/oragen-main/src/tmp/repos/storm-crawler/core/src/test/java/com/digitalpebble/stormcrawler/parse/filter/CSVMetadataFilterTest.java:[37,60] cannot find symbol
  symbol:   variable actualValues
  location: class com.digitalpebble.stormcrawler.parse.filter.CSVMetadataFilterTest
[ERROR] /Users/adminuser/Documents/Work/Experiment/ChatGPT/oragen-main/src/tmp/repos/storm-crawler/core/src/test/java/com/digitalpebble/stormcrawler/filtering/RegexFilterTest.java:[59,73] cannot find symbol
  symbol:   variable urlToFilter
  location: class com.digitalpebble.stormcrawler.filtering.RegexFilterTest
[INFO] 12 errors 
[INFO] -------------------------------------------------------------
[INFO] ------------------------------------------------------------------------
[INFO] BUILD FAILURE
[INFO] ------------------------------------------------------------------------
[INFO] Total time:  5.329 s
[INFO] Finished at: 2023-06-06T20:31:43-04:00
[INFO] ------------------------------------------------------------------------
[ERROR] Failed to execute goal org.apache.maven.plugins:maven-compiler-plugin:3.2:testCompile (default-testCompile) on project storm-crawler-core: Compilation failure: Compilation failure: 
[ERROR] /Users/adminuser/Documents/Work/Experiment/ChatGPT/oragen-main/src/tmp/repos/storm-crawler/core/src/test/java/com/digitalpebble/stormcrawler/filtering/HostURLFilterTest.java:[88,81] cannot find symbol
[ERROR]   symbol:   method filter(java.net.URL,com.digitalpebble.stormcrawler.Metadata,java.lang.String)
[ERROR]   location: class com.digitalpebble.stormcrawler.filtering.HostURLFilterTest
[ERROR] /Users/adminuser/Documents/Work/Experiment/ChatGPT/oragen-main/src/tmp/repos/storm-crawler/core/src/test/java/com/digitalpebble/stormcrawler/parse/filter/SubDocumentsFilterTest.java:[41,48] md has private access in com.digitalpebble.stormcrawler.Metadata
[ERROR] /Users/adminuser/Documents/Work/Experiment/ChatGPT/oragen-main/src/tmp/repos/storm-crawler/core/src/test/java/com/digitalpebble/stormcrawler/filtering/BasicURLFilterTest.java:[57,50] cannot find symbol
[ERROR]   symbol:   variable sourceURL
[ERROR]   location: class com.digitalpebble.stormcrawler.filtering.BasicURLFilterTest
[ERROR] /Users/adminuser/Documents/Work/Experiment/ChatGPT/oragen-main/src/tmp/repos/storm-crawler/core/src/test/java/com/digitalpebble/stormcrawler/filtering/FastURLFilterTest.java:[65,65] cannot find symbol
[ERROR]   symbol:   variable urlToFilter
[ERROR]   location: class com.digitalpebble.stormcrawler.filtering.FastURLFilterTest
[ERROR] /Users/adminuser/Documents/Work/Experiment/ChatGPT/oragen-main/src/tmp/repos/storm-crawler/core/src/test/java/com/digitalpebble/stormcrawler/indexer/BasicIndexingTest.java:[123,49] cannot find symbol
[ERROR]   symbol:   variable md
[ERROR]   location: class com.digitalpebble.stormcrawler.indexer.BasicIndexingTest
[ERROR] /Users/adminuser/Documents/Work/Experiment/ChatGPT/oragen-main/src/tmp/repos/storm-crawler/core/src/test/java/com/digitalpebble/stormcrawler/parse/filter/CollectionTaggerTest.java:[18,45] cannot find symbol
[ERROR]   symbol:   method getValues(java.lang.String)
[ERROR]   location: class com.digitalpebble.stormcrawler.parse.filter.CollectionTaggerTest
[ERROR] /Users/adminuser/Documents/Work/Experiment/ChatGPT/oragen-main/src/tmp/repos/storm-crawler/core/src/test/java/com/digitalpebble/stormcrawler/json/JsoupFilterTest.java:[45,44] cannot find symbol
[ERROR]   symbol:   variable values
[ERROR]   location: class com.digitalpebble.stormcrawler.json.JsoupFilterTest
[ERROR] /Users/adminuser/Documents/Work/Experiment/ChatGPT/oragen-main/src/tmp/repos/storm-crawler/core/src/test/java/com/digitalpebble/stormcrawler/json/JsoupFilterTest.java:[45,52] cannot find symbol
[ERROR]   symbol:   variable focal
[ERROR]   location: class com.digitalpebble.stormcrawler.json.JsoupFilterTest
[ERROR] /Users/adminuser/Documents/Work/Experiment/ChatGPT/oragen-main/src/tmp/repos/storm-crawler/core/src/test/java/com/digitalpebble/stormcrawler/bolt/FeedParserBoltTest.java:[84,40] cannot find symbol
[ERROR]   symbol:   variable md
[ERROR]   location: class com.digitalpebble.stormcrawler.bolt.FeedParserBoltTest
[ERROR] /Users/adminuser/Documents/Work/Experiment/ChatGPT/oragen-main/src/tmp/repos/storm-crawler/core/src/test/java/com/digitalpebble/stormcrawler/parse/filter/CSVMetadataFilterTest.java:[37,44] cannot find symbol
[ERROR]   symbol:   variable expectedValues
[ERROR]   location: class com.digitalpebble.stormcrawler.parse.filter.CSVMetadataFilterTest
[ERROR] /Users/adminuser/Documents/Work/Experiment/ChatGPT/oragen-main/src/tmp/repos/storm-crawler/core/src/test/java/com/digitalpebble/stormcrawler/parse/filter/CSVMetadataFilterTest.java:[37,60] cannot find symbol
[ERROR]   symbol:   variable actualValues
[ERROR]   location: class com.digitalpebble.stormcrawler.parse.filter.CSVMetadataFilterTest
[ERROR] /Users/adminuser/Documents/Work/Experiment/ChatGPT/oragen-main/src/tmp/repos/storm-crawler/core/src/test/java/com/digitalpebble/stormcrawler/filtering/RegexFilterTest.java:[59,73] cannot find symbol
[ERROR]   symbol:   variable urlToFilter
[ERROR]   location: class com.digitalpebble.stormcrawler.filtering.RegexFilterTest
[ERROR] -> [Help 1]
[ERROR] 
[ERROR] To see the full stack trace of the errors, re-run Maven with the -e switch.
[ERROR] Re-run Maven using the -X switch to enable full debug logging.
[ERROR] 
[ERROR] For more information about the errors and possible solutions, please read the following articles:
[ERROR] [Help 1] http://cwiki.apache.org/confluence/display/MAVEN/MojoFailureException
