[INFO] Scanning for projects...
[INFO] 
[INFO] ----------------< io.github.glytching:junit-extensions >----------------
[INFO] Building JUnit Extensions 2.5.0
[INFO]   from pom.xml
[INFO] --------------------------------[ jar ]---------------------------------
Downloading from central: https://repo.maven.apache.org/maven2/org/apache/maven/plugins/maven-javadoc-plugin/3.0.0-M1/maven-javadoc-plugin-3.0.0-M1.pom
Progress (1): 2.7/16 kBProgress (1): 5.5/16 kBProgress (1): 8.2/16 kBProgress (1): 11/16 kB Progress (1): 14/16 kBProgress (1): 16 kB                      Downloaded from central: https://repo.maven.apache.org/maven2/org/apache/maven/plugins/maven-javadoc-plugin/3.0.0-M1/maven-javadoc-plugin-3.0.0-M1.pom (16 kB at 26 kB/s)
Downloading from central: https://repo.maven.apache.org/maven2/org/apache/maven/plugins/maven-javadoc-plugin/3.0.0-M1/maven-javadoc-plugin-3.0.0-M1.jar
Progress (1): 4.1/408 kBProgress (1): 8.2/408 kBProgress (1): 12/408 kB Progress (1): 16/408 kBProgress (1): 20/408 kBProgress (1): 25/408 kBProgress (1): 29/408 kBProgress (1): 33/408 kBProgress (1): 37/408 kBProgress (1): 41/408 kBProgress (1): 45/408 kBProgress (1): 49/408 kBProgress (1): 53/408 kBProgress (1): 57/408 kBProgress (1): 61/408 kBProgress (1): 66/408 kBProgress (1): 70/408 kBProgress (1): 74/408 kBProgress (1): 78/408 kBProgress (1): 82/408 kBProgress (1): 86/408 kBProgress (1): 90/408 kBProgress (1): 94/408 kBProgress (1): 98/408 kBProgress (1): 102/408 kBProgress (1): 106/408 kBProgress (1): 111/408 kBProgress (1): 115/408 kBProgress (1): 119/408 kBProgress (1): 123/408 kBProgress (1): 127/408 kBProgress (1): 131/408 kBProgress (1): 135/408 kBProgress (1): 139/408 kBProgress (1): 143/408 kBProgress (1): 147/408 kBProgress (1): 152/408 kBProgress (1): 156/408 kBProgress (1): 160/408 kBProgress (1): 164/408 kBProgress (1): 168/408 kBProgress (1): 172/408 kBProgress (1): 176/408 kBProgress (1): 180/408 kBProgress (1): 184/408 kBProgress (1): 188/408 kBProgress (1): 193/408 kBProgress (1): 197/408 kBProgress (1): 201/408 kBProgress (1): 205/408 kBProgress (1): 209/408 kBProgress (1): 213/408 kBProgress (1): 217/408 kBProgress (1): 221/408 kBProgress (1): 225/408 kBProgress (1): 229/408 kBProgress (1): 233/408 kBProgress (1): 238/408 kBProgress (1): 242/408 kBProgress (1): 246/408 kBProgress (1): 250/408 kBProgress (1): 254/408 kBProgress (1): 258/408 kBProgress (1): 262/408 kBProgress (1): 266/408 kBProgress (1): 270/408 kBProgress (1): 274/408 kBProgress (1): 279/408 kBProgress (1): 283/408 kBProgress (1): 287/408 kBProgress (1): 291/408 kBProgress (1): 295/408 kBProgress (1): 299/408 kBProgress (1): 303/408 kBProgress (1): 307/408 kBProgress (1): 311/408 kBProgress (1): 315/408 kBProgress (1): 319/408 kBProgress (1): 324/408 kBProgress (1): 328/408 kBProgress (1): 332/408 kBProgress (1): 336/408 kBProgress (1): 340/408 kBProgress (1): 344/408 kBProgress (1): 348/408 kBProgress (1): 352/408 kBProgress (1): 356/408 kBProgress (1): 360/408 kBProgress (1): 365/408 kBProgress (1): 369/408 kBProgress (1): 373/408 kBProgress (1): 377/408 kBProgress (1): 381/408 kBProgress (1): 385/408 kBProgress (1): 389/408 kBProgress (1): 393/408 kBProgress (1): 397/408 kBProgress (1): 401/408 kBProgress (1): 406/408 kBProgress (1): 408 kB                        Downloaded from central: https://repo.maven.apache.org/maven2/org/apache/maven/plugins/maven-javadoc-plugin/3.0.0-M1/maven-javadoc-plugin-3.0.0-M1.jar (408 kB at 2.0 MB/s)
Downloading from central: https://repo.maven.apache.org/maven2/org/apache/maven/plugins/maven-surefire-plugin/2.22.0/maven-surefire-plugin-2.22.0.pom
Downloaded from central: https://repo.maven.apache.org/maven2/org/apache/maven/plugins/maven-surefire-plugin/2.22.0/maven-surefire-plugin-2.22.0.pom (0 B at 0 B/s)
Downloading from central: https://repo.maven.apache.org/maven2/org/apache/maven/surefire/surefire/2.22.0/surefire-2.22.0.pom
Downloaded from central: https://repo.maven.apache.org/maven2/org/apache/maven/surefire/surefire/2.22.0/surefire-2.22.0.pom (0 B at 0 B/s)
Downloading from central: https://repo.maven.apache.org/maven2/org/apache/maven/plugins/maven-surefire-plugin/2.22.0/maven-surefire-plugin-2.22.0.jar
Downloaded from central: https://repo.maven.apache.org/maven2/org/apache/maven/plugins/maven-surefire-plugin/2.22.0/maven-surefire-plugin-2.22.0.jar (0 B at 0 B/s)
Downloading from central: https://repo.maven.apache.org/maven2/org/junit/jupiter/junit-jupiter-api/5.2.0/junit-jupiter-api-5.2.0.pom
Progress (1): 2.4 kB                    Downloaded from central: https://repo.maven.apache.org/maven2/org/junit/jupiter/junit-jupiter-api/5.2.0/junit-jupiter-api-5.2.0.pom (2.4 kB at 37 kB/s)
Downloading from central: https://repo.maven.apache.org/maven2/org/opentest4j/opentest4j/1.1.0/opentest4j-1.1.0.pom
Progress (1): 1.7 kB                    Downloaded from central: https://repo.maven.apache.org/maven2/org/opentest4j/opentest4j/1.1.0/opentest4j-1.1.0.pom (1.7 kB at 23 kB/s)
Downloading from central: https://repo.maven.apache.org/maven2/org/junit/platform/junit-platform-commons/1.2.0/junit-platform-commons-1.2.0.pom
Progress (1): 2.0 kB                    Downloaded from central: https://repo.maven.apache.org/maven2/org/junit/platform/junit-platform-commons/1.2.0/junit-platform-commons-1.2.0.pom (2.0 kB at 24 kB/s)
Downloading from central: https://repo.maven.apache.org/maven2/io/github/benas/random-beans/3.9.0/random-beans-3.9.0.pom
Progress (1): 3.8 kB                    Downloaded from central: https://repo.maven.apache.org/maven2/io/github/benas/random-beans/3.9.0/random-beans-3.9.0.pom (3.8 kB at 40 kB/s)
Downloading from central: https://repo.maven.apache.org/maven2/io/github/benas/random-beans-parent/3.9.0/random-beans-parent-3.9.0.pom
Progress (1): 4.1/15 kBProgress (1): 8.2/15 kBProgress (1): 12/15 kB Progress (1): 15 kB                      Downloaded from central: https://repo.maven.apache.org/maven2/io/github/benas/random-beans-parent/3.9.0/random-beans-parent-3.9.0.pom (15 kB at 149 kB/s)
Downloading from central: https://repo.maven.apache.org/maven2/org/objenesis/objenesis/3.0.1/objenesis-3.0.1.pom
Progress (1): 3.5 kB                    Downloaded from central: https://repo.maven.apache.org/maven2/org/objenesis/objenesis/3.0.1/objenesis-3.0.1.pom (3.5 kB at 47 kB/s)
Downloading from central: https://repo.maven.apache.org/maven2/org/objenesis/objenesis-parent/3.0.1/objenesis-parent-3.0.1.pom
Progress (1): 4.1/17 kBProgress (1): 8.2/17 kBProgress (1): 12/17 kB Progress (1): 16/17 kBProgress (1): 17 kB                      Downloaded from central: https://repo.maven.apache.org/maven2/org/objenesis/objenesis-parent/3.0.1/objenesis-parent-3.0.1.pom (17 kB at 229 kB/s)
Downloading from central: https://repo.maven.apache.org/maven2/io/github/classgraph/classgraph/4.6.18/classgraph-4.6.18.pom
Progress (1): 4.1/13 kBProgress (1): 8.2/13 kBProgress (1): 12/13 kB Progress (1): 13 kB                      Downloaded from central: https://repo.maven.apache.org/maven2/io/github/classgraph/classgraph/4.6.18/classgraph-4.6.18.pom (13 kB at 123 kB/s)
Downloading from central: https://repo.maven.apache.org/maven2/org/junit/jupiter/junit-jupiter-engine/5.2.0/junit-jupiter-engine-5.2.0.pom
Progress (1): 2.4 kB                    Downloaded from central: https://repo.maven.apache.org/maven2/org/junit/jupiter/junit-jupiter-engine/5.2.0/junit-jupiter-engine-5.2.0.pom (2.4 kB at 34 kB/s)
Downloading from central: https://repo.maven.apache.org/maven2/org/junit/platform/junit-platform-engine/1.2.0/junit-platform-engine-1.2.0.pom
Progress (1): 2.4 kB                    Downloaded from central: https://repo.maven.apache.org/maven2/org/junit/platform/junit-platform-engine/1.2.0/junit-platform-engine-1.2.0.pom (2.4 kB at 33 kB/s)
Downloading from central: https://repo.maven.apache.org/maven2/org/junit/platform/junit-platform-launcher/1.2.0/junit-platform-launcher-1.2.0.pom
Progress (1): 2.2 kB                    Downloaded from central: https://repo.maven.apache.org/maven2/org/junit/platform/junit-platform-launcher/1.2.0/junit-platform-launcher-1.2.0.pom (2.2 kB at 30 kB/s)
Downloading from central: https://repo.maven.apache.org/maven2/org/junit/platform/junit-platform-runner/1.2.0/junit-platform-runner-1.2.0.pom
Progress (1): 2.6 kB                    Downloaded from central: https://repo.maven.apache.org/maven2/org/junit/platform/junit-platform-runner/1.2.0/junit-platform-runner-1.2.0.pom (2.6 kB at 31 kB/s)
Downloading from central: https://repo.maven.apache.org/maven2/org/junit/platform/junit-platform-suite-api/1.2.0/junit-platform-suite-api-1.2.0.pom
Progress (1): 2.2 kB                    Downloaded from central: https://repo.maven.apache.org/maven2/org/junit/platform/junit-platform-suite-api/1.2.0/junit-platform-suite-api-1.2.0.pom (2.2 kB at 23 kB/s)
Downloading from central: https://repo.maven.apache.org/maven2/org/mockito/mockito-core/2.7.19/mockito-core-2.7.19.pom
Progress (1): 2.3 kB                    Downloaded from central: https://repo.maven.apache.org/maven2/org/mockito/mockito-core/2.7.19/mockito-core-2.7.19.pom (2.3 kB at 29 kB/s)
Downloading from central: https://repo.maven.apache.org/maven2/net/bytebuddy/byte-buddy/1.6.11/byte-buddy-1.6.11.pom
Progress (1): 4.1/12 kBProgress (1): 8.2/12 kBProgress (1): 12 kB                       Downloaded from central: https://repo.maven.apache.org/maven2/net/bytebuddy/byte-buddy/1.6.11/byte-buddy-1.6.11.pom (12 kB at 161 kB/s)
Downloading from central: https://repo.maven.apache.org/maven2/net/bytebuddy/byte-buddy-parent/1.6.11/byte-buddy-parent-1.6.11.pom
Progress (1): 4.1/26 kBProgress (1): 8.2/26 kBProgress (1): 12/26 kB Progress (1): 16/26 kBProgress (1): 20/26 kBProgress (1): 25/26 kBProgress (1): 26 kB                      Downloaded from central: https://repo.maven.apache.org/maven2/net/bytebuddy/byte-buddy-parent/1.6.11/byte-buddy-parent-1.6.11.pom (26 kB at 287 kB/s)
Downloading from central: https://repo.maven.apache.org/maven2/net/bytebuddy/byte-buddy-agent/1.6.11/byte-buddy-agent-1.6.11.pom
Progress (1): 4.1/4.5 kBProgress (1): 4.5 kB                        Downloaded from central: https://repo.maven.apache.org/maven2/net/bytebuddy/byte-buddy-agent/1.6.11/byte-buddy-agent-1.6.11.pom (4.5 kB at 65 kB/s)
Downloading from central: https://repo.maven.apache.org/maven2/org/objenesis/objenesis/2.5/objenesis-2.5.pom
Progress (1): 2.8 kB                    Downloaded from central: https://repo.maven.apache.org/maven2/org/objenesis/objenesis/2.5/objenesis-2.5.pom (2.8 kB at 31 kB/s)
Downloading from central: https://repo.maven.apache.org/maven2/org/objenesis/objenesis-parent/2.5/objenesis-parent-2.5.pom
Progress (1): 4.1/17 kBProgress (1): 8.2/17 kBProgress (1): 12/17 kB Progress (1): 16/17 kBProgress (1): 17 kB                      Downloaded from central: https://repo.maven.apache.org/maven2/org/objenesis/objenesis-parent/2.5/objenesis-parent-2.5.pom (17 kB at 243 kB/s)
Downloading from central: https://repo.maven.apache.org/maven2/org/junit/jupiter/junit-jupiter-api/5.2.0/junit-jupiter-api-5.2.0.jar
Downloading from central: https://repo.maven.apache.org/maven2/org/opentest4j/opentest4j/1.1.0/opentest4j-1.1.0.jar
Downloading from central: https://repo.maven.apache.org/maven2/org/junit/platform/junit-platform-commons/1.2.0/junit-platform-commons-1.2.0.jar
Downloading from central: https://repo.maven.apache.org/maven2/io/github/benas/random-beans/3.9.0/random-beans-3.9.0.jar
Downloading from central: https://repo.maven.apache.org/maven2/org/objenesis/objenesis/3.0.1/objenesis-3.0.1.jar
Progress (1): 4.1/108 kBProgress (1): 8.2/108 kBProgress (1): 12/108 kB Progress (1): 16/108 kBProgress (1): 20/108 kBProgress (1): 24/108 kBProgress (1): 28/108 kBProgress (1): 32/108 kBProgress (1): 36/108 kBProgress (1): 40/108 kBProgress (1): 45/108 kBProgress (1): 49/108 kBProgress (1): 53/108 kBProgress (1): 57/108 kBProgress (1): 61/108 kBProgress (1): 65/108 kBProgress (1): 69/108 kBProgress (1): 73/108 kBProgress (1): 77/108 kBProgress (1): 81/108 kBProgress (1): 85/108 kBProgress (1): 90/108 kBProgress (1): 94/108 kBProgress (1): 98/108 kBProgress (1): 102/108 kBProgress (1): 106/108 kBProgress (1): 108 kB                        Downloaded from central: https://repo.maven.apache.org/maven2/org/junit/jupiter/junit-jupiter-api/5.2.0/junit-jupiter-api-5.2.0.jar (108 kB at 1.1 MB/s)
Downloading from central: https://repo.maven.apache.org/maven2/io/github/classgraph/classgraph/4.6.18/classgraph-4.6.18.jar
Progress (1): 2.7/61 kBProgress (1): 5.5/61 kBProgress (1): 8.2/61 kBProgress (1): 11/61 kB Progress (1): 14/61 kBProgress (1): 16/61 kBProgress (1): 19/61 kBProgress (2): 19/61 kB | 2.7/6.8 kBProgress (2): 22/61 kB | 2.7/6.8 kBProgress (2): 22/61 kB | 5.5/6.8 kBProgress (2): 25/61 kB | 5.5/6.8 kBProgress (2): 25/61 kB | 6.8 kB    Progress (2): 27/61 kB | 6.8 kBProgress (2): 30/61 kB | 6.8 kBProgress (2): 33/61 kB | 6.8 kBProgress (2): 36/61 kB | 6.8 kBProgress (2): 38/61 kB | 6.8 kBProgress (3): 38/61 kB | 6.8 kB | 4.1/421 kBProgress (3): 38/61 kB | 6.8 kB | 8.2/421 kBProgress (3): 38/61 kB | 6.8 kB | 12/421 kB Progress (3): 38/61 kB | 6.8 kB | 16/421 kBProgress (3): 38/61 kB | 6.8 kB | 20/421 kBProgress (3): 38/61 kB | 6.8 kB | 24/421 kBProgress (3): 38/61 kB | 6.8 kB | 28/421 kBProgress (3): 38/61 kB | 6.8 kB | 32/421 kBProgress (3): 38/61 kB | 6.8 kB | 36/421 kBProgress (3): 38/61 kB | 6.8 kB | 40/421 kBProgress (3): 38/61 kB | 6.8 kB | 45/421 kBProgress (3): 38/61 kB | 6.8 kB | 49/421 kBProgress (3): 38/61 kB | 6.8 kB | 53/421 kBProgress (3): 38/61 kB | 6.8 kB | 57/421 kBProgress (3): 38/61 kB | 6.8 kB | 61/421 kBProgress (3): 38/61 kB | 6.8 kB | 65/421 kBProgress (3): 38/61 kB | 6.8 kB | 69/421 kBProgress (3): 38/61 kB | 6.8 kB | 73/421 kBProgress (3): 38/61 kB | 6.8 kB | 77/421 kBProgress (3): 38/61 kB | 6.8 kB | 81/421 kBProgress (3): 38/61 kB | 6.8 kB | 85/421 kBProgress (3): 38/61 kB | 6.8 kB | 90/421 kBProgress (3): 38/61 kB | 6.8 kB | 94/421 kBProgress (3): 38/61 kB | 6.8 kB | 98/421 kBProgress (3): 41/61 kB | 6.8 kB | 98/421 kBProgress (3): 41/61 kB | 6.8 kB | 102/421 kBProgress (3): 41/61 kB | 6.8 kB | 106/421 kBProgress (3): 41/61 kB | 6.8 kB | 110/421 kBProgress (3): 41/61 kB | 6.8 kB | 114/421 kBProgress (3): 41/61 kB | 6.8 kB | 118/421 kBProgress (3): 41/61 kB | 6.8 kB | 122/421 kBProgress (3): 41/61 kB | 6.8 kB | 126/421 kBProgress (3): 41/61 kB | 6.8 kB | 131/421 kBProgress (3): 41/61 kB | 6.8 kB | 135/421 kBProgress (3): 41/61 kB | 6.8 kB | 139/421 kBProgress (3): 41/61 kB | 6.8 kB | 143/421 kBProgress (3): 41/61 kB | 6.8 kB | 147/421 kBProgress (3): 44/61 kB | 6.8 kB | 147/421 kBProgress (3): 44/61 kB | 6.8 kB | 151/421 kBProgress (3): 44/61 kB | 6.8 kB | 155/421 kBProgress (3): 47/61 kB | 6.8 kB | 155/421 kBProgress (3): 47/61 kB | 6.8 kB | 159/421 kBProgress (3): 47/61 kB | 6.8 kB | 163/421 kBProgress (3): 49/61 kB | 6.8 kB | 163/421 kBProgress (3): 52/61 kB | 6.8 kB | 163/421 kBProgress (3): 52/61 kB | 6.8 kB | 167/421 kBProgress (3): 55/61 kB | 6.8 kB | 167/421 kBProgress (3): 55/61 kB | 6.8 kB | 171/421 kBProgress (3): 55/61 kB | 6.8 kB | 176/421 kBProgress (3): 55/61 kB | 6.8 kB | 180/421 kBProgress (3): 58/61 kB | 6.8 kB | 180/421 kBProgress (3): 58/61 kB | 6.8 kB | 184/421 kBProgress (3): 60/61 kB | 6.8 kB | 184/421 kBProgress (3): 60/61 kB | 6.8 kB | 188/421 kBProgress (3): 60/61 kB | 6.8 kB | 192/421 kBProgress (3): 60/61 kB | 6.8 kB | 196/421 kBProgress (3): 61 kB | 6.8 kB | 196/421 kB   Progress (3): 61 kB | 6.8 kB | 200/421 kBProgress (3): 61 kB | 6.8 kB | 204/421 kBProgress (3): 61 kB | 6.8 kB | 208/421 kBProgress (3): 61 kB | 6.8 kB | 212/421 kBProgress (3): 61 kB | 6.8 kB | 217/421 kBProgress (3): 61 kB | 6.8 kB | 221/421 kBProgress (3): 61 kB | 6.8 kB | 225/421 kBProgress (3): 61 kB | 6.8 kB | 229/421 kBProgress (3): 61 kB | 6.8 kB | 233/421 kBProgress (3): 61 kB | 6.8 kB | 237/421 kBProgress (3): 61 kB | 6.8 kB | 241/421 kBProgress (3): 61 kB | 6.8 kB | 245/421 kBProgress (3): 61 kB | 6.8 kB | 249/421 kBProgress (3): 61 kB | 6.8 kB | 253/421 kBProgress (3): 61 kB | 6.8 kB | 258/421 kBProgress (3): 61 kB | 6.8 kB | 262/421 kBProgress (3): 61 kB | 6.8 kB | 266/421 kBProgress (3): 61 kB | 6.8 kB | 270/421 kBProgress (3): 61 kB | 6.8 kB | 274/421 kBProgress (3): 61 kB | 6.8 kB | 278/421 kBProgress (3): 61 kB | 6.8 kB | 282/421 kBProgress (3): 61 kB | 6.8 kB | 286/421 kBProgress (3): 61 kB | 6.8 kB | 290/421 kBProgress (3): 61 kB | 6.8 kB | 294/421 kBProgress (3): 61 kB | 6.8 kB | 298/421 kBProgress (3): 61 kB | 6.8 kB | 303/421 kBProgress (3): 61 kB | 6.8 kB | 307/421 kBProgress (3): 61 kB | 6.8 kB | 311/421 kBProgress (3): 61 kB | 6.8 kB | 315/421 kBProgress (3): 61 kB | 6.8 kB | 319/421 kBProgress (3): 61 kB | 6.8 kB | 323/421 kBProgress (3): 61 kB | 6.8 kB | 327/421 kBProgress (3): 61 kB | 6.8 kB | 331/421 kBProgress (3): 61 kB | 6.8 kB | 335/421 kBProgress (3): 61 kB | 6.8 kB | 339/421 kBProgress (3): 61 kB | 6.8 kB | 344/421 kBProgress (3): 61 kB | 6.8 kB | 348/421 kBProgress (3): 61 kB | 6.8 kB | 352/421 kBProgress (3): 61 kB | 6.8 kB | 356/421 kBProgress (3): 61 kB | 6.8 kB | 360/421 kBProgress (3): 61 kB | 6.8 kB | 364/421 kBProgress (3): 61 kB | 6.8 kB | 368/421 kBProgress (3): 61 kB | 6.8 kB | 372/421 kBProgress (3): 61 kB | 6.8 kB | 376/421 kBProgress (3): 61 kB | 6.8 kB | 380/421 kBProgress (3): 61 kB | 6.8 kB | 384/421 kBProgress (3): 61 kB | 6.8 kB | 389/421 kBProgress (3): 61 kB | 6.8 kB | 393/421 kBProgress (3): 61 kB | 6.8 kB | 397/421 kBProgress (3): 61 kB | 6.8 kB | 401/421 kB                                         Downloaded from central: https://repo.maven.apache.org/maven2/org/opentest4j/opentest4j/1.1.0/opentest4j-1.1.0.jar (6.8 kB at 39 kB/s)
Downloading from central: https://repo.maven.apache.org/maven2/org/junit/jupiter/junit-jupiter-engine/5.2.0/junit-jupiter-engine-5.2.0.jar
Progress (2): 61 kB | 405/421 kBProgress (2): 61 kB | 409/421 kBProgress (2): 61 kB | 413/421 kBProgress (2): 61 kB | 417/421 kBProgress (2): 61 kB | 421 kB                                Downloaded from central: https://repo.maven.apache.org/maven2/org/objenesis/objenesis/3.0.1/objenesis-3.0.1.jar (61 kB at 313 kB/s)
Downloading from central: https://repo.maven.apache.org/maven2/org/junit/platform/junit-platform-engine/1.2.0/junit-platform-engine-1.2.0.jar
Progress (2): 421 kB | 2.7/143 kBProgress (2): 421 kB | 5.5/143 kBProgress (2): 421 kB | 8.2/143 kBProgress (2): 421 kB | 11/143 kB Progress (2): 421 kB | 14/143 kBProgress (2): 421 kB | 16/143 kBProgress (2): 421 kB | 20/143 kBProgress (2): 421 kB | 24/143 kBProgress (2): 421 kB | 28/143 kBProgress (2): 421 kB | 32/143 kB                                Downloaded from central: https://repo.maven.apache.org/maven2/io/github/classgraph/classgraph/4.6.18/classgraph-4.6.18.jar (421 kB at 1.9 MB/s)
Downloading from central: https://repo.maven.apache.org/maven2/org/junit/platform/junit-platform-launcher/1.2.0/junit-platform-launcher-1.2.0.jar
Progress (2): 32/143 kB | 4.1/90 kBProgress (2): 32/143 kB | 8.2/90 kBProgress (2): 32/143 kB | 12/90 kB Progress (2): 32/143 kB | 16/90 kBProgress (2): 32/143 kB | 20/90 kBProgress (2): 32/143 kB | 24/90 kBProgress (2): 32/143 kB | 28/90 kBProgress (2): 32/143 kB | 32/90 kBProgress (2): 32/143 kB | 36/90 kBProgress (2): 32/143 kB | 40/90 kBProgress (2): 32/143 kB | 45/90 kBProgress (2): 32/143 kB | 49/90 kBProgress (2): 32/143 kB | 53/90 kBProgress (2): 32/143 kB | 57/90 kBProgress (2): 32/143 kB | 61/90 kBProgress (2): 32/143 kB | 65/90 kBProgress (2): 32/143 kB | 69/90 kBProgress (2): 32/143 kB | 73/90 kBProgress (2): 32/143 kB | 77/90 kBProgress (2): 32/143 kB | 81/90 kBProgress (2): 32/143 kB | 85/90 kBProgress (2): 32/143 kB | 90/90 kBProgress (2): 32/143 kB | 90 kB   Progress (2): 36/143 kB | 90 kBProgress (2): 40/143 kB | 90 kBProgress (2): 45/143 kB | 90 kBProgress (2): 49/143 kB | 90 kBProgress (2): 53/143 kB | 90 kBProgress (2): 57/143 kB | 90 kBProgress (2): 61/143 kB | 90 kBProgress (2): 65/143 kB | 90 kBProgress (3): 65/143 kB | 90 kB | 4.1/80 kBProgress (3): 65/143 kB | 90 kB | 8.2/80 kB                                           Downloaded from central: https://repo.maven.apache.org/maven2/org/junit/platform/junit-platform-engine/1.2.0/junit-platform-engine-1.2.0.jar (90 kB at 325 kB/s)
Downloading from central: https://repo.maven.apache.org/maven2/org/junit/platform/junit-platform-runner/1.2.0/junit-platform-runner-1.2.0.jar
Progress (2): 65/143 kB | 12/80 kBProgress (2): 65/143 kB | 16/80 kBProgress (2): 65/143 kB | 20/80 kBProgress (2): 65/143 kB | 25/80 kBProgress (2): 65/143 kB | 29/80 kBProgress (2): 65/143 kB | 33/80 kBProgress (2): 69/143 kB | 33/80 kBProgress (2): 69/143 kB | 37/80 kBProgress (2): 73/143 kB | 37/80 kBProgress (2): 73/143 kB | 41/80 kBProgress (2): 77/143 kB | 41/80 kBProgress (2): 77/143 kB | 45/80 kBProgress (2): 81/143 kB | 45/80 kBProgress (2): 81/143 kB | 49/80 kBProgress (2): 81/143 kB | 53/80 kBProgress (2): 81/143 kB | 57/80 kBProgress (2): 81/143 kB | 61/80 kBProgress (2): 81/143 kB | 66/80 kBProgress (2): 85/143 kB | 66/80 kBProgress (2): 85/143 kB | 70/80 kBProgress (2): 90/143 kB | 70/80 kBProgress (2): 90/143 kB | 74/80 kBProgress (2): 94/143 kB | 74/80 kBProgress (2): 94/143 kB | 78/80 kBProgress (2): 98/143 kB | 78/80 kBProgress (2): 98/143 kB | 80 kB   Progress (2): 102/143 kB | 80 kBProgress (2): 106/143 kB | 80 kBProgress (2): 110/143 kB | 80 kBProgress (2): 114/143 kB | 80 kBProgress (2): 118/143 kB | 80 kBProgress (2): 122/143 kB | 80 kBProgress (2): 126/143 kB | 80 kBProgress (2): 131/143 kB | 80 kBProgress (2): 135/143 kB | 80 kBProgress (2): 139/143 kB | 80 kBProgress (2): 143/143 kB | 80 kBProgress (2): 143 kB | 80 kB                                Downloaded from central: https://repo.maven.apache.org/maven2/org/junit/platform/junit-platform-launcher/1.2.0/junit-platform-launcher-1.2.0.jar (80 kB at 255 kB/s)
Downloading from central: https://repo.maven.apache.org/maven2/org/junit/platform/junit-platform-suite-api/1.2.0/junit-platform-suite-api-1.2.0.jar
Progress (2): 143 kB | 4.1/18 kBProgress (2): 143 kB | 8.2/18 kBProgress (2): 143 kB | 12/18 kB Progress (2): 143 kB | 16/18 kBProgress (2): 143 kB | 18 kB   Progress (3): 143 kB | 18 kB | 2.7/78 kBProgress (3): 143 kB | 18 kB | 5.5/78 kBProgress (3): 143 kB | 18 kB | 8.2/78 kBProgress (3): 143 kB | 18 kB | 11/78 kB Progress (3): 143 kB | 18 kB | 14/78 kBProgress (3): 143 kB | 18 kB | 16/78 kB                                       Downloaded from central: https://repo.maven.apache.org/maven2/org/junit/jupiter/junit-jupiter-engine/5.2.0/junit-jupiter-engine-5.2.0.jar (143 kB at 424 kB/s)
Downloading from central: https://repo.maven.apache.org/maven2/org/mockito/mockito-core/2.7.19/mockito-core-2.7.19.jar
Progress (3): 18 kB | 16/78 kB | 4.1/151 kBProgress (3): 18 kB | 16/78 kB | 8.2/151 kBProgress (3): 18 kB | 16/78 kB | 12/151 kB Progress (3): 18 kB | 16/78 kB | 16/151 kBProgress (4): 18 kB | 16/78 kB | 16/151 kB | 4.1/13 kBProgress (4): 18 kB | 16/78 kB | 16/151 kB | 8.2/13 kBProgress (4): 18 kB | 16/78 kB | 16/151 kB | 12/13 kB Progress (4): 18 kB | 16/78 kB | 16/151 kB | 13 kB                                                     Downloaded from central: https://repo.maven.apache.org/maven2/org/junit/platform/junit-platform-runner/1.2.0/junit-platform-runner-1.2.0.jar (18 kB at 50 kB/s)
Downloading from central: https://repo.maven.apache.org/maven2/net/bytebuddy/byte-buddy/1.6.11/byte-buddy-1.6.11.jar
Progress (3): 20/78 kB | 16/151 kB | 13 kBProgress (3): 24/78 kB | 16/151 kB | 13 kBProgress (3): 28/78 kB | 16/151 kB | 13 kBProgress (3): 32/78 kB | 16/151 kB | 13 kBProgress (3): 32/78 kB | 20/151 kB | 13 kBProgress (3): 32/78 kB | 25/151 kB | 13 kBProgress (3): 32/78 kB | 29/151 kB | 13 kBProgress (3): 32/78 kB | 33/151 kB | 13 kBProgress (4): 32/78 kB | 33/151 kB | 13 kB | 4.1/533 kBProgress (4): 32/78 kB | 33/151 kB | 13 kB | 8.2/533 kBProgress (4): 32/78 kB | 33/151 kB | 13 kB | 12/533 kB Progress (4): 32/78 kB | 33/151 kB | 13 kB | 16/533 kBProgress (4): 32/78 kB | 33/151 kB | 13 kB | 20/533 kBProgress (4): 32/78 kB | 33/151 kB | 13 kB | 24/533 kBProgress (4): 32/78 kB | 33/151 kB | 13 kB | 28/533 kBProgress (4): 32/78 kB | 33/151 kB | 13 kB | 32/533 kBProgress (4): 32/78 kB | 33/151 kB | 13 kB | 36/533 kBProgress (4): 32/78 kB | 33/151 kB | 13 kB | 40/533 kBProgress (4): 32/78 kB | 33/151 kB | 13 kB | 45/533 kBProgress (4): 32/78 kB | 33/151 kB | 13 kB | 49/533 kBProgress (4): 32/78 kB | 33/151 kB | 13 kB | 53/533 kBProgress (4): 32/78 kB | 33/151 kB | 13 kB | 57/533 kBProgress (4): 32/78 kB | 33/151 kB | 13 kB | 61/533 kBProgress (4): 32/78 kB | 33/151 kB | 13 kB | 65/533 kBProgress (4): 32/78 kB | 33/151 kB | 13 kB | 69/533 kBProgress (4): 32/78 kB | 33/151 kB | 13 kB | 73/533 kBProgress (4): 32/78 kB | 33/151 kB | 13 kB | 77/533 kBProgress (4): 32/78 kB | 33/151 kB | 13 kB | 81/533 kBProgress (4): 32/78 kB | 33/151 kB | 13 kB | 85/533 kBProgress (4): 32/78 kB | 33/151 kB | 13 kB | 90/533 kBProgress (4): 32/78 kB | 33/151 kB | 13 kB | 94/533 kB                                                      Downloaded from central: https://repo.maven.apache.org/maven2/org/junit/platform/junit-platform-suite-api/1.2.0/junit-platform-suite-api-1.2.0.jar (13 kB at 34 kB/s)
Progress (3): 32/78 kB | 33/151 kB | 98/533 kB                                              Downloading from central: https://repo.maven.apache.org/maven2/net/bytebuddy/byte-buddy-agent/1.6.11/byte-buddy-agent-1.6.11.jar
Progress (3): 32/78 kB | 33/151 kB | 102/533 kBProgress (3): 32/78 kB | 33/151 kB | 106/533 kBProgress (3): 32/78 kB | 33/151 kB | 110/533 kBProgress (3): 32/78 kB | 33/151 kB | 114/533 kBProgress (3): 32/78 kB | 33/151 kB | 118/533 kBProgress (3): 32/78 kB | 33/151 kB | 122/533 kBProgress (3): 32/78 kB | 33/151 kB | 126/533 kBProgress (3): 32/78 kB | 33/151 kB | 131/533 kBProgress (3): 32/78 kB | 33/151 kB | 135/533 kBProgress (3): 36/78 kB | 33/151 kB | 135/533 kBProgress (3): 36/78 kB | 33/151 kB | 139/533 kBProgress (3): 40/78 kB | 33/151 kB | 139/533 kBProgress (3): 40/78 kB | 33/151 kB | 143/533 kBProgress (3): 45/78 kB | 33/151 kB | 143/533 kBProgress (3): 45/78 kB | 33/151 kB | 147/533 kBProgress (3): 49/78 kB | 33/151 kB | 147/533 kBProgress (3): 49/78 kB | 33/151 kB | 151/533 kBProgress (3): 49/78 kB | 33/151 kB | 155/533 kBProgress (3): 49/78 kB | 33/151 kB | 159/533 kBProgress (3): 49/78 kB | 33/151 kB | 163/533 kBProgress (3): 49/78 kB | 33/151 kB | 167/533 kBProgress (3): 49/78 kB | 33/151 kB | 171/533 kBProgress (3): 49/78 kB | 33/151 kB | 176/533 kBProgress (3): 49/78 kB | 33/151 kB | 180/533 kBProgress (3): 49/78 kB | 37/151 kB | 180/533 kBProgress (3): 49/78 kB | 41/151 kB | 180/533 kBProgress (3): 49/78 kB | 45/151 kB | 180/533 kBProgress (3): 49/78 kB | 49/151 kB | 180/533 kBProgress (4): 49/78 kB | 49/151 kB | 180/533 kB | 0/2.8 MBProgress (4): 49/78 kB | 49/151 kB | 180/533 kB | 0/2.8 MBProgress (4): 49/78 kB | 49/151 kB | 180/533 kB | 0/2.8 MBProgress (4): 49/78 kB | 49/151 kB | 180/533 kB | 0.1/2.8 MBProgress (4): 49/78 kB | 49/151 kB | 180/533 kB | 0.1/2.8 MBProgress (4): 49/78 kB | 49/151 kB | 180/533 kB | 0.1/2.8 MBProgress (4): 49/78 kB | 49/151 kB | 180/533 kB | 0.1/2.8 MBProgress (4): 53/78 kB | 49/151 kB | 180/533 kB | 0.1/2.8 MBProgress (4): 57/78 kB | 49/151 kB | 180/533 kB | 0.1/2.8 MBProgress (4): 61/78 kB | 49/151 kB | 180/533 kB | 0.1/2.8 MBProgress (4): 65/78 kB | 49/151 kB | 180/533 kB | 0.1/2.8 MBProgress (4): 65/78 kB | 49/151 kB | 180/533 kB | 0.1/2.8 MBProgress (4): 65/78 kB | 49/151 kB | 180/533 kB | 0.1/2.8 MBProgress (4): 65/78 kB | 49/151 kB | 180/533 kB | 0.2/2.8 MBProgress (4): 65/78 kB | 49/151 kB | 180/533 kB | 0.2/2.8 MBProgress (4): 65/78 kB | 53/151 kB | 180/533 kB | 0.2/2.8 MBProgress (4): 65/78 kB | 57/151 kB | 180/533 kB | 0.2/2.8 MBProgress (4): 65/78 kB | 61/151 kB | 180/533 kB | 0.2/2.8 MBProgress (4): 65/78 kB | 66/151 kB | 180/533 kB | 0.2/2.8 MBProgress (4): 65/78 kB | 66/151 kB | 180/533 kB | 0.2/2.8 MBProgress (4): 65/78 kB | 66/151 kB | 180/533 kB | 0.2/2.8 MBProgress (4): 65/78 kB | 66/151 kB | 180/533 kB | 0.2/2.8 MBProgress (4): 65/78 kB | 66/151 kB | 180/533 kB | 0.2/2.8 MBProgress (4): 69/78 kB | 66/151 kB | 180/533 kB | 0.2/2.8 MBProgress (4): 69/78 kB | 66/151 kB | 180/533 kB | 0.3/2.8 MBProgress (4): 73/78 kB | 66/151 kB | 180/533 kB | 0.3/2.8 MBProgress (4): 77/78 kB | 66/151 kB | 180/533 kB | 0.3/2.8 MBProgress (4): 78 kB | 66/151 kB | 180/533 kB | 0.3/2.8 MB   Progress (4): 78 kB | 66/151 kB | 180/533 kB | 0.3/2.8 MBProgress (4): 78 kB | 70/151 kB | 180/533 kB | 0.3/2.8 MBProgress (4): 78 kB | 70/151 kB | 180/533 kB | 0.3/2.8 MBProgress (4): 78 kB | 74/151 kB | 180/533 kB | 0.3/2.8 MBProgress (4): 78 kB | 78/151 kB | 180/533 kB | 0.3/2.8 MBProgress (4): 78 kB | 82/151 kB | 180/533 kB | 0.3/2.8 MBProgress (4): 78 kB | 82/151 kB | 180/533 kB | 0.3/2.8 MBProgress (4): 78 kB | 82/151 kB | 180/533 kB | 0.3/2.8 MBProgress (4): 78 kB | 82/151 kB | 180/533 kB | 0.3/2.8 MBProgress (4): 78 kB | 82/151 kB | 180/533 kB | 0.4/2.8 MBProgress (4): 78 kB | 86/151 kB | 180/533 kB | 0.4/2.8 MBProgress (4): 78 kB | 86/151 kB | 180/533 kB | 0.4/2.8 MBProgress (4): 78 kB | 86/151 kB | 184/533 kB | 0.4/2.8 MBProgress (4): 78 kB | 86/151 kB | 188/533 kB | 0.4/2.8 MBProgress (4): 78 kB | 86/151 kB | 192/533 kB | 0.4/2.8 MBProgress (4): 78 kB | 86/151 kB | 196/533 kB | 0.4/2.8 MBProgress (4): 78 kB | 86/151 kB | 200/533 kB | 0.4/2.8 MBProgress (4): 78 kB | 86/151 kB | 204/533 kB | 0.4/2.8 MBProgress (4): 78 kB | 86/151 kB | 208/533 kB | 0.4/2.8 MBProgress (4): 78 kB | 86/151 kB | 212/533 kB | 0.4/2.8 MBProgress (4): 78 kB | 86/151 kB | 217/533 kB | 0.4/2.8 MBProgress (4): 78 kB | 86/151 kB | 221/533 kB | 0.4/2.8 MBProgress (4): 78 kB | 86/151 kB | 225/533 kB | 0.4/2.8 MBProgress (4): 78 kB | 86/151 kB | 229/533 kB | 0.4/2.8 MBProgress (4): 78 kB | 86/151 kB | 233/533 kB | 0.4/2.8 MBProgress (4): 78 kB | 86/151 kB | 237/533 kB | 0.4/2.8 MBProgress (4): 78 kB | 86/151 kB | 241/533 kB | 0.4/2.8 MBProgress (4): 78 kB | 90/151 kB | 241/533 kB | 0.4/2.8 MBProgress (4): 78 kB | 90/151 kB | 245/533 kB | 0.4/2.8 MBProgress (4): 78 kB | 94/151 kB | 245/533 kB | 0.4/2.8 MBProgress (4): 78 kB | 94/151 kB | 245/533 kB | 0.4/2.8 MBProgress (4): 78 kB | 98/151 kB | 245/533 kB | 0.4/2.8 MBProgress (4): 78 kB | 98/151 kB | 249/533 kB | 0.4/2.8 MBProgress (4): 78 kB | 98/151 kB | 253/533 kB | 0.4/2.8 MBProgress (4): 78 kB | 98/151 kB | 258/533 kB | 0.4/2.8 MBProgress (4): 78 kB | 102/151 kB | 258/533 kB | 0.4/2.8 MBProgress (4): 78 kB | 102/151 kB | 262/533 kB | 0.4/2.8 MBProgress (4): 78 kB | 102/151 kB | 262/533 kB | 0.4/2.8 MBProgress (4): 78 kB | 102/151 kB | 266/533 kB | 0.4/2.8 MBProgress (4): 78 kB | 102/151 kB | 270/533 kB | 0.4/2.8 MBProgress (4): 78 kB | 102/151 kB | 274/533 kB | 0.4/2.8 MBProgress (4): 78 kB | 102/151 kB | 278/533 kB | 0.4/2.8 MBProgress (4): 78 kB | 102/151 kB | 278/533 kB | 0.4/2.8 MBProgress (4): 78 kB | 102/151 kB | 282/533 kB | 0.4/2.8 MBProgress (4): 78 kB | 102/151 kB | 282/533 kB | 0.4/2.8 MBProgress (4): 78 kB | 106/151 kB | 282/533 kB | 0.4/2.8 MBProgress (4): 78 kB | 106/151 kB | 286/533 kB | 0.4/2.8 MBProgress (4): 78 kB | 111/151 kB | 286/533 kB | 0.4/2.8 MBProgress (4): 78 kB | 111/151 kB | 290/533 kB | 0.4/2.8 MBProgress (4): 78 kB | 115/151 kB | 290/533 kB | 0.4/2.8 MBProgress (4): 78 kB | 115/151 kB | 294/533 kB | 0.4/2.8 MBProgress (4): 78 kB | 115/151 kB | 294/533 kB | 0.5/2.8 MBProgress (4): 78 kB | 119/151 kB | 294/533 kB | 0.5/2.8 MBProgress (4): 78 kB | 119/151 kB | 298/533 kB | 0.5/2.8 MBProgress (4): 78 kB | 123/151 kB | 298/533 kB | 0.5/2.8 MBProgress (4): 78 kB | 123/151 kB | 303/533 kB | 0.5/2.8 MBProgress (4): 78 kB | 123/151 kB | 303/533 kB | 0.5/2.8 MBProgress (4): 78 kB | 123/151 kB | 307/533 kB | 0.5/2.8 MBProgress (4): 78 kB | 127/151 kB | 307/533 kB | 0.5/2.8 MBProgress (4): 78 kB | 127/151 kB | 311/533 kB | 0.5/2.8 MBProgress (4): 78 kB | 131/151 kB | 311/533 kB | 0.5/2.8 MBProgress (4): 78 kB | 131/151 kB | 311/533 kB | 0.5/2.8 MBProgress (4): 78 kB | 131/151 kB | 315/533 kB | 0.5/2.8 MBProgress (4): 78 kB | 135/151 kB | 315/533 kB | 0.5/2.8 MBProgress (5): 78 kB | 135/151 kB | 315/533 kB | 0.5/2.8 MB | 4.1/31 kBProgress (5): 78 kB | 139/151 kB | 315/533 kB | 0.5/2.8 MB | 4.1/31 kBProgress (5): 78 kB | 139/151 kB | 315/533 kB | 0.5/2.8 MB | 8.2/31 kBProgress (5): 78 kB | 139/151 kB | 319/533 kB | 0.5/2.8 MB | 8.2/31 kBProgress (5): 78 kB | 139/151 kB | 319/533 kB | 0.5/2.8 MB | 12/31 kB Progress (5): 78 kB | 143/151 kB | 319/533 kB | 0.5/2.8 MB | 12/31 kBProgress (5): 78 kB | 143/151 kB | 319/533 kB | 0.5/2.8 MB | 16/31 kBProgress (5): 78 kB | 143/151 kB | 323/533 kB | 0.5/2.8 MB | 16/31 kBProgress (5): 78 kB | 143/151 kB | 323/533 kB | 0.5/2.8 MB | 16/31 kBProgress (5): 78 kB | 143/151 kB | 327/533 kB | 0.5/2.8 MB | 16/31 kBProgress (5): 78 kB | 147/151 kB | 327/533 kB | 0.5/2.8 MB | 16/31 kBProgress (5): 78 kB | 151 kB | 327/533 kB | 0.5/2.8 MB | 16/31 kB    Progress (5): 78 kB | 151 kB | 331/533 kB | 0.5/2.8 MB | 16/31 kBProgress (5): 78 kB | 151 kB | 331/533 kB | 0.5/2.8 MB | 20/31 kBProgress (5): 78 kB | 151 kB | 335/533 kB | 0.5/2.8 MB | 20/31 kBProgress (5): 78 kB | 151 kB | 335/533 kB | 0.5/2.8 MB | 24/31 kBProgress (5): 78 kB | 151 kB | 339/533 kB | 0.5/2.8 MB | 24/31 kBProgress (5): 78 kB | 151 kB | 339/533 kB | 0.5/2.8 MB | 24/31 kBProgress (5): 78 kB | 151 kB | 339/533 kB | 0.5/2.8 MB | 28/31 kBProgress (5): 78 kB | 151 kB | 344/533 kB | 0.5/2.8 MB | 28/31 kBProgress (5): 78 kB | 151 kB | 344/533 kB | 0.5/2.8 MB | 31 kB   Progress (5): 78 kB | 151 kB | 348/533 kB | 0.5/2.8 MB | 31 kBProgress (5): 78 kB | 151 kB | 348/533 kB | 0.5/2.8 MB | 31 kBProgress (5): 78 kB | 151 kB | 352/533 kB | 0.5/2.8 MB | 31 kBProgress (5): 78 kB | 151 kB | 356/533 kB | 0.5/2.8 MB | 31 kBProgress (5): 78 kB | 151 kB | 360/533 kB | 0.5/2.8 MB | 31 kBProgress (5): 78 kB | 151 kB | 360/533 kB | 0.6/2.8 MB | 31 kBProgress (5): 78 kB | 151 kB | 364/533 kB | 0.6/2.8 MB | 31 kBProgress (5): 78 kB | 151 kB | 368/533 kB | 0.6/2.8 MB | 31 kBProgress (5): 78 kB | 151 kB | 372/533 kB | 0.6/2.8 MB | 31 kBProgress (5): 78 kB | 151 kB | 372/533 kB | 0.6/2.8 MB | 31 kBProgress (5): 78 kB | 151 kB | 376/533 kB | 0.6/2.8 MB | 31 kBProgress (5): 78 kB | 151 kB | 376/533 kB | 0.6/2.8 MB | 31 kBProgress (5): 78 kB | 151 kB | 380/533 kB | 0.6/2.8 MB | 31 kB                                                              Downloaded from central: https://repo.maven.apache.org/maven2/org/junit/platform/junit-platform-commons/1.2.0/junit-platform-commons-1.2.0.jar (78 kB at 169 kB/s)
Progress (4): 151 kB | 384/533 kB | 0.6/2.8 MB | 31 kBProgress (4): 151 kB | 389/533 kB | 0.6/2.8 MB | 31 kBProgress (4): 151 kB | 393/533 kB | 0.6/2.8 MB | 31 kBProgress (4): 151 kB | 393/533 kB | 0.6/2.8 MB | 31 kBProgress (4): 151 kB | 397/533 kB | 0.6/2.8 MB | 31 kBProgress (4): 151 kB | 401/533 kB | 0.6/2.8 MB | 31 kBProgress (4): 151 kB | 401/533 kB | 0.6/2.8 MB | 31 kBProgress (4): 151 kB | 405/533 kB | 0.6/2.8 MB | 31 kBProgress (4): 151 kB | 409/533 kB | 0.6/2.8 MB | 31 kBProgress (4): 151 kB | 413/533 kB | 0.6/2.8 MB | 31 kBProgress (4): 151 kB | 417/533 kB | 0.6/2.8 MB | 31 kBProgress (4): 151 kB | 417/533 kB | 0.6/2.8 MB | 31 kBProgress (4): 151 kB | 421/533 kB | 0.6/2.8 MB | 31 kBProgress (4): 151 kB | 425/533 kB | 0.6/2.8 MB | 31 kBProgress (4): 151 kB | 430/533 kB | 0.6/2.8 MB | 31 kBProgress (4): 151 kB | 434/533 kB | 0.6/2.8 MB | 31 kBProgress (4): 151 kB | 434/533 kB | 0.7/2.8 MB | 31 kBProgress (4): 151 kB | 438/533 kB | 0.7/2.8 MB | 31 kBProgress (4): 151 kB | 442/533 kB | 0.7/2.8 MB | 31 kBProgress (4): 151 kB | 446/533 kB | 0.7/2.8 MB | 31 kBProgress (4): 151 kB | 450/533 kB | 0.7/2.8 MB | 31 kBProgress (4): 151 kB | 450/533 kB | 0.7/2.8 MB | 31 kBProgress (4): 151 kB | 454/533 kB | 0.7/2.8 MB | 31 kBProgress (4): 151 kB | 458/533 kB | 0.7/2.8 MB | 31 kBProgress (4): 151 kB | 458/533 kB | 0.7/2.8 MB | 31 kBProgress (4): 151 kB | 462/533 kB | 0.7/2.8 MB | 31 kBProgress (4): 151 kB | 466/533 kB | 0.7/2.8 MB | 31 kBProgress (4): 151 kB | 466/533 kB | 0.7/2.8 MB | 31 kBProgress (4): 151 kB | 470/533 kB | 0.7/2.8 MB | 31 kBProgress (4): 151 kB | 475/533 kB | 0.7/2.8 MB | 31 kBProgress (4): 151 kB | 479/533 kB | 0.7/2.8 MB | 31 kBProgress (4): 151 kB | 483/533 kB | 0.7/2.8 MB | 31 kBProgress (4): 151 kB | 483/533 kB | 0.7/2.8 MB | 31 kBProgress (4): 151 kB | 487/533 kB | 0.7/2.8 MB | 31 kBProgress (4): 151 kB | 491/533 kB | 0.7/2.8 MB | 31 kBProgress (4): 151 kB | 495/533 kB | 0.7/2.8 MB | 31 kBProgress (4): 151 kB | 495/533 kB | 0.7/2.8 MB | 31 kBProgress (4): 151 kB | 499/533 kB | 0.7/2.8 MB | 31 kBProgress (4): 151 kB | 503/533 kB | 0.7/2.8 MB | 31 kBProgress (4): 151 kB | 503/533 kB | 0.8/2.8 MB | 31 kBProgress (4): 151 kB | 507/533 kB | 0.8/2.8 MB | 31 kBProgress (4): 151 kB | 511/533 kB | 0.8/2.8 MB | 31 kBProgress (4): 151 kB | 516/533 kB | 0.8/2.8 MB | 31 kBProgress (4): 151 kB | 516/533 kB | 0.8/2.8 MB | 31 kBProgress (4): 151 kB | 520/533 kB | 0.8/2.8 MB | 31 kBProgress (4): 151 kB | 524/533 kB | 0.8/2.8 MB | 31 kBProgress (4): 151 kB | 528/533 kB | 0.8/2.8 MB | 31 kBProgress (4): 151 kB | 532/533 kB | 0.8/2.8 MB | 31 kBProgress (4): 151 kB | 533 kB | 0.8/2.8 MB | 31 kB    Progress (4): 151 kB | 533 kB | 0.8/2.8 MB | 31 kBProgress (4): 151 kB | 533 kB | 0.8/2.8 MB | 31 kBProgress (4): 151 kB | 533 kB | 0.8/2.8 MB | 31 kBProgress (4): 151 kB | 533 kB | 0.8/2.8 MB | 31 kBProgress (4): 151 kB | 533 kB | 0.9/2.8 MB | 31 kBProgress (4): 151 kB | 533 kB | 0.9/2.8 MB | 31 kBProgress (4): 151 kB | 533 kB | 0.9/2.8 MB | 31 kBProgress (4): 151 kB | 533 kB | 0.9/2.8 MB | 31 kBProgress (4): 151 kB | 533 kB | 0.9/2.8 MB | 31 kBProgress (4): 151 kB | 533 kB | 0.9/2.8 MB | 31 kBProgress (4): 151 kB | 533 kB | 1.0/2.8 MB | 31 kBProgress (4): 151 kB | 533 kB | 1.0/2.8 MB | 31 kBProgress (4): 151 kB | 533 kB | 1.0/2.8 MB | 31 kBProgress (4): 151 kB | 533 kB | 1.0/2.8 MB | 31 kBProgress (4): 151 kB | 533 kB | 1.0/2.8 MB | 31 kBProgress (4): 151 kB | 533 kB | 1.0/2.8 MB | 31 kBProgress (4): 151 kB | 533 kB | 1.1/2.8 MB | 31 kBProgress (4): 151 kB | 533 kB | 1.1/2.8 MB | 31 kBProgress (4): 151 kB | 533 kB | 1.1/2.8 MB | 31 kBProgress (4): 151 kB | 533 kB | 1.1/2.8 MB | 31 kBProgress (4): 151 kB | 533 kB | 1.1/2.8 MB | 31 kBProgress (4): 151 kB | 533 kB | 1.1/2.8 MB | 31 kBProgress (4): 151 kB | 533 kB | 1.1/2.8 MB | 31 kBProgress (4): 151 kB | 533 kB | 1.2/2.8 MB | 31 kBProgress (4): 151 kB | 533 kB | 1.2/2.8 MB | 31 kBProgress (4): 151 kB | 533 kB | 1.2/2.8 MB | 31 kBProgress (4): 151 kB | 533 kB | 1.2/2.8 MB | 31 kBProgress (4): 151 kB | 533 kB | 1.2/2.8 MB | 31 kBProgress (4): 151 kB | 533 kB | 1.3/2.8 MB | 31 kBProgress (4): 151 kB | 533 kB | 1.3/2.8 MB | 31 kBProgress (4): 151 kB | 533 kB | 1.3/2.8 MB | 31 kBProgress (4): 151 kB | 533 kB | 1.3/2.8 MB | 31 kBProgress (4): 151 kB | 533 kB | 1.3/2.8 MB | 31 kBProgress (4): 151 kB | 533 kB | 1.3/2.8 MB | 31 kBProgress (4): 151 kB | 533 kB | 1.3/2.8 MB | 31 kBProgress (4): 151 kB | 533 kB | 1.4/2.8 MB | 31 kBProgress (4): 151 kB | 533 kB | 1.4/2.8 MB | 31 kBProgress (4): 151 kB | 533 kB | 1.4/2.8 MB | 31 kBProgress (4): 151 kB | 533 kB | 1.4/2.8 MB | 31 kB                                                  Downloaded from central: https://repo.maven.apache.org/maven2/net/bytebuddy/byte-buddy-agent/1.6.11/byte-buddy-agent-1.6.11.jar (31 kB at 62 kB/s)
Progress (3): 151 kB | 533 kB | 1.4/2.8 MBProgress (3): 151 kB | 533 kB | 1.4/2.8 MB                                          Downloaded from central: https://repo.maven.apache.org/maven2/io/github/benas/random-beans/3.9.0/random-beans-3.9.0.jar (151 kB at 298 kB/s)
Progress (2): 533 kB | 1.5/2.8 MBProgress (2): 533 kB | 1.5/2.8 MBProgress (2): 533 kB | 1.5/2.8 MBProgress (2): 533 kB | 1.5/2.8 MBProgress (2): 533 kB | 1.5/2.8 MBProgress (2): 533 kB | 1.5/2.8 MBProgress (2): 533 kB | 1.6/2.8 MBProgress (2): 533 kB | 1.6/2.8 MBProgress (2): 533 kB | 1.6/2.8 MBProgress (2): 533 kB | 1.6/2.8 MBProgress (2): 533 kB | 1.6/2.8 MBProgress (2): 533 kB | 1.6/2.8 MBProgress (2): 533 kB | 1.7/2.8 MBProgress (2): 533 kB | 1.7/2.8 MBProgress (2): 533 kB | 1.7/2.8 MBProgress (2): 533 kB | 1.7/2.8 MBProgress (2): 533 kB | 1.7/2.8 MBProgress (2): 533 kB | 1.7/2.8 MBProgress (2): 533 kB | 1.8/2.8 MBProgress (2): 533 kB | 1.8/2.8 MBProgress (2): 533 kB | 1.8/2.8 MBProgress (2): 533 kB | 1.8/2.8 MBProgress (2): 533 kB | 1.8/2.8 MBProgress (2): 533 kB | 1.8/2.8 MBProgress (2): 533 kB | 1.9/2.8 MBProgress (2): 533 kB | 1.9/2.8 MBProgress (2): 533 kB | 1.9/2.8 MBProgress (2): 533 kB | 1.9/2.8 MBProgress (2): 533 kB | 1.9/2.8 MBProgress (2): 533 kB | 1.9/2.8 MBProgress (2): 533 kB | 2.0/2.8 MBProgress (2): 533 kB | 2.0/2.8 MBProgress (2): 533 kB | 2.0/2.8 MB                                 Downloaded from central: https://repo.maven.apache.org/maven2/org/mockito/mockito-core/2.7.19/mockito-core-2.7.19.jar (533 kB at 1.0 MB/s)
Progress (1): 2.0/2.8 MBProgress (1): 2.0/2.8 MBProgress (1): 2.0/2.8 MBProgress (1): 2.1/2.8 MBProgress (1): 2.1/2.8 MBProgress (1): 2.1/2.8 MBProgress (1): 2.1/2.8 MBProgress (1): 2.1/2.8 MBProgress (1): 2.1/2.8 MBProgress (1): 2.2/2.8 MBProgress (1): 2.2/2.8 MBProgress (1): 2.2/2.8 MBProgress (1): 2.2/2.8 MBProgress (1): 2.2/2.8 MBProgress (1): 2.2/2.8 MBProgress (1): 2.3/2.8 MBProgress (1): 2.3/2.8 MBProgress (1): 2.3/2.8 MBProgress (1): 2.3/2.8 MBProgress (1): 2.3/2.8 MBProgress (1): 2.3/2.8 MBProgress (1): 2.4/2.8 MBProgress (1): 2.4/2.8 MBProgress (1): 2.4/2.8 MBProgress (1): 2.4/2.8 MBProgress (1): 2.4/2.8 MBProgress (1): 2.4/2.8 MBProgress (1): 2.5/2.8 MBProgress (1): 2.5/2.8 MBProgress (1): 2.5/2.8 MBProgress (1): 2.5/2.8 MBProgress (1): 2.5/2.8 MBProgress (1): 2.5/2.8 MBProgress (1): 2.6/2.8 MBProgress (1): 2.6/2.8 MBProgress (1): 2.6/2.8 MBProgress (1): 2.6/2.8 MBProgress (1): 2.6/2.8 MBProgress (1): 2.6/2.8 MBProgress (1): 2.6/2.8 MBProgress (1): 2.7/2.8 MBProgress (1): 2.7/2.8 MBProgress (1): 2.7/2.8 MBProgress (1): 2.7/2.8 MBProgress (1): 2.7/2.8 MBProgress (1): 2.7/2.8 MBProgress (1): 2.8/2.8 MBProgress (1): 2.8/2.8 MBProgress (1): 2.8 MB                        Downloaded from central: https://repo.maven.apache.org/maven2/net/bytebuddy/byte-buddy/1.6.11/byte-buddy-1.6.11.jar (2.8 MB at 4.7 MB/s)
[INFO] 
[INFO] --- maven-clean-plugin:2.5:clean (default-clean) @ junit-extensions ---
[INFO] 
[INFO] --- jacoco-maven-plugin:0.7.9:prepare-agent (prepare-agent) @ junit-extensions ---
[INFO] argLine set to -javaagent:/Users/adminuser/.m2/repository/org/jacoco/org.jacoco.agent/0.7.9/org.jacoco.agent-0.7.9-runtime.jar=destfile=/Users/adminuser/Documents/Work/Experiment/ChatGPT/oragen-main/src/tmp/repos/junit-extensions/target/jacoco.exec
[INFO] 
[INFO] --- maven-resources-plugin:2.6:resources (default-resources) @ junit-extensions ---
[INFO] Using 'UTF-8' encoding to copy filtered resources.
[INFO] skip non existing resourceDirectory /Users/adminuser/Documents/Work/Experiment/ChatGPT/oragen-main/src/tmp/repos/junit-extensions/src/main/resources
[INFO] 
[INFO] --- maven-compiler-plugin:3.1:compile (default-compile) @ junit-extensions ---
[INFO] Changes detected - recompiling the module!
[INFO] Compiling 17 source files to /Users/adminuser/Documents/Work/Experiment/ChatGPT/oragen-main/src/tmp/repos/junit-extensions/target/classes
[INFO] 
[INFO] --- maven-resources-plugin:2.6:testResources (default-testResources) @ junit-extensions ---
[INFO] Using 'UTF-8' encoding to copy filtered resources.
[INFO] skip non existing resourceDirectory /Users/adminuser/Documents/Work/Experiment/ChatGPT/oragen-main/src/tmp/repos/junit-extensions/src/test/resources
[INFO] 
[INFO] --- maven-compiler-plugin:3.1:testCompile (default-testCompile) @ junit-extensions ---
[INFO] Changes detected - recompiling the module!
[INFO] Compiling 23 source files to /Users/adminuser/Documents/Work/Experiment/ChatGPT/oragen-main/src/tmp/repos/junit-extensions/target/test-classes
[INFO] -------------------------------------------------------------
[WARNING] COMPILATION WARNING : 
[INFO] -------------------------------------------------------------
[WARNING] /Users/adminuser/Documents/Work/Experiment/ChatGPT/oragen-main/src/tmp/repos/junit-extensions/src/test/java/io/github/glytching/junit/extension/random/RandomBeansExtensionOverrideTest.java: /Users/adminuser/Documents/Work/Experiment/ChatGPT/oragen-main/src/tmp/repos/junit-extensions/src/test/java/io/github/glytching/junit/extension/random/RandomBeansExtensionOverrideTest.java uses or overrides a deprecated API.
[WARNING] /Users/adminuser/Documents/Work/Experiment/ChatGPT/oragen-main/src/tmp/repos/junit-extensions/src/test/java/io/github/glytching/junit/extension/random/RandomBeansExtensionOverrideTest.java: Recompile with -Xlint:deprecation for details.
[WARNING] /Users/adminuser/Documents/Work/Experiment/ChatGPT/oragen-main/src/tmp/repos/junit-extensions/src/test/java/io/github/glytching/junit/extension/exception/ExpectedExceptionExtensionMetaTest.java: /Users/adminuser/Documents/Work/Experiment/ChatGPT/oragen-main/src/tmp/repos/junit-extensions/src/test/java/io/github/glytching/junit/extension/exception/ExpectedExceptionExtensionMetaTest.java uses unchecked or unsafe operations.
[WARNING] /Users/adminuser/Documents/Work/Experiment/ChatGPT/oragen-main/src/tmp/repos/junit-extensions/src/test/java/io/github/glytching/junit/extension/exception/ExpectedExceptionExtensionMetaTest.java: Recompile with -Xlint:unchecked for details.
[INFO] 4 warnings 
[INFO] -------------------------------------------------------------
[INFO] -------------------------------------------------------------
[ERROR] COMPILATION ERROR : 
[INFO] -------------------------------------------------------------
[ERROR] /Users/adminuser/Documents/Work/Experiment/ChatGPT/oragen-main/src/tmp/repos/junit-extensions/src/test/java/io/github/glytching/junit/extension/watcher/WatcherExtensionMetaTest.java:[70,18] cannot find symbol
  symbol:   class Assert
  location: package org.junit
[ERROR] /Users/adminuser/Documents/Work/Experiment/ChatGPT/oragen-main/src/tmp/repos/junit-extensions/src/test/java/io/github/glytching/junit/extension/watcher/WatcherExtensionMetaTest.java:[70,55] cannot find symbol
  symbol:   method equalTo(int)
  location: class io.github.glytching.junit.extension.watcher.WatcherExtensionMetaTest
[INFO] 2 errors 
[INFO] -------------------------------------------------------------
[INFO] ------------------------------------------------------------------------
[INFO] BUILD FAILURE
[INFO] ------------------------------------------------------------------------
[INFO] Total time:  6.656 s
[INFO] Finished at: 2023-06-07T05:29:10-04:00
[INFO] ------------------------------------------------------------------------
[ERROR] Failed to execute goal org.apache.maven.plugins:maven-compiler-plugin:3.1:testCompile (default-testCompile) on project junit-extensions: Compilation failure: Compilation failure: 
[ERROR] /Users/adminuser/Documents/Work/Experiment/ChatGPT/oragen-main/src/tmp/repos/junit-extensions/src/test/java/io/github/glytching/junit/extension/watcher/WatcherExtensionMetaTest.java:[70,18] cannot find symbol
[ERROR]   symbol:   class Assert
[ERROR]   location: package org.junit
[ERROR] /Users/adminuser/Documents/Work/Experiment/ChatGPT/oragen-main/src/tmp/repos/junit-extensions/src/test/java/io/github/glytching/junit/extension/watcher/WatcherExtensionMetaTest.java:[70,55] cannot find symbol
[ERROR]   symbol:   method equalTo(int)
[ERROR]   location: class io.github.glytching.junit.extension.watcher.WatcherExtensionMetaTest
[ERROR] -> [Help 1]
[ERROR] 
[ERROR] To see the full stack trace of the errors, re-run Maven with the -e switch.
[ERROR] Re-run Maven using the -X switch to enable full debug logging.
[ERROR] 
[ERROR] For more information about the errors and possible solutions, please read the following articles:
[ERROR] [Help 1] http://cwiki.apache.org/confluence/display/MAVEN/MojoFailureException
