[INFO] Scanning for projects...
[INFO] 
[INFO] ----------------------< com.rockagen:commons-lib >----------------------
[INFO] Building commons-lib 0.1.10-RELEASE
[INFO]   from pom.xml
[INFO] --------------------------------[ jar ]---------------------------------
[INFO] 
[INFO] --- clean:3.2.0:clean (default-clean) @ commons-lib ---
[INFO] Deleting /Users/adminuser/Documents/Work/Experiment/ChatGPT/oragen-main/src/tmp/repos/commons-lib/target
[INFO] 
[INFO] --- resources:3.3.0:resources (default-resources) @ commons-lib ---
[INFO] Copying 1 resource
[INFO] 
[INFO] --- compiler:3.2:compile (default-compile) @ commons-lib ---
[INFO] Changes detected - recompiling the module!
[INFO] Compiling 16 source files to /Users/adminuser/Documents/Work/Experiment/ChatGPT/oragen-main/src/tmp/repos/commons-lib/target/classes
[WARNING] To suppress warnings about obsolete options, use -Xlint:-options.
/Users/adminuser/Documents/Work/Experiment/ChatGPT/oragen-main/src/tmp/repos/commons-lib/src/main/java/com/rockagen/commons/util/Arith.java:[40,55] [deprecation] ROUND_HALF_UP in BigDecimal has been deprecated
[WARNING] /Users/adminuser/Documents/Work/Experiment/ChatGPT/oragen-main/src/tmp/repos/commons-lib/src/main/java/com/rockagen/commons/util/Arith.java:[175,17] [deprecation] divide(BigDecimal,int,int) in BigDecimal has been deprecated
[WARNING] /Users/adminuser/Documents/Work/Experiment/ChatGPT/oragen-main/src/tmp/repos/commons-lib/src/main/java/com/rockagen/commons/util/Arith.java:[196,17] [deprecation] divide(BigDecimal,int,int) in BigDecimal has been deprecated
[WARNING] /Users/adminuser/Documents/Work/Experiment/ChatGPT/oragen-main/src/tmp/repos/commons-lib/src/main/java/com/rockagen/commons/util/Arith.java:[233,13] [deprecation] divide(BigDecimal,int,int) in BigDecimal has been deprecated
[WARNING] /Users/adminuser/Documents/Work/Experiment/ChatGPT/oragen-main/src/tmp/repos/commons-lib/src/main/java/com/rockagen/commons/util/Arith.java:[270,13] [deprecation] divide(BigDecimal,int,int) in BigDecimal has been deprecated
[INFO] 
[INFO] --- resources:3.3.0:testResources (default-testResources) @ commons-lib ---
[INFO] Copying 1 resource
[INFO] 
[INFO] --- compiler:3.2:testCompile (default-testCompile) @ commons-lib ---
[INFO] Changes detected - recompiling the module!
[INFO] Compiling 12 source files to /Users/adminuser/Documents/Work/Experiment/ChatGPT/oragen-main/src/tmp/repos/commons-lib/target/test-classes
[INFO] -------------------------------------------------------------
[ERROR] COMPILATION ERROR : 
[INFO] -------------------------------------------------------------
[ERROR] To suppress warnings about obsolete options, use -Xlint:-options.
/Users/adminuser/Documents/Work/Experiment/ChatGPT/oragen-main/src/tmp/repos/commons-lib/src/test/java/com/rockagen/commons/annotation/OPLogTest.java:[36,43] error: cannot find symbol
[ERROR]   symbol:   variable Matchers
  location: class OPLogTest
/Users/adminuser/Documents/Work/Experiment/ChatGPT/oragen-main/src/tmp/repos/commons-lib/src/test/java/com/rockagen/commons/util/ReflexUtilTest.java:[81,24] error: no suitable method found for assertThat(Class<?>[])
[ERROR]     method Assert.<T#1>assertThat(T#1,Matcher<T#1>) is not applicable
      (cannot infer type-variable(s) T#1
        (actual and formal argument lists differ in length))
    method Assert.<T#2>assertThat(String,T#2,Matcher<T#2>) is not applicable
      (cannot infer type-variable(s) T#2
        (actual and formal argument lists differ in length))
  where T#1,T#2 are type-variables:
    T#1 extends Object declared in method <T#1>assertThat(T#1,Matcher<T#1>)
    T#2 extends Object declared in method <T#2>assertThat(String,T#2,Matcher<T#2>)
/Users/adminuser/Documents/Work/Experiment/ChatGPT/oragen-main/src/tmp/repos/commons-lib/src/test/java/com/rockagen/commons/util/CommUtilTest.java:[20,51] error: cannot find symbol
[ERROR]   symbol:   method subPostfix(String,int,int,String)
  location: class CommUtilTest
/Users/adminuser/Documents/Work/Experiment/ChatGPT/oragen-main/src/tmp/repos/commons-lib/src/test/java/com/rockagen/commons/util/CommUtilTest.java:[37,36] error: cannot find symbol
[ERROR]   symbol:   method repeatChar(char,int)
  location: class CommUtilTest
/Users/adminuser/Documents/Work/Experiment/ChatGPT/oragen-main/src/tmp/repos/commons-lib/src/test/java/com/rockagen/commons/util/CommUtilTest.java:[37,56] error: cannot find symbol
[INFO] 5 errors 
[INFO] -------------------------------------------------------------
[INFO] ------------------------------------------------------------------------
[INFO] BUILD FAILURE
[INFO] ------------------------------------------------------------------------
[INFO] Total time:  3.201 s
[INFO] Finished at: 2023-05-19T04:36:29-04:00
[INFO] ------------------------------------------------------------------------
[ERROR] Failed to execute goal org.apache.maven.plugins:maven-compiler-plugin:3.2:testCompile (default-testCompile) on project commons-lib: Compilation failure: Compilation failure: 
[ERROR] To suppress warnings about obsolete options, use -Xlint:-options.
[ERROR] /Users/adminuser/Documents/Work/Experiment/ChatGPT/oragen-main/src/tmp/repos/commons-lib/src/test/java/com/rockagen/commons/annotation/OPLogTest.java:[36,43] error: cannot find symbol
[ERROR]   symbol:   variable Matchers
[ERROR]   location: class OPLogTest
[ERROR] /Users/adminuser/Documents/Work/Experiment/ChatGPT/oragen-main/src/tmp/repos/commons-lib/src/test/java/com/rockagen/commons/util/ReflexUtilTest.java:[81,24] error: no suitable method found for assertThat(Class<?>[])
[ERROR]     method Assert.<T#1>assertThat(T#1,Matcher<T#1>) is not applicable
[ERROR]       (cannot infer type-variable(s) T#1
[ERROR]         (actual and formal argument lists differ in length))
[ERROR]     method Assert.<T#2>assertThat(String,T#2,Matcher<T#2>) is not applicable
[ERROR]       (cannot infer type-variable(s) T#2
[ERROR]         (actual and formal argument lists differ in length))
[ERROR]   where T#1,T#2 are type-variables:
[ERROR]     T#1 extends Object declared in method <T#1>assertThat(T#1,Matcher<T#1>)
[ERROR]     T#2 extends Object declared in method <T#2>assertThat(String,T#2,Matcher<T#2>)
[ERROR] /Users/adminuser/Documents/Work/Experiment/ChatGPT/oragen-main/src/tmp/repos/commons-lib/src/test/java/com/rockagen/commons/util/CommUtilTest.java:[20,51] error: cannot find symbol
[ERROR]   symbol:   method subPostfix(String,int,int,String)
[ERROR]   location: class CommUtilTest
[ERROR] /Users/adminuser/Documents/Work/Experiment/ChatGPT/oragen-main/src/tmp/repos/commons-lib/src/test/java/com/rockagen/commons/util/CommUtilTest.java:[37,36] error: cannot find symbol
[ERROR]   symbol:   method repeatChar(char,int)
[ERROR]   location: class CommUtilTest
[ERROR] /Users/adminuser/Documents/Work/Experiment/ChatGPT/oragen-main/src/tmp/repos/commons-lib/src/test/java/com/rockagen/commons/util/CommUtilTest.java:[37,56] error: cannot find symbol
[ERROR] -> [Help 1]
[ERROR] 
[ERROR] To see the full stack trace of the errors, re-run Maven with the -e switch.
[ERROR] Re-run Maven using the -X switch to enable full debug logging.
[ERROR] 
[ERROR] For more information about the errors and possible solutions, please read the following articles:
[ERROR] [Help 1] http://cwiki.apache.org/confluence/display/MAVEN/MojoFailureException
