[INFO] Scanning for projects...
[INFO] 
[INFO] ------------------------< me.zzp:jactiverecord >------------------------
[INFO] Building jActiveRecord 2.3
[INFO]   from pom.xml
[INFO] --------------------------------[ jar ]---------------------------------
[INFO] 
[INFO] --- clean:3.2.0:clean (default-clean) @ jactiverecord ---
[INFO] Deleting /Users/adminuser/Documents/Work/Experiment/ChatGPT/oragen-main/src/tmp/repos/jactiverecord/target
[INFO] 
[INFO] --- resources:3.3.0:resources (default-resources) @ jactiverecord ---
[INFO] Copying 1 resource
[INFO] 
[INFO] --- compiler:3.10.1:compile (default-compile) @ jactiverecord ---
[INFO] Changes detected - recompiling the module!
[INFO] Compiling 34 source files to /Users/adminuser/Documents/Work/Experiment/ChatGPT/oragen-main/src/tmp/repos/jactiverecord/target/classes
[INFO] /Users/adminuser/Documents/Work/Experiment/ChatGPT/oragen-main/src/tmp/repos/jactiverecord/src/main/java/me/zzp/ar/pool/SingletonPreparedStatement.java: Some input files use or override a deprecated API.
[INFO] /Users/adminuser/Documents/Work/Experiment/ChatGPT/oragen-main/src/tmp/repos/jactiverecord/src/main/java/me/zzp/ar/pool/SingletonPreparedStatement.java: Recompile with -Xlint:deprecation for details.
[INFO] /Users/adminuser/Documents/Work/Experiment/ChatGPT/oragen-main/src/tmp/repos/jactiverecord/src/main/java/me/zzp/ar/Record.java: Some input files use unchecked or unsafe operations.
[INFO] /Users/adminuser/Documents/Work/Experiment/ChatGPT/oragen-main/src/tmp/repos/jactiverecord/src/main/java/me/zzp/ar/Record.java: Recompile with -Xlint:unchecked for details.
[INFO] 
[INFO] --- resources:3.3.0:testResources (default-testResources) @ jactiverecord ---
[INFO] Copying 1 resource
[INFO] 
[INFO] --- compiler:3.10.1:testCompile (default-testCompile) @ jactiverecord ---
[INFO] Changes detected - recompiling the module!
[INFO] Compiling 6 source files to /Users/adminuser/Documents/Work/Experiment/ChatGPT/oragen-main/src/tmp/repos/jactiverecord/target/test-classes
[INFO] -------------------------------------------------------------
[ERROR] COMPILATION ERROR : 
[INFO] -------------------------------------------------------------
[ERROR] /Users/adminuser/Documents/Work/Experiment/ChatGPT/oragen-main/src/tmp/repos/jactiverecord/src/test/java/me/zzp/ar/sql/TSqlBuilderTest.java:[16,44] cannot find symbol
  symbol:   variable expected
  location: class me.zzp.ar.sql.TSqlBuilderTest
[ERROR] /Users/adminuser/Documents/Work/Experiment/ChatGPT/oragen-main/src/tmp/repos/jactiverecord/src/test/java/me/zzp/ar/sql/TSqlBuilderTest.java:[16,54] cannot find symbol
  symbol:   variable result
  location: class me.zzp.ar.sql.TSqlBuilderTest
[ERROR] /Users/adminuser/Documents/Work/Experiment/ChatGPT/oragen-main/src/tmp/repos/jactiverecord/src/test/java/me/zzp/ar/sql/TSqlBuilderTest.java:[25,56] cannot find symbol
  symbol:   method notNullValue()
  location: class me.zzp.ar.sql.TSqlBuilderTest
[ERROR] /Users/adminuser/Documents/Work/Experiment/ChatGPT/oragen-main/src/tmp/repos/jactiverecord/src/test/java/me/zzp/ar/sql/TSqlBuilderTest.java:[30,115] cannot find symbol
  symbol:   variable Matchers
  location: class me.zzp.ar.sql.TSqlBuilderTest
[ERROR] /Users/adminuser/Documents/Work/Experiment/ChatGPT/oragen-main/src/tmp/repos/jactiverecord/src/test/java/me/zzp/ar/sql/TSqlBuilderTest.java:[35,97] cannot find symbol
  symbol:   variable expectedString
  location: class me.zzp.ar.sql.TSqlBuilderTest
[ERROR] /Users/adminuser/Documents/Work/Experiment/ChatGPT/oragen-main/src/tmp/repos/jactiverecord/src/test/java/me/zzp/ar/sql/TSqlBuilderTest.java:[40,87] cannot find symbol
  symbol:   method notNullValue()
  location: class me.zzp.ar.sql.TSqlBuilderTest
[ERROR] /Users/adminuser/Documents/Work/Experiment/ChatGPT/oragen-main/src/tmp/repos/jactiverecord/src/test/java/me/zzp/ar/sql/TSqlBuilderTest.java:[44,40] cannot find symbol
  symbol:   method build()
  location: variable sql of type me.zzp.ar.sql.SqlBuilder
[ERROR] /Users/adminuser/Documents/Work/Experiment/ChatGPT/oragen-main/src/tmp/repos/jactiverecord/src/test/java/me/zzp/ar/sql/TSqlBuilderTest.java:[48,44] cannot find symbol
  symbol:   variable expected
  location: class me.zzp.ar.sql.TSqlBuilderTest
[ERROR] /Users/adminuser/Documents/Work/Experiment/ChatGPT/oragen-main/src/tmp/repos/jactiverecord/src/test/java/me/zzp/ar/sql/TSqlBuilderTest.java:[48,54] cannot find symbol
  symbol:   variable actual
  location: class me.zzp.ar.sql.TSqlBuilderTest
[INFO] 9 errors 
[INFO] -------------------------------------------------------------
[INFO] ------------------------------------------------------------------------
[INFO] BUILD FAILURE
[INFO] ------------------------------------------------------------------------
[INFO] Total time:  1.892 s
[INFO] Finished at: 2023-05-19T04:03:59-04:00
[INFO] ------------------------------------------------------------------------
[ERROR] Failed to execute goal org.apache.maven.plugins:maven-compiler-plugin:3.10.1:testCompile (default-testCompile) on project jactiverecord: Compilation failure: Compilation failure: 
[ERROR] /Users/adminuser/Documents/Work/Experiment/ChatGPT/oragen-main/src/tmp/repos/jactiverecord/src/test/java/me/zzp/ar/sql/TSqlBuilderTest.java:[16,44] cannot find symbol
[ERROR]   symbol:   variable expected
[ERROR]   location: class me.zzp.ar.sql.TSqlBuilderTest
[ERROR] /Users/adminuser/Documents/Work/Experiment/ChatGPT/oragen-main/src/tmp/repos/jactiverecord/src/test/java/me/zzp/ar/sql/TSqlBuilderTest.java:[16,54] cannot find symbol
[ERROR]   symbol:   variable result
[ERROR]   location: class me.zzp.ar.sql.TSqlBuilderTest
[ERROR] /Users/adminuser/Documents/Work/Experiment/ChatGPT/oragen-main/src/tmp/repos/jactiverecord/src/test/java/me/zzp/ar/sql/TSqlBuilderTest.java:[25,56] cannot find symbol
[ERROR]   symbol:   method notNullValue()
[ERROR]   location: class me.zzp.ar.sql.TSqlBuilderTest
[ERROR] /Users/adminuser/Documents/Work/Experiment/ChatGPT/oragen-main/src/tmp/repos/jactiverecord/src/test/java/me/zzp/ar/sql/TSqlBuilderTest.java:[30,115] cannot find symbol
[ERROR]   symbol:   variable Matchers
[ERROR]   location: class me.zzp.ar.sql.TSqlBuilderTest
[ERROR] /Users/adminuser/Documents/Work/Experiment/ChatGPT/oragen-main/src/tmp/repos/jactiverecord/src/test/java/me/zzp/ar/sql/TSqlBuilderTest.java:[35,97] cannot find symbol
[ERROR]   symbol:   variable expectedString
[ERROR]   location: class me.zzp.ar.sql.TSqlBuilderTest
[ERROR] /Users/adminuser/Documents/Work/Experiment/ChatGPT/oragen-main/src/tmp/repos/jactiverecord/src/test/java/me/zzp/ar/sql/TSqlBuilderTest.java:[40,87] cannot find symbol
[ERROR]   symbol:   method notNullValue()
[ERROR]   location: class me.zzp.ar.sql.TSqlBuilderTest
[ERROR] /Users/adminuser/Documents/Work/Experiment/ChatGPT/oragen-main/src/tmp/repos/jactiverecord/src/test/java/me/zzp/ar/sql/TSqlBuilderTest.java:[44,40] cannot find symbol
[ERROR]   symbol:   method build()
[ERROR]   location: variable sql of type me.zzp.ar.sql.SqlBuilder
[ERROR] /Users/adminuser/Documents/Work/Experiment/ChatGPT/oragen-main/src/tmp/repos/jactiverecord/src/test/java/me/zzp/ar/sql/TSqlBuilderTest.java:[48,44] cannot find symbol
[ERROR]   symbol:   variable expected
[ERROR]   location: class me.zzp.ar.sql.TSqlBuilderTest
[ERROR] /Users/adminuser/Documents/Work/Experiment/ChatGPT/oragen-main/src/tmp/repos/jactiverecord/src/test/java/me/zzp/ar/sql/TSqlBuilderTest.java:[48,54] cannot find symbol
[ERROR]   symbol:   variable actual
[ERROR]   location: class me.zzp.ar.sql.TSqlBuilderTest
[ERROR] -> [Help 1]
[ERROR] 
[ERROR] To see the full stack trace of the errors, re-run Maven with the -e switch.
[ERROR] Re-run Maven using the -X switch to enable full debug logging.
[ERROR] 
[ERROR] For more information about the errors and possible solutions, please read the following articles:
[ERROR] [Help 1] http://cwiki.apache.org/confluence/display/MAVEN/MojoFailureException
