[INFO] Scanning for projects...
[INFO] Inspecting build with total of 1 modules...
[INFO] Installing Nexus Staging features:
[INFO]   ... total of 1 executions of maven-deploy-plugin replaced with nexus-staging-maven-plugin
[INFO] 
[INFO] ----------------------< guru.nidi:graphviz-java >-----------------------
[INFO] Building graphviz-java 0.18.1
[INFO]   from pom.xml
[INFO] --------------------------------[ jar ]---------------------------------
[INFO] 
[INFO] --- maven-clean-plugin:2.5:clean (default-clean) @ graphviz-java ---
[INFO] Deleting /Users/adminuser/Documents/Work/Experiment/ChatGPT/oragen-main/src/tmp/repos/graphviz-java/graphviz-java/target
[INFO] 
[INFO] --- code-assert-maven-plugin:0.9.15:prepare (default) @ graphviz-java ---
[INFO] argLine set to -javaagent:/Users/adminuser/.m2/repository/org/jacoco/org.jacoco.agent/0.8.6/org.jacoco.agent-0.8.6-runtime.jar=destfile=/Users/adminuser/Documents/Work/Experiment/ChatGPT/oragen-main/src/tmp/repos/graphviz-java/graphviz-java/target/jacoco.exec
[INFO] Wrote argLine to target/coverageOptions.txt
[INFO] 
[INFO] --- snippets-maven-plugin:1.0.0:snippets (default) @ graphviz-java ---
[INFO] Reading /Users/adminuser/Documents/Work/Experiment/ChatGPT/oragen-main/src/tmp/repos/graphviz-java/graphviz-java/src/test/java/guru/nidi/graphviz/model/ContextTest.java
[INFO] Reading /Users/adminuser/Documents/Work/Experiment/ChatGPT/oragen-main/src/tmp/repos/graphviz-java/graphviz-java/src/test/java/guru/nidi/graphviz/model/SimpleTest.java
[INFO] Reading /Users/adminuser/Documents/Work/Experiment/ChatGPT/oragen-main/src/tmp/repos/graphviz-java/graphviz-java/src/test/java/guru/nidi/graphviz/model/ExampleTest.java
[INFO] Reading /Users/adminuser/Documents/Work/Experiment/ChatGPT/oragen-main/src/tmp/repos/graphviz-java/graphviz-java/src/test/java/guru/nidi/graphviz/model/SvgShapeAnalyzerTest.java
[INFO] Reading /Users/adminuser/Documents/Work/Experiment/ChatGPT/oragen-main/src/tmp/repos/graphviz-java/graphviz-java/src/test/java/guru/nidi/graphviz/model/SvgSizeAnalyzerTest.java
[INFO] Reading /Users/adminuser/Documents/Work/Experiment/ChatGPT/oragen-main/src/tmp/repos/graphviz-java/graphviz-java/src/test/java/guru/nidi/graphviz/model/GraphElementFinderTest.java
[INFO] Reading /Users/adminuser/Documents/Work/Experiment/ChatGPT/oragen-main/src/tmp/repos/graphviz-java/graphviz-java/src/test/java/guru/nidi/graphviz/model/SvgElementFinderTest.java
[INFO] Reading /Users/adminuser/Documents/Work/Experiment/ChatGPT/oragen-main/src/tmp/repos/graphviz-java/graphviz-java/src/test/java/guru/nidi/graphviz/model/ReadmeTest.java
[INFO] Reading /Users/adminuser/Documents/Work/Experiment/ChatGPT/oragen-main/src/tmp/repos/graphviz-java/graphviz-java/src/test/java/guru/nidi/graphviz/model/SerializerTest.java
[INFO] Found 10 snippets.
[INFO] Replacing README.md
[WARNING] In file README.md: Snippet 'kotlin' not defined.
[WARNING] In file README.md: Snippet 'rough' not defined.
[INFO] 
[INFO] --- maven-resources-plugin:2.6:resources (default-resources) @ graphviz-java ---
[INFO] Using 'UTF-8' encoding to copy filtered resources.
[INFO] Copying 1 resource
[INFO] 
[INFO] --- maven-compiler-plugin:3.8.1:compile (default-compile) @ graphviz-java ---
[INFO] Changes detected - recompiling the module!
[INFO] Compiling 130 source files to /Users/adminuser/Documents/Work/Experiment/ChatGPT/oragen-main/src/tmp/repos/graphviz-java/graphviz-java/target/classes
[INFO] /Users/adminuser/Documents/Work/Experiment/ChatGPT/oragen-main/src/tmp/repos/graphviz-java/graphviz-java/src/main/java/guru/nidi/graphviz/attribute/Attributed.java: Some input files use unchecked or unsafe operations.
[INFO] /Users/adminuser/Documents/Work/Experiment/ChatGPT/oragen-main/src/tmp/repos/graphviz-java/graphviz-java/src/main/java/guru/nidi/graphviz/attribute/Attributed.java: Recompile with -Xlint:unchecked for details.
[INFO] 
[INFO] --- maven-resources-plugin:2.6:testResources (default-testResources) @ graphviz-java ---
[INFO] Using 'UTF-8' encoding to copy filtered resources.
[INFO] Copying 9 resources
[INFO] 
[INFO] --- maven-compiler-plugin:3.8.1:testCompile (default-testCompile) @ graphviz-java ---
[INFO] Changes detected - recompiling the module!
[INFO] Compiling 47 source files to /Users/adminuser/Documents/Work/Experiment/ChatGPT/oragen-main/src/tmp/repos/graphviz-java/graphviz-java/target/test-classes
[INFO] /Users/adminuser/Documents/Work/Experiment/ChatGPT/oragen-main/src/tmp/repos/graphviz-java/graphviz-java/src/test/java/guru/nidi/graphviz/model/ExampleTest.java: /Users/adminuser/Documents/Work/Experiment/ChatGPT/oragen-main/src/tmp/repos/graphviz-java/graphviz-java/src/test/java/guru/nidi/graphviz/model/ExampleTest.java uses unchecked or unsafe operations.
[INFO] /Users/adminuser/Documents/Work/Experiment/ChatGPT/oragen-main/src/tmp/repos/graphviz-java/graphviz-java/src/test/java/guru/nidi/graphviz/model/ExampleTest.java: Recompile with -Xlint:unchecked for details.
[INFO] -------------------------------------------------------------
[ERROR] COMPILATION ERROR : 
[INFO] -------------------------------------------------------------
[ERROR] /Users/adminuser/Documents/Work/Experiment/ChatGPT/oragen-main/src/tmp/repos/graphviz-java/graphviz-java/src/test/java/guru/nidi/graphviz/attribute/RecordsTest.java:[17,25] no suitable method found for assertEquals(no arguments)
    method org.junit.Assert.assertEquals(java.lang.String,java.lang.Object,java.lang.Object) is not applicable
      (actual and formal argument lists differ in length)
    method org.junit.Assert.assertEquals(java.lang.Object,java.lang.Object) is not applicable
      (actual and formal argument lists differ in length)
    method org.junit.Assert.assertEquals(java.lang.String,double,double,double) is not applicable
      (actual and formal argument lists differ in length)
    method org.junit.Assert.assertEquals(java.lang.String,float,float,float) is not applicable
      (actual and formal argument lists differ in length)
    method org.junit.Assert.assertEquals(long,long) is not applicable
      (actual and formal argument lists differ in length)
    method org.junit.Assert.assertEquals(java.lang.String,long,long) is not applicable
      (actual and formal argument lists differ in length)
    method org.junit.Assert.assertEquals(double,double) is not applicable
      (actual and formal argument lists differ in length)
    method org.junit.Assert.assertEquals(java.lang.String,double,double) is not applicable
      (actual and formal argument lists differ in length)
    method org.junit.Assert.assertEquals(double,double,double) is not applicable
      (actual and formal argument lists differ in length)
    method org.junit.Assert.assertEquals(float,float,float) is not applicable
      (actual and formal argument lists differ in length)
    method org.junit.Assert.assertEquals(java.lang.String,java.lang.Object[],java.lang.Object[]) is not applicable
      (actual and formal argument lists differ in length)
    method org.junit.Assert.assertEquals(java.lang.Object[],java.lang.Object[]) is not applicable
      (actual and formal argument lists differ in length)
[ERROR] /Users/adminuser/Documents/Work/Experiment/ChatGPT/oragen-main/src/tmp/repos/graphviz-java/graphviz-java/src/test/java/guru/nidi/graphviz/attribute/EndLabelTest.java:[31,63] cannot find symbol
  symbol:   class Foo
  location: class guru.nidi.graphviz.attribute.EndLabelTest
[ERROR] /Users/adminuser/Documents/Work/Experiment/ChatGPT/oragen-main/src/tmp/repos/graphviz-java/graphviz-java/src/test/java/guru/nidi/graphviz/attribute/EndLabelTest.java:[31,48] guru.nidi.graphviz.attribute.Attributes is abstract; cannot be instantiated
[INFO] 3 errors 
[INFO] -------------------------------------------------------------
[INFO] ------------------------------------------------------------------------
[INFO] BUILD FAILURE
[INFO] ------------------------------------------------------------------------
[INFO] Total time:  4.459 s
[INFO] Finished at: 2023-06-05T22:15:46-04:00
[INFO] ------------------------------------------------------------------------
[ERROR] Failed to execute goal org.apache.maven.plugins:maven-compiler-plugin:3.8.1:testCompile (default-testCompile) on project graphviz-java: Compilation failure: Compilation failure: 
[ERROR] /Users/adminuser/Documents/Work/Experiment/ChatGPT/oragen-main/src/tmp/repos/graphviz-java/graphviz-java/src/test/java/guru/nidi/graphviz/attribute/RecordsTest.java:[17,25] no suitable method found for assertEquals(no arguments)
[ERROR]     method org.junit.Assert.assertEquals(java.lang.String,java.lang.Object,java.lang.Object) is not applicable
[ERROR]       (actual and formal argument lists differ in length)
[ERROR]     method org.junit.Assert.assertEquals(java.lang.Object,java.lang.Object) is not applicable
[ERROR]       (actual and formal argument lists differ in length)
[ERROR]     method org.junit.Assert.assertEquals(java.lang.String,double,double,double) is not applicable
[ERROR]       (actual and formal argument lists differ in length)
[ERROR]     method org.junit.Assert.assertEquals(java.lang.String,float,float,float) is not applicable
[ERROR]       (actual and formal argument lists differ in length)
[ERROR]     method org.junit.Assert.assertEquals(long,long) is not applicable
[ERROR]       (actual and formal argument lists differ in length)
[ERROR]     method org.junit.Assert.assertEquals(java.lang.String,long,long) is not applicable
[ERROR]       (actual and formal argument lists differ in length)
[ERROR]     method org.junit.Assert.assertEquals(double,double) is not applicable
[ERROR]       (actual and formal argument lists differ in length)
[ERROR]     method org.junit.Assert.assertEquals(java.lang.String,double,double) is not applicable
[ERROR]       (actual and formal argument lists differ in length)
[ERROR]     method org.junit.Assert.assertEquals(double,double,double) is not applicable
[ERROR]       (actual and formal argument lists differ in length)
[ERROR]     method org.junit.Assert.assertEquals(float,float,float) is not applicable
[ERROR]       (actual and formal argument lists differ in length)
[ERROR]     method org.junit.Assert.assertEquals(java.lang.String,java.lang.Object[],java.lang.Object[]) is not applicable
[ERROR]       (actual and formal argument lists differ in length)
[ERROR]     method org.junit.Assert.assertEquals(java.lang.Object[],java.lang.Object[]) is not applicable
[ERROR]       (actual and formal argument lists differ in length)
[ERROR] /Users/adminuser/Documents/Work/Experiment/ChatGPT/oragen-main/src/tmp/repos/graphviz-java/graphviz-java/src/test/java/guru/nidi/graphviz/attribute/EndLabelTest.java:[31,63] cannot find symbol
[ERROR]   symbol:   class Foo
[ERROR]   location: class guru.nidi.graphviz.attribute.EndLabelTest
[ERROR] /Users/adminuser/Documents/Work/Experiment/ChatGPT/oragen-main/src/tmp/repos/graphviz-java/graphviz-java/src/test/java/guru/nidi/graphviz/attribute/EndLabelTest.java:[31,48] guru.nidi.graphviz.attribute.Attributes is abstract; cannot be instantiated
[ERROR] -> [Help 1]
[ERROR] 
[ERROR] To see the full stack trace of the errors, re-run Maven with the -e switch.
[ERROR] Re-run Maven using the -X switch to enable full debug logging.
[ERROR] 
[ERROR] For more information about the errors and possible solutions, please read the following articles:
[ERROR] [Help 1] http://cwiki.apache.org/confluence/display/MAVEN/MojoFailureException
