[INFO] Scanning for projects...
[INFO] 
[INFO] ---------------------------< com.fizzed:jne >---------------------------
[INFO] Building jne 3.0.2-SNAPSHOT
[INFO]   from pom.xml
[INFO] --------------------------------[ jar ]---------------------------------
[INFO] 
[INFO] --- maven-clean-plugin:2.5:clean (default-clean) @ jne ---
[INFO] Deleting /Users/adminuser/Documents/Work/Experiment/ChatGPT/oragen-main/src/tmp/repos/jne/target
[INFO] 
[INFO] --- buildnumber-maven-plugin:1.4:create (detect-scm-revision) @ jne ---
[INFO] ShortRevision tag detected. The value is '8'.
[INFO] Executing: /bin/sh -c cd '/Users/adminuser/Documents/Work/Experiment/ChatGPT/oragen-main/src/tmp/repos/jne' && 'git' 'rev-parse' '--verify' '--short=8' 'HEAD'
[INFO] Working directory: /Users/adminuser/Documents/Work/Experiment/ChatGPT/oragen-main/src/tmp/repos/jne
[INFO] Storing buildNumber: 783226a1 at timestamp: 20230607
[WARNING] Cannot get the branch information from the git repository: 
Detecting the current branch failed: fatal: ref HEAD is not a symbolic ref

[INFO] ShortRevision tag detected. The value is '8'.
[INFO] Executing: /bin/sh -c cd '/Users/adminuser/Documents/Work/Experiment/ChatGPT/oragen-main/src/tmp/repos/jne' && 'git' 'rev-parse' '--verify' '--short=8' 'HEAD'
[INFO] Working directory: /Users/adminuser/Documents/Work/Experiment/ChatGPT/oragen-main/src/tmp/repos/jne
[INFO] Storing buildScmBranch: UNKNOWN
[INFO] 
[INFO] --- maven-enforcer-plugin:1.4.1:enforce (enforce-versions) @ jne ---
[INFO] 
[INFO] --- fizzed-versionizer-maven-plugin:1.0.6:generate (generate-version-class) @ jne ---
[INFO] Versionizer creating generated source directory: /Users/adminuser/Documents/Work/Experiment/ChatGPT/oragen-main/src/tmp/repos/jne/target/generated-sources/versionizer
[INFO] Versionizer generated source directory: /Users/adminuser/Documents/Work/Experiment/ChatGPT/oragen-main/src/tmp/repos/jne/target/generated-sources/versionizer added to project
[INFO] Versionizer generating version java source: /Users/adminuser/Documents/Work/Experiment/ChatGPT/oragen-main/src/tmp/repos/jne/target/generated-sources/versionizer/com/fizzed/jne/Version.java
[INFO] 
[INFO] --- license-maven-plugin:1.9:update-file-header (apply-license-header) @ jne ---
[INFO] Will search files to update from root /Users/adminuser/Documents/Work/Experiment/ChatGPT/oragen-main/src/tmp/repos/jne/src
[INFO] Will search files to update from root /Users/adminuser/Documents/Work/Experiment/ChatGPT/oragen-main/src/tmp/repos/jne/target/generated-sources
[INFO] Scan 13 files header done in 34.793ms.
[INFO] All files are up-to-date.
[INFO] 
[INFO] --- maven-resources-plugin:2.6:resources (default-resources) @ jne ---
[INFO] Using 'UTF-8' encoding to copy filtered resources.
[INFO] skip non existing resourceDirectory /Users/adminuser/Documents/Work/Experiment/ChatGPT/oragen-main/src/tmp/repos/jne/src/main/resources
[INFO] 
[INFO] --- maven-compiler-plugin:3.5.1:compile (default-compile) @ jne ---
[INFO] Changes detected - recompiling the module!
[INFO] Compiling 8 source files to /Users/adminuser/Documents/Work/Experiment/ChatGPT/oragen-main/src/tmp/repos/jne/target/classes
[INFO] 
[INFO] --- maven-resources-plugin:2.6:testResources (default-testResources) @ jne ---
[INFO] Using 'UTF-8' encoding to copy filtered resources.
[INFO] Copying 9 resources
[INFO] 
[INFO] --- maven-compiler-plugin:3.5.1:testCompile (default-testCompile) @ jne ---
[INFO] Changes detected - recompiling the module!
[INFO] Compiling 5 source files to /Users/adminuser/Documents/Work/Experiment/ChatGPT/oragen-main/src/tmp/repos/jne/target/test-classes
[INFO] -------------------------------------------------------------
[ERROR] COMPILATION ERROR : 
[INFO] -------------------------------------------------------------
[ERROR] /Users/adminuser/Documents/Work/Experiment/ChatGPT/oragen-main/src/tmp/repos/jne/src/test/java/com/fizzed/jne/OSTest.java:[30,64] method parseSystemProperty in class com.fizzed.jne.OSTest cannot be applied to given types;
  required: no arguments
  found: java.lang.String
  reason: actual and formal argument lists differ in length
[ERROR] /Users/adminuser/Documents/Work/Experiment/ChatGPT/oragen-main/src/tmp/repos/jne/src/test/java/com/fizzed/jne/OptionsTest.java:[31,82] cannot find symbol
  symbol:   variable os
  location: class com.fizzed.jne.OptionsTest
[ERROR] /Users/adminuser/Documents/Work/Experiment/ChatGPT/oragen-main/src/tmp/repos/jne/src/test/java/com/fizzed/jne/OptionsTest.java:[31,86] cannot find symbol
  symbol:   variable arch
  location: class com.fizzed.jne.OptionsTest
[ERROR] /Users/adminuser/Documents/Work/Experiment/ChatGPT/oragen-main/src/tmp/repos/jne/src/test/java/com/fizzed/jne/OptionsTest.java:[31,92] cannot find symbol
  symbol:   variable name
  location: class com.fizzed.jne.OptionsTest
[INFO] 4 errors 
[INFO] -------------------------------------------------------------
[INFO] ------------------------------------------------------------------------
[INFO] BUILD FAILURE
[INFO] ------------------------------------------------------------------------
[INFO] Total time:  2.460 s
[INFO] Finished at: 2023-06-07T05:23:00-04:00
[INFO] ------------------------------------------------------------------------
[ERROR] Failed to execute goal org.apache.maven.plugins:maven-compiler-plugin:3.5.1:testCompile (default-testCompile) on project jne: Compilation failure: Compilation failure: 
[ERROR] /Users/adminuser/Documents/Work/Experiment/ChatGPT/oragen-main/src/tmp/repos/jne/src/test/java/com/fizzed/jne/OSTest.java:[30,64] method parseSystemProperty in class com.fizzed.jne.OSTest cannot be applied to given types;
[ERROR]   required: no arguments
[ERROR]   found: java.lang.String
[ERROR]   reason: actual and formal argument lists differ in length
[ERROR] /Users/adminuser/Documents/Work/Experiment/ChatGPT/oragen-main/src/tmp/repos/jne/src/test/java/com/fizzed/jne/OptionsTest.java:[31,82] cannot find symbol
[ERROR]   symbol:   variable os
[ERROR]   location: class com.fizzed.jne.OptionsTest
[ERROR] /Users/adminuser/Documents/Work/Experiment/ChatGPT/oragen-main/src/tmp/repos/jne/src/test/java/com/fizzed/jne/OptionsTest.java:[31,86] cannot find symbol
[ERROR]   symbol:   variable arch
[ERROR]   location: class com.fizzed.jne.OptionsTest
[ERROR] /Users/adminuser/Documents/Work/Experiment/ChatGPT/oragen-main/src/tmp/repos/jne/src/test/java/com/fizzed/jne/OptionsTest.java:[31,92] cannot find symbol
[ERROR]   symbol:   variable name
[ERROR]   location: class com.fizzed.jne.OptionsTest
[ERROR] -> [Help 1]
[ERROR] 
[ERROR] To see the full stack trace of the errors, re-run Maven with the -e switch.
[ERROR] Re-run Maven using the -X switch to enable full debug logging.
[ERROR] 
[ERROR] For more information about the errors and possible solutions, please read the following articles:
[ERROR] [Help 1] http://cwiki.apache.org/confluence/display/MAVEN/MojoFailureException
