[INFO] Scanning for projects...
[INFO] 
[INFO] ---------------------------< com.fizzed:jne >---------------------------
[INFO] Building jne 3.0.2-SNAPSHOT
[INFO]   from pom.xml
[INFO] --------------------------------[ jar ]---------------------------------
[INFO] 
[INFO] --- clean:3.2.0:clean (default-clean) @ jne ---
[INFO] Deleting /Users/adminuser/Documents/Work/Experiment/ChatGPT/oragen-main/src/tmp/repos/jne/target
[INFO] 
[INFO] --- buildnumber:1.4:create (detect-scm-revision) @ jne ---
[INFO] ShortRevision tag detected. The value is '8'.
[INFO] Executing: /bin/sh -c cd '/Users/adminuser/Documents/Work/Experiment/ChatGPT/oragen-main/src/tmp/repos/jne' && 'git' 'rev-parse' '--verify' '--short=8' 'HEAD'
[INFO] Working directory: /Users/adminuser/Documents/Work/Experiment/ChatGPT/oragen-main/src/tmp/repos/jne
[INFO] Storing buildNumber: 783226a1 at timestamp: 20230609
[WARNING] Cannot get the branch information from the git repository: 
Detecting the current branch failed: fatal: ref HEAD is not a symbolic ref

[INFO] ShortRevision tag detected. The value is '8'.
[INFO] Executing: /bin/sh -c cd '/Users/adminuser/Documents/Work/Experiment/ChatGPT/oragen-main/src/tmp/repos/jne' && 'git' 'rev-parse' '--verify' '--short=8' 'HEAD'
[INFO] Working directory: /Users/adminuser/Documents/Work/Experiment/ChatGPT/oragen-main/src/tmp/repos/jne
[INFO] Storing buildScmBranch: UNKNOWN
[INFO] 
[INFO] --- enforcer:1.4.1:enforce (enforce-versions) @ jne ---
[INFO] 
[INFO] --- fizzed-versionizer:1.0.6:generate (generate-version-class) @ jne ---
[INFO] Versionizer creating generated source directory: /Users/adminuser/Documents/Work/Experiment/ChatGPT/oragen-main/src/tmp/repos/jne/target/generated-sources/versionizer
[INFO] Versionizer generated source directory: /Users/adminuser/Documents/Work/Experiment/ChatGPT/oragen-main/src/tmp/repos/jne/target/generated-sources/versionizer added to project
[INFO] Versionizer generating version java source: /Users/adminuser/Documents/Work/Experiment/ChatGPT/oragen-main/src/tmp/repos/jne/target/generated-sources/versionizer/com/fizzed/jne/Version.java
[INFO] 
[INFO] --- license:1.9:update-file-header (apply-license-header) @ jne ---
[INFO] Will search files to update from root /Users/adminuser/Documents/Work/Experiment/ChatGPT/oragen-main/src/tmp/repos/jne/src
[INFO] Will search files to update from root /Users/adminuser/Documents/Work/Experiment/ChatGPT/oragen-main/src/tmp/repos/jne/target/generated-sources
[INFO] Scan 13 files header done in 37.94ms.
[INFO] 
 * uptodate header on 12 files.
 * add header on 1 file.
[INFO] 
[INFO] --- resources:3.3.0:resources (default-resources) @ jne ---
[INFO] skip non existing resourceDirectory /Users/adminuser/Documents/Work/Experiment/ChatGPT/oragen-main/src/tmp/repos/jne/src/main/resources
[INFO] 
[INFO] --- compiler:3.5.1:compile (default-compile) @ jne ---
[INFO] Changes detected - recompiling the module!
[INFO] Compiling 8 source files to /Users/adminuser/Documents/Work/Experiment/ChatGPT/oragen-main/src/tmp/repos/jne/target/classes
[INFO] 
[INFO] --- resources:3.3.0:testResources (default-testResources) @ jne ---
[INFO] Copying 9 resources
[INFO] 
[INFO] --- compiler:3.5.1:testCompile (default-testCompile) @ jne ---
[INFO] Changes detected - recompiling the module!
[INFO] Compiling 5 source files to /Users/adminuser/Documents/Work/Experiment/ChatGPT/oragen-main/src/tmp/repos/jne/target/test-classes
[INFO] -------------------------------------------------------------
[ERROR] COMPILATION ERROR : 
[INFO] -------------------------------------------------------------
[ERROR] /Users/adminuser/Documents/Work/Experiment/ChatGPT/oragen-main/src/tmp/repos/jne/src/test/java/com/fizzed/jne/JNETest.java:[41,9] illegal start of expression
[ERROR] /Users/adminuser/Documents/Work/Experiment/ChatGPT/oragen-main/src/tmp/repos/jne/src/test/java/com/fizzed/jne/JNETest.java:[41,10] illegal start of expression
[ERROR] /Users/adminuser/Documents/Work/Experiment/ChatGPT/oragen-main/src/tmp/repos/jne/src/test/java/com/fizzed/jne/JNETest.java:[41,11] illegal start of expression
[ERROR] /Users/adminuser/Documents/Work/Experiment/ChatGPT/oragen-main/src/tmp/repos/jne/src/test/java/com/fizzed/jne/JNETest.java:[41,12] illegal start of expression
[INFO] 4 errors 
[INFO] -------------------------------------------------------------
[INFO] ------------------------------------------------------------------------
[INFO] BUILD FAILURE
[INFO] ------------------------------------------------------------------------
[INFO] Total time:  2.397 s
[INFO] Finished at: 2023-06-09T08:02:14-04:00
[INFO] ------------------------------------------------------------------------
[ERROR] Failed to execute goal org.apache.maven.plugins:maven-compiler-plugin:3.5.1:testCompile (default-testCompile) on project jne: Compilation failure: Compilation failure: 
[ERROR] /Users/adminuser/Documents/Work/Experiment/ChatGPT/oragen-main/src/tmp/repos/jne/src/test/java/com/fizzed/jne/JNETest.java:[41,9] illegal start of expression
[ERROR] /Users/adminuser/Documents/Work/Experiment/ChatGPT/oragen-main/src/tmp/repos/jne/src/test/java/com/fizzed/jne/JNETest.java:[41,10] illegal start of expression
[ERROR] /Users/adminuser/Documents/Work/Experiment/ChatGPT/oragen-main/src/tmp/repos/jne/src/test/java/com/fizzed/jne/JNETest.java:[41,11] illegal start of expression
[ERROR] /Users/adminuser/Documents/Work/Experiment/ChatGPT/oragen-main/src/tmp/repos/jne/src/test/java/com/fizzed/jne/JNETest.java:[41,12] illegal start of expression
[ERROR] -> [Help 1]
[ERROR] 
[ERROR] To see the full stack trace of the errors, re-run Maven with the -e switch.
[ERROR] Re-run Maven using the -X switch to enable full debug logging.
[ERROR] 
[ERROR] For more information about the errors and possible solutions, please read the following articles:
[ERROR] [Help 1] http://cwiki.apache.org/confluence/display/MAVEN/MojoFailureException
