[INFO] Scanning for projects...
[INFO] Inspecting build with total of 1 modules...
[INFO] Installing Nexus Staging features:
[INFO]   ... total of 1 executions of maven-deploy-plugin replaced with nexus-staging-maven-plugin
[INFO] 
[INFO] ---------------------< guru.nidi.raml:raml-loader >---------------------
[INFO] Building raml-loader 1.0.2-SNAPSHOT
[INFO]   from pom.xml
[INFO] --------------------------------[ jar ]---------------------------------
[INFO] 
[INFO] --- clean:3.2.0:clean (default-clean) @ raml-loader ---
[INFO] Deleting /Users/adminuser/Documents/Work/Experiment/ChatGPT/oragen-main/src/tmp/repos/raml-loader/target
[INFO] 
[INFO] --- code-assert:0.0.12:prepare (default) @ raml-loader ---
[INFO] argLine set to -javaagent:/Users/adminuser/.m2/repository/org/jacoco/org.jacoco.agent/0.7.9/org.jacoco.agent-0.7.9-runtime.jar=destfile=/Users/adminuser/Documents/Work/Experiment/ChatGPT/oragen-main/src/tmp/repos/raml-loader/target/jacoco.exec
[INFO] Wrote argLine to target/coverageOptions.txt
[INFO] 
[INFO] --- resources:3.3.0:resources (default-resources) @ raml-loader ---
[INFO] Copying 1 resource
[INFO] 
[INFO] --- compiler:3.6.1:compile (default-compile) @ raml-loader ---
[INFO] Changes detected - recompiling the module!
[INFO] Compiling 31 source files to /Users/adminuser/Documents/Work/Experiment/ChatGPT/oragen-main/src/tmp/repos/raml-loader/target/classes
[INFO] 
[INFO] --- resources:3.3.0:testResources (default-testResources) @ raml-loader ---
[INFO] Copying 8 resources
[INFO] 
[INFO] --- compiler:3.6.1:testCompile (default-testCompile) @ raml-loader ---
[INFO] Changes detected - recompiling the module!
[INFO] Compiling 11 source files to /Users/adminuser/Documents/Work/Experiment/ChatGPT/oragen-main/src/tmp/repos/raml-loader/target/test-classes
[INFO] /Users/adminuser/Documents/Work/Experiment/ChatGPT/oragen-main/src/tmp/repos/raml-loader/src/test/java/guru/nidi/loader/basic/GithubTest.java: Some input files use or override a deprecated API.
[INFO] /Users/adminuser/Documents/Work/Experiment/ChatGPT/oragen-main/src/tmp/repos/raml-loader/src/test/java/guru/nidi/loader/basic/GithubTest.java: Recompile with -Xlint:deprecation for details.
[INFO] Some messages have been simplified; recompile with -Xdiags:verbose to get full output
[INFO] -------------------------------------------------------------
[ERROR] COMPILATION ERROR : 
[INFO] -------------------------------------------------------------
[ERROR] /Users/adminuser/Documents/Work/Experiment/ChatGPT/oragen-main/src/tmp/repos/raml-loader/src/test/java/guru/nidi/loader/basic/GithubTest.java:[41,25] no suitable method found for assertArrayEquals(byte[],java.io.InputStream)
    method org.junit.Assert.assertArrayEquals(java.lang.Object[],java.lang.Object[]) is not applicable
      (argument mismatch; byte[] cannot be converted to java.lang.Object[])
    method org.junit.Assert.assertArrayEquals(boolean[],boolean[]) is not applicable
      (argument mismatch; byte[] cannot be converted to boolean[])
    method org.junit.Assert.assertArrayEquals(byte[],byte[]) is not applicable
      (argument mismatch; java.io.InputStream cannot be converted to byte[])
    method org.junit.Assert.assertArrayEquals(char[],char[]) is not applicable
      (argument mismatch; byte[] cannot be converted to char[])
    method org.junit.Assert.assertArrayEquals(short[],short[]) is not applicable
      (argument mismatch; byte[] cannot be converted to short[])
    method org.junit.Assert.assertArrayEquals(int[],int[]) is not applicable
      (argument mismatch; byte[] cannot be converted to int[])
    method org.junit.Assert.assertArrayEquals(long[],long[]) is not applicable
      (argument mismatch; byte[] cannot be converted to long[])
[INFO] 1 error
[INFO] -------------------------------------------------------------
[INFO] ------------------------------------------------------------------------
[INFO] BUILD FAILURE
[INFO] ------------------------------------------------------------------------
[INFO] Total time:  3.837 s
[INFO] Finished at: 2023-06-09T19:24:29-04:00
[INFO] ------------------------------------------------------------------------
[ERROR] Failed to execute goal org.apache.maven.plugins:maven-compiler-plugin:3.6.1:testCompile (default-testCompile) on project raml-loader: Compilation failure
[ERROR] /Users/adminuser/Documents/Work/Experiment/ChatGPT/oragen-main/src/tmp/repos/raml-loader/src/test/java/guru/nidi/loader/basic/GithubTest.java:[41,25] no suitable method found for assertArrayEquals(byte[],java.io.InputStream)
[ERROR]     method org.junit.Assert.assertArrayEquals(java.lang.Object[],java.lang.Object[]) is not applicable
[ERROR]       (argument mismatch; byte[] cannot be converted to java.lang.Object[])
[ERROR]     method org.junit.Assert.assertArrayEquals(boolean[],boolean[]) is not applicable
[ERROR]       (argument mismatch; byte[] cannot be converted to boolean[])
[ERROR]     method org.junit.Assert.assertArrayEquals(byte[],byte[]) is not applicable
[ERROR]       (argument mismatch; java.io.InputStream cannot be converted to byte[])
[ERROR]     method org.junit.Assert.assertArrayEquals(char[],char[]) is not applicable
[ERROR]       (argument mismatch; byte[] cannot be converted to char[])
[ERROR]     method org.junit.Assert.assertArrayEquals(short[],short[]) is not applicable
[ERROR]       (argument mismatch; byte[] cannot be converted to short[])
[ERROR]     method org.junit.Assert.assertArrayEquals(int[],int[]) is not applicable
[ERROR]       (argument mismatch; byte[] cannot be converted to int[])
[ERROR]     method org.junit.Assert.assertArrayEquals(long[],long[]) is not applicable
[ERROR]       (argument mismatch; byte[] cannot be converted to long[])
[ERROR] 
[ERROR] -> [Help 1]
[ERROR] 
[ERROR] To see the full stack trace of the errors, re-run Maven with the -e switch.
[ERROR] Re-run Maven using the -X switch to enable full debug logging.
[ERROR] 
[ERROR] For more information about the errors and possible solutions, please read the following articles:
[ERROR] [Help 1] http://cwiki.apache.org/confluence/display/MAVEN/MojoFailureException
