[INFO] Scanning for projects...
[INFO] Inspecting build with total of 1 modules...
[INFO] Installing Nexus Staging features:
[INFO]   ... total of 1 executions of maven-deploy-plugin replaced with nexus-staging-maven-plugin
[INFO] 
[INFO] ------------------< org.cassandraunit:cassandra-unit >------------------
[INFO] Building cassandra-unit 4.3.1.0
[INFO]   from pom.xml
[INFO] --------------------------------[ jar ]---------------------------------
[INFO] 
[INFO] --- clean:2.4.1:clean (default-clean) @ cassandra-unit ---
[INFO] Deleting /Users/adminuser/Documents/Work/Experiment/ChatGPT/oragen-main/src/tmp/repos/cassandra-unit/cassandra-unit/target
[INFO] 
[INFO] --- resources:2.4.3:resources (default-resources) @ cassandra-unit ---
[INFO] Using 'UTF-8' encoding to copy filtered resources.
[INFO] Copying 3 resources
[INFO] skip non existing resourceDirectory /Users/adminuser/Documents/Work/Experiment/ChatGPT/oragen-main/src/tmp/repos/cassandra-unit/cassandra-unit/src/main/xsd
[INFO] 
[INFO] --- compiler:3.8.1:compile (default-compile) @ cassandra-unit ---
[INFO] Changes detected - recompiling the module!
[INFO] Compiling 18 source files to /Users/adminuser/Documents/Work/Experiment/ChatGPT/oragen-main/src/tmp/repos/cassandra-unit/cassandra-unit/target/classes
[INFO] 
[INFO] --- resources:2.4.3:testResources (default-testResources) @ cassandra-unit ---
[INFO] Using 'UTF-8' encoding to copy filtered resources.
[INFO] Copying 9 resources
[INFO] 
[INFO] --- compiler:3.8.1:testCompile (default-testCompile) @ cassandra-unit ---
[INFO] Changes detected - recompiling the module!
[INFO] Compiling 16 source files to /Users/adminuser/Documents/Work/Experiment/ChatGPT/oragen-main/src/tmp/repos/cassandra-unit/cassandra-unit/target/test-classes
[INFO] 
[INFO] --- surefire:2.7.2:test (default-test) @ cassandra-unit ---
Downloading from central: https://repo.maven.apache.org/maven2/org/apache/maven/surefire/surefire-booter/2.7.2/surefire-booter-2.7.2.pom
Progress (1): 1.4/1.8 kBProgress (1): 1.8 kB                        Downloaded from central: https://repo.maven.apache.org/maven2/org/apache/maven/surefire/surefire-booter/2.7.2/surefire-booter-2.7.2.pom (1.8 kB at 3.4 kB/s)
Downloading from central: https://repo.maven.apache.org/maven2/org/apache/maven/surefire/surefire-api/2.7.2/surefire-api-2.7.2.pom
Progress (1): 1.4/2.0 kBProgress (1): 2.0 kB                        Downloaded from central: https://repo.maven.apache.org/maven2/org/apache/maven/surefire/surefire-api/2.7.2/surefire-api-2.7.2.pom (2.0 kB at 52 kB/s)
Downloading from central: https://repo.maven.apache.org/maven2/org/apache/maven/surefire/maven-surefire-common/2.7.2/maven-surefire-common-2.7.2.pom
Progress (1): 1.4/3.7 kBProgress (1): 2.7/3.7 kBProgress (1): 3.7 kB                        Downloaded from central: https://repo.maven.apache.org/maven2/org/apache/maven/surefire/maven-surefire-common/2.7.2/maven-surefire-common-2.7.2.pom (3.7 kB at 72 kB/s)
Downloading from central: https://repo.maven.apache.org/maven2/org/apache/maven/surefire/surefire-booter/2.7.2/surefire-booter-2.7.2.jar
Progress (1): 1.4/32 kBProgress (1): 2.7/32 kBProgress (1): 4.1/32 kBProgress (1): 5.5/32 kBProgress (1): 6.9/32 kBProgress (1): 8.2/32 kBProgress (1): 9.6/32 kBProgress (1): 11/32 kB Progress (1): 12/32 kBProgress (1): 14/32 kBProgress (1): 15/32 kBProgress (1): 16/32 kBProgress (1): 18/32 kBProgress (1): 19/32 kBProgress (1): 21/32 kBProgress (1): 22/32 kBProgress (1): 23/32 kBProgress (1): 25/32 kBProgress (1): 26/32 kBProgress (1): 27/32 kBProgress (1): 29/32 kBProgress (1): 30/32 kBProgress (1): 32/32 kBProgress (1): 32 kB                      Downloaded from central: https://repo.maven.apache.org/maven2/org/apache/maven/surefire/surefire-booter/2.7.2/surefire-booter-2.7.2.jar (32 kB at 524 kB/s)
Downloading from central: https://repo.maven.apache.org/maven2/org/apache/maven/surefire/surefire-api/2.7.2/surefire-api-2.7.2.jar
Downloading from central: https://repo.maven.apache.org/maven2/org/apache/maven/surefire/maven-surefire-common/2.7.2/maven-surefire-common-2.7.2.jar
Progress (1): 16/122 kBProgress (1): 33/122 kBProgress (1): 49/122 kBProgress (1): 66/122 kBProgress (1): 82/122 kBProgress (1): 98/122 kBProgress (1): 115/122 kBProgress (1): 122 kB                        Downloaded from central: https://repo.maven.apache.org/maven2/org/apache/maven/surefire/surefire-api/2.7.2/surefire-api-2.7.2.jar (122 kB at 1.5 MB/s)
Progress (1): 1.4/60 kBProgress (1): 2.7/60 kBProgress (1): 4.1/60 kBProgress (1): 5.5/60 kBProgress (1): 6.9/60 kBProgress (1): 8.2/60 kBProgress (1): 9.6/60 kBProgress (1): 11/60 kB Progress (1): 12/60 kBProgress (1): 14/60 kBProgress (1): 15/60 kBProgress (1): 16/60 kBProgress (1): 18/60 kBProgress (1): 19/60 kBProgress (1): 21/60 kBProgress (1): 22/60 kBProgress (1): 23/60 kBProgress (1): 25/60 kBProgress (1): 26/60 kBProgress (1): 27/60 kBProgress (1): 29/60 kBProgress (1): 30/60 kBProgress (1): 32/60 kBProgress (1): 33/60 kBProgress (1): 34/60 kBProgress (1): 36/60 kBProgress (1): 37/60 kBProgress (1): 38/60 kBProgress (1): 40/60 kBProgress (1): 41/60 kBProgress (1): 43/60 kBProgress (1): 44/60 kBProgress (1): 45/60 kBProgress (1): 47/60 kBProgress (1): 48/60 kBProgress (1): 49/60 kBProgress (1): 51/60 kBProgress (1): 52/60 kBProgress (1): 53/60 kBProgress (1): 55/60 kBProgress (1): 56/60 kBProgress (1): 58/60 kBProgress (1): 59/60 kBProgress (1): 60/60 kBProgress (1): 60 kB                      Downloaded from central: https://repo.maven.apache.org/maven2/org/apache/maven/surefire/maven-surefire-common/2.7.2/maven-surefire-common-2.7.2.jar (60 kB at 162 kB/s)
[INFO] Surefire report directory: /Users/adminuser/Documents/Work/Experiment/ChatGPT/oragen-main/src/tmp/repos/cassandra-unit/cassandra-unit/target/surefire-reports
Downloading from central: https://repo.maven.apache.org/maven2/org/apache/maven/surefire/surefire-junit4/2.7.2/surefire-junit4-2.7.2.pom
Progress (1): 1.4/2.2 kBProgress (1): 2.2 kB                        Downloaded from central: https://repo.maven.apache.org/maven2/org/apache/maven/surefire/surefire-junit4/2.7.2/surefire-junit4-2.7.2.pom (2.2 kB at 51 kB/s)
Downloading from central: https://repo.maven.apache.org/maven2/org/apache/maven/surefire/surefire-providers/2.7.2/surefire-providers-2.7.2.pom
Progress (1): 1.8 kB                    Downloaded from central: https://repo.maven.apache.org/maven2/org/apache/maven/surefire/surefire-providers/2.7.2/surefire-providers-2.7.2.pom (1.8 kB at 48 kB/s)
Downloading from central: https://repo.maven.apache.org/maven2/org/apache/maven/surefire/surefire-junit4/2.7.2/surefire-junit4-2.7.2.jar
Progress (1): 16/25 kBProgress (1): 25 kB                      Downloaded from central: https://repo.maven.apache.org/maven2/org/apache/maven/surefire/surefire-junit4/2.7.2/surefire-junit4-2.7.2.jar (25 kB at 391 kB/s)

-------------------------------------------------------
 T E S T S
-------------------------------------------------------
There are no tests to run.

Results :

Tests run: 0, Failures: 0, Errors: 0, Skipped: 0

[INFO] ------------------------------------------------------------------------
[INFO] BUILD FAILURE
[INFO] ------------------------------------------------------------------------
[INFO] Total time:  7.627 s
[INFO] Finished at: 2023-06-06T18:36:59-04:00
[INFO] ------------------------------------------------------------------------
[ERROR] Failed to execute goal org.apache.maven.plugins:maven-surefire-plugin:2.7.2:test (default-test) on project cassandra-unit: No tests were executed!  (Set -DfailIfNoTests=false to ignore this error.) -> [Help 1]
[ERROR] 
[ERROR] To see the full stack trace of the errors, re-run Maven with the -e switch.
[ERROR] Re-run Maven using the -X switch to enable full debug logging.
[ERROR] 
[ERROR] For more information about the errors and possible solutions, please read the following articles:
[ERROR] [Help 1] http://cwiki.apache.org/confluence/display/MAVEN/MojoFailureException
