[INFO] Scanning for projects...
[INFO] Inspecting build with total of 1 modules...
[INFO] Installing Nexus Staging features:
[INFO]   ... total of 1 executions of maven-deploy-plugin replaced with nexus-staging-maven-plugin
[INFO] 
[INFO] ------------------< org.cassandraunit:cassandra-unit >------------------
[INFO] Building cassandra-unit 4.3.1.0
[INFO]   from pom.xml
[INFO] --------------------------------[ jar ]---------------------------------
[INFO] 
[INFO] --- maven-clean-plugin:2.4.1:clean (default-clean) @ cassandra-unit ---
[INFO] Deleting /Users/adminuser/Documents/Work/Experiment/ChatGPT/oragen-main/src/tmp/repos/cassandra-unit/cassandra-unit/target
[INFO] 
[INFO] --- maven-resources-plugin:2.4.3:resources (default-resources) @ cassandra-unit ---
[INFO] Using 'UTF-8' encoding to copy filtered resources.
[INFO] Copying 3 resources
[INFO] skip non existing resourceDirectory /Users/adminuser/Documents/Work/Experiment/ChatGPT/oragen-main/src/tmp/repos/cassandra-unit/cassandra-unit/src/main/xsd
[INFO] 
[INFO] --- maven-compiler-plugin:3.8.1:compile (default-compile) @ cassandra-unit ---
[INFO] Changes detected - recompiling the module!
[INFO] Compiling 18 source files to /Users/adminuser/Documents/Work/Experiment/ChatGPT/oragen-main/src/tmp/repos/cassandra-unit/cassandra-unit/target/classes
[INFO] 
[INFO] --- maven-resources-plugin:2.4.3:testResources (default-testResources) @ cassandra-unit ---
[INFO] Using 'UTF-8' encoding to copy filtered resources.
[INFO] Copying 9 resources
[INFO] 
[INFO] --- maven-compiler-plugin:3.8.1:testCompile (default-testCompile) @ cassandra-unit ---
[INFO] Changes detected - recompiling the module!
[INFO] Compiling 16 source files to /Users/adminuser/Documents/Work/Experiment/ChatGPT/oragen-main/src/tmp/repos/cassandra-unit/cassandra-unit/target/test-classes
[INFO] -------------------------------------------------------------
[ERROR] COMPILATION ERROR : 
[INFO] -------------------------------------------------------------
[ERROR] /Users/adminuser/Documents/Work/Experiment/ChatGPT/oragen-main/src/tmp/repos/cassandra-unit/cassandra-unit/src/test/java/org/cassandraunit/dataset/cql/ClasspathCQLDataSetTest.java:[63,39] cannot find symbol
  symbol:   variable expectedSize
  location: class org.cassandraunit.dataset.cql.ClasspathCQLDataSetTest
[ERROR] /Users/adminuser/Documents/Work/Experiment/ChatGPT/oragen-main/src/tmp/repos/cassandra-unit/cassandra-unit/src/test/java/org/cassandraunit/cli/CassandraUnitCommandLineLoaderTest.java:[66,37] cannot find symbol
  symbol:   method isUsageBeenPrinted()
  location: class org.cassandraunit.cli.CassandraUnitCommandLineLoaderTest
[INFO] 2 errors 
[INFO] -------------------------------------------------------------
[INFO] ------------------------------------------------------------------------
[INFO] BUILD FAILURE
[INFO] ------------------------------------------------------------------------
[INFO] Total time:  4.371 s
[INFO] Finished at: 2023-06-07T07:24:29-04:00
[INFO] ------------------------------------------------------------------------
[ERROR] Failed to execute goal org.apache.maven.plugins:maven-compiler-plugin:3.8.1:testCompile (default-testCompile) on project cassandra-unit: Compilation failure: Compilation failure: 
[ERROR] /Users/adminuser/Documents/Work/Experiment/ChatGPT/oragen-main/src/tmp/repos/cassandra-unit/cassandra-unit/src/test/java/org/cassandraunit/dataset/cql/ClasspathCQLDataSetTest.java:[63,39] cannot find symbol
[ERROR]   symbol:   variable expectedSize
[ERROR]   location: class org.cassandraunit.dataset.cql.ClasspathCQLDataSetTest
[ERROR] /Users/adminuser/Documents/Work/Experiment/ChatGPT/oragen-main/src/tmp/repos/cassandra-unit/cassandra-unit/src/test/java/org/cassandraunit/cli/CassandraUnitCommandLineLoaderTest.java:[66,37] cannot find symbol
[ERROR]   symbol:   method isUsageBeenPrinted()
[ERROR]   location: class org.cassandraunit.cli.CassandraUnitCommandLineLoaderTest
[ERROR] -> [Help 1]
[ERROR] 
[ERROR] To see the full stack trace of the errors, re-run Maven with the -e switch.
[ERROR] Re-run Maven using the -X switch to enable full debug logging.
[ERROR] 
[ERROR] For more information about the errors and possible solutions, please read the following articles:
[ERROR] [Help 1] http://cwiki.apache.org/confluence/display/MAVEN/MojoFailureException
