[INFO] Scanning for projects...
[INFO] Inspecting build with total of 1 modules...
[INFO] Installing Nexus Staging features:
[INFO]   ... total of 1 executions of maven-deploy-plugin replaced with nexus-staging-maven-plugin
[INFO] 
[INFO] ------------------< org.cassandraunit:cassandra-unit >------------------
[INFO] Building cassandra-unit 4.3.1.0
[INFO]   from pom.xml
[INFO] --------------------------------[ jar ]---------------------------------
[INFO] 
[INFO] --- clean:2.4.1:clean (default-clean) @ cassandra-unit ---
[INFO] Deleting /Users/adminuser/Documents/Work/Experiment/ChatGPT/oragen-main/src/tmp/repos/cassandra-unit/cassandra-unit/target
[INFO] 
[INFO] --- resources:2.4.3:resources (default-resources) @ cassandra-unit ---
[INFO] Using 'UTF-8' encoding to copy filtered resources.
[INFO] Copying 3 resources
[INFO] skip non existing resourceDirectory /Users/adminuser/Documents/Work/Experiment/ChatGPT/oragen-main/src/tmp/repos/cassandra-unit/cassandra-unit/src/main/xsd
[INFO] 
[INFO] --- compiler:3.8.1:compile (default-compile) @ cassandra-unit ---
[INFO] Changes detected - recompiling the module!
[INFO] Compiling 18 source files to /Users/adminuser/Documents/Work/Experiment/ChatGPT/oragen-main/src/tmp/repos/cassandra-unit/cassandra-unit/target/classes
[INFO] 
[INFO] --- resources:2.4.3:testResources (default-testResources) @ cassandra-unit ---
[INFO] Using 'UTF-8' encoding to copy filtered resources.
[INFO] Copying 9 resources
[INFO] 
[INFO] --- compiler:3.8.1:testCompile (default-testCompile) @ cassandra-unit ---
[INFO] Changes detected - recompiling the module!
[INFO] Compiling 16 source files to /Users/adminuser/Documents/Work/Experiment/ChatGPT/oragen-main/src/tmp/repos/cassandra-unit/cassandra-unit/target/test-classes
[INFO] 
[INFO] --- surefire:2.7.2:test (default-test) @ cassandra-unit ---
[INFO] Surefire report directory: /Users/adminuser/Documents/Work/Experiment/ChatGPT/oragen-main/src/tmp/repos/cassandra-unit/cassandra-unit/target/surefire-reports

-------------------------------------------------------
 T E S T S
-------------------------------------------------------
There are no tests to run.

Results :

Tests run: 0, Failures: 0, Errors: 0, Skipped: 0

[INFO] ------------------------------------------------------------------------
[INFO] BUILD FAILURE
[INFO] ------------------------------------------------------------------------
[INFO] Total time:  3.333 s
[INFO] Finished at: 2023-06-06T18:37:54-04:00
[INFO] ------------------------------------------------------------------------
[ERROR] Failed to execute goal org.apache.maven.plugins:maven-surefire-plugin:2.7.2:test (default-test) on project cassandra-unit: No tests were executed!  (Set -DfailIfNoTests=false to ignore this error.) -> [Help 1]
[ERROR] 
[ERROR] To see the full stack trace of the errors, re-run Maven with the -e switch.
[ERROR] Re-run Maven using the -X switch to enable full debug logging.
[ERROR] 
[ERROR] For more information about the errors and possible solutions, please read the following articles:
[ERROR] [Help 1] http://cwiki.apache.org/confluence/display/MAVEN/MojoFailureException
