[INFO] Scanning for projects...
[INFO] 
[INFO] --------< org.teachingkidsprogramming:TeachingKidsProgramming >---------
[INFO] Building org.teachingkidsprogramming:TeachingKidsProgramming 0.0.9-SNAPSHOT
[INFO]   from pom.xml
[INFO] --------------------------------[ jar ]---------------------------------
[INFO] 
[INFO] --- maven-clean-plugin:2.5:clean (default-clean) @ TeachingKidsProgramming ---
[INFO] Deleting /Users/adminuser/Documents/Work/Experiment/ChatGPT/oragen-main/src/tmp/repos/TeachingKidsProgramming.Source.Java/target
[INFO] 
[INFO] --- maven-resources-plugin:2.6:resources (default-resources) @ TeachingKidsProgramming ---
[INFO] Using 'ISO-8859-1' encoding to copy filtered resources.
[INFO] Copying 70 resources
[INFO] 
[INFO] --- maven-compiler-plugin:3.2:compile (default-compile) @ TeachingKidsProgramming ---
[INFO] Changes detected - recompiling the module!
[INFO] Compiling 328 source files to /Users/adminuser/Documents/Work/Experiment/ChatGPT/oragen-main/src/tmp/repos/TeachingKidsProgramming.Source.Java/target/classes
[INFO] /Users/adminuser/Documents/Work/Experiment/ChatGPT/oragen-main/src/tmp/repos/TeachingKidsProgramming.Source.Java/src/main/java/org/teachingextensions/logo/utils/PuzzleUtils/PuzzleBoard.java: Some input files use or override a deprecated API.
[INFO] /Users/adminuser/Documents/Work/Experiment/ChatGPT/oragen-main/src/tmp/repos/TeachingKidsProgramming.Source.Java/src/main/java/org/teachingextensions/logo/utils/PuzzleUtils/PuzzleBoard.java: Recompile with -Xlint:deprecation for details.
[INFO] 
[INFO] --- maven-resources-plugin:2.6:testResources (default-testResources) @ TeachingKidsProgramming ---
[INFO] Using 'ISO-8859-1' encoding to copy filtered resources.
[INFO] Copying 57 resources
[INFO] 
[INFO] --- maven-compiler-plugin:3.2:testCompile (default-testCompile) @ TeachingKidsProgramming ---
[INFO] Changes detected - recompiling the module!
[INFO] Compiling 52 source files to /Users/adminuser/Documents/Work/Experiment/ChatGPT/oragen-main/src/tmp/repos/TeachingKidsProgramming.Source.Java/target/test-classes
[INFO] Some messages have been simplified; recompile with -Xdiags:verbose to get full output
[INFO] -------------------------------------------------------------
[ERROR] COMPILATION ERROR : 
[INFO] -------------------------------------------------------------
[ERROR] /Users/adminuser/Documents/Work/Experiment/ChatGPT/oragen-main/src/tmp/repos/TeachingKidsProgramming.Source.Java/src/test/java/org/teachingextensions/logo/PuzzleStateTest.java:[148,113] incompatible types: java.util.Stack<java.lang.Object> cannot be converted to java.util.Stack<org.teachingextensions.logo.utils.PuzzleUtils.PuzzleState.Direction>
[ERROR] /Users/adminuser/Documents/Work/Experiment/ChatGPT/oragen-main/src/tmp/repos/TeachingKidsProgramming.Source.Java/src/test/java/org/teachingextensions/logo/utils/tests/AngleCalculatorTest.java:[11,39] cannot find symbol
  symbol:   variable expectedValue
  location: class org.teachingextensions.logo.utils.tests.AngleCalculatorTest
[ERROR] /Users/adminuser/Documents/Work/Experiment/ChatGPT/oragen-main/src/tmp/repos/TeachingKidsProgramming.Source.Java/src/test/java/org/teachingextensions/logo/utils/tests/AngleCalculatorTest.java:[11,54] cannot find symbol
  symbol:   method getDegreesWith0North()
  location: class org.teachingextensions.logo.utils.tests.AngleCalculatorTest
[ERROR] /Users/adminuser/Documents/Work/Experiment/ChatGPT/oragen-main/src/tmp/repos/TeachingKidsProgramming.Source.Java/src/test/java/org/teachingkidsprogramming/recipes/completed/FizzBuzzTDDTest.java:[23,47] cannot find symbol
  symbol:   variable FOCAL
  location: class org.teachingkidsprogramming.recipes.completed.FizzBuzzTDDTest
[ERROR] /Users/adminuser/Documents/Work/Experiment/ChatGPT/oragen-main/src/tmp/repos/TeachingKidsProgramming.Source.Java/src/test/java/org/teachingextensions/logo/tests/VirtualProctorTest.java:[28,78] cannot find symbol
  symbol:   method getFullName()
  location: class org.teachingextensions.logo.tests.VirtualProctorTest
[ERROR] /Users/adminuser/Documents/Work/Experiment/ChatGPT/oragen-main/src/tmp/repos/TeachingKidsProgramming.Source.Java/src/test/java/org/teachingextensions/logo/tests/TurtleTest.java:[40,45] cannot find symbol
  symbol:   method getAngleInDegrees()
  location: class org.teachingextensions.logo.tests.TurtleTest
[INFO] 6 errors 
[INFO] -------------------------------------------------------------
[INFO] ------------------------------------------------------------------------
[INFO] BUILD FAILURE
[INFO] ------------------------------------------------------------------------
[INFO] Total time:  3.863 s
[INFO] Finished at: 2023-06-06T19:17:08-04:00
[INFO] ------------------------------------------------------------------------
[ERROR] Failed to execute goal org.apache.maven.plugins:maven-compiler-plugin:3.2:testCompile (default-testCompile) on project TeachingKidsProgramming: Compilation failure: Compilation failure: 
[ERROR] /Users/adminuser/Documents/Work/Experiment/ChatGPT/oragen-main/src/tmp/repos/TeachingKidsProgramming.Source.Java/src/test/java/org/teachingextensions/logo/PuzzleStateTest.java:[148,113] incompatible types: java.util.Stack<java.lang.Object> cannot be converted to java.util.Stack<org.teachingextensions.logo.utils.PuzzleUtils.PuzzleState.Direction>
[ERROR] /Users/adminuser/Documents/Work/Experiment/ChatGPT/oragen-main/src/tmp/repos/TeachingKidsProgramming.Source.Java/src/test/java/org/teachingextensions/logo/utils/tests/AngleCalculatorTest.java:[11,39] cannot find symbol
[ERROR]   symbol:   variable expectedValue
[ERROR]   location: class org.teachingextensions.logo.utils.tests.AngleCalculatorTest
[ERROR] /Users/adminuser/Documents/Work/Experiment/ChatGPT/oragen-main/src/tmp/repos/TeachingKidsProgramming.Source.Java/src/test/java/org/teachingextensions/logo/utils/tests/AngleCalculatorTest.java:[11,54] cannot find symbol
[ERROR]   symbol:   method getDegreesWith0North()
[ERROR]   location: class org.teachingextensions.logo.utils.tests.AngleCalculatorTest
[ERROR] /Users/adminuser/Documents/Work/Experiment/ChatGPT/oragen-main/src/tmp/repos/TeachingKidsProgramming.Source.Java/src/test/java/org/teachingkidsprogramming/recipes/completed/FizzBuzzTDDTest.java:[23,47] cannot find symbol
[ERROR]   symbol:   variable FOCAL
[ERROR]   location: class org.teachingkidsprogramming.recipes.completed.FizzBuzzTDDTest
[ERROR] /Users/adminuser/Documents/Work/Experiment/ChatGPT/oragen-main/src/tmp/repos/TeachingKidsProgramming.Source.Java/src/test/java/org/teachingextensions/logo/tests/VirtualProctorTest.java:[28,78] cannot find symbol
[ERROR]   symbol:   method getFullName()
[ERROR]   location: class org.teachingextensions.logo.tests.VirtualProctorTest
[ERROR] /Users/adminuser/Documents/Work/Experiment/ChatGPT/oragen-main/src/tmp/repos/TeachingKidsProgramming.Source.Java/src/test/java/org/teachingextensions/logo/tests/TurtleTest.java:[40,45] cannot find symbol
[ERROR]   symbol:   method getAngleInDegrees()
[ERROR]   location: class org.teachingextensions.logo.tests.TurtleTest
[ERROR] -> [Help 1]
[ERROR] 
[ERROR] To see the full stack trace of the errors, re-run Maven with the -e switch.
[ERROR] Re-run Maven using the -X switch to enable full debug logging.
[ERROR] 
[ERROR] For more information about the errors and possible solutions, please read the following articles:
[ERROR] [Help 1] http://cwiki.apache.org/confluence/display/MAVEN/MojoFailureException
