[INFO] Scanning for projects...
[INFO] 
[INFO] -----------------< org.java-websocket:Java-WebSocket >------------------
[INFO] Building Java-WebSocket 1.5.2-SNAPSHOT
[INFO]   from pom.xml
[INFO] --------------------------------[ jar ]---------------------------------
[INFO] 
[INFO] --- maven-clean-plugin:2.5:clean (default-clean) @ Java-WebSocket ---
[INFO] Deleting /Users/adminuser/Documents/Work/Experiment/ChatGPT/oragen-main/src/tmp/repos/Java-WebSocket/target
[INFO] 
[INFO] --- maven-resources-plugin:2.6:resources (default-resources) @ Java-WebSocket ---
[INFO] Using 'UTF-8' encoding to copy filtered resources.
[INFO] skip non existing resourceDirectory /Users/adminuser/Documents/Work/Experiment/ChatGPT/oragen-main/src/tmp/repos/Java-WebSocket/src/main/resources
[INFO] 
[INFO] --- maven-compiler-plugin:3.7.0:compile (default-compile) @ Java-WebSocket ---
[INFO] Changes detected - recompiling the module!
[INFO] Compiling 78 source files to /Users/adminuser/Documents/Work/Experiment/ChatGPT/oragen-main/src/tmp/repos/Java-WebSocket/target/classes
[INFO] /Users/adminuser/Documents/Work/Experiment/ChatGPT/oragen-main/src/tmp/repos/Java-WebSocket/src/main/java/org/java_websocket/drafts/Draft.java: /Users/adminuser/Documents/Work/Experiment/ChatGPT/oragen-main/src/tmp/repos/Java-WebSocket/src/main/java/org/java_websocket/drafts/Draft.java uses or overrides a deprecated API.
[INFO] /Users/adminuser/Documents/Work/Experiment/ChatGPT/oragen-main/src/tmp/repos/Java-WebSocket/src/main/java/org/java_websocket/drafts/Draft.java: Recompile with -Xlint:deprecation for details.
[INFO] 
[INFO] --- bnd-maven-plugin:4.3.1:bnd-process (default) @ Java-WebSocket ---
[INFO] 
[INFO] --- maven-resources-plugin:2.6:testResources (default-testResources) @ Java-WebSocket ---
[INFO] Using 'UTF-8' encoding to copy filtered resources.
[INFO] Copying 1 resource
[INFO] 
[INFO] --- maven-compiler-plugin:3.7.0:testCompile (default-testCompile) @ Java-WebSocket ---
[INFO] Changes detected - recompiling the module!
[INFO] Compiling 75 source files to /Users/adminuser/Documents/Work/Experiment/ChatGPT/oragen-main/src/tmp/repos/Java-WebSocket/target/test-classes
[INFO] /Users/adminuser/Documents/Work/Experiment/ChatGPT/oragen-main/src/tmp/repos/Java-WebSocket/src/test/java/org/java_websocket/example/AutobahnServerTest.java: Some input files use or override a deprecated API.
[INFO] /Users/adminuser/Documents/Work/Experiment/ChatGPT/oragen-main/src/tmp/repos/Java-WebSocket/src/test/java/org/java_websocket/example/AutobahnServerTest.java: Recompile with -Xlint:deprecation for details.
[INFO] Some messages have been simplified; recompile with -Xdiags:verbose to get full output
[INFO] -------------------------------------------------------------
[ERROR] COMPILATION ERROR : 
[INFO] -------------------------------------------------------------
[ERROR] /Users/adminuser/Documents/Work/Experiment/ChatGPT/oragen-main/src/tmp/repos/Java-WebSocket/src/test/java/org/java_websocket/extensions/PerMessageDeflateExtensionTest.java:[118,25] no suitable method found for assertArrayEquals(boolean,boolean)
    method org.junit.Assert.assertArrayEquals(java.lang.Object[],java.lang.Object[]) is not applicable
      (argument mismatch; boolean cannot be converted to java.lang.Object[])
    method org.junit.Assert.assertArrayEquals(boolean[],boolean[]) is not applicable
      (argument mismatch; boolean cannot be converted to boolean[])
    method org.junit.Assert.assertArrayEquals(byte[],byte[]) is not applicable
      (argument mismatch; boolean cannot be converted to byte[])
    method org.junit.Assert.assertArrayEquals(char[],char[]) is not applicable
      (argument mismatch; boolean cannot be converted to char[])
    method org.junit.Assert.assertArrayEquals(short[],short[]) is not applicable
      (argument mismatch; boolean cannot be converted to short[])
    method org.junit.Assert.assertArrayEquals(int[],int[]) is not applicable
      (argument mismatch; boolean cannot be converted to int[])
    method org.junit.Assert.assertArrayEquals(long[],long[]) is not applicable
      (argument mismatch; boolean cannot be converted to long[])
[INFO] 1 error
[INFO] -------------------------------------------------------------
[INFO] ------------------------------------------------------------------------
[INFO] BUILD FAILURE
[INFO] ------------------------------------------------------------------------
[INFO] Total time:  3.847 s
[INFO] Finished at: 2023-06-05T22:26:40-04:00
[INFO] ------------------------------------------------------------------------
[ERROR] Failed to execute goal org.apache.maven.plugins:maven-compiler-plugin:3.7.0:testCompile (default-testCompile) on project Java-WebSocket: Compilation failure
[ERROR] /Users/adminuser/Documents/Work/Experiment/ChatGPT/oragen-main/src/tmp/repos/Java-WebSocket/src/test/java/org/java_websocket/extensions/PerMessageDeflateExtensionTest.java:[118,25] no suitable method found for assertArrayEquals(boolean,boolean)
[ERROR]     method org.junit.Assert.assertArrayEquals(java.lang.Object[],java.lang.Object[]) is not applicable
[ERROR]       (argument mismatch; boolean cannot be converted to java.lang.Object[])
[ERROR]     method org.junit.Assert.assertArrayEquals(boolean[],boolean[]) is not applicable
[ERROR]       (argument mismatch; boolean cannot be converted to boolean[])
[ERROR]     method org.junit.Assert.assertArrayEquals(byte[],byte[]) is not applicable
[ERROR]       (argument mismatch; boolean cannot be converted to byte[])
[ERROR]     method org.junit.Assert.assertArrayEquals(char[],char[]) is not applicable
[ERROR]       (argument mismatch; boolean cannot be converted to char[])
[ERROR]     method org.junit.Assert.assertArrayEquals(short[],short[]) is not applicable
[ERROR]       (argument mismatch; boolean cannot be converted to short[])
[ERROR]     method org.junit.Assert.assertArrayEquals(int[],int[]) is not applicable
[ERROR]       (argument mismatch; boolean cannot be converted to int[])
[ERROR]     method org.junit.Assert.assertArrayEquals(long[],long[]) is not applicable
[ERROR]       (argument mismatch; boolean cannot be converted to long[])
[ERROR] 
[ERROR] -> [Help 1]
[ERROR] 
[ERROR] To see the full stack trace of the errors, re-run Maven with the -e switch.
[ERROR] Re-run Maven using the -X switch to enable full debug logging.
[ERROR] 
[ERROR] For more information about the errors and possible solutions, please read the following articles:
[ERROR] [Help 1] http://cwiki.apache.org/confluence/display/MAVEN/MojoFailureException
