[INFO] Scanning for projects...
[INFO] 
[INFO] --------------------------< gov.adlnet:jxapi >--------------------------
[INFO] Building jXAPI 2.0.1
[INFO]   from pom.xml
[INFO] --------------------------------[ jar ]---------------------------------
[INFO] 
[INFO] --- clean:3.2.0:clean (default-clean) @ jxapi ---
[INFO] Deleting /Users/adminuser/Documents/Work/Experiment/ChatGPT/oragen-main/src/tmp/repos/jxapi/target
[INFO] 
[INFO] --- resources:3.3.0:resources (default-resources) @ jxapi ---
[INFO] skip non existing resourceDirectory /Users/adminuser/Documents/Work/Experiment/ChatGPT/oragen-main/src/tmp/repos/jxapi/src/main/resources
[INFO] 
[INFO] --- compiler:3.1:compile (default-compile) @ jxapi ---
[INFO] Changes detected - recompiling the module!
[INFO] Compiling 34 source files to /Users/adminuser/Documents/Work/Experiment/ChatGPT/oragen-main/src/tmp/repos/jxapi/target/classes
[WARNING] /Users/adminuser/Documents/Work/Experiment/ChatGPT/oragen-main/src/tmp/repos/jxapi/src/main/java/gov/adlnet/xapi/client/StatementClient.java: /Users/adminuser/Documents/Work/Experiment/ChatGPT/oragen-main/src/tmp/repos/jxapi/src/main/java/gov/adlnet/xapi/client/StatementClient.java uses unchecked or unsafe operations.
[WARNING] /Users/adminuser/Documents/Work/Experiment/ChatGPT/oragen-main/src/tmp/repos/jxapi/src/main/java/gov/adlnet/xapi/client/StatementClient.java: Recompile with -Xlint:unchecked for details.
[INFO] 
[INFO] --- resources:3.3.0:testResources (default-testResources) @ jxapi ---
[INFO] skip non existing resourceDirectory /Users/adminuser/Documents/Work/Experiment/ChatGPT/oragen-main/src/tmp/repos/jxapi/src/test/resources
[INFO] 
[INFO] --- compiler:3.1:testCompile (default-testCompile) @ jxapi ---
[INFO] Changes detected - recompiling the module!
[INFO] Compiling 33 source files to /Users/adminuser/Documents/Work/Experiment/ChatGPT/oragen-main/src/tmp/repos/jxapi/target/test-classes
[INFO] -------------------------------------------------------------
[ERROR] COMPILATION ERROR : 
[INFO] -------------------------------------------------------------
[ERROR] /Users/adminuser/Documents/Work/Experiment/ChatGPT/oragen-main/src/tmp/repos/jxapi/src/test/java/gov/adlnet/xapi/ContextTest.java:[126,57] cannot find symbol
  symbol:   variable finalValue
  location: class gov.adlnet.xapi.ContextTest
[ERROR] /Users/adminuser/Documents/Work/Experiment/ChatGPT/oragen-main/src/tmp/repos/jxapi/src/test/java/gov/adlnet/xapi/ContextTest.java:[126,37] cannot find symbol
  symbol:   variable initialValue
  location: class gov.adlnet.xapi.ContextTest
[ERROR] /Users/adminuser/Documents/Work/Experiment/ChatGPT/oragen-main/src/tmp/repos/jxapi/src/test/java/gov/adlnet/xapi/AboutTest.java:[59,57] cannot find symbol
  symbol:   method equalTo(java.lang.String)
  location: class gov.adlnet.xapi.AboutTest
[ERROR] /Users/adminuser/Documents/Work/Experiment/ChatGPT/oragen-main/src/tmp/repos/jxapi/src/test/java/gov/adlnet/xapi/StatementClientTest.java:[802,47] package javax.xml.bind does not exist
[ERROR] /Users/adminuser/Documents/Work/Experiment/ChatGPT/oragen-main/src/tmp/repos/jxapi/src/test/java/gov/adlnet/xapi/StatementClientTest.java:[806,69] package javax.xml.bind does not exist
[ERROR] /Users/adminuser/Documents/Work/Experiment/ChatGPT/oragen-main/src/tmp/repos/jxapi/src/test/java/gov/adlnet/xapi/StatementClientTest.java:[826,47] package javax.xml.bind does not exist
[ERROR] /Users/adminuser/Documents/Work/Experiment/ChatGPT/oragen-main/src/tmp/repos/jxapi/src/test/java/gov/adlnet/xapi/StatementClientTest.java:[830,69] package javax.xml.bind does not exist
[INFO] 7 errors 
[INFO] -------------------------------------------------------------
[INFO] ------------------------------------------------------------------------
[INFO] BUILD FAILURE
[INFO] ------------------------------------------------------------------------
[INFO] Total time:  2.583 s
[INFO] Finished at: 2023-06-08T06:43:49-04:00
[INFO] ------------------------------------------------------------------------
[ERROR] Failed to execute goal org.apache.maven.plugins:maven-compiler-plugin:3.1:testCompile (default-testCompile) on project jxapi: Compilation failure: Compilation failure: 
[ERROR] /Users/adminuser/Documents/Work/Experiment/ChatGPT/oragen-main/src/tmp/repos/jxapi/src/test/java/gov/adlnet/xapi/ContextTest.java:[126,57] cannot find symbol
[ERROR]   symbol:   variable finalValue
[ERROR]   location: class gov.adlnet.xapi.ContextTest
[ERROR] /Users/adminuser/Documents/Work/Experiment/ChatGPT/oragen-main/src/tmp/repos/jxapi/src/test/java/gov/adlnet/xapi/ContextTest.java:[126,37] cannot find symbol
[ERROR]   symbol:   variable initialValue
[ERROR]   location: class gov.adlnet.xapi.ContextTest
[ERROR] /Users/adminuser/Documents/Work/Experiment/ChatGPT/oragen-main/src/tmp/repos/jxapi/src/test/java/gov/adlnet/xapi/AboutTest.java:[59,57] cannot find symbol
[ERROR]   symbol:   method equalTo(java.lang.String)
[ERROR]   location: class gov.adlnet.xapi.AboutTest
[ERROR] /Users/adminuser/Documents/Work/Experiment/ChatGPT/oragen-main/src/tmp/repos/jxapi/src/test/java/gov/adlnet/xapi/StatementClientTest.java:[802,47] package javax.xml.bind does not exist
[ERROR] /Users/adminuser/Documents/Work/Experiment/ChatGPT/oragen-main/src/tmp/repos/jxapi/src/test/java/gov/adlnet/xapi/StatementClientTest.java:[806,69] package javax.xml.bind does not exist
[ERROR] /Users/adminuser/Documents/Work/Experiment/ChatGPT/oragen-main/src/tmp/repos/jxapi/src/test/java/gov/adlnet/xapi/StatementClientTest.java:[826,47] package javax.xml.bind does not exist
[ERROR] /Users/adminuser/Documents/Work/Experiment/ChatGPT/oragen-main/src/tmp/repos/jxapi/src/test/java/gov/adlnet/xapi/StatementClientTest.java:[830,69] package javax.xml.bind does not exist
[ERROR] -> [Help 1]
[ERROR] 
[ERROR] To see the full stack trace of the errors, re-run Maven with the -e switch.
[ERROR] Re-run Maven using the -X switch to enable full debug logging.
[ERROR] 
[ERROR] For more information about the errors and possible solutions, please read the following articles:
[ERROR] [Help 1] http://cwiki.apache.org/confluence/display/MAVEN/MojoFailureException
