[INFO] Scanning for projects...
[INFO] Inspecting build with total of 1 modules...
[INFO] Installing Nexus Staging features:
[INFO]   ... total of 1 executions of maven-deploy-plugin replaced with nexus-staging-maven-plugin
[INFO] 
[INFO] ------------------< io.arivera.oss:embedded-rabbitmq >------------------
[INFO] Building Embedded RabbitMQ 1.5.0
[INFO]   from pom.xml
[INFO] --------------------------------[ jar ]---------------------------------
[INFO] 
[INFO] --- clean:3.2.0:clean (default-clean) @ embedded-rabbitmq ---
[INFO] Deleting /Users/adminuser/Documents/Work/Experiment/ChatGPT/oragen-main/src/tmp/repos/embedded-rabbitmq/target
[INFO] 
[INFO] --- enforcer:1.4.1:enforce (enforce) @ embedded-rabbitmq ---
[INFO] 
[INFO] --- jacoco:0.7.7.201606060606:prepare-agent (prepare-agent) @ embedded-rabbitmq ---
[INFO] argLine set to -javaagent:/Users/adminuser/.m2/repository/org/jacoco/org.jacoco.agent/0.7.7.201606060606/org.jacoco.agent-0.7.7.201606060606-runtime.jar=destfile=/Users/adminuser/Documents/Work/Experiment/ChatGPT/oragen-main/src/tmp/repos/embedded-rabbitmq/target/jacoco.exec,excludes=io/arivera/oss/embedded/rabbitmq/apache/**:io/arivera/oss/embedded/rabbitmq/util/*
[INFO] 
[INFO] --- resources:3.3.0:resources (default-resources) @ embedded-rabbitmq ---
[INFO] skip non existing resourceDirectory /Users/adminuser/Documents/Work/Experiment/ChatGPT/oragen-main/src/tmp/repos/embedded-rabbitmq/src/main/resources
[INFO] 
[INFO] --- compiler:3.5.1:compile (default-compile) @ embedded-rabbitmq ---
[INFO] Changes detected - recompiling the module!
[INFO] Compiling 46 source files to /Users/adminuser/Documents/Work/Experiment/ChatGPT/oragen-main/src/tmp/repos/embedded-rabbitmq/target/classes
[INFO] /Users/adminuser/Documents/Work/Experiment/ChatGPT/oragen-main/src/tmp/repos/embedded-rabbitmq/src/main/java/io/arivera/oss/embedded/rabbitmq/bin/RabbitMqDiagnostics.java: /Users/adminuser/Documents/Work/Experiment/ChatGPT/oragen-main/src/tmp/repos/embedded-rabbitmq/src/main/java/io/arivera/oss/embedded/rabbitmq/bin/RabbitMqDiagnostics.java uses unchecked or unsafe operations.
[INFO] /Users/adminuser/Documents/Work/Experiment/ChatGPT/oragen-main/src/tmp/repos/embedded-rabbitmq/src/main/java/io/arivera/oss/embedded/rabbitmq/bin/RabbitMqDiagnostics.java: Recompile with -Xlint:unchecked for details.
[INFO] 
[INFO] --- resources:3.3.0:testResources (default-testResources) @ embedded-rabbitmq ---
[INFO] Copying 1 resource
[INFO] 
[INFO] --- compiler:3.5.1:testCompile (default-testCompile) @ embedded-rabbitmq ---
[INFO] Changes detected - recompiling the module!
[INFO] Compiling 13 source files to /Users/adminuser/Documents/Work/Experiment/ChatGPT/oragen-main/src/tmp/repos/embedded-rabbitmq/target/test-classes
[INFO] /Users/adminuser/Documents/Work/Experiment/ChatGPT/oragen-main/src/tmp/repos/embedded-rabbitmq/src/test/java/io/arivera/oss/embedded/rabbitmq/OfficialArtifactRepositoryTest.java: /Users/adminuser/Documents/Work/Experiment/ChatGPT/oragen-main/src/tmp/repos/embedded-rabbitmq/src/test/java/io/arivera/oss/embedded/rabbitmq/OfficialArtifactRepositoryTest.java uses or overrides a deprecated API.
[INFO] /Users/adminuser/Documents/Work/Experiment/ChatGPT/oragen-main/src/tmp/repos/embedded-rabbitmq/src/test/java/io/arivera/oss/embedded/rabbitmq/OfficialArtifactRepositoryTest.java: Recompile with -Xlint:deprecation for details.
[INFO] /Users/adminuser/Documents/Work/Experiment/ChatGPT/oragen-main/src/tmp/repos/embedded-rabbitmq/src/test/java/io/arivera/oss/embedded/rabbitmq/bin/RabbitMqPluginsTest.java: /Users/adminuser/Documents/Work/Experiment/ChatGPT/oragen-main/src/tmp/repos/embedded-rabbitmq/src/test/java/io/arivera/oss/embedded/rabbitmq/bin/RabbitMqPluginsTest.java uses unchecked or unsafe operations.
[INFO] /Users/adminuser/Documents/Work/Experiment/ChatGPT/oragen-main/src/tmp/repos/embedded-rabbitmq/src/test/java/io/arivera/oss/embedded/rabbitmq/bin/RabbitMqPluginsTest.java: Recompile with -Xlint:unchecked for details.
[INFO] 
[INFO] --- surefire:3.0.0:test (default-test) @ embedded-rabbitmq ---
[INFO] Using auto detected provider org.apache.maven.surefire.junit4.JUnit4Provider
[INFO] 
[INFO] -------------------------------------------------------
[INFO]  T E S T S
[INFO] -------------------------------------------------------
[INFO] 
[INFO] Results:
[INFO] 
[INFO] Tests run: 0, Failures: 0, Errors: 0, Skipped: 0
[INFO] 
[WARNING] Corrupted channel by directly writing to native stream in forked JVM 1. See FAQ web page and the dump file /Users/adminuser/Documents/Work/Experiment/ChatGPT/oragen-main/src/tmp/repos/embedded-rabbitmq/target/surefire-reports/2023-06-05T15-08-37_582-jvmRun1.dumpstream
[INFO] ------------------------------------------------------------------------
[INFO] BUILD FAILURE
[INFO] ------------------------------------------------------------------------
[INFO] Total time:  9.682 s
[INFO] Finished at: 2023-06-05T15:08:43-04:00
[INFO] ------------------------------------------------------------------------
[ERROR] Failed to execute goal org.apache.maven.plugins:maven-surefire-plugin:3.0.0:test (default-test) on project embedded-rabbitmq: 
[ERROR] 
[ERROR] Please refer to /Users/adminuser/Documents/Work/Experiment/ChatGPT/oragen-main/src/tmp/repos/embedded-rabbitmq/target/surefire-reports for the individual test results.
[ERROR] Please refer to dump files (if any exist) [date].dump, [date]-jvmRun[N].dump and [date].dumpstream.
[ERROR] The forked VM terminated without properly saying goodbye. VM crash or System.exit called?
[ERROR] Command was /bin/sh -c cd '/Users/adminuser/Documents/Work/Experiment/ChatGPT/oragen-main/src/tmp/repos/embedded-rabbitmq' && '/Library/Java/JavaVirtualMachines/jdk-11.0.17.jdk/Contents/Home/bin/java' '-javaagent:/Users/adminuser/.m2/repository/org/jacoco/org.jacoco.agent/0.7.7.201606060606/org.jacoco.agent-0.7.7.201606060606-runtime.jar=destfile=/Users/adminuser/Documents/Work/Experiment/ChatGPT/oragen-main/src/tmp/repos/embedded-rabbitmq/target/jacoco.exec,excludes=io/arivera/oss/embedded/rabbitmq/apache/**:io/arivera/oss/embedded/rabbitmq/util/*' '-jar' '/Users/adminuser/Documents/Work/Experiment/ChatGPT/oragen-main/src/tmp/repos/embedded-rabbitmq/target/surefire/surefirebooter-20230605150837682_3.jar' '/Users/adminuser/Documents/Work/Experiment/ChatGPT/oragen-main/src/tmp/repos/embedded-rabbitmq/target/surefire' '2023-06-05T15-08-37_582-jvmRun1' 'surefire-20230605150837682_1tmp' 'surefire_0-20230605150837682_2tmp'
[ERROR] Error occurred in starting fork, check output in log
[ERROR] Process Exit Code: 134
[ERROR] org.apache.maven.surefire.booter.SurefireBooterForkException: The forked VM terminated without properly saying goodbye. VM crash or System.exit called?
[ERROR] Command was /bin/sh -c cd '/Users/adminuser/Documents/Work/Experiment/ChatGPT/oragen-main/src/tmp/repos/embedded-rabbitmq' && '/Library/Java/JavaVirtualMachines/jdk-11.0.17.jdk/Contents/Home/bin/java' '-javaagent:/Users/adminuser/.m2/repository/org/jacoco/org.jacoco.agent/0.7.7.201606060606/org.jacoco.agent-0.7.7.201606060606-runtime.jar=destfile=/Users/adminuser/Documents/Work/Experiment/ChatGPT/oragen-main/src/tmp/repos/embedded-rabbitmq/target/jacoco.exec,excludes=io/arivera/oss/embedded/rabbitmq/apache/**:io/arivera/oss/embedded/rabbitmq/util/*' '-jar' '/Users/adminuser/Documents/Work/Experiment/ChatGPT/oragen-main/src/tmp/repos/embedded-rabbitmq/target/surefire/surefirebooter-20230605150837682_3.jar' '/Users/adminuser/Documents/Work/Experiment/ChatGPT/oragen-main/src/tmp/repos/embedded-rabbitmq/target/surefire' '2023-06-05T15-08-37_582-jvmRun1' 'surefire-20230605150837682_1tmp' 'surefire_0-20230605150837682_2tmp'
[ERROR] Error occurred in starting fork, check output in log
[ERROR] Process Exit Code: 134
[ERROR] 	at org.apache.maven.plugin.surefire.booterclient.ForkStarter.fork(ForkStarter.java:643)
[ERROR] 	at org.apache.maven.plugin.surefire.booterclient.ForkStarter.run(ForkStarter.java:285)
[ERROR] 	at org.apache.maven.plugin.surefire.booterclient.ForkStarter.run(ForkStarter.java:250)
[ERROR] 	at org.apache.maven.plugin.surefire.AbstractSurefireMojo.executeProvider(AbstractSurefireMojo.java:1203)
[ERROR] 	at org.apache.maven.plugin.surefire.AbstractSurefireMojo.executeAfterPreconditionsChecked(AbstractSurefireMojo.java:1055)
[ERROR] 	at org.apache.maven.plugin.surefire.AbstractSurefireMojo.execute(AbstractSurefireMojo.java:871)
[ERROR] 	at org.apache.maven.plugin.DefaultBuildPluginManager.executeMojo(DefaultBuildPluginManager.java:126)
[ERROR] 	at org.apache.maven.lifecycle.internal.MojoExecutor.doExecute2(MojoExecutor.java:342)
[ERROR] 	at org.apache.maven.lifecycle.internal.MojoExecutor.doExecute(MojoExecutor.java:330)
[ERROR] 	at org.apache.maven.lifecycle.internal.MojoExecutor.execute(MojoExecutor.java:213)
[ERROR] 	at org.apache.maven.lifecycle.internal.MojoExecutor.execute(MojoExecutor.java:175)
[ERROR] 	at org.apache.maven.lifecycle.internal.MojoExecutor.access$000(MojoExecutor.java:76)
[ERROR] 	at org.apache.maven.lifecycle.internal.MojoExecutor$1.run(MojoExecutor.java:163)
[ERROR] 	at org.apache.maven.plugin.DefaultMojosExecutionStrategy.execute(DefaultMojosExecutionStrategy.java:39)
[ERROR] 	at org.apache.maven.lifecycle.internal.MojoExecutor.execute(MojoExecutor.java:160)
[ERROR] 	at org.apache.maven.lifecycle.internal.LifecycleModuleBuilder.buildProject(LifecycleModuleBuilder.java:105)
[ERROR] 	at org.apache.maven.lifecycle.internal.LifecycleModuleBuilder.buildProject(LifecycleModuleBuilder.java:73)
[ERROR] 	at org.apache.maven.lifecycle.internal.builder.singlethreaded.SingleThreadedBuilder.build(SingleThreadedBuilder.java:53)
[ERROR] 	at org.apache.maven.lifecycle.internal.LifecycleStarter.execute(LifecycleStarter.java:118)
[ERROR] 	at org.apache.maven.DefaultMaven.doExecute(DefaultMaven.java:261)
[ERROR] 	at org.apache.maven.DefaultMaven.doExecute(DefaultMaven.java:173)
[ERROR] 	at org.apache.maven.DefaultMaven.execute(DefaultMaven.java:101)
[ERROR] 	at org.apache.maven.cli.MavenCli.execute(MavenCli.java:827)
[ERROR] 	at org.apache.maven.cli.MavenCli.doMain(MavenCli.java:272)
[ERROR] 	at org.apache.maven.cli.MavenCli.main(MavenCli.java:195)
[ERROR] 	at java.base/jdk.internal.reflect.NativeMethodAccessorImpl.invoke0(Native Method)
[ERROR] 	at java.base/jdk.internal.reflect.NativeMethodAccessorImpl.invoke(NativeMethodAccessorImpl.java:62)
[ERROR] 	at java.base/jdk.internal.reflect.DelegatingMethodAccessorImpl.invoke(DelegatingMethodAccessorImpl.java:43)
[ERROR] 	at java.base/java.lang.reflect.Method.invoke(Method.java:566)
[ERROR] 	at org.codehaus.plexus.classworlds.launcher.Launcher.launchEnhanced(Launcher.java:282)
[ERROR] 	at org.codehaus.plexus.classworlds.launcher.Launcher.launch(Launcher.java:225)
[ERROR] 	at org.codehaus.plexus.classworlds.launcher.Launcher.mainWithExitCode(Launcher.java:406)
[ERROR] 	at org.codehaus.plexus.classworlds.launcher.Launcher.main(Launcher.java:347)
[ERROR] 
[ERROR] -> [Help 1]
[ERROR] 
[ERROR] To see the full stack trace of the errors, re-run Maven with the -e switch.
[ERROR] Re-run Maven using the -X switch to enable full debug logging.
[ERROR] 
[ERROR] For more information about the errors and possible solutions, please read the following articles:
[ERROR] [Help 1] http://cwiki.apache.org/confluence/display/MAVEN/MojoExecutionException
