[INFO] Scanning for projects...
[WARNING] The project com.hazelcast.simulator:simulator:jar:0.14-SNAPSHOT uses prerequisites which is only intended for maven-plugin projects but not for non maven-plugin projects. For such purposes you should use the maven-enforcer-plugin. See https://maven.apache.org/enforcer/enforcer-rules/requireMavenVersion.html
[INFO] 
[INFO] -----------------< com.hazelcast.simulator:simulator >------------------
[INFO] Building Simulator Tool 0.14-SNAPSHOT
[INFO]   from pom.xml
[INFO] --------------------------------[ jar ]---------------------------------
[INFO] 
[INFO] --- maven-clean-plugin:2.5:clean (default-clean) @ simulator ---
[INFO] Deleting /Users/adminuser/Documents/Work/Experiment/ChatGPT/oragen-main/src/tmp/repos/hazelcast-simulator/simulator/target
[INFO] 
[INFO] --- git-commit-id-plugin:2.1.10:revision (default) @ simulator ---
[INFO] 
[INFO] --- maven-resources-plugin:2.6:resources (default-resources) @ simulator ---
[INFO] Using 'UTF-8' encoding to copy filtered resources.
[INFO] Copying 10 resources
[INFO] 
[INFO] --- maven-compiler-plugin:3.8.1:compile (default-compile) @ simulator ---
[INFO] Changes detected - recompiling the module!
[INFO] Compiling 171 source files to /Users/adminuser/Documents/Work/Experiment/ChatGPT/oragen-main/src/tmp/repos/hazelcast-simulator/simulator/target/classes
[INFO] /Users/adminuser/Documents/Work/Experiment/ChatGPT/oragen-main/src/tmp/repos/hazelcast-simulator/simulator/src/main/java/com/hazelcast/simulator/utils/PropertyBindingSupport.java: Some input files use or override a deprecated API.
[INFO] /Users/adminuser/Documents/Work/Experiment/ChatGPT/oragen-main/src/tmp/repos/hazelcast-simulator/simulator/src/main/java/com/hazelcast/simulator/utils/PropertyBindingSupport.java: Recompile with -Xlint:deprecation for details.
[INFO] /Users/adminuser/Documents/Work/Experiment/ChatGPT/oragen-main/src/tmp/repos/hazelcast-simulator/simulator/src/main/java/com/hazelcast/simulator/worker/testcontainer/PropertyBinding.java: Some input files use unchecked or unsafe operations.
[INFO] /Users/adminuser/Documents/Work/Experiment/ChatGPT/oragen-main/src/tmp/repos/hazelcast-simulator/simulator/src/main/java/com/hazelcast/simulator/worker/testcontainer/PropertyBinding.java: Recompile with -Xlint:unchecked for details.
[INFO] 
[INFO] --- maven-resources-plugin:2.6:testResources (default-testResources) @ simulator ---
[INFO] Using 'UTF-8' encoding to copy filtered resources.
[INFO] Copying 9 resources
[INFO] 
[INFO] --- maven-compiler-plugin:3.8.1:testCompile (default-testCompile) @ simulator ---
[INFO] Changes detected - recompiling the module!
[INFO] Compiling 135 source files to /Users/adminuser/Documents/Work/Experiment/ChatGPT/oragen-main/src/tmp/repos/hazelcast-simulator/simulator/target/test-classes
[INFO] /Users/adminuser/Documents/Work/Experiment/ChatGPT/oragen-main/src/tmp/repos/hazelcast-simulator/simulator/src/test/java/com/hazelcast/simulator/utils/PropertyBindingSupport_bind0_NumericalTest.java: /Users/adminuser/Documents/Work/Experiment/ChatGPT/oragen-main/src/tmp/repos/hazelcast-simulator/simulator/src/test/java/com/hazelcast/simulator/utils/PropertyBindingSupport_bind0_NumericalTest.java uses or overrides a deprecated API.
[INFO] /Users/adminuser/Documents/Work/Experiment/ChatGPT/oragen-main/src/tmp/repos/hazelcast-simulator/simulator/src/test/java/com/hazelcast/simulator/utils/PropertyBindingSupport_bind0_NumericalTest.java: Recompile with -Xlint:deprecation for details.
[INFO] /Users/adminuser/Documents/Work/Experiment/ChatGPT/oragen-main/src/tmp/repos/hazelcast-simulator/simulator/src/test/java/com/hazelcast/simulator/worker/testcontainer/PrimordialRunStrategyIntegrationTest.java: Some input files use unchecked or unsafe operations.
[INFO] /Users/adminuser/Documents/Work/Experiment/ChatGPT/oragen-main/src/tmp/repos/hazelcast-simulator/simulator/src/test/java/com/hazelcast/simulator/worker/testcontainer/PrimordialRunStrategyIntegrationTest.java: Recompile with -Xlint:unchecked for details.
[INFO] Some messages have been simplified; recompile with -Xdiags:verbose to get full output
[INFO] -------------------------------------------------------------
[ERROR] COMPILATION ERROR : 
[INFO] -------------------------------------------------------------
[ERROR] /Users/adminuser/Documents/Work/Experiment/ChatGPT/oragen-main/src/tmp/repos/hazelcast-simulator/simulator/src/test/java/com/hazelcast/simulator/worker/testcontainer/MetronomeSupplierTest.java:[3,38] cannot find symbol
  symbol:   class TestCase
  location: package com.hazelcast.simulator.common
[ERROR] /Users/adminuser/Documents/Work/Experiment/ChatGPT/oragen-main/src/tmp/repos/hazelcast-simulator/simulator/src/test/java/com/hazelcast/simulator/coordinator/PerformanceStatsCollectorTest.java:[3,45] cannot find symbol
  symbol:   class SimulatorAddress
  location: package com.hazelcast.simulator.protocol.core
[ERROR] /Users/adminuser/Documents/Work/Experiment/ChatGPT/oragen-main/src/tmp/repos/hazelcast-simulator/simulator/src/test/java/com/hazelcast/simulator/coordinator/PerformanceStatsCollectorTest.java:[4,50] cannot find symbol
  symbol:   class PerformanceStats
  location: package com.hazelcast.simulator.worker.performance
[ERROR] /Users/adminuser/Documents/Work/Experiment/ChatGPT/oragen-main/src/tmp/repos/hazelcast-simulator/simulator/src/test/java/com/hazelcast/simulator/coordinator/PerformanceStatsCollectorTest.java:[11,52] cannot find symbol
  symbol:   class SimulatorAddress
  location: package com.hazelcast.simulator.protocol.core
[ERROR] /Users/adminuser/Documents/Work/Experiment/ChatGPT/oragen-main/src/tmp/repos/hazelcast-simulator/simulator/src/test/java/com/hazelcast/simulator/coordinator/PerformanceStatsCollectorTest.java:[11,1] static import only from classes and interfaces
[ERROR] /Users/adminuser/Documents/Work/Experiment/ChatGPT/oragen-main/src/tmp/repos/hazelcast-simulator/simulator/src/test/java/com/hazelcast/simulator/coordinator/PerformanceStatsCollectorTest.java:[12,57] cannot find symbol
  symbol:   class PerformanceStats
  location: package com.hazelcast.simulator.worker.performance
[ERROR] /Users/adminuser/Documents/Work/Experiment/ChatGPT/oragen-main/src/tmp/repos/hazelcast-simulator/simulator/src/test/java/com/hazelcast/simulator/coordinator/PerformanceStatsCollectorTest.java:[12,1] static import only from classes and interfaces
[ERROR] /Users/adminuser/Documents/Work/Experiment/ChatGPT/oragen-main/src/tmp/repos/hazelcast-simulator/simulator/src/test/java/com/hazelcast/simulator/coordinator/PerformanceStatsCollectorTest.java:[29,13] cannot find symbol
  symbol:   class SimulatorAddress
  location: class com.hazelcast.simulator.coordinator.PerformanceStatsCollectorTest
[ERROR] /Users/adminuser/Documents/Work/Experiment/ChatGPT/oragen-main/src/tmp/repos/hazelcast-simulator/simulator/src/test/java/com/hazelcast/simulator/coordinator/PerformanceStatsCollectorTest.java:[30,13] cannot find symbol
  symbol:   class SimulatorAddress
  location: class com.hazelcast.simulator.coordinator.PerformanceStatsCollectorTest
[ERROR] /Users/adminuser/Documents/Work/Experiment/ChatGPT/oragen-main/src/tmp/repos/hazelcast-simulator/simulator/src/test/java/com/hazelcast/simulator/coordinator/PerformanceStatsCollectorTest.java:[31,13] cannot find symbol
  symbol:   class SimulatorAddress
  location: class com.hazelcast.simulator.coordinator.PerformanceStatsCollectorTest
[ERROR] /Users/adminuser/Documents/Work/Experiment/ChatGPT/oragen-main/src/tmp/repos/hazelcast-simulator/simulator/src/test/java/com/hazelcast/simulator/coordinator/PerformanceStatsCollectorTest.java:[32,13] cannot find symbol
  symbol:   class SimulatorAddress
  location: class com.hazelcast.simulator.coordinator.PerformanceStatsCollectorTest
[ERROR] /Users/adminuser/Documents/Work/Experiment/ChatGPT/oragen-main/src/tmp/repos/hazelcast-simulator/simulator/src/test/java/com/hazelcast/simulator/coordinator/PerformanceStatsCollectorTest.java:[34,13] cannot find symbol
  symbol:   class SimulatorAddress
  location: class com.hazelcast.simulator.coordinator.PerformanceStatsCollectorTest
[ERROR] /Users/adminuser/Documents/Work/Experiment/ChatGPT/oragen-main/src/tmp/repos/hazelcast-simulator/simulator/src/test/java/com/hazelcast/simulator/coordinator/PerformanceStatsCollectorTest.java:[35,13] cannot find symbol
  symbol:   class SimulatorAddress
  location: class com.hazelcast.simulator.coordinator.PerformanceStatsCollectorTest
[ERROR] /Users/adminuser/Documents/Work/Experiment/ChatGPT/oragen-main/src/tmp/repos/hazelcast-simulator/simulator/src/test/java/com/hazelcast/simulator/coordinator/PerformanceStatsCollectorTest.java:[86,25] cannot find symbol
  symbol:   class SimulatorAddress
  location: class com.hazelcast.simulator.coordinator.PerformanceStatsCollectorTest
[ERROR] /Users/adminuser/Documents/Work/Experiment/ChatGPT/oragen-main/src/tmp/repos/hazelcast-simulator/simulator/src/test/java/com/hazelcast/simulator/coordinator/PerformanceStatsCollectorTest.java:[86,66] cannot find symbol
  symbol:   class PerformanceStats
  location: class com.hazelcast.simulator.coordinator.PerformanceStatsCollectorTest
[ERROR] /Users/adminuser/Documents/Work/Experiment/ChatGPT/oragen-main/src/tmp/repos/hazelcast-simulator/simulator/src/test/java/com/hazelcast/simulator/coordinator/PerformanceStatsCollectorTest.java:[177,39] cannot find symbol
  symbol:   class PerformanceStats
  location: class com.hazelcast.simulator.coordinator.PerformanceStatsCollectorTest
[ERROR] /Users/adminuser/Documents/Work/Experiment/ChatGPT/oragen-main/src/tmp/repos/hazelcast-simulator/simulator/src/test/java/com/hazelcast/simulator/coordinator/PerformanceStatsCollectorTest.java:[177,66] cannot find symbol
  symbol:   class PerformanceStats
  location: class com.hazelcast.simulator.coordinator.PerformanceStatsCollectorTest
[ERROR] /Users/adminuser/Documents/Work/Experiment/ChatGPT/oragen-main/src/tmp/repos/hazelcast-simulator/simulator/src/test/java/com/hazelcast/simulator/worker/testcontainer/TestContainer_NestedPropertyBindingTest.java:[3,38] cannot find symbol
  symbol:   class TestCase
  location: package com.hazelcast.simulator.common
[ERROR] /Users/adminuser/Documents/Work/Experiment/ChatGPT/oragen-main/src/tmp/repos/hazelcast-simulator/simulator/src/test/java/com/hazelcast/simulator/worker/testcontainer/TestContainer_AbstractTest.java:[3,38] cannot find symbol
  symbol:   class TestCase
  location: package com.hazelcast.simulator.common
[ERROR] /Users/adminuser/Documents/Work/Experiment/ChatGPT/oragen-main/src/tmp/repos/hazelcast-simulator/simulator/src/test/java/com/hazelcast/simulator/worker/testcontainer/TestContainer_AbstractTest.java:[4,40] cannot find symbol
  symbol:   class Server
  location: package com.hazelcast.simulator.protocol
[ERROR] /Users/adminuser/Documents/Work/Experiment/ChatGPT/oragen-main/src/tmp/repos/hazelcast-simulator/simulator/src/test/java/com/hazelcast/simulator/worker/testcontainer/TestContainer_AbstractTest.java:[5,36] cannot find symbol
  symbol:   class TestContext
  location: package com.hazelcast.simulator.test
[ERROR] /Users/adminuser/Documents/Work/Experiment/ChatGPT/oragen-main/src/tmp/repos/hazelcast-simulator/simulator/src/test/java/com/hazelcast/simulator/TestEnvironmentUtils.java:[4,37] cannot find symbol
  symbol:   class FileUtils
  location: package com.hazelcast.simulator.utils
[ERROR] /Users/adminuser/Documents/Work/Experiment/ChatGPT/oragen-main/src/tmp/repos/hazelcast-simulator/simulator/src/test/java/com/hazelcast/simulator/TestEnvironmentUtils.java:[15,44] cannot find symbol
  symbol:   class FileUtils
  location: package com.hazelcast.simulator.utils
[ERROR] /Users/adminuser/Documents/Work/Experiment/ChatGPT/oragen-main/src/tmp/repos/hazelcast-simulator/simulator/src/test/java/com/hazelcast/simulator/TestEnvironmentUtils.java:[15,1] static import only from classes and interfaces
[ERROR] /Users/adminuser/Documents/Work/Experiment/ChatGPT/oragen-main/src/tmp/repos/hazelcast-simulator/simulator/src/test/java/com/hazelcast/simulator/TestEnvironmentUtils.java:[16,44] cannot find symbol
  symbol:   class FileUtils
  location: package com.hazelcast.simulator.utils
[ERROR] /Users/adminuser/Documents/Work/Experiment/ChatGPT/oragen-main/src/tmp/repos/hazelcast-simulator/simulator/src/test/java/com/hazelcast/simulator/TestEnvironmentUtils.java:[16,1] static import only from classes and interfaces
[ERROR] /Users/adminuser/Documents/Work/Experiment/ChatGPT/oragen-main/src/tmp/repos/hazelcast-simulator/simulator/src/test/java/com/hazelcast/simulator/TestEnvironmentUtils.java:[17,44] cannot find symbol
  symbol:   class FileUtils
  location: package com.hazelcast.simulator.utils
[ERROR] /Users/adminuser/Documents/Work/Experiment/ChatGPT/oragen-main/src/tmp/repos/hazelcast-simulator/simulator/src/test/java/com/hazelcast/simulator/TestEnvironmentUtils.java:[17,1] static import only from classes and interfaces
[ERROR] /Users/adminuser/Documents/Work/Experiment/ChatGPT/oragen-main/src/tmp/repos/hazelcast-simulator/simulator/src/test/java/com/hazelcast/simulator/TestEnvironmentUtils.java:[18,44] cannot find symbol
  symbol:   class FileUtils
  location: package com.hazelcast.simulator.utils
[ERROR] /Users/adminuser/Documents/Work/Experiment/ChatGPT/oragen-main/src/tmp/repos/hazelcast-simulator/simulator/src/test/java/com/hazelcast/simulator/TestEnvironmentUtils.java:[18,1] static import only from classes and interfaces
[ERROR] /Users/adminuser/Documents/Work/Experiment/ChatGPT/oragen-main/src/tmp/repos/hazelcast-simulator/simulator/src/test/java/com/hazelcast/simulator/TestEnvironmentUtils.java:[19,44] cannot find symbol
  symbol:   class FileUtils
  location: package com.hazelcast.simulator.utils
[ERROR] /Users/adminuser/Documents/Work/Experiment/ChatGPT/oragen-main/src/tmp/repos/hazelcast-simulator/simulator/src/test/java/com/hazelcast/simulator/TestEnvironmentUtils.java:[19,1] static import only from classes and interfaces
[ERROR] /Users/adminuser/Documents/Work/Experiment/ChatGPT/oragen-main/src/tmp/repos/hazelcast-simulator/simulator/src/test/java/com/hazelcast/simulator/TestEnvironmentUtils.java:[20,44] cannot find symbol
  symbol:   class FileUtils
  location: package com.hazelcast.simulator.utils
[ERROR] /Users/adminuser/Documents/Work/Experiment/ChatGPT/oragen-main/src/tmp/repos/hazelcast-simulator/simulator/src/test/java/com/hazelcast/simulator/TestEnvironmentUtils.java:[20,1] static import only from classes and interfaces
[ERROR] /Users/adminuser/Documents/Work/Experiment/ChatGPT/oragen-main/src/tmp/repos/hazelcast-simulator/simulator/src/test/java/com/hazelcast/simulator/worker/testcontainer/TestContainer_AbstractTest.java:[21,5] cannot find symbol
  symbol:   class TestContextImpl
  location: class com.hazelcast.simulator.worker.testcontainer.TestContainer_AbstractTest
[ERROR] /Users/adminuser/Documents/Work/Experiment/ChatGPT/oragen-main/src/tmp/repos/hazelcast-simulator/simulator/src/test/java/com/hazelcast/simulator/worker/testcontainer/TestContainer_AbstractTest.java:[46,51] cannot find symbol
  symbol:   class TestCase
  location: class com.hazelcast.simulator.worker.testcontainer.TestContainer_AbstractTest
[ERROR] /Users/adminuser/Documents/Work/Experiment/ChatGPT/oragen-main/src/tmp/repos/hazelcast-simulator/simulator/src/test/java/com/hazelcast/simulator/worker/testcontainer/TimeStepModel_probabilityTest.java:[3,38] cannot find symbol
  symbol:   class TestCase
  location: package com.hazelcast.simulator.common
[ERROR] /Users/adminuser/Documents/Work/Experiment/ChatGPT/oragen-main/src/tmp/repos/hazelcast-simulator/simulator/src/test/java/com/hazelcast/simulator/worker/testcontainer/TestContainer_TimeStep_UnusedProbabilityTest.java:[3,38] cannot find symbol
  symbol:   class TestCase
  location: package com.hazelcast.simulator.common
[ERROR] /Users/adminuser/Documents/Work/Experiment/ChatGPT/oragen-main/src/tmp/repos/hazelcast-simulator/simulator/src/test/java/com/hazelcast/simulator/worker/testcontainer/TestContainer_TimeStep_UnusedProbabilityTest.java:[4,40] cannot find symbol
  symbol:   class Server
  location: package com.hazelcast.simulator.protocol
[ERROR] /Users/adminuser/Documents/Work/Experiment/ChatGPT/oragen-main/src/tmp/repos/hazelcast-simulator/simulator/src/test/java/com/hazelcast/simulator/worker/testcontainer/TestContainer_TimeStep_UnusedProbabilityTest.java:[10,45] cannot find symbol
  symbol:   class TestPhase
  location: package com.hazelcast.simulator.common
[ERROR] /Users/adminuser/Documents/Work/Experiment/ChatGPT/oragen-main/src/tmp/repos/hazelcast-simulator/simulator/src/test/java/com/hazelcast/simulator/worker/testcontainer/TestContainer_TimeStep_UnusedProbabilityTest.java:[10,1] static import only from classes and interfaces
[ERROR] /Users/adminuser/Documents/Work/Experiment/ChatGPT/oragen-main/src/tmp/repos/hazelcast-simulator/simulator/src/test/java/com/hazelcast/simulator/coordinator/CoordinatorOperationProcessorTest.java:[3,48] cannot find symbol
  symbol:   class CreateWorkerOperation
  location: package com.hazelcast.simulator.agent.operations
[ERROR] /Users/adminuser/Documents/Work/Experiment/ChatGPT/oragen-main/src/tmp/repos/hazelcast-simulator/simulator/src/test/java/com/hazelcast/simulator/coordinator/CoordinatorOperationProcessorTest.java:[5,40] cannot find symbol
  symbol:   class Promise
  location: package com.hazelcast.simulator.protocol
[ERROR] /Users/adminuser/Documents/Work/Experiment/ChatGPT/oragen-main/src/tmp/repos/hazelcast-simulator/simulator/src/test/java/com/hazelcast/simulator/coordinator/CoordinatorOperationProcessorTest.java:[6,45] cannot find symbol
  symbol:   class SimulatorAddress
  location: package com.hazelcast.simulator.protocol.core
[ERROR] /Users/adminuser/Documents/Work/Experiment/ChatGPT/oragen-main/src/tmp/repos/hazelcast-simulator/simulator/src/test/java/com/hazelcast/simulator/coordinator/CoordinatorOperationProcessorTest.java:[9,50] cannot find symbol
  symbol:   class PerformanceStats
  location: package com.hazelcast.simulator.worker.performance
[ERROR] /Users/adminuser/Documents/Work/Experiment/ChatGPT/oragen-main/src/tmp/repos/hazelcast-simulator/simulator/src/test/java/com/hazelcast/simulator/coordinator/CoordinatorOperationProcessorTest.java:[24,13] cannot find symbol
  symbol:   class SimulatorAddress
  location: class com.hazelcast.simulator.coordinator.CoordinatorOperationProcessorTest
[ERROR] /Users/adminuser/Documents/Work/Experiment/ChatGPT/oragen-main/src/tmp/repos/hazelcast-simulator/simulator/src/test/java/com/hazelcast/simulator/coordinator/CoordinatorOperationProcessorTest.java:[25,13] cannot find symbol
  symbol:   class Promise
  location: class com.hazelcast.simulator.coordinator.CoordinatorOperationProcessorTest
[ERROR] /Users/adminuser/Documents/Work/Experiment/ChatGPT/oragen-main/src/tmp/repos/hazelcast-simulator/simulator/src/test/java/com/hazelcast/simulator/protocol/MessagingTest.java:[3,45] cannot find symbol
  symbol:   class SimulatorAddress
  location: package com.hazelcast.simulator.protocol.core
[ERROR] /Users/adminuser/Documents/Work/Experiment/ChatGPT/oragen-main/src/tmp/repos/hazelcast-simulator/simulator/src/test/java/com/hazelcast/simulator/protocol/MessagingTest.java:[5,50] cannot find symbol
  symbol:   class SimulatorOperation
  location: package com.hazelcast.simulator.protocol.operation
[ERROR] /Users/adminuser/Documents/Work/Experiment/ChatGPT/oragen-main/src/tmp/repos/hazelcast-simulator/simulator/src/test/java/com/hazelcast/simulator/protocol/MessagingTest.java:[17,44] cannot find symbol
  symbol:   class CommonUtils
  location: package com.hazelcast.simulator.utils
[ERROR] /Users/adminuser/Documents/Work/Experiment/ChatGPT/oragen-main/src/tmp/repos/hazelcast-simulator/simulator/src/test/java/com/hazelcast/simulator/protocol/MessagingTest.java:[17,1] static import only from classes and interfaces
[ERROR] /Users/adminuser/Documents/Work/Experiment/ChatGPT/oragen-main/src/tmp/repos/hazelcast-simulator/simulator/src/test/java/com/hazelcast/simulator/protocol/MessagingTest.java:[18,44] cannot find symbol
  symbol:   class SimulatorUtils
  location: package com.hazelcast.simulator.utils
[ERROR] /Users/adminuser/Documents/Work/Experiment/ChatGPT/oragen-main/src/tmp/repos/hazelcast-simulator/simulator/src/test/java/com/hazelcast/simulator/protocol/MessagingTest.java:[18,1] static import only from classes and interfaces
[ERROR] /Users/adminuser/Documents/Work/Experiment/ChatGPT/oragen-main/src/tmp/repos/hazelcast-simulator/simulator/src/test/java/com/hazelcast/simulator/protocol/MessagingTest.java:[31,13] cannot find symbol
  symbol:   class Broker
  location: class com.hazelcast.simulator.protocol.MessagingTest
[ERROR] /Users/adminuser/Documents/Work/Experiment/ChatGPT/oragen-main/src/tmp/repos/hazelcast-simulator/simulator/src/test/java/com/hazelcast/simulator/protocol/MessagingTest.java:[32,13] cannot find symbol
  symbol:   class Server
  location: class com.hazelcast.simulator.protocol.MessagingTest
[ERROR] /Users/adminuser/Documents/Work/Experiment/ChatGPT/oragen-main/src/tmp/repos/hazelcast-simulator/simulator/src/test/java/com/hazelcast/simulator/protocol/MessagingTest.java:[34,13] cannot find symbol
  symbol:   class SimulatorAddress
  location: class com.hazelcast.simulator.protocol.MessagingTest
[ERROR] /Users/adminuser/Documents/Work/Experiment/ChatGPT/oragen-main/src/tmp/repos/hazelcast-simulator/simulator/src/test/java/com/hazelcast/simulator/common/TestSuiteTest.java:[3,43] cannot find symbol
  symbol:   class TestSuite
  location: package com.hazelcast.simulator.coordinator
[ERROR] /Users/adminuser/Documents/Work/Experiment/ChatGPT/oragen-main/src/tmp/repos/hazelcast-simulator/simulator/src/test/java/com/hazelcast/simulator/common/TestSuiteTest.java:[13,44] cannot find symbol
  symbol:   class FileUtils
  location: package com.hazelcast.simulator.utils
[ERROR] /Users/adminuser/Documents/Work/Experiment/ChatGPT/oragen-main/src/tmp/repos/hazelcast-simulator/simulator/src/test/java/com/hazelcast/simulator/common/TestSuiteTest.java:[13,1] static import only from classes and interfaces
[ERROR] /Users/adminuser/Documents/Work/Experiment/ChatGPT/oragen-main/src/tmp/repos/hazelcast-simulator/simulator/src/test/java/com/hazelcast/simulator/common/TestSuiteTest.java:[14,44] cannot find symbol
  symbol:   class FileUtils
  location: package com.hazelcast.simulator.utils
[ERROR] /Users/adminuser/Documents/Work/Experiment/ChatGPT/oragen-main/src/tmp/repos/hazelcast-simulator/simulator/src/test/java/com/hazelcast/simulator/common/TestSuiteTest.java:[14,1] static import only from classes and interfaces
[ERROR] /Users/adminuser/Documents/Work/Experiment/ChatGPT/oragen-main/src/tmp/repos/hazelcast-simulator/simulator/src/test/java/com/hazelcast/simulator/common/TestSuiteTest.java:[15,44] cannot find symbol
  symbol:   class FormatUtils
  location: package com.hazelcast.simulator.utils
[ERROR] /Users/adminuser/Documents/Work/Experiment/ChatGPT/oragen-main/src/tmp/repos/hazelcast-simulator/simulator/src/test/java/com/hazelcast/simulator/common/TestSuiteTest.java:[15,1] static import only from classes and interfaces
[ERROR] /Users/adminuser/Documents/Work/Experiment/ChatGPT/oragen-main/src/tmp/repos/hazelcast-simulator/simulator/src/test/java/com/hazelcast/simulator/test/AbstractTest.java:[34,15] cannot find symbol
  symbol:   class TestContext
  location: class com.hazelcast.simulator.test.AbstractTest
[ERROR] /Users/adminuser/Documents/Work/Experiment/ChatGPT/oragen-main/src/tmp/repos/hazelcast-simulator/simulator/src/test/java/com/hazelcast/simulator/utils/ExceptionReporterTest.java:[12,44] cannot find symbol
  symbol:   class FileUtils
  location: package com.hazelcast.simulator.utils
[ERROR] /Users/adminuser/Documents/Work/Experiment/ChatGPT/oragen-main/src/tmp/repos/hazelcast-simulator/simulator/src/test/java/com/hazelcast/simulator/utils/ExceptionReporterTest.java:[12,1] static import only from classes and interfaces
[ERROR] /Users/adminuser/Documents/Work/Experiment/ChatGPT/oragen-main/src/tmp/repos/hazelcast-simulator/simulator/src/test/java/com/hazelcast/simulator/utils/ExceptionReporterTest.java:[13,44] cannot find symbol
  symbol:   class FileUtils
  location: package com.hazelcast.simulator.utils
[ERROR] /Users/adminuser/Documents/Work/Experiment/ChatGPT/oragen-main/src/tmp/repos/hazelcast-simulator/simulator/src/test/java/com/hazelcast/simulator/utils/ExceptionReporterTest.java:[13,1] static import only from classes and interfaces
[ERROR] /Users/adminuser/Documents/Work/Experiment/ChatGPT/oragen-main/src/tmp/repos/hazelcast-simulator/simulator/src/test/java/com/hazelcast/simulator/coordinator/DeploymentPlanTest.java:[3,51] cannot find symbol
  symbol:   class WorkerParameters
  location: package com.hazelcast.simulator.agent.workerprocess
[ERROR] /Users/adminuser/Documents/Work/Experiment/ChatGPT/oragen-main/src/tmp/repos/hazelcast-simulator/simulator/src/test/java/com/hazelcast/simulator/coordinator/DeploymentPlanTest.java:[4,52] cannot find symbol
  symbol:   class AgentData
  location: package com.hazelcast.simulator.coordinator.registry
[ERROR] /Users/adminuser/Documents/Work/Experiment/ChatGPT/oragen-main/src/tmp/repos/hazelcast-simulator/simulator/src/test/java/com/hazelcast/simulator/coordinator/DeploymentPlanTest.java:[5,52] cannot find symbol
  symbol:   class Registry
  location: package com.hazelcast.simulator.coordinator.registry
[ERROR] /Users/adminuser/Documents/Work/Experiment/ChatGPT/oragen-main/src/tmp/repos/hazelcast-simulator/simulator/src/test/java/com/hazelcast/simulator/coordinator/DeploymentPlanTest.java:[6,45] cannot find symbol
  symbol:   class SimulatorAddress
  location: package com.hazelcast.simulator.protocol.core
[ERROR] /Users/adminuser/Documents/Work/Experiment/ChatGPT/oragen-main/src/tmp/repos/hazelcast-simulator/simulator/src/test/java/com/hazelcast/simulator/coordinator/DeploymentPlanTest.java:[24,19] cannot find symbol
  symbol:   class Registry
  location: class com.hazelcast.simulator.coordinator.DeploymentPlanTest
[ERROR] /Users/adminuser/Documents/Work/Experiment/ChatGPT/oragen-main/src/tmp/repos/hazelcast-simulator/simulator/src/test/java/com/hazelcast/simulator/coordinator/DeploymentPlanTest.java:[25,13] cannot find symbol
  symbol:   class SimulatorAddress
  location: class com.hazelcast.simulator.coordinator.DeploymentPlanTest
[ERROR] /Users/adminuser/Documents/Work/Experiment/ChatGPT/oragen-main/src/tmp/repos/hazelcast-simulator/simulator/src/test/java/com/hazelcast/simulator/coordinator/DeploymentPlanTest.java:[26,13] cannot find symbol
  symbol:   class SimulatorAddress
  location: class com.hazelcast.simulator.coordinator.DeploymentPlanTest
[ERROR] /Users/adminuser/Documents/Work/Experiment/ChatGPT/oragen-main/src/tmp/repos/hazelcast-simulator/simulator/src/test/java/com/hazelcast/simulator/coordinator/DeploymentPlanTest.java:[27,13] cannot find symbol
  symbol:   class SimulatorAddress
  location: class com.hazelcast.simulator.coordinator.DeploymentPlanTest
[ERROR] /Users/adminuser/Documents/Work/Experiment/ChatGPT/oragen-main/src/tmp/repos/hazelcast-simulator/simulator/src/test/java/com/hazelcast/simulator/coordinator/DeploymentPlanTest.java:[177,71] cannot find symbol
  symbol:   class SimulatorAddress
  location: class com.hazelcast.simulator.coordinator.DeploymentPlanTest
[ERROR] /Users/adminuser/Documents/Work/Experiment/ChatGPT/oragen-main/src/tmp/repos/hazelcast-simulator/simulator/src/test/java/com/hazelcast/simulator/coordinator/DeploymentPlanTest.java:[201,79] cannot find symbol
  symbol:   class SimulatorAddress
  location: class com.hazelcast.simulator.coordinator.DeploymentPlanTest
[ERROR] /Users/adminuser/Documents/Work/Experiment/ChatGPT/oragen-main/src/tmp/repos/hazelcast-simulator/simulator/src/test/java/com/hazelcast/simulator/coordinator/DeploymentPlanTest.java:[223,43] cannot find symbol
  symbol:   class AgentData
  location: class com.hazelcast.simulator.coordinator.DeploymentPlanTest
[ERROR] /Users/adminuser/Documents/Work/Experiment/ChatGPT/oragen-main/src/tmp/repos/hazelcast-simulator/simulator/src/test/java/com/hazelcast/simulator/utils/FormatUtilsTest.java:[8,44] cannot find symbol
  symbol:   class FormatUtils
  location: package com.hazelcast.simulator.utils
[ERROR] /Users/adminuser/Documents/Work/Experiment/ChatGPT/oragen-main/src/tmp/repos/hazelcast-simulator/simulator/src/test/java/com/hazelcast/simulator/utils/FormatUtilsTest.java:[8,1] static import only from classes and interfaces
[ERROR] /Users/adminuser/Documents/Work/Experiment/ChatGPT/oragen-main/src/tmp/repos/hazelcast-simulator/simulator/src/test/java/com/hazelcast/simulator/utils/FormatUtilsTest.java:[9,44] cannot find symbol
  symbol:   class FormatUtils
  location: package com.hazelcast.simulator.utils
[ERROR] /Users/adminuser/Documents/Work/Experiment/ChatGPT/oragen-main/src/tmp/repos/hazelcast-simulator/simulator/src/test/java/com/hazelcast/simulator/utils/FormatUtilsTest.java:[9,1] static import only from classes and interfaces
[ERROR] /Users/adminuser/Documents/Work/Experiment/ChatGPT/oragen-main/src/tmp/repos/hazelcast-simulator/simulator/src/test/java/com/hazelcast/simulator/utils/FormatUtilsTest.java:[10,44] cannot find symbol
  symbol:   class FormatUtils
  location: package com.hazelcast.simulator.utils
[ERROR] /Users/adminuser/Documents/Work/Experiment/ChatGPT/oragen-main/src/tmp/repos/hazelcast-simulator/simulator/src/test/java/com/hazelcast/simulator/utils/FormatUtilsTest.java:[10,1] static import only from classes and interfaces
[ERROR] /Users/adminuser/Documents/Work/Experiment/ChatGPT/oragen-main/src/tmp/repos/hazelcast-simulator/simulator/src/test/java/com/hazelcast/simulator/utils/FormatUtilsTest.java:[11,44] cannot find symbol
  symbol:   class FormatUtils
  location: package com.hazelcast.simulator.utils
[ERROR] /Users/adminuser/Documents/Work/Experiment/ChatGPT/oragen-main/src/tmp/repos/hazelcast-simulator/simulator/src/test/java/com/hazelcast/simulator/utils/FormatUtilsTest.java:[11,1] static import only from classes and interfaces
[ERROR] /Users/adminuser/Documents/Work/Experiment/ChatGPT/oragen-main/src/tmp/repos/hazelcast-simulator/simulator/src/test/java/com/hazelcast/simulator/utils/FormatUtilsTest.java:[12,44] cannot find symbol
  symbol:   class FormatUtils
  location: package com.hazelcast.simulator.utils
[ERROR] /Users/adminuser/Documents/Work/Experiment/ChatGPT/oragen-main/src/tmp/repos/hazelcast-simulator/simulator/src/test/java/com/hazelcast/simulator/utils/FormatUtilsTest.java:[12,1] static import only from classes and interfaces
[ERROR] /Users/adminuser/Documents/Work/Experiment/ChatGPT/oragen-main/src/tmp/repos/hazelcast-simulator/simulator/src/test/java/com/hazelcast/simulator/utils/FormatUtilsTest.java:[13,44] cannot find symbol
  symbol:   class FormatUtils
  location: package com.hazelcast.simulator.utils
[ERROR] /Users/adminuser/Documents/Work/Experiment/ChatGPT/oragen-main/src/tmp/repos/hazelcast-simulator/simulator/src/test/java/com/hazelcast/simulator/utils/FormatUtilsTest.java:[13,1] static import only from classes and interfaces
[ERROR] /Users/adminuser/Documents/Work/Experiment/ChatGPT/oragen-main/src/tmp/repos/hazelcast-simulator/simulator/src/test/java/com/hazelcast/simulator/utils/FormatUtilsTest.java:[14,44] cannot find symbol
  symbol:   class FormatUtils
  location: package com.hazelcast.simulator.utils
[ERROR] /Users/adminuser/Documents/Work/Experiment/ChatGPT/oragen-main/src/tmp/repos/hazelcast-simulator/simulator/src/test/java/com/hazelcast/simulator/utils/FormatUtilsTest.java:[14,1] static import only from classes and interfaces
[ERROR] /Users/adminuser/Documents/Work/Experiment/ChatGPT/oragen-main/src/tmp/repos/hazelcast-simulator/simulator/src/test/java/com/hazelcast/simulator/utils/FormatUtilsTest.java:[15,44] cannot find symbol
  symbol:   class FormatUtils
  location: package com.hazelcast.simulator.utils
[ERROR] /Users/adminuser/Documents/Work/Experiment/ChatGPT/oragen-main/src/tmp/repos/hazelcast-simulator/simulator/src/test/java/com/hazelcast/simulator/utils/FormatUtilsTest.java:[15,1] static import only from classes and interfaces
[ERROR] /Users/adminuser/Documents/Work/Experiment/ChatGPT/oragen-main/src/tmp/repos/hazelcast-simulator/simulator/src/test/java/com/hazelcast/simulator/utils/FormatUtilsTest.java:[16,44] cannot find symbol
  symbol:   class FormatUtils
  location: package com.hazelcast.simulator.utils
[ERROR] /Users/adminuser/Documents/Work/Experiment/ChatGPT/oragen-main/src/tmp/repos/hazelcast-simulator/simulator/src/test/java/com/hazelcast/simulator/utils/FormatUtilsTest.java:[16,1] static import only from classes and interfaces
[ERROR] /Users/adminuser/Documents/Work/Experiment/ChatGPT/oragen-main/src/tmp/repos/hazelcast-simulator/simulator/src/test/java/com/hazelcast/simulator/utils/FormatUtilsTest.java:[17,44] cannot find symbol
  symbol:   class FormatUtils
  location: package com.hazelcast.simulator.utils
[ERROR] /Users/adminuser/Documents/Work/Experiment/ChatGPT/oragen-main/src/tmp/repos/hazelcast-simulator/simulator/src/test/java/com/hazelcast/simulator/utils/FormatUtilsTest.java:[17,1] static import only from classes and interfaces
[ERROR] /Users/adminuser/Documents/Work/Experiment/ChatGPT/oragen-main/src/tmp/repos/hazelcast-simulator/simulator/src/test/java/com/hazelcast/simulator/worker/WorkerTest.java:[3,51] cannot find symbol
  symbol:   class WorkerParameters
  location: package com.hazelcast.simulator.agent.workerprocess
[INFO] 100 errors 
[INFO] -------------------------------------------------------------
[INFO] ------------------------------------------------------------------------
[INFO] BUILD FAILURE
[INFO] ------------------------------------------------------------------------
[INFO] Total time:  6.862 s
[INFO] Finished at: 2023-06-07T05:38:41-04:00
[INFO] ------------------------------------------------------------------------
[ERROR] Failed to execute goal org.apache.maven.plugins:maven-compiler-plugin:3.8.1:testCompile (default-testCompile) on project simulator: Compilation failure: Compilation failure: 
[ERROR] /Users/adminuser/Documents/Work/Experiment/ChatGPT/oragen-main/src/tmp/repos/hazelcast-simulator/simulator/src/test/java/com/hazelcast/simulator/worker/testcontainer/MetronomeSupplierTest.java:[3,38] cannot find symbol
[ERROR]   symbol:   class TestCase
[ERROR]   location: package com.hazelcast.simulator.common
[ERROR] /Users/adminuser/Documents/Work/Experiment/ChatGPT/oragen-main/src/tmp/repos/hazelcast-simulator/simulator/src/test/java/com/hazelcast/simulator/coordinator/PerformanceStatsCollectorTest.java:[3,45] cannot find symbol
[ERROR]   symbol:   class SimulatorAddress
[ERROR]   location: package com.hazelcast.simulator.protocol.core
[ERROR] /Users/adminuser/Documents/Work/Experiment/ChatGPT/oragen-main/src/tmp/repos/hazelcast-simulator/simulator/src/test/java/com/hazelcast/simulator/coordinator/PerformanceStatsCollectorTest.java:[4,50] cannot find symbol
[ERROR]   symbol:   class PerformanceStats
[ERROR]   location: package com.hazelcast.simulator.worker.performance
[ERROR] /Users/adminuser/Documents/Work/Experiment/ChatGPT/oragen-main/src/tmp/repos/hazelcast-simulator/simulator/src/test/java/com/hazelcast/simulator/coordinator/PerformanceStatsCollectorTest.java:[11,52] cannot find symbol
[ERROR]   symbol:   class SimulatorAddress
[ERROR]   location: package com.hazelcast.simulator.protocol.core
[ERROR] /Users/adminuser/Documents/Work/Experiment/ChatGPT/oragen-main/src/tmp/repos/hazelcast-simulator/simulator/src/test/java/com/hazelcast/simulator/coordinator/PerformanceStatsCollectorTest.java:[11,1] static import only from classes and interfaces
[ERROR] /Users/adminuser/Documents/Work/Experiment/ChatGPT/oragen-main/src/tmp/repos/hazelcast-simulator/simulator/src/test/java/com/hazelcast/simulator/coordinator/PerformanceStatsCollectorTest.java:[12,57] cannot find symbol
[ERROR]   symbol:   class PerformanceStats
[ERROR]   location: package com.hazelcast.simulator.worker.performance
[ERROR] /Users/adminuser/Documents/Work/Experiment/ChatGPT/oragen-main/src/tmp/repos/hazelcast-simulator/simulator/src/test/java/com/hazelcast/simulator/coordinator/PerformanceStatsCollectorTest.java:[12,1] static import only from classes and interfaces
[ERROR] /Users/adminuser/Documents/Work/Experiment/ChatGPT/oragen-main/src/tmp/repos/hazelcast-simulator/simulator/src/test/java/com/hazelcast/simulator/coordinator/PerformanceStatsCollectorTest.java:[29,13] cannot find symbol
[ERROR]   symbol:   class SimulatorAddress
[ERROR]   location: class com.hazelcast.simulator.coordinator.PerformanceStatsCollectorTest
[ERROR] /Users/adminuser/Documents/Work/Experiment/ChatGPT/oragen-main/src/tmp/repos/hazelcast-simulator/simulator/src/test/java/com/hazelcast/simulator/coordinator/PerformanceStatsCollectorTest.java:[30,13] cannot find symbol
[ERROR]   symbol:   class SimulatorAddress
[ERROR]   location: class com.hazelcast.simulator.coordinator.PerformanceStatsCollectorTest
[ERROR] /Users/adminuser/Documents/Work/Experiment/ChatGPT/oragen-main/src/tmp/repos/hazelcast-simulator/simulator/src/test/java/com/hazelcast/simulator/coordinator/PerformanceStatsCollectorTest.java:[31,13] cannot find symbol
[ERROR]   symbol:   class SimulatorAddress
[ERROR]   location: class com.hazelcast.simulator.coordinator.PerformanceStatsCollectorTest
[ERROR] /Users/adminuser/Documents/Work/Experiment/ChatGPT/oragen-main/src/tmp/repos/hazelcast-simulator/simulator/src/test/java/com/hazelcast/simulator/coordinator/PerformanceStatsCollectorTest.java:[32,13] cannot find symbol
[ERROR]   symbol:   class SimulatorAddress
[ERROR]   location: class com.hazelcast.simulator.coordinator.PerformanceStatsCollectorTest
[ERROR] /Users/adminuser/Documents/Work/Experiment/ChatGPT/oragen-main/src/tmp/repos/hazelcast-simulator/simulator/src/test/java/com/hazelcast/simulator/coordinator/PerformanceStatsCollectorTest.java:[34,13] cannot find symbol
[ERROR]   symbol:   class SimulatorAddress
[ERROR]   location: class com.hazelcast.simulator.coordinator.PerformanceStatsCollectorTest
[ERROR] /Users/adminuser/Documents/Work/Experiment/ChatGPT/oragen-main/src/tmp/repos/hazelcast-simulator/simulator/src/test/java/com/hazelcast/simulator/coordinator/PerformanceStatsCollectorTest.java:[35,13] cannot find symbol
[ERROR]   symbol:   class SimulatorAddress
[ERROR]   location: class com.hazelcast.simulator.coordinator.PerformanceStatsCollectorTest
[ERROR] /Users/adminuser/Documents/Work/Experiment/ChatGPT/oragen-main/src/tmp/repos/hazelcast-simulator/simulator/src/test/java/com/hazelcast/simulator/coordinator/PerformanceStatsCollectorTest.java:[86,25] cannot find symbol
[ERROR]   symbol:   class SimulatorAddress
[ERROR]   location: class com.hazelcast.simulator.coordinator.PerformanceStatsCollectorTest
[ERROR] /Users/adminuser/Documents/Work/Experiment/ChatGPT/oragen-main/src/tmp/repos/hazelcast-simulator/simulator/src/test/java/com/hazelcast/simulator/coordinator/PerformanceStatsCollectorTest.java:[86,66] cannot find symbol
[ERROR]   symbol:   class PerformanceStats
[ERROR]   location: class com.hazelcast.simulator.coordinator.PerformanceStatsCollectorTest
[ERROR] /Users/adminuser/Documents/Work/Experiment/ChatGPT/oragen-main/src/tmp/repos/hazelcast-simulator/simulator/src/test/java/com/hazelcast/simulator/coordinator/PerformanceStatsCollectorTest.java:[177,39] cannot find symbol
[ERROR]   symbol:   class PerformanceStats
[ERROR]   location: class com.hazelcast.simulator.coordinator.PerformanceStatsCollectorTest
[ERROR] /Users/adminuser/Documents/Work/Experiment/ChatGPT/oragen-main/src/tmp/repos/hazelcast-simulator/simulator/src/test/java/com/hazelcast/simulator/coordinator/PerformanceStatsCollectorTest.java:[177,66] cannot find symbol
[ERROR]   symbol:   class PerformanceStats
[ERROR]   location: class com.hazelcast.simulator.coordinator.PerformanceStatsCollectorTest
[ERROR] /Users/adminuser/Documents/Work/Experiment/ChatGPT/oragen-main/src/tmp/repos/hazelcast-simulator/simulator/src/test/java/com/hazelcast/simulator/worker/testcontainer/TestContainer_NestedPropertyBindingTest.java:[3,38] cannot find symbol
[ERROR]   symbol:   class TestCase
[ERROR]   location: package com.hazelcast.simulator.common
[ERROR] /Users/adminuser/Documents/Work/Experiment/ChatGPT/oragen-main/src/tmp/repos/hazelcast-simulator/simulator/src/test/java/com/hazelcast/simulator/worker/testcontainer/TestContainer_AbstractTest.java:[3,38] cannot find symbol
[ERROR]   symbol:   class TestCase
[ERROR]   location: package com.hazelcast.simulator.common
[ERROR] /Users/adminuser/Documents/Work/Experiment/ChatGPT/oragen-main/src/tmp/repos/hazelcast-simulator/simulator/src/test/java/com/hazelcast/simulator/worker/testcontainer/TestContainer_AbstractTest.java:[4,40] cannot find symbol
[ERROR]   symbol:   class Server
[ERROR]   location: package com.hazelcast.simulator.protocol
[ERROR] /Users/adminuser/Documents/Work/Experiment/ChatGPT/oragen-main/src/tmp/repos/hazelcast-simulator/simulator/src/test/java/com/hazelcast/simulator/worker/testcontainer/TestContainer_AbstractTest.java:[5,36] cannot find symbol
[ERROR]   symbol:   class TestContext
[ERROR]   location: package com.hazelcast.simulator.test
[ERROR] /Users/adminuser/Documents/Work/Experiment/ChatGPT/oragen-main/src/tmp/repos/hazelcast-simulator/simulator/src/test/java/com/hazelcast/simulator/TestEnvironmentUtils.java:[4,37] cannot find symbol
[ERROR]   symbol:   class FileUtils
[ERROR]   location: package com.hazelcast.simulator.utils
[ERROR] /Users/adminuser/Documents/Work/Experiment/ChatGPT/oragen-main/src/tmp/repos/hazelcast-simulator/simulator/src/test/java/com/hazelcast/simulator/TestEnvironmentUtils.java:[15,44] cannot find symbol
[ERROR]   symbol:   class FileUtils
[ERROR]   location: package com.hazelcast.simulator.utils
[ERROR] /Users/adminuser/Documents/Work/Experiment/ChatGPT/oragen-main/src/tmp/repos/hazelcast-simulator/simulator/src/test/java/com/hazelcast/simulator/TestEnvironmentUtils.java:[15,1] static import only from classes and interfaces
[ERROR] /Users/adminuser/Documents/Work/Experiment/ChatGPT/oragen-main/src/tmp/repos/hazelcast-simulator/simulator/src/test/java/com/hazelcast/simulator/TestEnvironmentUtils.java:[16,44] cannot find symbol
[ERROR]   symbol:   class FileUtils
[ERROR]   location: package com.hazelcast.simulator.utils
[ERROR] /Users/adminuser/Documents/Work/Experiment/ChatGPT/oragen-main/src/tmp/repos/hazelcast-simulator/simulator/src/test/java/com/hazelcast/simulator/TestEnvironmentUtils.java:[16,1] static import only from classes and interfaces
[ERROR] /Users/adminuser/Documents/Work/Experiment/ChatGPT/oragen-main/src/tmp/repos/hazelcast-simulator/simulator/src/test/java/com/hazelcast/simulator/TestEnvironmentUtils.java:[17,44] cannot find symbol
[ERROR]   symbol:   class FileUtils
[ERROR]   location: package com.hazelcast.simulator.utils
[ERROR] /Users/adminuser/Documents/Work/Experiment/ChatGPT/oragen-main/src/tmp/repos/hazelcast-simulator/simulator/src/test/java/com/hazelcast/simulator/TestEnvironmentUtils.java:[17,1] static import only from classes and interfaces
[ERROR] /Users/adminuser/Documents/Work/Experiment/ChatGPT/oragen-main/src/tmp/repos/hazelcast-simulator/simulator/src/test/java/com/hazelcast/simulator/TestEnvironmentUtils.java:[18,44] cannot find symbol
[ERROR]   symbol:   class FileUtils
[ERROR]   location: package com.hazelcast.simulator.utils
[ERROR] /Users/adminuser/Documents/Work/Experiment/ChatGPT/oragen-main/src/tmp/repos/hazelcast-simulator/simulator/src/test/java/com/hazelcast/simulator/TestEnvironmentUtils.java:[18,1] static import only from classes and interfaces
[ERROR] /Users/adminuser/Documents/Work/Experiment/ChatGPT/oragen-main/src/tmp/repos/hazelcast-simulator/simulator/src/test/java/com/hazelcast/simulator/TestEnvironmentUtils.java:[19,44] cannot find symbol
[ERROR]   symbol:   class FileUtils
[ERROR]   location: package com.hazelcast.simulator.utils
[ERROR] /Users/adminuser/Documents/Work/Experiment/ChatGPT/oragen-main/src/tmp/repos/hazelcast-simulator/simulator/src/test/java/com/hazelcast/simulator/TestEnvironmentUtils.java:[19,1] static import only from classes and interfaces
[ERROR] /Users/adminuser/Documents/Work/Experiment/ChatGPT/oragen-main/src/tmp/repos/hazelcast-simulator/simulator/src/test/java/com/hazelcast/simulator/TestEnvironmentUtils.java:[20,44] cannot find symbol
[ERROR]   symbol:   class FileUtils
[ERROR]   location: package com.hazelcast.simulator.utils
[ERROR] /Users/adminuser/Documents/Work/Experiment/ChatGPT/oragen-main/src/tmp/repos/hazelcast-simulator/simulator/src/test/java/com/hazelcast/simulator/TestEnvironmentUtils.java:[20,1] static import only from classes and interfaces
[ERROR] /Users/adminuser/Documents/Work/Experiment/ChatGPT/oragen-main/src/tmp/repos/hazelcast-simulator/simulator/src/test/java/com/hazelcast/simulator/worker/testcontainer/TestContainer_AbstractTest.java:[21,5] cannot find symbol
[ERROR]   symbol:   class TestContextImpl
[ERROR]   location: class com.hazelcast.simulator.worker.testcontainer.TestContainer_AbstractTest
[ERROR] /Users/adminuser/Documents/Work/Experiment/ChatGPT/oragen-main/src/tmp/repos/hazelcast-simulator/simulator/src/test/java/com/hazelcast/simulator/worker/testcontainer/TestContainer_AbstractTest.java:[46,51] cannot find symbol
[ERROR]   symbol:   class TestCase
[ERROR]   location: class com.hazelcast.simulator.worker.testcontainer.TestContainer_AbstractTest
[ERROR] /Users/adminuser/Documents/Work/Experiment/ChatGPT/oragen-main/src/tmp/repos/hazelcast-simulator/simulator/src/test/java/com/hazelcast/simulator/worker/testcontainer/TimeStepModel_probabilityTest.java:[3,38] cannot find symbol
[ERROR]   symbol:   class TestCase
[ERROR]   location: package com.hazelcast.simulator.common
[ERROR] /Users/adminuser/Documents/Work/Experiment/ChatGPT/oragen-main/src/tmp/repos/hazelcast-simulator/simulator/src/test/java/com/hazelcast/simulator/worker/testcontainer/TestContainer_TimeStep_UnusedProbabilityTest.java:[3,38] cannot find symbol
[ERROR]   symbol:   class TestCase
[ERROR]   location: package com.hazelcast.simulator.common
[ERROR] /Users/adminuser/Documents/Work/Experiment/ChatGPT/oragen-main/src/tmp/repos/hazelcast-simulator/simulator/src/test/java/com/hazelcast/simulator/worker/testcontainer/TestContainer_TimeStep_UnusedProbabilityTest.java:[4,40] cannot find symbol
[ERROR]   symbol:   class Server
[ERROR]   location: package com.hazelcast.simulator.protocol
[ERROR] /Users/adminuser/Documents/Work/Experiment/ChatGPT/oragen-main/src/tmp/repos/hazelcast-simulator/simulator/src/test/java/com/hazelcast/simulator/worker/testcontainer/TestContainer_TimeStep_UnusedProbabilityTest.java:[10,45] cannot find symbol
[ERROR]   symbol:   class TestPhase
[ERROR]   location: package com.hazelcast.simulator.common
[ERROR] /Users/adminuser/Documents/Work/Experiment/ChatGPT/oragen-main/src/tmp/repos/hazelcast-simulator/simulator/src/test/java/com/hazelcast/simulator/worker/testcontainer/TestContainer_TimeStep_UnusedProbabilityTest.java:[10,1] static import only from classes and interfaces
[ERROR] /Users/adminuser/Documents/Work/Experiment/ChatGPT/oragen-main/src/tmp/repos/hazelcast-simulator/simulator/src/test/java/com/hazelcast/simulator/coordinator/CoordinatorOperationProcessorTest.java:[3,48] cannot find symbol
[ERROR]   symbol:   class CreateWorkerOperation
[ERROR]   location: package com.hazelcast.simulator.agent.operations
[ERROR] /Users/adminuser/Documents/Work/Experiment/ChatGPT/oragen-main/src/tmp/repos/hazelcast-simulator/simulator/src/test/java/com/hazelcast/simulator/coordinator/CoordinatorOperationProcessorTest.java:[5,40] cannot find symbol
[ERROR]   symbol:   class Promise
[ERROR]   location: package com.hazelcast.simulator.protocol
[ERROR] /Users/adminuser/Documents/Work/Experiment/ChatGPT/oragen-main/src/tmp/repos/hazelcast-simulator/simulator/src/test/java/com/hazelcast/simulator/coordinator/CoordinatorOperationProcessorTest.java:[6,45] cannot find symbol
[ERROR]   symbol:   class SimulatorAddress
[ERROR]   location: package com.hazelcast.simulator.protocol.core
[ERROR] /Users/adminuser/Documents/Work/Experiment/ChatGPT/oragen-main/src/tmp/repos/hazelcast-simulator/simulator/src/test/java/com/hazelcast/simulator/coordinator/CoordinatorOperationProcessorTest.java:[9,50] cannot find symbol
[ERROR]   symbol:   class PerformanceStats
[ERROR]   location: package com.hazelcast.simulator.worker.performance
[ERROR] /Users/adminuser/Documents/Work/Experiment/ChatGPT/oragen-main/src/tmp/repos/hazelcast-simulator/simulator/src/test/java/com/hazelcast/simulator/coordinator/CoordinatorOperationProcessorTest.java:[24,13] cannot find symbol
[ERROR]   symbol:   class SimulatorAddress
[ERROR]   location: class com.hazelcast.simulator.coordinator.CoordinatorOperationProcessorTest
[ERROR] /Users/adminuser/Documents/Work/Experiment/ChatGPT/oragen-main/src/tmp/repos/hazelcast-simulator/simulator/src/test/java/com/hazelcast/simulator/coordinator/CoordinatorOperationProcessorTest.java:[25,13] cannot find symbol
[ERROR]   symbol:   class Promise
[ERROR]   location: class com.hazelcast.simulator.coordinator.CoordinatorOperationProcessorTest
[ERROR] /Users/adminuser/Documents/Work/Experiment/ChatGPT/oragen-main/src/tmp/repos/hazelcast-simulator/simulator/src/test/java/com/hazelcast/simulator/protocol/MessagingTest.java:[3,45] cannot find symbol
[ERROR]   symbol:   class SimulatorAddress
[ERROR]   location: package com.hazelcast.simulator.protocol.core
[ERROR] /Users/adminuser/Documents/Work/Experiment/ChatGPT/oragen-main/src/tmp/repos/hazelcast-simulator/simulator/src/test/java/com/hazelcast/simulator/protocol/MessagingTest.java:[5,50] cannot find symbol
[ERROR]   symbol:   class SimulatorOperation
[ERROR]   location: package com.hazelcast.simulator.protocol.operation
[ERROR] /Users/adminuser/Documents/Work/Experiment/ChatGPT/oragen-main/src/tmp/repos/hazelcast-simulator/simulator/src/test/java/com/hazelcast/simulator/protocol/MessagingTest.java:[17,44] cannot find symbol
[ERROR]   symbol:   class CommonUtils
[ERROR]   location: package com.hazelcast.simulator.utils
[ERROR] /Users/adminuser/Documents/Work/Experiment/ChatGPT/oragen-main/src/tmp/repos/hazelcast-simulator/simulator/src/test/java/com/hazelcast/simulator/protocol/MessagingTest.java:[17,1] static import only from classes and interfaces
[ERROR] /Users/adminuser/Documents/Work/Experiment/ChatGPT/oragen-main/src/tmp/repos/hazelcast-simulator/simulator/src/test/java/com/hazelcast/simulator/protocol/MessagingTest.java:[18,44] cannot find symbol
[ERROR]   symbol:   class SimulatorUtils
[ERROR]   location: package com.hazelcast.simulator.utils
[ERROR] /Users/adminuser/Documents/Work/Experiment/ChatGPT/oragen-main/src/tmp/repos/hazelcast-simulator/simulator/src/test/java/com/hazelcast/simulator/protocol/MessagingTest.java:[18,1] static import only from classes and interfaces
[ERROR] /Users/adminuser/Documents/Work/Experiment/ChatGPT/oragen-main/src/tmp/repos/hazelcast-simulator/simulator/src/test/java/com/hazelcast/simulator/protocol/MessagingTest.java:[31,13] cannot find symbol
[ERROR]   symbol:   class Broker
[ERROR]   location: class com.hazelcast.simulator.protocol.MessagingTest
[ERROR] /Users/adminuser/Documents/Work/Experiment/ChatGPT/oragen-main/src/tmp/repos/hazelcast-simulator/simulator/src/test/java/com/hazelcast/simulator/protocol/MessagingTest.java:[32,13] cannot find symbol
[ERROR]   symbol:   class Server
[ERROR]   location: class com.hazelcast.simulator.protocol.MessagingTest
[ERROR] /Users/adminuser/Documents/Work/Experiment/ChatGPT/oragen-main/src/tmp/repos/hazelcast-simulator/simulator/src/test/java/com/hazelcast/simulator/protocol/MessagingTest.java:[34,13] cannot find symbol
[ERROR]   symbol:   class SimulatorAddress
[ERROR]   location: class com.hazelcast.simulator.protocol.MessagingTest
[ERROR] /Users/adminuser/Documents/Work/Experiment/ChatGPT/oragen-main/src/tmp/repos/hazelcast-simulator/simulator/src/test/java/com/hazelcast/simulator/common/TestSuiteTest.java:[3,43] cannot find symbol
[ERROR]   symbol:   class TestSuite
[ERROR]   location: package com.hazelcast.simulator.coordinator
[ERROR] /Users/adminuser/Documents/Work/Experiment/ChatGPT/oragen-main/src/tmp/repos/hazelcast-simulator/simulator/src/test/java/com/hazelcast/simulator/common/TestSuiteTest.java:[13,44] cannot find symbol
[ERROR]   symbol:   class FileUtils
[ERROR]   location: package com.hazelcast.simulator.utils
[ERROR] /Users/adminuser/Documents/Work/Experiment/ChatGPT/oragen-main/src/tmp/repos/hazelcast-simulator/simulator/src/test/java/com/hazelcast/simulator/common/TestSuiteTest.java:[13,1] static import only from classes and interfaces
[ERROR] /Users/adminuser/Documents/Work/Experiment/ChatGPT/oragen-main/src/tmp/repos/hazelcast-simulator/simulator/src/test/java/com/hazelcast/simulator/common/TestSuiteTest.java:[14,44] cannot find symbol
[ERROR]   symbol:   class FileUtils
[ERROR]   location: package com.hazelcast.simulator.utils
[ERROR] /Users/adminuser/Documents/Work/Experiment/ChatGPT/oragen-main/src/tmp/repos/hazelcast-simulator/simulator/src/test/java/com/hazelcast/simulator/common/TestSuiteTest.java:[14,1] static import only from classes and interfaces
[ERROR] /Users/adminuser/Documents/Work/Experiment/ChatGPT/oragen-main/src/tmp/repos/hazelcast-simulator/simulator/src/test/java/com/hazelcast/simulator/common/TestSuiteTest.java:[15,44] cannot find symbol
[ERROR]   symbol:   class FormatUtils
[ERROR]   location: package com.hazelcast.simulator.utils
[ERROR] /Users/adminuser/Documents/Work/Experiment/ChatGPT/oragen-main/src/tmp/repos/hazelcast-simulator/simulator/src/test/java/com/hazelcast/simulator/common/TestSuiteTest.java:[15,1] static import only from classes and interfaces
[ERROR] /Users/adminuser/Documents/Work/Experiment/ChatGPT/oragen-main/src/tmp/repos/hazelcast-simulator/simulator/src/test/java/com/hazelcast/simulator/test/AbstractTest.java:[34,15] cannot find symbol
[ERROR]   symbol:   class TestContext
[ERROR]   location: class com.hazelcast.simulator.test.AbstractTest
[ERROR] /Users/adminuser/Documents/Work/Experiment/ChatGPT/oragen-main/src/tmp/repos/hazelcast-simulator/simulator/src/test/java/com/hazelcast/simulator/utils/ExceptionReporterTest.java:[12,44] cannot find symbol
[ERROR]   symbol:   class FileUtils
[ERROR]   location: package com.hazelcast.simulator.utils
[ERROR] /Users/adminuser/Documents/Work/Experiment/ChatGPT/oragen-main/src/tmp/repos/hazelcast-simulator/simulator/src/test/java/com/hazelcast/simulator/utils/ExceptionReporterTest.java:[12,1] static import only from classes and interfaces
[ERROR] /Users/adminuser/Documents/Work/Experiment/ChatGPT/oragen-main/src/tmp/repos/hazelcast-simulator/simulator/src/test/java/com/hazelcast/simulator/utils/ExceptionReporterTest.java:[13,44] cannot find symbol
[ERROR]   symbol:   class FileUtils
[ERROR]   location: package com.hazelcast.simulator.utils
[ERROR] /Users/adminuser/Documents/Work/Experiment/ChatGPT/oragen-main/src/tmp/repos/hazelcast-simulator/simulator/src/test/java/com/hazelcast/simulator/utils/ExceptionReporterTest.java:[13,1] static import only from classes and interfaces
[ERROR] /Users/adminuser/Documents/Work/Experiment/ChatGPT/oragen-main/src/tmp/repos/hazelcast-simulator/simulator/src/test/java/com/hazelcast/simulator/coordinator/DeploymentPlanTest.java:[3,51] cannot find symbol
[ERROR]   symbol:   class WorkerParameters
[ERROR]   location: package com.hazelcast.simulator.agent.workerprocess
[ERROR] /Users/adminuser/Documents/Work/Experiment/ChatGPT/oragen-main/src/tmp/repos/hazelcast-simulator/simulator/src/test/java/com/hazelcast/simulator/coordinator/DeploymentPlanTest.java:[4,52] cannot find symbol
[ERROR]   symbol:   class AgentData
[ERROR]   location: package com.hazelcast.simulator.coordinator.registry
[ERROR] /Users/adminuser/Documents/Work/Experiment/ChatGPT/oragen-main/src/tmp/repos/hazelcast-simulator/simulator/src/test/java/com/hazelcast/simulator/coordinator/DeploymentPlanTest.java:[5,52] cannot find symbol
[ERROR]   symbol:   class Registry
[ERROR]   location: package com.hazelcast.simulator.coordinator.registry
[ERROR] /Users/adminuser/Documents/Work/Experiment/ChatGPT/oragen-main/src/tmp/repos/hazelcast-simulator/simulator/src/test/java/com/hazelcast/simulator/coordinator/DeploymentPlanTest.java:[6,45] cannot find symbol
[ERROR]   symbol:   class SimulatorAddress
[ERROR]   location: package com.hazelcast.simulator.protocol.core
[ERROR] /Users/adminuser/Documents/Work/Experiment/ChatGPT/oragen-main/src/tmp/repos/hazelcast-simulator/simulator/src/test/java/com/hazelcast/simulator/coordinator/DeploymentPlanTest.java:[24,19] cannot find symbol
[ERROR]   symbol:   class Registry
[ERROR]   location: class com.hazelcast.simulator.coordinator.DeploymentPlanTest
[ERROR] /Users/adminuser/Documents/Work/Experiment/ChatGPT/oragen-main/src/tmp/repos/hazelcast-simulator/simulator/src/test/java/com/hazelcast/simulator/coordinator/DeploymentPlanTest.java:[25,13] cannot find symbol
[ERROR]   symbol:   class SimulatorAddress
[ERROR]   location: class com.hazelcast.simulator.coordinator.DeploymentPlanTest
[ERROR] /Users/adminuser/Documents/Work/Experiment/ChatGPT/oragen-main/src/tmp/repos/hazelcast-simulator/simulator/src/test/java/com/hazelcast/simulator/coordinator/DeploymentPlanTest.java:[26,13] cannot find symbol
[ERROR]   symbol:   class SimulatorAddress
[ERROR]   location: class com.hazelcast.simulator.coordinator.DeploymentPlanTest
[ERROR] /Users/adminuser/Documents/Work/Experiment/ChatGPT/oragen-main/src/tmp/repos/hazelcast-simulator/simulator/src/test/java/com/hazelcast/simulator/coordinator/DeploymentPlanTest.java:[27,13] cannot find symbol
[ERROR]   symbol:   class SimulatorAddress
[ERROR]   location: class com.hazelcast.simulator.coordinator.DeploymentPlanTest
[ERROR] /Users/adminuser/Documents/Work/Experiment/ChatGPT/oragen-main/src/tmp/repos/hazelcast-simulator/simulator/src/test/java/com/hazelcast/simulator/coordinator/DeploymentPlanTest.java:[177,71] cannot find symbol
[ERROR]   symbol:   class SimulatorAddress
[ERROR]   location: class com.hazelcast.simulator.coordinator.DeploymentPlanTest
[ERROR] /Users/adminuser/Documents/Work/Experiment/ChatGPT/oragen-main/src/tmp/repos/hazelcast-simulator/simulator/src/test/java/com/hazelcast/simulator/coordinator/DeploymentPlanTest.java:[201,79] cannot find symbol
[ERROR]   symbol:   class SimulatorAddress
[ERROR]   location: class com.hazelcast.simulator.coordinator.DeploymentPlanTest
[ERROR] /Users/adminuser/Documents/Work/Experiment/ChatGPT/oragen-main/src/tmp/repos/hazelcast-simulator/simulator/src/test/java/com/hazelcast/simulator/coordinator/DeploymentPlanTest.java:[223,43] cannot find symbol
[ERROR]   symbol:   class AgentData
[ERROR]   location: class com.hazelcast.simulator.coordinator.DeploymentPlanTest
[ERROR] /Users/adminuser/Documents/Work/Experiment/ChatGPT/oragen-main/src/tmp/repos/hazelcast-simulator/simulator/src/test/java/com/hazelcast/simulator/utils/FormatUtilsTest.java:[8,44] cannot find symbol
[ERROR]   symbol:   class FormatUtils
[ERROR]   location: package com.hazelcast.simulator.utils
[ERROR] /Users/adminuser/Documents/Work/Experiment/ChatGPT/oragen-main/src/tmp/repos/hazelcast-simulator/simulator/src/test/java/com/hazelcast/simulator/utils/FormatUtilsTest.java:[8,1] static import only from classes and interfaces
[ERROR] /Users/adminuser/Documents/Work/Experiment/ChatGPT/oragen-main/src/tmp/repos/hazelcast-simulator/simulator/src/test/java/com/hazelcast/simulator/utils/FormatUtilsTest.java:[9,44] cannot find symbol
[ERROR]   symbol:   class FormatUtils
[ERROR]   location: package com.hazelcast.simulator.utils
[ERROR] /Users/adminuser/Documents/Work/Experiment/ChatGPT/oragen-main/src/tmp/repos/hazelcast-simulator/simulator/src/test/java/com/hazelcast/simulator/utils/FormatUtilsTest.java:[9,1] static import only from classes and interfaces
[ERROR] /Users/adminuser/Documents/Work/Experiment/ChatGPT/oragen-main/src/tmp/repos/hazelcast-simulator/simulator/src/test/java/com/hazelcast/simulator/utils/FormatUtilsTest.java:[10,44] cannot find symbol
[ERROR]   symbol:   class FormatUtils
[ERROR]   location: package com.hazelcast.simulator.utils
[ERROR] /Users/adminuser/Documents/Work/Experiment/ChatGPT/oragen-main/src/tmp/repos/hazelcast-simulator/simulator/src/test/java/com/hazelcast/simulator/utils/FormatUtilsTest.java:[10,1] static import only from classes and interfaces
[ERROR] /Users/adminuser/Documents/Work/Experiment/ChatGPT/oragen-main/src/tmp/repos/hazelcast-simulator/simulator/src/test/java/com/hazelcast/simulator/utils/FormatUtilsTest.java:[11,44] cannot find symbol
[ERROR]   symbol:   class FormatUtils
[ERROR]   location: package com.hazelcast.simulator.utils
[ERROR] /Users/adminuser/Documents/Work/Experiment/ChatGPT/oragen-main/src/tmp/repos/hazelcast-simulator/simulator/src/test/java/com/hazelcast/simulator/utils/FormatUtilsTest.java:[11,1] static import only from classes and interfaces
[ERROR] /Users/adminuser/Documents/Work/Experiment/ChatGPT/oragen-main/src/tmp/repos/hazelcast-simulator/simulator/src/test/java/com/hazelcast/simulator/utils/FormatUtilsTest.java:[12,44] cannot find symbol
[ERROR]   symbol:   class FormatUtils
[ERROR]   location: package com.hazelcast.simulator.utils
[ERROR] /Users/adminuser/Documents/Work/Experiment/ChatGPT/oragen-main/src/tmp/repos/hazelcast-simulator/simulator/src/test/java/com/hazelcast/simulator/utils/FormatUtilsTest.java:[12,1] static import only from classes and interfaces
[ERROR] /Users/adminuser/Documents/Work/Experiment/ChatGPT/oragen-main/src/tmp/repos/hazelcast-simulator/simulator/src/test/java/com/hazelcast/simulator/utils/FormatUtilsTest.java:[13,44] cannot find symbol
[ERROR]   symbol:   class FormatUtils
[ERROR]   location: package com.hazelcast.simulator.utils
[ERROR] /Users/adminuser/Documents/Work/Experiment/ChatGPT/oragen-main/src/tmp/repos/hazelcast-simulator/simulator/src/test/java/com/hazelcast/simulator/utils/FormatUtilsTest.java:[13,1] static import only from classes and interfaces
[ERROR] /Users/adminuser/Documents/Work/Experiment/ChatGPT/oragen-main/src/tmp/repos/hazelcast-simulator/simulator/src/test/java/com/hazelcast/simulator/utils/FormatUtilsTest.java:[14,44] cannot find symbol
[ERROR]   symbol:   class FormatUtils
[ERROR]   location: package com.hazelcast.simulator.utils
[ERROR] /Users/adminuser/Documents/Work/Experiment/ChatGPT/oragen-main/src/tmp/repos/hazelcast-simulator/simulator/src/test/java/com/hazelcast/simulator/utils/FormatUtilsTest.java:[14,1] static import only from classes and interfaces
[ERROR] /Users/adminuser/Documents/Work/Experiment/ChatGPT/oragen-main/src/tmp/repos/hazelcast-simulator/simulator/src/test/java/com/hazelcast/simulator/utils/FormatUtilsTest.java:[15,44] cannot find symbol
[ERROR]   symbol:   class FormatUtils
[ERROR]   location: package com.hazelcast.simulator.utils
[ERROR] /Users/adminuser/Documents/Work/Experiment/ChatGPT/oragen-main/src/tmp/repos/hazelcast-simulator/simulator/src/test/java/com/hazelcast/simulator/utils/FormatUtilsTest.java:[15,1] static import only from classes and interfaces
[ERROR] /Users/adminuser/Documents/Work/Experiment/ChatGPT/oragen-main/src/tmp/repos/hazelcast-simulator/simulator/src/test/java/com/hazelcast/simulator/utils/FormatUtilsTest.java:[16,44] cannot find symbol
[ERROR]   symbol:   class FormatUtils
[ERROR]   location: package com.hazelcast.simulator.utils
[ERROR] /Users/adminuser/Documents/Work/Experiment/ChatGPT/oragen-main/src/tmp/repos/hazelcast-simulator/simulator/src/test/java/com/hazelcast/simulator/utils/FormatUtilsTest.java:[16,1] static import only from classes and interfaces
[ERROR] /Users/adminuser/Documents/Work/Experiment/ChatGPT/oragen-main/src/tmp/repos/hazelcast-simulator/simulator/src/test/java/com/hazelcast/simulator/utils/FormatUtilsTest.java:[17,44] cannot find symbol
[ERROR]   symbol:   class FormatUtils
[ERROR]   location: package com.hazelcast.simulator.utils
[ERROR] /Users/adminuser/Documents/Work/Experiment/ChatGPT/oragen-main/src/tmp/repos/hazelcast-simulator/simulator/src/test/java/com/hazelcast/simulator/utils/FormatUtilsTest.java:[17,1] static import only from classes and interfaces
[ERROR] /Users/adminuser/Documents/Work/Experiment/ChatGPT/oragen-main/src/tmp/repos/hazelcast-simulator/simulator/src/test/java/com/hazelcast/simulator/worker/WorkerTest.java:[3,51] cannot find symbol
[ERROR]   symbol:   class WorkerParameters
[ERROR]   location: package com.hazelcast.simulator.agent.workerprocess
[ERROR] -> [Help 1]
[ERROR] 
[ERROR] To see the full stack trace of the errors, re-run Maven with the -e switch.
[ERROR] Re-run Maven using the -X switch to enable full debug logging.
[ERROR] 
[ERROR] For more information about the errors and possible solutions, please read the following articles:
[ERROR] [Help 1] http://cwiki.apache.org/confluence/display/MAVEN/MojoFailureException
