[INFO] Scanning for projects...
[INFO] 
[INFO] -----------------< org.java-websocket:Java-WebSocket >------------------
[INFO] Building Java-WebSocket 1.5.2-SNAPSHOT
[INFO]   from pom.xml
[INFO] --------------------------------[ jar ]---------------------------------
[INFO] 
[INFO] --- clean:3.2.0:clean (default-clean) @ Java-WebSocket ---
[INFO] Deleting /Users/adminuser/Documents/Work/Experiment/ChatGPT/oragen-main/src/tmp/repos/Java-WebSocket/target
[INFO] 
[INFO] --- resources:3.3.0:resources (default-resources) @ Java-WebSocket ---
[INFO] skip non existing resourceDirectory /Users/adminuser/Documents/Work/Experiment/ChatGPT/oragen-main/src/tmp/repos/Java-WebSocket/src/main/resources
[INFO] 
[INFO] --- compiler:3.7.0:compile (default-compile) @ Java-WebSocket ---
[INFO] Changes detected - recompiling the module!
[INFO] Compiling 78 source files to /Users/adminuser/Documents/Work/Experiment/ChatGPT/oragen-main/src/tmp/repos/Java-WebSocket/target/classes
[INFO] /Users/adminuser/Documents/Work/Experiment/ChatGPT/oragen-main/src/tmp/repos/Java-WebSocket/src/main/java/org/java_websocket/drafts/Draft.java: /Users/adminuser/Documents/Work/Experiment/ChatGPT/oragen-main/src/tmp/repos/Java-WebSocket/src/main/java/org/java_websocket/drafts/Draft.java uses or overrides a deprecated API.
[INFO] /Users/adminuser/Documents/Work/Experiment/ChatGPT/oragen-main/src/tmp/repos/Java-WebSocket/src/main/java/org/java_websocket/drafts/Draft.java: Recompile with -Xlint:deprecation for details.
[INFO] 
[INFO] --- bnd:4.3.1:bnd-process (default) @ Java-WebSocket ---
[INFO] 
[INFO] --- resources:3.3.0:testResources (default-testResources) @ Java-WebSocket ---
[INFO] Copying 1 resource
[INFO] 
[INFO] --- compiler:3.7.0:testCompile (default-testCompile) @ Java-WebSocket ---
[INFO] Changes detected - recompiling the module!
[INFO] Compiling 75 source files to /Users/adminuser/Documents/Work/Experiment/ChatGPT/oragen-main/src/tmp/repos/Java-WebSocket/target/test-classes
[INFO] /Users/adminuser/Documents/Work/Experiment/ChatGPT/oragen-main/src/tmp/repos/Java-WebSocket/src/test/java/org/java_websocket/example/AutobahnServerTest.java: Some input files use or override a deprecated API.
[INFO] /Users/adminuser/Documents/Work/Experiment/ChatGPT/oragen-main/src/tmp/repos/Java-WebSocket/src/test/java/org/java_websocket/example/AutobahnServerTest.java: Recompile with -Xlint:deprecation for details.
[INFO] -------------------------------------------------------------
[ERROR] COMPILATION ERROR : 
[INFO] -------------------------------------------------------------
[ERROR] /Users/adminuser/Documents/Work/Experiment/ChatGPT/oragen-main/src/tmp/repos/Java-WebSocket/src/test/java/org/java_websocket/extensions/PerMessageDeflateExtensionTest.java:[45,56] cannot find symbol
  symbol:   variable expectedObject
  location: class org.junit.Assert
[ERROR] /Users/adminuser/Documents/Work/Experiment/ChatGPT/oragen-main/src/tmp/repos/Java-WebSocket/src/test/java/org/java_websocket/extensions/PerMessageDeflateExtensionTest.java:[45,73] cannot find symbol
  symbol:   variable actualObject
  location: class org.java_websocket.extensions.PerMessageDeflateExtensionTest
[INFO] 2 errors 
[INFO] -------------------------------------------------------------
[INFO] ------------------------------------------------------------------------
[INFO] BUILD FAILURE
[INFO] ------------------------------------------------------------------------
[INFO] Total time:  3.200 s
[INFO] Finished at: 2023-06-09T07:29:58-04:00
[INFO] ------------------------------------------------------------------------
[ERROR] Failed to execute goal org.apache.maven.plugins:maven-compiler-plugin:3.7.0:testCompile (default-testCompile) on project Java-WebSocket: Compilation failure: Compilation failure: 
[ERROR] /Users/adminuser/Documents/Work/Experiment/ChatGPT/oragen-main/src/tmp/repos/Java-WebSocket/src/test/java/org/java_websocket/extensions/PerMessageDeflateExtensionTest.java:[45,56] cannot find symbol
[ERROR]   symbol:   variable expectedObject
[ERROR]   location: class org.junit.Assert
[ERROR] /Users/adminuser/Documents/Work/Experiment/ChatGPT/oragen-main/src/tmp/repos/Java-WebSocket/src/test/java/org/java_websocket/extensions/PerMessageDeflateExtensionTest.java:[45,73] cannot find symbol
[ERROR]   symbol:   variable actualObject
[ERROR]   location: class org.java_websocket.extensions.PerMessageDeflateExtensionTest
[ERROR] -> [Help 1]
[ERROR] 
[ERROR] To see the full stack trace of the errors, re-run Maven with the -e switch.
[ERROR] Re-run Maven using the -X switch to enable full debug logging.
[ERROR] 
[ERROR] For more information about the errors and possible solutions, please read the following articles:
[ERROR] [Help 1] http://cwiki.apache.org/confluence/display/MAVEN/MojoFailureException
