[INFO] Scanning for projects...
[WARNING] The project com.hazelcast.simulator:simulator:jar:0.14-SNAPSHOT uses prerequisites which is only intended for maven-plugin projects but not for non maven-plugin projects. For such purposes you should use the maven-enforcer-plugin. See https://maven.apache.org/enforcer/enforcer-rules/requireMavenVersion.html
[INFO] 
[INFO] -----------------< com.hazelcast.simulator:simulator >------------------
[INFO] Building Simulator Tool 0.14-SNAPSHOT
[INFO]   from pom.xml
[INFO] --------------------------------[ jar ]---------------------------------
[INFO] 
[INFO] --- clean:3.2.0:clean (default-clean) @ simulator ---
[INFO] Deleting /Users/adminuser/Documents/Work/Experiment/ChatGPT/oragen-main/src/tmp/repos/hazelcast-simulator/simulator/target
[INFO] 
[INFO] --- git-commit-id:2.1.10:revision (default) @ simulator ---
[INFO] 
[INFO] --- resources:3.3.0:resources (default-resources) @ simulator ---
[INFO] Copying 10 resources
[INFO] 
[INFO] --- compiler:3.8.1:compile (default-compile) @ simulator ---
[INFO] Changes detected - recompiling the module!
[INFO] Compiling 171 source files to /Users/adminuser/Documents/Work/Experiment/ChatGPT/oragen-main/src/tmp/repos/hazelcast-simulator/simulator/target/classes
[INFO] /Users/adminuser/Documents/Work/Experiment/ChatGPT/oragen-main/src/tmp/repos/hazelcast-simulator/simulator/src/main/java/com/hazelcast/simulator/utils/PropertyBindingSupport.java: Some input files use or override a deprecated API.
[INFO] /Users/adminuser/Documents/Work/Experiment/ChatGPT/oragen-main/src/tmp/repos/hazelcast-simulator/simulator/src/main/java/com/hazelcast/simulator/utils/PropertyBindingSupport.java: Recompile with -Xlint:deprecation for details.
[INFO] /Users/adminuser/Documents/Work/Experiment/ChatGPT/oragen-main/src/tmp/repos/hazelcast-simulator/simulator/src/main/java/com/hazelcast/simulator/worker/testcontainer/PropertyBinding.java: Some input files use unchecked or unsafe operations.
[INFO] /Users/adminuser/Documents/Work/Experiment/ChatGPT/oragen-main/src/tmp/repos/hazelcast-simulator/simulator/src/main/java/com/hazelcast/simulator/worker/testcontainer/PropertyBinding.java: Recompile with -Xlint:unchecked for details.
[INFO] 
[INFO] --- resources:3.3.0:testResources (default-testResources) @ simulator ---
[INFO] Copying 9 resources
[INFO] 
[INFO] --- compiler:3.8.1:testCompile (default-testCompile) @ simulator ---
[INFO] Changes detected - recompiling the module!
[INFO] Compiling 135 source files to /Users/adminuser/Documents/Work/Experiment/ChatGPT/oragen-main/src/tmp/repos/hazelcast-simulator/simulator/target/test-classes
[INFO] /Users/adminuser/Documents/Work/Experiment/ChatGPT/oragen-main/src/tmp/repos/hazelcast-simulator/simulator/src/test/java/com/hazelcast/simulator/utils/PropertyBindingSupport_bind0_NumericalTest.java: Some input files use or override a deprecated API.
[INFO] /Users/adminuser/Documents/Work/Experiment/ChatGPT/oragen-main/src/tmp/repos/hazelcast-simulator/simulator/src/test/java/com/hazelcast/simulator/utils/PropertyBindingSupport_bind0_NumericalTest.java: Recompile with -Xlint:deprecation for details.
[INFO] /Users/adminuser/Documents/Work/Experiment/ChatGPT/oragen-main/src/tmp/repos/hazelcast-simulator/simulator/src/test/java/com/hazelcast/simulator/coordinator/CoordinatorOperationProcessorTest.java: Some input files use unchecked or unsafe operations.
[INFO] /Users/adminuser/Documents/Work/Experiment/ChatGPT/oragen-main/src/tmp/repos/hazelcast-simulator/simulator/src/test/java/com/hazelcast/simulator/coordinator/CoordinatorOperationProcessorTest.java: Recompile with -Xlint:unchecked for details.
[INFO] -------------------------------------------------------------
[ERROR] COMPILATION ERROR : 
[INFO] -------------------------------------------------------------
[ERROR] /Users/adminuser/Documents/Work/Experiment/ChatGPT/oragen-main/src/tmp/repos/hazelcast-simulator/simulator/src/test/java/com/hazelcast/simulator/utils/AnnotationFilterTest.java:[31,56] cannot find symbol
  symbol:   variable org
  location: class org.junit.Assert
[INFO] 1 error
[INFO] -------------------------------------------------------------
[INFO] ------------------------------------------------------------------------
[INFO] BUILD FAILURE
[INFO] ------------------------------------------------------------------------
[INFO] Total time:  4.033 s
[INFO] Finished at: 2023-06-09T01:40:05-04:00
[INFO] ------------------------------------------------------------------------
[ERROR] Failed to execute goal org.apache.maven.plugins:maven-compiler-plugin:3.8.1:testCompile (default-testCompile) on project simulator: Compilation failure
[ERROR] /Users/adminuser/Documents/Work/Experiment/ChatGPT/oragen-main/src/tmp/repos/hazelcast-simulator/simulator/src/test/java/com/hazelcast/simulator/utils/AnnotationFilterTest.java:[31,56] cannot find symbol
[ERROR]   symbol:   variable org
[ERROR]   location: class org.junit.Assert
[ERROR] 
[ERROR] -> [Help 1]
[ERROR] 
[ERROR] To see the full stack trace of the errors, re-run Maven with the -e switch.
[ERROR] Re-run Maven using the -X switch to enable full debug logging.
[ERROR] 
[ERROR] For more information about the errors and possible solutions, please read the following articles:
[ERROR] [Help 1] http://cwiki.apache.org/confluence/display/MAVEN/MojoFailureException
